#
# There is insufficient memory for the Java Runtime Environment to continue.
# Native memory allocation (mmap) failed to map 305135616 bytes for committing reserved memory.
# Possible reasons:
#   The system is out of physical RAM or swap space
#   The process is running with CompressedOops enabled, and the Java Heap may be blocking the growth of the native heap
# Possible solutions:
#   Reduce memory load on the system
#   Increase physical memory or swap space
#   Check if swap backing store is full
#   Decrease Java heap size (-Xmx/-Xms)
#   Decrease number of Java threads
#   Decrease Java thread stack sizes (-Xss)
#   Set larger code cache with -XX:ReservedCodeCacheSize=
#   JVM is running with Unscaled Compressed Oops mode in which the Java heap is
#     placed in the first 4GB address space. The Java Heap base address is the
#     maximum limit for the native heap growth. Please use -XX:HeapBaseMinAddress
#     to set the Java Heap base and to place the Java Heap above 4GB virtual address.
# This output file may be truncated or incomplete.
#
#  Out of Memory Error (os_linux.cpp:2720), pid=8407, tid=8415
#
# JRE version: Java(TM) SE Runtime Environment (11.0.4+10) (build 11.0.4+10-LTS)
# Java VM: Java HotSpot(TM) 64-Bit Server VM (11.0.4+10-LTS, mixed mode, tiered, compressed oops, g1 gc, linux-amd64)
# Core dump will be written. Default location: Core dumps may be processed with "/usr/share/apport/apport %p %s %c %d %P" (or dumping to /home/shanon/react-native/StyleReactNative/core.8407)
#

---------------  S U M M A R Y ------------

Command Line: --add-modules=ALL-SYSTEM --add-opens=java.base/java.util=ALL-UNNAMED --add-opens=java.base/java.lang=ALL-UNNAMED -Declipse.application=org.eclipse.jdt.ls.core.id1 -Dosgi.bundles.defaultStartLevel=4 -Declipse.product=org.eclipse.jdt.ls.core.product -Dfile.encoding=utf8 -Xverify:none -Xmx1G -XX:+UseG1GC -XX:+UseStringDeduplication /home/shanon/.vscode/extensions/redhat.java-0.51.0/server/plugins/org.eclipse.equinox.launcher_1.5.600.v20191014-2022.jar -configuration /home/shanon/.vscode/extensions/redhat.java-0.51.0/server/config_linux -data /home/shanon/.config/Code/User/workspaceStorage/796ff5be5d64afd0ddd81c48f9a0cb26/redhat.java/jdt_ws

Host: Intel(R) Celeron(R) CPU  N3060  @ 1.60GHz, 2 cores, 3G, Ubuntu 18.04.3 LTS
Time: Sun Oct 20 23:07:00 2019 WIB elapsed time: 42 seconds (0d 0h 0m 42s)

---------------  T H R E A D  ---------------

Current thread (0x00007fe9c415c800):  VMThread "VM Thread" [stack: 0x00007fe9a4f00000,0x00007fe9a5000000] [id=8415]

Stack: [0x00007fe9a4f00000,0x00007fe9a5000000],  sp=0x00007fe9a4ffdf20,  free space=1015k
Native frames: (J=compiled Java code, A=aot compiled Java code, j=interpreted, Vv=VM code, C=native code)
V  [libjvm.so+0xe29e27]  VMError::report_and_die(int, char const*, char const*, __va_list_tag*, Thread*, unsigned char*, void*, void*, char const*, int, unsigned long)+0x317
V  [libjvm.so+0xe2aa8b]  VMError::report_and_die(Thread*, char const*, int, unsigned long, VMErrorType, char const*, __va_list_tag*)+0x2b
V  [libjvm.so+0x69a845]  report_vm_out_of_memory(char const*, int, unsigned long, VMErrorType, char const*, ...)+0xd5
V  [libjvm.so+0xc041d8]  os::pd_commit_memory_or_exit(char*, unsigned long, unsigned long, bool, char const*)+0x108
V  [libjvm.so+0xbfb73d]  os::commit_memory_or_exit(char*, unsigned long, unsigned long, bool, char const*)+0x1d
V  [libjvm.so+0x7b3aec]  G1PageBasedVirtualSpace::commit_preferred_pages(unsigned long, unsigned long)+0x6c
V  [libjvm.so+0x7b3d8e]  G1PageBasedVirtualSpace::commit(unsigned long, unsigned long)+0x5e
V  [libjvm.so+0x7bfb60]  G1RegionsLargerThanCommitSizeMapper::commit_regions(unsigned int, unsigned long, WorkGang*)+0x40
V  [libjvm.so+0x83b5a9]  HeapRegionManager::commit_regions(unsigned int, unsigned long, WorkGang*)+0x89
V  [libjvm.so+0x83c1ff]  HeapRegionManager::make_regions_available(unsigned int, unsigned int, WorkGang*)+0x3f
V  [libjvm.so+0x83c689]  HeapRegionManager::expand_at(unsigned int, unsigned int, WorkGang*) [clone .part.44]+0x119
V  [libjvm.so+0x77827f]  G1CollectedHeap::expand(unsigned long, WorkGang*, double*)+0xdf
V  [libjvm.so+0x77d04a]  G1CollectedHeap::do_collection_pause_at_safepoint(double)+0xa9a
V  [libjvm.so+0xe35a31]  VM_G1CollectForAllocation::doit()+0x81
V  [libjvm.so+0xe345c7]  VM_Operation::evaluate()+0xe7
V  [libjvm.so+0xe31daf]  VMThread::evaluate_operation(VM_Operation*) [clone .constprop.54]+0xff
V  [libjvm.so+0xe322e6]  VMThread::loop()+0x3e6
V  [libjvm.so+0xe3272b]  VMThread::run()+0x7b
V  [libjvm.so+0xc0a090]  thread_native_entry(Thread*)+0xf0

VM_Operation (0x00007fe975e23aa0): G1CollectForAllocation, mode: safepoint, requested by thread 0x00007fe98c3d8000


---------------  P R O C E S S  ---------------

Threads class SMR info:
_java_thread_list=0x0000000000a2e560, length=26, elements={
0x00007fe9c4012000, 0x00007fe9c4164800, 0x00007fe9c4169000, 0x00007fe9c4186800,
0x00007fe9c4188800, 0x00007fe9c418a800, 0x00007fe9c418c800, 0x00007fe9c4208800,
0x00007fe9c4286000, 0x00007fe9c436c000, 0x00007fe9c44c5800, 0x00007fe9c4513800,
0x00007fe9c451b800, 0x00007fe98c0a2000, 0x00007fe98c1eb000, 0x00007fe994031800,
0x00007fe990001800, 0x00007fe98c3d8000, 0x00007fe99c004000, 0x00007fe9c41ec000,
0x00007fe9c452e800, 0x00007fe9a007b000, 0x00007fe994310000, 0x0000000000a22800,
0x0000000000a25800, 0x0000000000a2d800
}

Java Threads: ( => current thread )
  0x00007fe9c4012000 JavaThread "main" [_thread_blocked, id=8408, stack(0x00007fe9cd68d000,0x00007fe9cd78e000)]
  0x00007fe9c4164800 JavaThread "Reference Handler" daemon [_thread_blocked, id=8416, stack(0x00007fe9a4dfd000,0x00007fe9a4efe000)]
  0x00007fe9c4169000 JavaThread "Finalizer" daemon [_thread_blocked, id=8417, stack(0x00007fe9a4cfc000,0x00007fe9a4dfd000)]
  0x00007fe9c4186800 JavaThread "Signal Dispatcher" daemon [_thread_blocked, id=8418, stack(0x00007fe9a422b000,0x00007fe9a432c000)]
  0x00007fe9c4188800 JavaThread "C2 CompilerThread0" daemon [_thread_blocked, id=8419, stack(0x00007fe9a412a000,0x00007fe9a422b000)]
  0x00007fe9c418a800 JavaThread "C1 CompilerThread0" daemon [_thread_blocked, id=8420, stack(0x00007fe9a4029000,0x00007fe9a412a000)]
  0x00007fe9c418c800 JavaThread "Sweeper thread" daemon [_thread_blocked, id=8421, stack(0x00007fe977eff000,0x00007fe978000000)]
  0x00007fe9c4208800 JavaThread "Common-Cleaner" daemon [_thread_blocked, id=8422, stack(0x00007fe977dfe000,0x00007fe977eff000)]
  0x00007fe9c4286000 JavaThread "Service Thread" daemon [_thread_blocked, id=8423, stack(0x00007fe977cfd000,0x00007fe977dfe000)]
  0x00007fe9c436c000 JavaThread "process reaper" daemon [_thread_blocked, id=8427, stack(0x00007fe9cd5ed000,0x00007fe9cd60f000)]
  0x00007fe9c44c5800 JavaThread "Active Thread: Equinox Container: 5694991e-1a3d-4823-b6ba-2e6e0d9ea2eb" [_thread_blocked, id=8430, stack(0x00007fe9772cd000,0x00007fe9773ce000)]
  0x00007fe9c4513800 JavaThread "Framework Event Dispatcher: Equinox Container: 5694991e-1a3d-4823-b6ba-2e6e0d9ea2eb" daemon [_thread_blocked, id=8431, stack(0x00007fe9771cc000,0x00007fe9772cd000)]
  0x00007fe9c451b800 JavaThread "Start Level: Equinox Container: 5694991e-1a3d-4823-b6ba-2e6e0d9ea2eb" daemon [_thread_blocked, id=8432, stack(0x00007fe976e3b000,0x00007fe976f3c000)]
  0x00007fe98c0a2000 JavaThread "Worker-JM" [_thread_blocked, id=8433, stack(0x00007fe976929000,0x00007fe976a2a000)]
  0x00007fe98c1eb000 JavaThread "Worker-0: Initialize Workspace" [_thread_blocked, id=8434, stack(0x00007fe976428000,0x00007fe976529000)]
  0x00007fe994031800 JavaThread "Worker-1" [_thread_blocked, id=8435, stack(0x00007fe976327000,0x00007fe976428000)]
  0x00007fe990001800 JavaThread "Worker-2: Java indexing... " [_thread_blocked, id=8436, stack(0x00007fe976226000,0x00007fe976327000)]
  0x00007fe98c3d8000 JavaThread "Java indexing" daemon [_thread_blocked, id=8437, stack(0x00007fe975d25000,0x00007fe975e26000)]
  0x00007fe99c004000 JavaThread "Worker-3" [_thread_blocked, id=8439, stack(0x00007fe975424000,0x00007fe975525000)]
  0x00007fe9c41ec000 JavaThread "pool-2-thread-1" [_thread_blocked, id=8440, stack(0x00007fe974d23000,0x00007fe974e24000)]
  0x00007fe9c452e800 JavaThread "pool-1-thread-1" [_thread_blocked, id=8441, stack(0x00007fe974a22000,0x00007fe974b23000)]
  0x00007fe9a007b000 JavaThread "Worker-4: Synchronize Gradle projects with workspace" [_thread_blocked, id=8442, stack(0x00007fe974721000,0x00007fe974822000)]
  0x00007fe994310000 JavaThread "Bundle File Closer" daemon [_thread_blocked, id=8444, stack(0x00007fe974620000,0x00007fe974721000)]
  0x0000000000a22800 JavaThread "Worker-5" [_thread_blocked, id=8445, stack(0x00007fe97451f000,0x00007fe974620000)]
  0x0000000000a25800 JavaThread "Timer-0" [_thread_blocked, id=8446, stack(0x00007fe97441e000,0x00007fe97451f000)]
  0x0000000000a2d800 JavaThread "Timer-1" [_thread_blocked, id=8447, stack(0x00007fe97431d000,0x00007fe97441e000)]

Other Threads:
=>0x00007fe9c415c800 VMThread "VM Thread" [stack: 0x00007fe9a4f00000,0x00007fe9a5000000] [id=8415]
  0x00007fe9c4295000 WatcherThread [stack: 0x00007fe977bfd000,0x00007fe977cfd000] [id=8424]
  0x00007fe9c403a000 GCTaskThread "GC Thread#0" [stack: 0x00007fe9c9b94000,0x00007fe9c9c94000] [id=8409]
  0x00007fe988001000 GCTaskThread "GC Thread#1" [stack: 0x00007fe9774d2000,0x00007fe9775d2000] [id=8428]
  0x00007fe9c4055800 ConcurrentGCThread "G1 Main Marker" [stack: 0x00007fe9c8290000,0x00007fe9c8390000] [id=8410]
  0x00007fe9c4057000 ConcurrentGCThread "G1 Conc#0" [stack: 0x00007fe9c818e000,0x00007fe9c828e000] [id=8411]
  0x00007fe9c4091000 ConcurrentGCThread "G1 Refine#0" [stack: 0x00007fe9aca1f000,0x00007fe9acb1f000] [id=8412]
  0x00007fe99c001000 ConcurrentGCThread "G1 Refine#1" [stack: 0x00007fe9773d0000,0x00007fe9774d0000] [id=8429]
  0x00007fe9c4092800 ConcurrentGCThread "G1 Young RemSet Sampling" [stack: 0x00007fe9ac91d000,0x00007fe9aca1d000] [id=8413]
  0x00007fe9c4099800 ConcurrentGCThread "StrDedup" [stack: 0x00007fe9ac81b000,0x00007fe9ac91b000] [id=8414]

Threads with active compile tasks:
C2 CompilerThread04842       4       org.eclipse.jdt.internal.core.search.indexing.BinaryIndexer::extractArgCount (307 bytes)
C1 CompilerThread04853       2       org.eclipse.jdt.internal.core.JavaProject::getClasspathEntryFor (85 bytes)

VM state:at safepoint (normal execution)

VM Mutex/Monitor currently owned by a thread:  ([mutex/lock_event])
[0x00007fe9c400e470] Threads_lock - owner thread: 0x00007fe9c415c800
[0x00007fe9c400ebc0] Heap_lock - owner thread: 0x00007fe98c3d8000

Heap address: 0x00000000c0000000, size: 1024 MB, Compressed Oops mode: 32-bit
Narrow klass base: 0x0000000000000000, Narrow klass shift: 3
Compressed class space size: 1073741824 Address: 0x0000000100000000

Heap:
 garbage-first heap   total 489472K, used 66858K [0x00000000c0000000, 0x0000000100000000)
  region size 1024K, 2 young (2048K), 2 survivors (2048K)
 Metaspace       used 43500K, capacity 45763K, committed 46080K, reserved 1089536K
  class space    used 4449K, capacity 5341K, committed 5376K, reserved 1048576K
Heap Regions: E=young(eden), S=young(survivor), O=old, HS=humongous(starts), HC=humongous(continues), CS=collection set, F=free, A=archive, TAMS=top-at-mark-start (previous, next)
|   0|0x00000000c0000000, 0x00000000c0100000, 0x00000000c0100000|100%| O|  |TAMS 0x00000000c0100000, 0x00000000c0000000| Untracked 
|   1|0x00000000c0100000, 0x00000000c0200000, 0x00000000c0200000|100%| O|  |TAMS 0x00000000c0200000, 0x00000000c0100000| Untracked 
|   2|0x00000000c0200000, 0x00000000c0300000, 0x00000000c0300000|100%| O|  |TAMS 0x00000000c0300000, 0x00000000c0200000| Untracked 
|   3|0x00000000c0300000, 0x00000000c0400000, 0x00000000c0400000|100%| O|  |TAMS 0x00000000c0400000, 0x00000000c0300000| Untracked 
|   4|0x00000000c0400000, 0x00000000c0500000, 0x00000000c0500000|100%| O|  |TAMS 0x00000000c0500000, 0x00000000c0400000| Untracked 
|   5|0x00000000c0500000, 0x00000000c0600000, 0x00000000c0600000|100%| O|  |TAMS 0x00000000c0600000, 0x00000000c0500000| Untracked 
|   6|0x00000000c0600000, 0x00000000c0700000, 0x00000000c0700000|100%| O|  |TAMS 0x00000000c0700000, 0x00000000c0600000| Untracked 
|   7|0x00000000c0700000, 0x00000000c0800000, 0x00000000c0800000|100%| O|  |TAMS 0x00000000c0800000, 0x00000000c0700000| Untracked 
|   8|0x00000000c0800000, 0x00000000c0900000, 0x00000000c0900000|100%| O|  |TAMS 0x00000000c0900000, 0x00000000c0800000| Untracked 
|   9|0x00000000c0900000, 0x00000000c0a00000, 0x00000000c0a00000|100%| O|  |TAMS 0x00000000c0a00000, 0x00000000c0900000| Untracked 
|  10|0x00000000c0a00000, 0x00000000c0b00000, 0x00000000c0b00000|100%| O|  |TAMS 0x00000000c0b00000, 0x00000000c0a00000| Untracked 
|  11|0x00000000c0b00000, 0x00000000c0c00000, 0x00000000c0c00000|100%|HS|  |TAMS 0x00000000c0c00000, 0x00000000c0b00000| Complete 
|  12|0x00000000c0c00000, 0x00000000c0d00000, 0x00000000c0d00000|100%| O|  |TAMS 0x00000000c0d00000, 0x00000000c0c00000| Untracked 
|  13|0x00000000c0d00000, 0x00000000c0e00000, 0x00000000c0e00000|100%| O|  |TAMS 0x00000000c0e00000, 0x00000000c0d00000| Untracked 
|  14|0x00000000c0e00000, 0x00000000c0f00000, 0x00000000c0f00000|100%| O|  |TAMS 0x00000000c0f00000, 0x00000000c0e00000| Untracked 
|  15|0x00000000c0f00000, 0x00000000c1000000, 0x00000000c1000000|100%| O|  |TAMS 0x00000000c1000000, 0x00000000c0f00000| Untracked 
|  16|0x00000000c1000000, 0x00000000c1100000, 0x00000000c1100000|100%| O|  |TAMS 0x00000000c1100000, 0x00000000c1000000| Untracked 
|  17|0x00000000c1100000, 0x00000000c1200000, 0x00000000c1200000|100%| O|  |TAMS 0x00000000c1200000, 0x00000000c1100000| Untracked 
|  18|0x00000000c1200000, 0x00000000c1300000, 0x00000000c1300000|100%| O|  |TAMS 0x00000000c1300000, 0x00000000c1200000| Untracked 
|  19|0x00000000c1300000, 0x00000000c1400000, 0x00000000c1400000|100%| O|  |TAMS 0x00000000c1400000, 0x00000000c1300000| Untracked 
|  20|0x00000000c1400000, 0x00000000c1500000, 0x00000000c1500000|100%| O|  |TAMS 0x00000000c1500000, 0x00000000c1400000| Untracked 
|  21|0x00000000c1500000, 0x00000000c1600000, 0x00000000c1600000|100%| O|  |TAMS 0x00000000c1600000, 0x00000000c1500000| Untracked 
|  22|0x00000000c1600000, 0x00000000c1700000, 0x00000000c1700000|100%| O|  |TAMS 0x00000000c1700000, 0x00000000c1600000| Untracked 
|  23|0x00000000c1700000, 0x00000000c1800000, 0x00000000c1800000|100%| O|  |TAMS 0x00000000c1800000, 0x00000000c1700000| Untracked 
|  24|0x00000000c1800000, 0x00000000c1900000, 0x00000000c1900000|100%| O|  |TAMS 0x00000000c1900000, 0x00000000c1800000| Untracked 
|  25|0x00000000c1900000, 0x00000000c1a00000, 0x00000000c1a00000|100%| O|  |TAMS 0x00000000c1a00000, 0x00000000c1900000| Untracked 
|  26|0x00000000c1a00000, 0x00000000c1b00000, 0x00000000c1b00000|100%| O|  |TAMS 0x00000000c1b00000, 0x00000000c1a00000| Untracked 
|  27|0x00000000c1b00000, 0x00000000c1c00000, 0x00000000c1c00000|100%| O|  |TAMS 0x00000000c1c00000, 0x00000000c1b00000| Untracked 
|  28|0x00000000c1c00000, 0x00000000c1d00000, 0x00000000c1d00000|100%| O|  |TAMS 0x00000000c1d00000, 0x00000000c1c00000| Untracked 
|  29|0x00000000c1d00000, 0x00000000c1e00000, 0x00000000c1e00000|100%| O|  |TAMS 0x00000000c1e00000, 0x00000000c1d00000| Untracked 
|  30|0x00000000c1e00000, 0x00000000c1f00000, 0x00000000c1f00000|100%| O|  |TAMS 0x00000000c1f00000, 0x00000000c1e00000| Untracked 
|  31|0x00000000c1f00000, 0x00000000c2000000, 0x00000000c2000000|100%| O|  |TAMS 0x00000000c2000000, 0x00000000c1f00000| Untracked 
|  32|0x00000000c2000000, 0x00000000c2100000, 0x00000000c2100000|100%| O|  |TAMS 0x00000000c2100000, 0x00000000c2000000| Untracked 
|  33|0x00000000c2100000, 0x00000000c2200000, 0x00000000c2200000|100%| O|  |TAMS 0x00000000c2200000, 0x00000000c2100000| Untracked 
|  34|0x00000000c2200000, 0x00000000c2300000, 0x00000000c2300000|100%| O|  |TAMS 0x00000000c2300000, 0x00000000c2200000| Untracked 
|  35|0x00000000c2300000, 0x00000000c2400000, 0x00000000c2400000|100%| O|  |TAMS 0x00000000c2400000, 0x00000000c2300000| Untracked 
|  36|0x00000000c2400000, 0x00000000c2500000, 0x00000000c2500000|100%| O|  |TAMS 0x00000000c2500000, 0x00000000c2400000| Untracked 
|  37|0x00000000c2500000, 0x00000000c2600000, 0x00000000c2600000|100%| O|  |TAMS 0x00000000c2600000, 0x00000000c2500000| Untracked 
|  38|0x00000000c2600000, 0x00000000c2700000, 0x00000000c2700000|100%| O|  |TAMS 0x00000000c2700000, 0x00000000c2600000| Untracked 
|  39|0x00000000c2700000, 0x00000000c2800000, 0x00000000c2800000|100%| O|  |TAMS 0x00000000c2800000, 0x00000000c2700000| Untracked 
|  40|0x00000000c2800000, 0x00000000c2900000, 0x00000000c2900000|100%|HS|  |TAMS 0x00000000c2900000, 0x00000000c2800000| Complete 
|  41|0x00000000c2900000, 0x00000000c2a00000, 0x00000000c2a00000|100%| O|  |TAMS 0x00000000c2a00000, 0x00000000c2900000| Untracked 
|  42|0x00000000c2a00000, 0x00000000c2b00000, 0x00000000c2b00000|100%| O|  |TAMS 0x00000000c2af6000, 0x00000000c2a00000| Untracked 
|  43|0x00000000c2b00000, 0x00000000c2c00000, 0x00000000c2c00000|100%| O|  |TAMS 0x00000000c2b00000, 0x00000000c2b00000| Untracked 
|  44|0x00000000c2c00000, 0x00000000c2d00000, 0x00000000c2d00000|100%| O|  |TAMS 0x00000000c2c00000, 0x00000000c2c00000| Untracked 
|  45|0x00000000c2d00000, 0x00000000c2e00000, 0x00000000c2e00000|100%| O|  |TAMS 0x00000000c2d00000, 0x00000000c2d00000| Untracked 
|  46|0x00000000c2e00000, 0x00000000c2f00000, 0x00000000c2f00000|100%| O|  |TAMS 0x00000000c2e00000, 0x00000000c2e00000| Untracked 
|  47|0x00000000c2f00000, 0x00000000c3000000, 0x00000000c3000000|100%| O|  |TAMS 0x00000000c2f00000, 0x00000000c2f00000| Untracked 
|  48|0x00000000c3000000, 0x00000000c3100000, 0x00000000c3100000|100%| O|  |TAMS 0x00000000c3000000, 0x00000000c3000000| Untracked 
|  49|0x00000000c3100000, 0x00000000c3200000, 0x00000000c3200000|100%| O|  |TAMS 0x00000000c3100000, 0x00000000c3100000| Untracked 
|  50|0x00000000c3200000, 0x00000000c3300000, 0x00000000c3300000|100%| O|  |TAMS 0x00000000c3200000, 0x00000000c3200000| Untracked 
|  51|0x00000000c3300000, 0x00000000c3400000, 0x00000000c3400000|100%| O|  |TAMS 0x00000000c3300000, 0x00000000c3300000| Untracked 
|  52|0x00000000c3400000, 0x00000000c3500000, 0x00000000c3500000|100%| O|  |TAMS 0x00000000c3400000, 0x00000000c3400000| Untracked 
|  53|0x00000000c3500000, 0x00000000c3600000, 0x00000000c3600000|100%| O|  |TAMS 0x00000000c3500000, 0x00000000c3500000| Untracked 
|  54|0x00000000c3600000, 0x00000000c3700000, 0x00000000c3700000|100%| O|  |TAMS 0x00000000c3600000, 0x00000000c3600000| Untracked 
|  55|0x00000000c3700000, 0x00000000c3800000, 0x00000000c3800000|100%| O|  |TAMS 0x00000000c3700000, 0x00000000c3700000| Untracked 
|  56|0x00000000c3800000, 0x00000000c3900000, 0x00000000c3900000|100%| O|  |TAMS 0x00000000c3800000, 0x00000000c3800000| Untracked 
|  57|0x00000000c3900000, 0x00000000c3a00000, 0x00000000c3a00000|100%| O|  |TAMS 0x00000000c3900000, 0x00000000c3900000| Untracked 
|  58|0x00000000c3a00000, 0x00000000c3b00000, 0x00000000c3b00000|100%| O|  |TAMS 0x00000000c3a00000, 0x00000000c3a00000| Untracked 
|  59|0x00000000c3b00000, 0x00000000c3c00000, 0x00000000c3c00000|100%| O|  |TAMS 0x00000000c3b00000, 0x00000000c3b00000| Untracked 
|  60|0x00000000c3c00000, 0x00000000c3d00000, 0x00000000c3d00000|100%| O|  |TAMS 0x00000000c3c00000, 0x00000000c3c00000| Untracked 
|  61|0x00000000c3d00000, 0x00000000c3e00000, 0x00000000c3e00000|100%| O|  |TAMS 0x00000000c3d00000, 0x00000000c3d00000| Untracked 
|  62|0x00000000c3e00000, 0x00000000c3f00000, 0x00000000c3f00000|100%| O|  |TAMS 0x00000000c3e00000, 0x00000000c3e00000| Untracked 
|  63|0x00000000c3f00000, 0x00000000c4000000, 0x00000000c4000000|100%| O|  |TAMS 0x00000000c3f00000, 0x00000000c3f00000| Untracked 
|  64|0x00000000c4000000, 0x00000000c4000000, 0x00000000c4100000|  0%| F|  |TAMS 0x00000000c4000000, 0x00000000c4000000| Untracked 
|  65|0x00000000c4100000, 0x00000000c4100000, 0x00000000c4200000|  0%| F|  |TAMS 0x00000000c4100000, 0x00000000c4100000| Untracked 
|  66|0x00000000c4200000, 0x00000000c4200000, 0x00000000c4300000|  0%| F|  |TAMS 0x00000000c4200000, 0x00000000c4200000| Untracked 
|  67|0x00000000c4300000, 0x00000000c4300000, 0x00000000c4400000|  0%| F|  |TAMS 0x00000000c4300000, 0x00000000c4300000| Untracked 
|  68|0x00000000c4400000, 0x00000000c4400000, 0x00000000c4500000|  0%| F|  |TAMS 0x00000000c4400000, 0x00000000c4400000| Untracked 
|  69|0x00000000c4500000, 0x00000000c4500000, 0x00000000c4600000|  0%| F|  |TAMS 0x00000000c4500000, 0x00000000c4500000| Untracked 
|  70|0x00000000c4600000, 0x00000000c4600000, 0x00000000c4700000|  0%| F|  |TAMS 0x00000000c4600000, 0x00000000c4600000| Untracked 
|  71|0x00000000c4700000, 0x00000000c4700000, 0x00000000c4800000|  0%| F|  |TAMS 0x00000000c4700000, 0x00000000c4700000| Untracked 
|  72|0x00000000c4800000, 0x00000000c4800000, 0x00000000c4900000|  0%| F|  |TAMS 0x00000000c4800000, 0x00000000c4800000| Untracked 
|  73|0x00000000c4900000, 0x00000000c4900000, 0x00000000c4a00000|  0%| F|  |TAMS 0x00000000c4900000, 0x00000000c4900000| Untracked 
|  74|0x00000000c4a00000, 0x00000000c4a00000, 0x00000000c4b00000|  0%| F|  |TAMS 0x00000000c4a00000, 0x00000000c4a00000| Untracked 
|  75|0x00000000c4b00000, 0x00000000c4b00000, 0x00000000c4c00000|  0%| F|  |TAMS 0x00000000c4b00000, 0x00000000c4b00000| Untracked 
|  76|0x00000000c4c00000, 0x00000000c4c00000, 0x00000000c4d00000|  0%| F|  |TAMS 0x00000000c4c00000, 0x00000000c4c00000| Untracked 
|  77|0x00000000c4d00000, 0x00000000c4d00000, 0x00000000c4e00000|  0%| F|  |TAMS 0x00000000c4d00000, 0x00000000c4d00000| Untracked 
|  78|0x00000000c4e00000, 0x00000000c4e00000, 0x00000000c4f00000|  0%| F|  |TAMS 0x00000000c4e00000, 0x00000000c4e00000| Untracked 
|  79|0x00000000c4f00000, 0x00000000c4f00000, 0x00000000c5000000|  0%| F|  |TAMS 0x00000000c4f00000, 0x00000000c4f00000| Untracked 
|  80|0x00000000c5000000, 0x00000000c5000000, 0x00000000c5100000|  0%| F|  |TAMS 0x00000000c5000000, 0x00000000c5000000| Untracked 
|  81|0x00000000c5100000, 0x00000000c5100000, 0x00000000c5200000|  0%| F|  |TAMS 0x00000000c5100000, 0x00000000c5100000| Untracked 
|  82|0x00000000c5200000, 0x00000000c5200000, 0x00000000c5300000|  0%| F|  |TAMS 0x00000000c5200000, 0x00000000c5200000| Untracked 
|  83|0x00000000c5300000, 0x00000000c5300000, 0x00000000c5400000|  0%| F|  |TAMS 0x00000000c5300000, 0x00000000c5300000| Untracked 
|  84|0x00000000c5400000, 0x00000000c5400000, 0x00000000c5500000|  0%| F|  |TAMS 0x00000000c5400000, 0x00000000c5400000| Untracked 
|  85|0x00000000c5500000, 0x00000000c5500000, 0x00000000c5600000|  0%| F|  |TAMS 0x00000000c5500000, 0x00000000c5500000| Untracked 
|  86|0x00000000c5600000, 0x00000000c5600000, 0x00000000c5700000|  0%| F|  |TAMS 0x00000000c5600000, 0x00000000c5600000| Untracked 
|  87|0x00000000c5700000, 0x00000000c5700000, 0x00000000c5800000|  0%| F|  |TAMS 0x00000000c5700000, 0x00000000c5700000| Untracked 
|  88|0x00000000c5800000, 0x00000000c5800000, 0x00000000c5900000|  0%| F|  |TAMS 0x00000000c5800000, 0x00000000c5800000| Untracked 
|  89|0x00000000c5900000, 0x00000000c5900000, 0x00000000c5a00000|  0%| F|  |TAMS 0x00000000c5900000, 0x00000000c5900000| Untracked 
|  90|0x00000000c5a00000, 0x00000000c5a00000, 0x00000000c5b00000|  0%| F|  |TAMS 0x00000000c5a00000, 0x00000000c5a00000| Untracked 
|  91|0x00000000c5b00000, 0x00000000c5b00000, 0x00000000c5c00000|  0%| F|  |TAMS 0x00000000c5b00000, 0x00000000c5b00000| Untracked 
|  92|0x00000000c5c00000, 0x00000000c5c00000, 0x00000000c5d00000|  0%| F|  |TAMS 0x00000000c5c00000, 0x00000000c5c00000| Untracked 
|  93|0x00000000c5d00000, 0x00000000c5d00000, 0x00000000c5e00000|  0%| F|  |TAMS 0x00000000c5d00000, 0x00000000c5d00000| Untracked 
|  94|0x00000000c5e00000, 0x00000000c5e00000, 0x00000000c5f00000|  0%| F|  |TAMS 0x00000000c5e00000, 0x00000000c5e00000| Untracked 
|  95|0x00000000c5f00000, 0x00000000c5f00000, 0x00000000c6000000|  0%| F|  |TAMS 0x00000000c5f00000, 0x00000000c5f00000| Untracked 
|  96|0x00000000c6000000, 0x00000000c6000000, 0x00000000c6100000|  0%| F|  |TAMS 0x00000000c6000000, 0x00000000c6000000| Untracked 
|  97|0x00000000c6100000, 0x00000000c6100000, 0x00000000c6200000|  0%| F|  |TAMS 0x00000000c6100000, 0x00000000c6100000| Untracked 
|  98|0x00000000c6200000, 0x00000000c6200000, 0x00000000c6300000|  0%| F|  |TAMS 0x00000000c6200000, 0x00000000c6200000| Untracked 
|  99|0x00000000c6300000, 0x00000000c6300000, 0x00000000c6400000|  0%| F|  |TAMS 0x00000000c6300000, 0x00000000c6300000| Untracked 
| 100|0x00000000c6400000, 0x00000000c6400000, 0x00000000c6500000|  0%| F|  |TAMS 0x00000000c6400000, 0x00000000c6400000| Untracked 
| 101|0x00000000c6500000, 0x00000000c6500000, 0x00000000c6600000|  0%| F|  |TAMS 0x00000000c6500000, 0x00000000c6500000| Untracked 
| 102|0x00000000c6600000, 0x00000000c6600000, 0x00000000c6700000|  0%| F|  |TAMS 0x00000000c6600000, 0x00000000c6600000| Untracked 
| 103|0x00000000c6700000, 0x00000000c6700000, 0x00000000c6800000|  0%| F|  |TAMS 0x00000000c6700000, 0x00000000c6700000| Untracked 
| 104|0x00000000c6800000, 0x00000000c6800000, 0x00000000c6900000|  0%| F|  |TAMS 0x00000000c6800000, 0x00000000c6800000| Untracked 
| 105|0x00000000c6900000, 0x00000000c6900000, 0x00000000c6a00000|  0%| F|  |TAMS 0x00000000c6900000, 0x00000000c6900000| Untracked 
| 106|0x00000000c6a00000, 0x00000000c6a00000, 0x00000000c6b00000|  0%| F|  |TAMS 0x00000000c6a00000, 0x00000000c6a00000| Untracked 
| 107|0x00000000c6b00000, 0x00000000c6b00000, 0x00000000c6c00000|  0%| F|  |TAMS 0x00000000c6b00000, 0x00000000c6b00000| Untracked 
| 108|0x00000000c6c00000, 0x00000000c6c00000, 0x00000000c6d00000|  0%| F|  |TAMS 0x00000000c6c00000, 0x00000000c6c00000| Untracked 
| 109|0x00000000c6d00000, 0x00000000c6d00000, 0x00000000c6e00000|  0%| F|  |TAMS 0x00000000c6d00000, 0x00000000c6d00000| Untracked 
| 110|0x00000000c6e00000, 0x00000000c6e00000, 0x00000000c6f00000|  0%| F|  |TAMS 0x00000000c6e00000, 0x00000000c6e00000| Untracked 
| 111|0x00000000c6f00000, 0x00000000c6f00000, 0x00000000c7000000|  0%| F|  |TAMS 0x00000000c6f00000, 0x00000000c6f00000| Untracked 
| 112|0x00000000c7000000, 0x00000000c7000000, 0x00000000c7100000|  0%| F|  |TAMS 0x00000000c7000000, 0x00000000c7000000| Untracked 
| 113|0x00000000c7100000, 0x00000000c7100000, 0x00000000c7200000|  0%| F|  |TAMS 0x00000000c7100000, 0x00000000c7100000| Untracked 
| 114|0x00000000c7200000, 0x00000000c7200000, 0x00000000c7300000|  0%| F|  |TAMS 0x00000000c7200000, 0x00000000c7200000| Untracked 
| 115|0x00000000c7300000, 0x00000000c7300000, 0x00000000c7400000|  0%| F|  |TAMS 0x00000000c7300000, 0x00000000c7300000| Untracked 
| 116|0x00000000c7400000, 0x00000000c7400000, 0x00000000c7500000|  0%| F|  |TAMS 0x00000000c7400000, 0x00000000c7400000| Untracked 
| 117|0x00000000c7500000, 0x00000000c7500000, 0x00000000c7600000|  0%| F|  |TAMS 0x00000000c7500000, 0x00000000c7500000| Untracked 
| 118|0x00000000c7600000, 0x00000000c7600000, 0x00000000c7700000|  0%| F|  |TAMS 0x00000000c7600000, 0x00000000c7600000| Untracked 
| 119|0x00000000c7700000, 0x00000000c7700000, 0x00000000c7800000|  0%| F|  |TAMS 0x00000000c7700000, 0x00000000c7700000| Untracked 
| 120|0x00000000c7800000, 0x00000000c7800000, 0x00000000c7900000|  0%| F|  |TAMS 0x00000000c7800000, 0x00000000c7800000| Untracked 
| 121|0x00000000c7900000, 0x00000000c7900000, 0x00000000c7a00000|  0%| F|  |TAMS 0x00000000c7900000, 0x00000000c7900000| Untracked 
| 122|0x00000000c7a00000, 0x00000000c7a00000, 0x00000000c7b00000|  0%| F|  |TAMS 0x00000000c7a00000, 0x00000000c7a00000| Untracked 
| 123|0x00000000c7b00000, 0x00000000c7b00000, 0x00000000c7c00000|  0%| F|  |TAMS 0x00000000c7b00000, 0x00000000c7b00000| Untracked 
| 124|0x00000000c7c00000, 0x00000000c7c00000, 0x00000000c7d00000|  0%| F|  |TAMS 0x00000000c7c00000, 0x00000000c7c00000| Untracked 
| 125|0x00000000c7d00000, 0x00000000c7d00000, 0x00000000c7e00000|  0%| F|  |TAMS 0x00000000c7d00000, 0x00000000c7d00000| Untracked 
| 126|0x00000000c7e00000, 0x00000000c7e00000, 0x00000000c7f00000|  0%| F|  |TAMS 0x00000000c7e00000, 0x00000000c7e00000| Untracked 
| 127|0x00000000c7f00000, 0x00000000c7f00000, 0x00000000c8000000|  0%| F|  |TAMS 0x00000000c7f00000, 0x00000000c7f00000| Untracked 
| 128|0x00000000c8000000, 0x00000000c8000000, 0x00000000c8100000|  0%| F|  |TAMS 0x00000000c8000000, 0x00000000c8000000| Untracked 
| 129|0x00000000c8100000, 0x00000000c8100000, 0x00000000c8200000|  0%| F|  |TAMS 0x00000000c8100000, 0x00000000c8100000| Untracked 
| 130|0x00000000c8200000, 0x00000000c8200000, 0x00000000c8300000|  0%| F|  |TAMS 0x00000000c8200000, 0x00000000c8200000| Untracked 
| 131|0x00000000c8300000, 0x00000000c8300000, 0x00000000c8400000|  0%| F|  |TAMS 0x00000000c8300000, 0x00000000c8300000| Untracked 
| 132|0x00000000c8400000, 0x00000000c8400000, 0x00000000c8500000|  0%| F|  |TAMS 0x00000000c8400000, 0x00000000c8400000| Untracked 
| 133|0x00000000c8500000, 0x00000000c8500000, 0x00000000c8600000|  0%| F|  |TAMS 0x00000000c8500000, 0x00000000c8500000| Untracked 
| 134|0x00000000c8600000, 0x00000000c8600000, 0x00000000c8700000|  0%| F|  |TAMS 0x00000000c8600000, 0x00000000c8600000| Untracked 
| 135|0x00000000c8700000, 0x00000000c8700000, 0x00000000c8800000|  0%| F|  |TAMS 0x00000000c8700000, 0x00000000c8700000| Untracked 
| 136|0x00000000c8800000, 0x00000000c8800000, 0x00000000c8900000|  0%| F|  |TAMS 0x00000000c8800000, 0x00000000c8800000| Untracked 
| 137|0x00000000c8900000, 0x00000000c8900000, 0x00000000c8a00000|  0%| F|  |TAMS 0x00000000c8900000, 0x00000000c8900000| Untracked 
| 138|0x00000000c8a00000, 0x00000000c8a00000, 0x00000000c8b00000|  0%| F|  |TAMS 0x00000000c8a00000, 0x00000000c8a00000| Untracked 
| 139|0x00000000c8b00000, 0x00000000c8b00000, 0x00000000c8c00000|  0%| F|  |TAMS 0x00000000c8b00000, 0x00000000c8b00000| Untracked 
| 140|0x00000000c8c00000, 0x00000000c8c00000, 0x00000000c8d00000|  0%| F|  |TAMS 0x00000000c8c00000, 0x00000000c8c00000| Untracked 
| 141|0x00000000c8d00000, 0x00000000c8d00000, 0x00000000c8e00000|  0%| F|  |TAMS 0x00000000c8d00000, 0x00000000c8d00000| Untracked 
| 142|0x00000000c8e00000, 0x00000000c8e00000, 0x00000000c8f00000|  0%| F|  |TAMS 0x00000000c8e00000, 0x00000000c8e00000| Untracked 
| 143|0x00000000c8f00000, 0x00000000c8f00000, 0x00000000c9000000|  0%| F|  |TAMS 0x00000000c8f00000, 0x00000000c8f00000| Untracked 
| 144|0x00000000c9000000, 0x00000000c9000000, 0x00000000c9100000|  0%| F|  |TAMS 0x00000000c9000000, 0x00000000c9000000| Untracked 
| 145|0x00000000c9100000, 0x00000000c9100000, 0x00000000c9200000|  0%| F|  |TAMS 0x00000000c9100000, 0x00000000c9100000| Untracked 
| 146|0x00000000c9200000, 0x00000000c9200000, 0x00000000c9300000|  0%| F|  |TAMS 0x00000000c9200000, 0x00000000c9200000| Untracked 
| 147|0x00000000c9300000, 0x00000000c9300000, 0x00000000c9400000|  0%| F|  |TAMS 0x00000000c9300000, 0x00000000c9300000| Untracked 
| 148|0x00000000c9400000, 0x00000000c9400000, 0x00000000c9500000|  0%| F|  |TAMS 0x00000000c9400000, 0x00000000c9400000| Untracked 
| 149|0x00000000c9500000, 0x00000000c9500000, 0x00000000c9600000|  0%| F|  |TAMS 0x00000000c9500000, 0x00000000c9500000| Untracked 
| 150|0x00000000c9600000, 0x00000000c9600000, 0x00000000c9700000|  0%| F|  |TAMS 0x00000000c9600000, 0x00000000c9600000| Untracked 
| 151|0x00000000c9700000, 0x00000000c9700000, 0x00000000c9800000|  0%| F|  |TAMS 0x00000000c9700000, 0x00000000c9700000| Untracked 
| 152|0x00000000c9800000, 0x00000000c9800000, 0x00000000c9900000|  0%| F|  |TAMS 0x00000000c9800000, 0x00000000c9800000| Untracked 
| 153|0x00000000c9900000, 0x00000000c9900000, 0x00000000c9a00000|  0%| F|  |TAMS 0x00000000c9900000, 0x00000000c9900000| Untracked 
| 154|0x00000000c9a00000, 0x00000000c9a00000, 0x00000000c9b00000|  0%| F|  |TAMS 0x00000000c9a00000, 0x00000000c9a00000| Untracked 
| 155|0x00000000c9b00000, 0x00000000c9b00000, 0x00000000c9c00000|  0%| F|  |TAMS 0x00000000c9b00000, 0x00000000c9b00000| Untracked 
| 156|0x00000000c9c00000, 0x00000000c9c00000, 0x00000000c9d00000|  0%| F|  |TAMS 0x00000000c9c00000, 0x00000000c9c00000| Untracked 
| 157|0x00000000c9d00000, 0x00000000c9d00000, 0x00000000c9e00000|  0%| F|  |TAMS 0x00000000c9d00000, 0x00000000c9d00000| Untracked 
| 158|0x00000000c9e00000, 0x00000000c9e00000, 0x00000000c9f00000|  0%| F|  |TAMS 0x00000000c9e00000, 0x00000000c9e00000| Untracked 
| 159|0x00000000c9f00000, 0x00000000c9f00000, 0x00000000ca000000|  0%| F|  |TAMS 0x00000000c9f00000, 0x00000000c9f00000| Untracked 
| 160|0x00000000ca000000, 0x00000000ca000000, 0x00000000ca100000|  0%| F|  |TAMS 0x00000000ca000000, 0x00000000ca000000| Untracked 
| 161|0x00000000ca100000, 0x00000000ca100000, 0x00000000ca200000|  0%| F|  |TAMS 0x00000000ca100000, 0x00000000ca100000| Untracked 
| 162|0x00000000ca200000, 0x00000000ca200000, 0x00000000ca300000|  0%| F|  |TAMS 0x00000000ca200000, 0x00000000ca200000| Untracked 
| 163|0x00000000ca300000, 0x00000000ca300000, 0x00000000ca400000|  0%| F|  |TAMS 0x00000000ca300000, 0x00000000ca300000| Untracked 
| 164|0x00000000ca400000, 0x00000000ca400000, 0x00000000ca500000|  0%| F|  |TAMS 0x00000000ca400000, 0x00000000ca400000| Untracked 
| 165|0x00000000ca500000, 0x00000000ca500000, 0x00000000ca600000|  0%| F|  |TAMS 0x00000000ca500000, 0x00000000ca500000| Untracked 
| 166|0x00000000ca600000, 0x00000000ca600000, 0x00000000ca700000|  0%| F|  |TAMS 0x00000000ca600000, 0x00000000ca600000| Untracked 
| 167|0x00000000ca700000, 0x00000000ca700000, 0x00000000ca800000|  0%| F|  |TAMS 0x00000000ca700000, 0x00000000ca700000| Untracked 
| 168|0x00000000ca800000, 0x00000000ca800000, 0x00000000ca900000|  0%| F|  |TAMS 0x00000000ca800000, 0x00000000ca800000| Untracked 
| 169|0x00000000ca900000, 0x00000000ca900000, 0x00000000caa00000|  0%| F|  |TAMS 0x00000000ca900000, 0x00000000ca900000| Untracked 
| 170|0x00000000caa00000, 0x00000000caa00000, 0x00000000cab00000|  0%| F|  |TAMS 0x00000000caa00000, 0x00000000caa00000| Untracked 
| 171|0x00000000cab00000, 0x00000000cab00000, 0x00000000cac00000|  0%| F|  |TAMS 0x00000000cab00000, 0x00000000cab00000| Untracked 
| 172|0x00000000cac00000, 0x00000000cac00000, 0x00000000cad00000|  0%| F|  |TAMS 0x00000000cac00000, 0x00000000cac00000| Untracked 
| 173|0x00000000cad00000, 0x00000000cad00000, 0x00000000cae00000|  0%| F|  |TAMS 0x00000000cad00000, 0x00000000cad00000| Untracked 
| 174|0x00000000cae00000, 0x00000000cae00000, 0x00000000caf00000|  0%| F|  |TAMS 0x00000000cae00000, 0x00000000cae00000| Untracked 
| 175|0x00000000caf00000, 0x00000000caf00000, 0x00000000cb000000|  0%| F|  |TAMS 0x00000000caf00000, 0x00000000caf00000| Untracked 
| 176|0x00000000cb000000, 0x00000000cb04ab70, 0x00000000cb100000| 29%| S|CS|TAMS 0x00000000cb000000, 0x00000000cb000000| Complete 
| 177|0x00000000cb100000, 0x00000000cb200000, 0x00000000cb200000|100%| S|CS|TAMS 0x00000000cb100000, 0x00000000cb100000| Complete 
| 178|0x00000000cb200000, 0x00000000cb200000, 0x00000000cb300000|  0%| F|  |TAMS 0x00000000cb200000, 0x00000000cb200000| Untracked 
| 179|0x00000000cb300000, 0x00000000cb300000, 0x00000000cb400000|  0%| F|  |TAMS 0x00000000cb300000, 0x00000000cb300000| Untracked 
| 180|0x00000000cb400000, 0x00000000cb400000, 0x00000000cb500000|  0%| F|  |TAMS 0x00000000cb400000, 0x00000000cb400000| Untracked 
| 181|0x00000000cb500000, 0x00000000cb500000, 0x00000000cb600000|  0%| F|  |TAMS 0x00000000cb500000, 0x00000000cb500000| Untracked 
| 182|0x00000000cb600000, 0x00000000cb600000, 0x00000000cb700000|  0%| F|  |TAMS 0x00000000cb600000, 0x00000000cb600000| Untracked 
| 183|0x00000000cb700000, 0x00000000cb700000, 0x00000000cb800000|  0%| F|  |TAMS 0x00000000cb700000, 0x00000000cb700000| Untracked 
| 184|0x00000000cb800000, 0x00000000cb800000, 0x00000000cb900000|  0%| F|  |TAMS 0x00000000cb800000, 0x00000000cb800000| Untracked 
| 185|0x00000000cb900000, 0x00000000cb900000, 0x00000000cba00000|  0%| F|  |TAMS 0x00000000cb900000, 0x00000000cb900000| Untracked 
| 186|0x00000000cba00000, 0x00000000cba00000, 0x00000000cbb00000|  0%| F|  |TAMS 0x00000000cba00000, 0x00000000cba00000| Untracked 

Card table byte_map: [0x00007fe9c9590000,0x00007fe9c9790000] _byte_map_base: 0x00007fe9c8f90000

Marking Bits (Prev, Next): (CMBitMap*) 0x00007fe9c40508d8, (CMBitMap*) 0x00007fe9c4050910
 Prev Bits: [0x00007fe9c8390000, 0x00007fe9c9390000)
 Next Bits: [0x00007fe9a7000000, 0x00007fe9a8000000)

Polling page: 0x00007fe9cd7a7000

Metaspace:

Usage:
  Non-class:     39,47 MB capacity,    38,14 MB ( 97%) used,     1,26 MB (  3%) free+waste,    76,88 KB ( <1%) overhead. 
      Class:      5,22 MB capacity,     4,35 MB ( 83%) used,   854,45 KB ( 16%) free+waste,    36,75 KB ( <1%) overhead. 
       Both:     44,69 MB capacity,    42,48 MB ( 95%) used,     2,10 MB (  5%) free+waste,   113,62 KB ( <1%) overhead. 

Virtual space:
  Non-class space:       40,00 MB reserved,      39,75 MB (>99%) committed 
      Class space:        1,00 GB reserved,       5,25 MB ( <1%) committed 
             Both:        1,04 GB reserved,      45,00 MB (  4%) committed 

Chunk freelists:
   Non-Class:  18,25 KB
       Class:  384 bytes
        Both:  18,62 KB

CodeHeap 'non-profiled nmethods': size=120036Kb used=1155Kb max_used=1155Kb free=118880Kb
 bounds [0x00007fe9b46e7000, 0x00007fe9b4957000, 0x00007fe9bbc20000]
CodeHeap 'profiled nmethods': size=120032Kb used=7949Kb max_used=8480Kb free=112082Kb
 bounds [0x00007fe9ad1af000, 0x00007fe9ad9ff000, 0x00007fe9b46e7000]
CodeHeap 'non-nmethods': size=5692Kb used=1181Kb max_used=1229Kb free=4510Kb
 bounds [0x00007fe9acc20000, 0x00007fe9ace90000, 0x00007fe9ad1af000]
 total_blobs=5665 nmethods=4118 adapters=484
 compilation: enabled
              stopped_count=0, restarted_count=0
 full_count=0

Compilation events (10 events):
Event: 34,284 Thread 0x00007fe9c418a800 nmethod 4840 0x00007fe9ad7bc110 code [0x00007fe9ad7bc760, 0x00007fe9ad7c0868]
Event: 37,088 Thread 0x00007fe9c4188800 nmethod 4723% 0x00007fe9b480ca10 code [0x00007fe9b480d2a0, 0x00007fe9b4816438]
Event: 37,137 Thread 0x00007fe9c4188800 4795       4       org.eclipse.jdt.internal.compiler.util.Util::isClassFileName (82 bytes)
Event: 39,274 Thread 0x00007fe9c4188800 nmethod 4795 0x00007fe9b4766090 code [0x00007fe9b4766240, 0x00007fe9b4766448]
Event: 39,373 Thread 0x00007fe9c4188800 4842       4       org.eclipse.jdt.internal.core.search.indexing.BinaryIndexer::extractArgCount (307 bytes)
Event: 41,188 Thread 0x00007fe9c418a800 4849       2       java.lang.Integer::parseInt (7 bytes)
Event: 41,543 Thread 0x00007fe9c418a800 nmethod 4849 0x00007fe9ad63bb90 code [0x00007fe9ad63bd40, 0x00007fe9ad63be88]
Event: 41,631 Thread 0x00007fe9c418a800 4850       2       org.eclipse.jdt.internal.compiler.classfmt.AnnotationInfo::scanElementValue (256 bytes)
Event: 41,721 Thread 0x00007fe9c418a800 nmethod 4850 0x00007fe9ad717c10 code [0x00007fe9ad717e00, 0x00007fe9ad7182d8]
Event: 42,087 Thread 0x00007fe9c418a800 4853       2       org.eclipse.jdt.internal.core.JavaProject::getClasspathEntryFor (85 bytes)

GC Heap History (10 events):
Event: 28,847 GC heap after
{Heap after GC invocations=19 (full 0):
 garbage-first heap   total 128000K, used 51160K [0x00000000c0000000, 0x0000000100000000)
  region size 1024K, 7 young (7168K), 7 survivors (7168K)
 Metaspace       used 41855K, capacity 43871K, committed 44288K, reserved 1089536K
  class space    used 4247K, capacity 5066K, committed 5120K, reserved 1048576K
}
Event: 29,914 GC heap before
{Heap before GC invocations=20 (full 0):
 garbage-first heap   total 128000K, used 85976K [0x00000000c0000000, 0x0000000100000000)
  region size 1024K, 41 young (41984K), 7 survivors (7168K)
 Metaspace       used 43227K, capacity 45559K, committed 45824K, reserved 1089536K
  class space    used 4419K, capacity 5336K, committed 5376K, reserved 1048576K
}
Event: 30,007 GC heap after
{Heap after GC invocations=21 (full 0):
 garbage-first heap   total 191488K, used 55017K [0x00000000c0000000, 0x0000000100000000)
  region size 1024K, 4 young (4096K), 4 survivors (4096K)
 Metaspace       used 43227K, capacity 45559K, committed 45824K, reserved 1089536K
  class space    used 4419K, capacity 5336K, committed 5376K, reserved 1048576K
}
Event: 31,312 GC heap before
{Heap before GC invocations=21 (full 0):
 garbage-first heap   total 191488K, used 111337K [0x00000000c0000000, 0x0000000100000000)
  region size 1024K, 59 young (60416K), 4 survivors (4096K)
 Metaspace       used 43498K, capacity 45763K, committed 46080K, reserved 1089536K
  class space    used 4449K, capacity 5341K, committed 5376K, reserved 1048576K
}
Event: 31,527 GC heap after
{Heap after GC invocations=22 (full 0):
 garbage-first heap   total 191488K, used 60928K [0x00000000c0000000, 0x0000000100000000)
  region size 1024K, 8 young (8192K), 8 survivors (8192K)
 Metaspace       used 43498K, capacity 45763K, committed 46080K, reserved 1089536K
  class space    used 4449K, capacity 5341K, committed 5376K, reserved 1048576K
}
Event: 34,742 GC heap before
{Heap before GC invocations=22 (full 0):
 garbage-first heap   total 191488K, used 108032K [0x00000000c0000000, 0x0000000100000000)
  region size 1024K, 54 young (55296K), 8 survivors (8192K)
 Metaspace       used 43498K, capacity 45763K, committed 46080K, reserved 1089536K
  class space    used 4449K, capacity 5341K, committed 5376K, reserved 1048576K
}
Event: 35,696 GC heap after
{Heap after GC invocations=23 (full 0):
 garbage-first heap   total 191488K, used 65489K [0x00000000c0000000, 0x0000000100000000)
  region size 1024K, 5 young (5120K), 5 survivors (5120K)
 Metaspace       used 43498K, capacity 45763K, committed 46080K, reserved 1089536K
  class space    used 4449K, capacity 5341K, committed 5376K, reserved 1048576K
}
Event: 37,347 GC heap before
{Heap before GC invocations=23 (full 0):
 garbage-first heap   total 191488K, used 69585K [0x00000000c0000000, 0x0000000100000000)
  region size 1024K, 9 young (9216K), 5 survivors (5120K)
 Metaspace       used 43499K, capacity 45763K, committed 46080K, reserved 1089536K
  class space    used 4449K, capacity 5341K, committed 5376K, reserved 1048576K
}
Event: 38,396 GC heap after
{Heap after GC invocations=24 (full 0):
 garbage-first heap   total 191488K, used 66517K [0x00000000c0000000, 0x0000000100000000)
  region size 1024K, 1 young (1024K), 1 survivors (1024K)
 Metaspace       used 43499K, capacity 45763K, committed 46080K, reserved 1089536K
  class space    used 4449K, capacity 5341K, committed 5376K, reserved 1048576K
}
Event: 42,138 GC heap before
{Heap before GC invocations=24 (full 0):
 garbage-first heap   total 191488K, used 74709K [0x00000000c0000000, 0x0000000100000000)
  region size 1024K, 9 young (9216K), 1 survivors (1024K)
 Metaspace       used 43500K, capacity 45763K, committed 46080K, reserved 1089536K
  class space    used 4449K, capacity 5341K, committed 5376K, reserved 1048576K
}

Deoptimization events (10 events):
Event: 21,088 Thread 0x00007fe98c3d8000 Uncommon trap: reason=unstable_if action=reinterpret pc=0x00007fe9b47e9a64 method=org.eclipse.jdt.internal.core.search.indexing.BinaryIndexer.replace(CC[C)[C @ 1 c2
Event: 22,449 Thread 0x00007fe98c3d8000 Uncommon trap: reason=unstable_if action=reinterpret pc=0x00007fe9b47f63e4 method=org.eclipse.jdt.internal.core.search.indexing.BinaryIndexer.addTypeReference([C)V @ 23 c2
Event: 23,537 Thread 0x00007fe9c451b800 Uncommon trap: reason=class_check action=maybe_recompile pc=0x00007fe9b4779bf8 method=java.nio.charset.Charset.lookup(Ljava/lang/String;)Ljava/nio/charset/Charset; @ 35 c2
Event: 23,539 Thread 0x00007fe9c451b800 Uncommon trap: reason=predicate action=maybe_recompile pc=0x00007fe9b479a834 method=java.nio.charset.CharsetDecoder.decode(Ljava/nio/ByteBuffer;Ljava/nio/CharBuffer;Z)Ljava/nio/charset/CoderResult; @ 54 c2
Event: 23,642 Thread 0x00007fe9c451b800 Uncommon trap: reason=unstable_if action=reinterpret pc=0x00007fe9b4780e14 method=java.util.Properties$LineReader.readLine()I @ 284 c2
Event: 25,739 Thread 0x00007fe98c1eb000 Uncommon trap: reason=unstable_if action=reinterpret pc=0x00007fe9b47f0c20 method=org.codehaus.plexus.util.xml.pull.MXParser.nextImpl()I @ 269 c2
Event: 26,420 Thread 0x00007fe98c3d8000 Uncommon trap: reason=unstable_if action=reinterpret pc=0x00007fe9b47f4560 method=org.eclipse.jdt.internal.core.search.indexing.BinaryIndexer.extractArgCount([C[C)I @ 239 c2
Event: 27,378 Thread 0x00007fe99c004000 Uncommon trap: reason=unstable_if action=reinterpret pc=0x00007fe9b47b1b3c method=java.util.concurrent.locks.ReentrantLock$Sync.nonfairTryAcquire(I)Z @ 34 c2
Event: 28,850 Thread 0x00007fe9c452e800 Uncommon trap: reason=profile_predicate action=maybe_recompile pc=0x00007fe9b47372cc method=java.util.StringTokenizer.scanToken(I)I @ 2 c2
Event: 29,389 Thread 0x00007fe98c1eb000 Uncommon trap: reason=unstable_if action=reinterpret pc=0x00007fe9b47b3598 method=java.util.concurrent.locks.ReentrantLock$Sync.nonfairTryAcquire(I)Z @ 34 c2

Classes redefined (0 events):
No events

Internal exceptions (10 events):
Event: 26,533 Thread 0x00007fe9c4012000 Exception <a 'java/lang/NoSuchMethodError'{0x00000000c6e7ca80}: java.lang.invoke.DirectMethodHandle$Holder.invokeStatic(Ljava/lang/Object;Ljava/lang/Object;Ljava/lang/Object;Ljava/lang/Object;)V> (0x00000000c6e7ca80) thrown at [/scratch/opt/mach5/mesos/wo
Event: 27,412 Thread 0x00007fe99c004000 Exception <a 'java/io/FileNotFoundException'{0x00000000c77b4818}> (0x00000000c77b4818) thrown at [/scratch/opt/mach5/mesos/work_dir/slaves/ae206c0d-865c-4d69-a16b-c4e90bf2719f-S646/frameworks/1735e8a2-a1db-478c-8104-60c8b0af87dd-0196/executors/9e8e1abd-20
Event: 28,094 Thread 0x00007fe9c4012000 Exception <a 'java/lang/NoSuchMethodError'{0x00000000c6696958}: java.lang.invoke.DirectMethodHandle$Holder.invokeStaticInit(Ljava/lang/Object;Ljava/lang/Object;Ljava/lang/Object;)V> (0x00000000c6696958) thrown at [/scratch/opt/mach5/mesos/work_dir/slaves/
Event: 28,907 Thread 0x00007fe9c452e800 Exception <a 'java/lang/NoSuchMethodError'{0x00000000c7ba1dd8}: java.lang.invoke.DirectMethodHandle$Holder.invokeStatic(Ljava/lang/Object;Ljava/lang/Object;Ljava/lang/Object;Ljava/lang/Object;Ljava/lang/Object;Ljava/lang/Object;)V> (0x00000000c7ba1dd8) th
Event: 29,193 Thread 0x00007fe98c1eb000 Exception <a 'java/io/FileNotFoundException'{0x00000000c72cde78}> (0x00000000c72cde78) thrown at [/scratch/opt/mach5/mesos/work_dir/slaves/ae206c0d-865c-4d69-a16b-c4e90bf2719f-S646/frameworks/1735e8a2-a1db-478c-8104-60c8b0af87dd-0196/executors/9e8e1abd-20
Event: 29,235 Thread 0x00007fe98c1eb000 Exception <a 'java/io/FileNotFoundException'{0x00000000c6f9d9b8}> (0x00000000c6f9d9b8) thrown at [/scratch/opt/mach5/mesos/work_dir/slaves/ae206c0d-865c-4d69-a16b-c4e90bf2719f-S646/frameworks/1735e8a2-a1db-478c-8104-60c8b0af87dd-0196/executors/9e8e1abd-20
Event: 29,279 Thread 0x00007fe98c1eb000 Exception <a 'java/io/FileNotFoundException'{0x00000000c6c14380}> (0x00000000c6c14380) thrown at [/scratch/opt/mach5/mesos/work_dir/slaves/ae206c0d-865c-4d69-a16b-c4e90bf2719f-S646/frameworks/1735e8a2-a1db-478c-8104-60c8b0af87dd-0196/executors/9e8e1abd-20
Event: 29,651 Thread 0x00007fe98c1eb000 Exception <a 'java/io/FileNotFoundException'{0x00000000c64b38f8}> (0x00000000c64b38f8) thrown at [/scratch/opt/mach5/mesos/work_dir/slaves/ae206c0d-865c-4d69-a16b-c4e90bf2719f-S646/frameworks/1735e8a2-a1db-478c-8104-60c8b0af87dd-0196/executors/9e8e1abd-20
Event: 30,138 Thread 0x00007fe9a007b000 Exception <a 'java/lang/NoSuchMethodError'{0x00000000cbadbf38}: java.lang.invoke.DirectMethodHandle$Holder.invokeStatic(Ljava/lang/Object;Ljava/lang/Object;Ljava/lang/Object;ILjava/lang/Object;)Ljava/lang/Object;> (0x00000000cbadbf38) thrown at [/scratch/
Event: 30,142 Thread 0x00007fe9a007b000 Exception <a 'java/lang/NoSuchMethodError'{0x00000000cb704ff8}: java.lang.invoke.Invokers$Holder.linkToTargetMethod(Ljava/lang/Object;Ljava/lang/Object;ILjava/lang/Object;Ljava/lang/Object;)Ljava/lang/Object;> (0x00000000cb704ff8) thrown at [/scratch/opt/

Events (10 events):
Event: 37,178 Thread 0x00007fe98c3d8000 DEOPT UNPACKING pc=0x00007fe9acc4792b sp=0x00007fe975e23460 mode 0
Event: 37,266 Executing VM operation: G1CollectForAllocation
Event: 38,646 Executing VM operation: G1CollectForAllocation done
Event: 40,456 Thread 0x00007fe98c3d8000 DEOPT PACKING pc=0x00007fe9ad83060f sp=0x00007fe975e23ed0
Event: 40,527 Thread 0x00007fe98c3d8000 DEOPT UNPACKING pc=0x00007fe9acc4792b sp=0x00007fe975e23460 mode 0
Event: 41,557 Thread 0x00007fe98c3d8000 DEOPT PACKING pc=0x00007fe9ad83060f sp=0x00007fe975e23ed0
Event: 41,557 Thread 0x00007fe98c3d8000 DEOPT UNPACKING pc=0x00007fe9acc4792b sp=0x00007fe975e23460 mode 0
Event: 41,767 Thread 0x00007fe98c3d8000 DEOPT PACKING pc=0x00007fe9ad8305b0 sp=0x00007fe975e23ed0
Event: 41,779 Thread 0x00007fe98c3d8000 DEOPT UNPACKING pc=0x00007fe9acc4792b sp=0x00007fe975e23460 mode 0
Event: 42,085 Executing VM operation: G1CollectForAllocation


Dynamic libraries:
00400000-00401000 r-xp 00000000 08:02 1716899                            /usr/lib/jvm/jdk-11.0.4/bin/java
00600000-00601000 r--p 00000000 08:02 1716899                            /usr/lib/jvm/jdk-11.0.4/bin/java
00601000-00602000 rw-p 00001000 08:02 1716899                            /usr/lib/jvm/jdk-11.0.4/bin/java
00a0b000-00a4e000 rw-p 00000000 00:00 0                                  [heap]
c0000000-cbb00000 rw-p 00000000 00:00 0 
dde00000-100000000 ---p 00000000 00:00 0 
100000000-100540000 rw-p 00000000 00:00 0 
100540000-140000000 ---p 00000000 00:00 0 
7fe95fc20000-7fe968000000 r--s 00000000 08:02 1717041                    /usr/lib/jvm/jdk-11.0.4/lib/modules
7fe968000000-7fe968021000 rw-p 00000000 00:00 0 
7fe968021000-7fe96c000000 ---p 00000000 00:00 0 
7fe970000000-7fe970021000 rw-p 00000000 00:00 0 
7fe970021000-7fe974000000 ---p 00000000 00:00 0 
7fe97431d000-7fe974321000 ---p 00000000 00:00 0 
7fe974321000-7fe97441e000 rw-p 00000000 00:00 0 
7fe97441e000-7fe974422000 ---p 00000000 00:00 0 
7fe974422000-7fe97451f000 rw-p 00000000 00:00 0 
7fe97451f000-7fe974523000 ---p 00000000 00:00 0 
7fe974523000-7fe974620000 rw-p 00000000 00:00 0 
7fe974620000-7fe974624000 ---p 00000000 00:00 0 
7fe974624000-7fe974721000 rw-p 00000000 00:00 0 
7fe974721000-7fe974725000 ---p 00000000 00:00 0 
7fe974725000-7fe974a22000 rw-p 00000000 00:00 0 
7fe974a22000-7fe974a26000 ---p 00000000 00:00 0 
7fe974a26000-7fe974d16000 rw-p 00000000 00:00 0 
7fe974d16000-7fe974d23000 ---p 00000000 00:00 0 
7fe974d23000-7fe974d27000 ---p 00000000 00:00 0 
7fe974d27000-7fe975005000 rw-p 00000000 00:00 0 
7fe975005000-7fe975024000 ---p 00000000 00:00 0 
7fe975024000-7fe975224000 rw-p 00000000 00:00 0 
7fe975224000-7fe975424000 rw-p 00000000 00:00 0 
7fe975424000-7fe975428000 ---p 00000000 00:00 0 
7fe975428000-7fe975725000 rw-p 00000000 00:00 0 
7fe975725000-7fe975925000 rw-p 00000000 00:00 0 
7fe975925000-7fe975b25000 rw-p 00000000 00:00 0 
7fe975b25000-7fe975d25000 rw-p 00000000 00:00 0 
7fe975d25000-7fe975d29000 ---p 00000000 00:00 0 
7fe975d29000-7fe976026000 rw-p 00000000 00:00 0 
7fe976026000-7fe976212000 rw-p 00000000 00:00 0 
7fe976212000-7fe976226000 ---p 00000000 00:00 0 
7fe976226000-7fe97622a000 ---p 00000000 00:00 0 
7fe97622a000-7fe976327000 rw-p 00000000 00:00 0 
7fe976327000-7fe97632b000 ---p 00000000 00:00 0 
7fe97632b000-7fe976428000 rw-p 00000000 00:00 0 
7fe976428000-7fe97642c000 ---p 00000000 00:00 0 
7fe97642c000-7fe976729000 rw-p 00000000 00:00 0 
7fe976729000-7fe976929000 rw-p 00000000 00:00 0 
7fe976929000-7fe97692d000 ---p 00000000 00:00 0 
7fe97692d000-7fe976c2a000 rw-p 00000000 00:00 0 
7fe976c2a000-7fe976c3a000 r-xp 00000000 08:03 422761                     /home/shanon/.vscode/extensions/redhat.java-0.51.0/server/config_linux/org.eclipse.equinox.launcher/org.eclipse.equinox.launcher.gtk.linux.x86_64_1.1.1100.v20190907-0426/eclipse_1801.so
7fe976c3a000-7fe976e39000 ---p 00010000 08:03 422761                     /home/shanon/.vscode/extensions/redhat.java-0.51.0/server/config_linux/org.eclipse.equinox.launcher/org.eclipse.equinox.launcher.gtk.linux.x86_64_1.1.1100.v20190907-0426/eclipse_1801.so
7fe976e39000-7fe976e3a000 r--p 0000f000 08:03 422761                     /home/shanon/.vscode/extensions/redhat.java-0.51.0/server/config_linux/org.eclipse.equinox.launcher/org.eclipse.equinox.launcher.gtk.linux.x86_64_1.1.1100.v20190907-0426/eclipse_1801.so
7fe976e3a000-7fe976e3b000 rw-p 00010000 08:03 422761                     /home/shanon/.vscode/extensions/redhat.java-0.51.0/server/config_linux/org.eclipse.equinox.launcher/org.eclipse.equinox.launcher.gtk.linux.x86_64_1.1.1100.v20190907-0426/eclipse_1801.so
7fe976e3b000-7fe976e3f000 ---p 00000000 00:00 0 
7fe976e3f000-7fe97713c000 rw-p 00000000 00:00 0 
7fe9771cc000-7fe9771d0000 ---p 00000000 00:00 0 
7fe9771d0000-7fe9772cd000 rw-p 00000000 00:00 0 
7fe9772cd000-7fe9772d1000 ---p 00000000 00:00 0 
7fe9772d1000-7fe9773ce000 rw-p 00000000 00:00 0 
7fe9773ce000-7fe9773cf000 ---p 00000000 00:00 0 
7fe9773cf000-7fe9774d0000 rw-p 00000000 00:00 0 
7fe9774d0000-7fe9774d1000 ---p 00000000 00:00 0 
7fe9774d1000-7fe9777d2000 rw-p 00000000 00:00 0 
7fe9777d2000-7fe9777e8000 r-xp 00000000 08:02 1717019                    /usr/lib/jvm/jdk-11.0.4/lib/libnet.so
7fe9777e8000-7fe9779e8000 ---p 00016000 08:02 1717019                    /usr/lib/jvm/jdk-11.0.4/lib/libnet.so
7fe9779e8000-7fe9779e9000 r--p 00016000 08:02 1717019                    /usr/lib/jvm/jdk-11.0.4/lib/libnet.so
7fe9779e9000-7fe9779ea000 rw-p 00017000 08:02 1717019                    /usr/lib/jvm/jdk-11.0.4/lib/libnet.so
7fe9779ea000-7fe9779fa000 r-xp 00000000 08:02 1716985                    /usr/lib/jvm/jdk-11.0.4/lib/libnio.so
7fe9779fa000-7fe977bf9000 ---p 00010000 08:02 1716985                    /usr/lib/jvm/jdk-11.0.4/lib/libnio.so
7fe977bf9000-7fe977bfa000 r--p 0000f000 08:02 1716985                    /usr/lib/jvm/jdk-11.0.4/lib/libnio.so
7fe977bfa000-7fe977bfb000 rw-p 00010000 08:02 1716985                    /usr/lib/jvm/jdk-11.0.4/lib/libnio.so
7fe977bfb000-7fe977bfc000 ---p 00000000 00:00 0 
7fe977bfc000-7fe977cfd000 rw-p 00000000 00:00 0 
7fe977cfd000-7fe977d01000 ---p 00000000 00:00 0 
7fe977d01000-7fe977dfe000 rw-p 00000000 00:00 0 
7fe977dfe000-7fe977e02000 ---p 00000000 00:00 0 
7fe977e02000-7fe977eff000 rw-p 00000000 00:00 0 
7fe977eff000-7fe977f03000 ---p 00000000 00:00 0 
7fe977f03000-7fe978000000 rw-p 00000000 00:00 0 
7fe978000000-7fe979d15000 rw-p 00000000 00:00 0 
7fe979d15000-7fe97c000000 ---p 00000000 00:00 0 
7fe97c000000-7fe97c7d6000 rw-p 00000000 00:00 0 
7fe97c7d6000-7fe980000000 ---p 00000000 00:00 0 
7fe980000000-7fe980021000 rw-p 00000000 00:00 0 
7fe980021000-7fe984000000 ---p 00000000 00:00 0 
7fe984000000-7fe984021000 rw-p 00000000 00:00 0 
7fe984021000-7fe988000000 ---p 00000000 00:00 0 
7fe988000000-7fe988617000 rw-p 00000000 00:00 0 
7fe988617000-7fe98c000000 ---p 00000000 00:00 0 
7fe98c000000-7fe98ca8b000 rw-p 00000000 00:00 0 
7fe98ca8b000-7fe990000000 ---p 00000000 00:00 0 
7fe990000000-7fe99002e000 rw-p 00000000 00:00 0 
7fe99002e000-7fe994000000 ---p 00000000 00:00 0 
7fe994000000-7fe994436000 rw-p 00000000 00:00 0 
7fe994436000-7fe998000000 ---p 00000000 00:00 0 
7fe998000000-7fe9980a8000 rw-p 00000000 00:00 0 
7fe9980a8000-7fe99c000000 ---p 00000000 00:00 0 
7fe99c000000-7fe99c021000 rw-p 00000000 00:00 0 
7fe99c021000-7fe9a0000000 ---p 00000000 00:00 0 
7fe9a0000000-7fe9a0083000 rw-p 00000000 00:00 0 
7fe9a0083000-7fe9a4000000 ---p 00000000 00:00 0 
7fe9a4029000-7fe9a402d000 ---p 00000000 00:00 0 
7fe9a402d000-7fe9a412a000 rw-p 00000000 00:00 0 
7fe9a412a000-7fe9a412e000 ---p 00000000 00:00 0 
7fe9a412e000-7fe9a422b000 rw-p 00000000 00:00 0 
7fe9a422b000-7fe9a422f000 ---p 00000000 00:00 0 
7fe9a422f000-7fe9a432c000 rw-p 00000000 00:00 0 
7fe9a432c000-7fe9a4cfc000 r--p 00000000 08:02 658661                     /usr/lib/locale/locale-archive
7fe9a4cfc000-7fe9a4d00000 ---p 00000000 00:00 0 
7fe9a4d00000-7fe9a4dfd000 rw-p 00000000 00:00 0 
7fe9a4dfd000-7fe9a4e01000 ---p 00000000 00:00 0 
7fe9a4e01000-7fe9a4efe000 rw-p 00000000 00:00 0 
7fe9a4efe000-7fe9a4eff000 ---p 00000000 00:00 0 
7fe9a4eff000-7fe9a72ec000 rw-p 00000000 00:00 0 
7fe9a72ec000-7fe9a8000000 ---p 00000000 00:00 0 
7fe9a8000000-7fe9a8038000 rw-p 00000000 00:00 0 
7fe9a8038000-7fe9ac000000 ---p 00000000 00:00 0 
7fe9ac019000-7fe9ac819000 rw-p 00000000 00:00 0 
7fe9ac819000-7fe9ac81a000 ---p 00000000 00:00 0 
7fe9ac81a000-7fe9ac91b000 rw-p 00000000 00:00 0 
7fe9ac91b000-7fe9ac91c000 ---p 00000000 00:00 0 
7fe9ac91c000-7fe9aca1d000 rw-p 00000000 00:00 0 
7fe9aca1d000-7fe9aca1e000 ---p 00000000 00:00 0 
7fe9aca1e000-7fe9acc20000 rw-p 00000000 00:00 0 
7fe9acc20000-7fe9ace90000 rwxp 00000000 00:00 0 
7fe9ace90000-7fe9ad1af000 ---p 00000000 00:00 0 
7fe9ad1af000-7fe9ad9ff000 rwxp 00000000 00:00 0 
7fe9ad9ff000-7fe9b46e7000 ---p 00000000 00:00 0 
7fe9b46e7000-7fe9b4957000 rwxp 00000000 00:00 0 
7fe9b4957000-7fe9bbc20000 ---p 00000000 00:00 0 
7fe9bbc20000-7fe9c4000000 r--s 00000000 08:02 1717041                    /usr/lib/jvm/jdk-11.0.4/lib/modules
7fe9c4000000-7fe9c456e000 rw-p 00000000 00:00 0 
7fe9c456e000-7fe9c8000000 ---p 00000000 00:00 0 
7fe9c800a000-7fe9c818c000 rw-p 00000000 00:00 0 
7fe9c818c000-7fe9c818d000 ---p 00000000 00:00 0 
7fe9c818d000-7fe9c828e000 rw-p 00000000 00:00 0 
7fe9c828e000-7fe9c828f000 ---p 00000000 00:00 0 
7fe9c828f000-7fe9c867c000 rw-p 00000000 00:00 0 
7fe9c867c000-7fe9c9390000 ---p 00000000 00:00 0 
7fe9c9390000-7fe9c93ee000 rw-p 00000000 00:00 0 
7fe9c93ee000-7fe9c9590000 ---p 00000000 00:00 0 
7fe9c9590000-7fe9c95ee000 rw-p 00000000 00:00 0 
7fe9c95ee000-7fe9c9790000 ---p 00000000 00:00 0 
7fe9c9790000-7fe9c97ee000 rw-p 00000000 00:00 0 
7fe9c97ee000-7fe9c9990000 ---p 00000000 00:00 0 
7fe9c9990000-7fe9c9b92000 rw-p 00000000 00:00 0 
7fe9c9b92000-7fe9c9b93000 ---p 00000000 00:00 0 
7fe9c9b93000-7fe9c9c99000 rw-p 00000000 00:00 0 
7fe9c9c99000-7fe9c9d7f000 ---p 00000000 00:00 0 
7fe9c9d7f000-7fe9c9d90000 rw-p 00000000 00:00 0 
7fe9c9d90000-7fe9c9e6a000 ---p 00000000 00:00 0 
7fe9c9e6a000-7fe9c9e85000 r-xp 00000000 08:02 1717017                    /usr/lib/jvm/jdk-11.0.4/lib/libjimage.so
7fe9c9e85000-7fe9ca084000 ---p 0001b000 08:02 1717017                    /usr/lib/jvm/jdk-11.0.4/lib/libjimage.so
7fe9ca084000-7fe9ca086000 r--p 0001a000 08:02 1717017                    /usr/lib/jvm/jdk-11.0.4/lib/libjimage.so
7fe9ca086000-7fe9ca087000 rw-p 0001c000 08:02 1717017                    /usr/lib/jvm/jdk-11.0.4/lib/libjimage.so
7fe9ca087000-7fe9ca08e000 r-xp 00000000 08:02 1716988                    /usr/lib/jvm/jdk-11.0.4/lib/libzip.so
7fe9ca08e000-7fe9ca28d000 ---p 00007000 08:02 1716988                    /usr/lib/jvm/jdk-11.0.4/lib/libzip.so
7fe9ca28d000-7fe9ca28e000 r--p 00006000 08:02 1716988                    /usr/lib/jvm/jdk-11.0.4/lib/libzip.so
7fe9ca28e000-7fe9ca28f000 rw-p 00007000 08:02 1716988                    /usr/lib/jvm/jdk-11.0.4/lib/libzip.so
7fe9ca28f000-7fe9ca29a000 r-xp 00000000 08:02 398133                     /lib/x86_64-linux-gnu/libnss_files-2.27.so
7fe9ca29a000-7fe9ca499000 ---p 0000b000 08:02 398133                     /lib/x86_64-linux-gnu/libnss_files-2.27.so
7fe9ca499000-7fe9ca49a000 r--p 0000a000 08:02 398133                     /lib/x86_64-linux-gnu/libnss_files-2.27.so
7fe9ca49a000-7fe9ca49b000 rw-p 0000b000 08:02 398133                     /lib/x86_64-linux-gnu/libnss_files-2.27.so
7fe9ca49b000-7fe9ca4a1000 rw-p 00000000 00:00 0 
7fe9ca4a1000-7fe9ca4b8000 r-xp 00000000 08:02 398127                     /lib/x86_64-linux-gnu/libnsl-2.27.so
7fe9ca4b8000-7fe9ca6b7000 ---p 00017000 08:02 398127                     /lib/x86_64-linux-gnu/libnsl-2.27.so
7fe9ca6b7000-7fe9ca6b8000 r--p 00016000 08:02 398127                     /lib/x86_64-linux-gnu/libnsl-2.27.so
7fe9ca6b8000-7fe9ca6b9000 rw-p 00017000 08:02 398127                     /lib/x86_64-linux-gnu/libnsl-2.27.so
7fe9ca6b9000-7fe9ca6bb000 rw-p 00000000 00:00 0 
7fe9ca6bb000-7fe9ca6c6000 r-xp 00000000 08:02 398144                     /lib/x86_64-linux-gnu/libnss_nis-2.27.so
7fe9ca6c6000-7fe9ca8c5000 ---p 0000b000 08:02 398144                     /lib/x86_64-linux-gnu/libnss_nis-2.27.so
7fe9ca8c5000-7fe9ca8c6000 r--p 0000a000 08:02 398144                     /lib/x86_64-linux-gnu/libnss_nis-2.27.so
7fe9ca8c6000-7fe9ca8c7000 rw-p 0000b000 08:02 398144                     /lib/x86_64-linux-gnu/libnss_nis-2.27.so
7fe9ca8c7000-7fe9ca8cf000 r-xp 00000000 08:02 398129                     /lib/x86_64-linux-gnu/libnss_compat-2.27.so
7fe9ca8cf000-7fe9caacf000 ---p 00008000 08:02 398129                     /lib/x86_64-linux-gnu/libnss_compat-2.27.so
7fe9caacf000-7fe9caad0000 r--p 00008000 08:02 398129                     /lib/x86_64-linux-gnu/libnss_compat-2.27.so
7fe9caad0000-7fe9caad1000 rw-p 00009000 08:02 398129                     /lib/x86_64-linux-gnu/libnss_compat-2.27.so
7fe9caad1000-7fe9caafa000 r-xp 00000000 08:02 1716989                    /usr/lib/jvm/jdk-11.0.4/lib/libjava.so
7fe9caafa000-7fe9cacfa000 ---p 00029000 08:02 1716989                    /usr/lib/jvm/jdk-11.0.4/lib/libjava.so
7fe9cacfa000-7fe9cacfb000 r--p 00029000 08:02 1716989                    /usr/lib/jvm/jdk-11.0.4/lib/libjava.so
7fe9cacfb000-7fe9cacfd000 rw-p 0002a000 08:02 1716989                    /usr/lib/jvm/jdk-11.0.4/lib/libjava.so
7fe9cacfd000-7fe9cad0a000 r-xp 00000000 08:02 1717036                    /usr/lib/jvm/jdk-11.0.4/lib/libverify.so
7fe9cad0a000-7fe9caf09000 ---p 0000d000 08:02 1717036                    /usr/lib/jvm/jdk-11.0.4/lib/libverify.so
7fe9caf09000-7fe9caf0b000 r--p 0000c000 08:02 1717036                    /usr/lib/jvm/jdk-11.0.4/lib/libverify.so
7fe9caf0b000-7fe9caf0c000 rw-p 0000e000 08:02 1717036                    /usr/lib/jvm/jdk-11.0.4/lib/libverify.so
7fe9caf0c000-7fe9caf13000 r-xp 00000000 08:02 398184                     /lib/x86_64-linux-gnu/librt-2.27.so
7fe9caf13000-7fe9cb112000 ---p 00007000 08:02 398184                     /lib/x86_64-linux-gnu/librt-2.27.so
7fe9cb112000-7fe9cb113000 r--p 00006000 08:02 398184                     /lib/x86_64-linux-gnu/librt-2.27.so
7fe9cb113000-7fe9cb114000 rw-p 00007000 08:02 398184                     /lib/x86_64-linux-gnu/librt-2.27.so
7fe9cb114000-7fe9cb2b1000 r-xp 00000000 08:02 398106                     /lib/x86_64-linux-gnu/libm-2.27.so
7fe9cb2b1000-7fe9cb4b0000 ---p 0019d000 08:02 398106                     /lib/x86_64-linux-gnu/libm-2.27.so
7fe9cb4b0000-7fe9cb4b1000 r--p 0019c000 08:02 398106                     /lib/x86_64-linux-gnu/libm-2.27.so
7fe9cb4b1000-7fe9cb4b2000 rw-p 0019d000 08:02 398106                     /lib/x86_64-linux-gnu/libm-2.27.so
7fe9cb4b2000-7fe9cc5f2000 r-xp 00000000 08:02 1717029                    /usr/lib/jvm/jdk-11.0.4/lib/server/libjvm.so
7fe9cc5f2000-7fe9cc7f1000 ---p 01140000 08:02 1717029                    /usr/lib/jvm/jdk-11.0.4/lib/server/libjvm.so
7fe9cc7f1000-7fe9cc8b0000 r--p 0113f000 08:02 1717029                    /usr/lib/jvm/jdk-11.0.4/lib/server/libjvm.so
7fe9cc8b0000-7fe9cc8e9000 rw-p 011fe000 08:02 1717029                    /usr/lib/jvm/jdk-11.0.4/lib/server/libjvm.so
7fe9cc8e9000-7fe9cc940000 rw-p 00000000 00:00 0 
7fe9cc940000-7fe9ccb27000 r-xp 00000000 08:02 398043                     /lib/x86_64-linux-gnu/libc-2.27.so
7fe9ccb27000-7fe9ccd27000 ---p 001e7000 08:02 398043                     /lib/x86_64-linux-gnu/libc-2.27.so
7fe9ccd27000-7fe9ccd2b000 r--p 001e7000 08:02 398043                     /lib/x86_64-linux-gnu/libc-2.27.so
7fe9ccd2b000-7fe9ccd2d000 rw-p 001eb000 08:02 398043                     /lib/x86_64-linux-gnu/libc-2.27.so
7fe9ccd2d000-7fe9ccd31000 rw-p 00000000 00:00 0 
7fe9ccd31000-7fe9ccd34000 r-xp 00000000 08:02 398066                     /lib/x86_64-linux-gnu/libdl-2.27.so
7fe9ccd34000-7fe9ccf33000 ---p 00003000 08:02 398066                     /lib/x86_64-linux-gnu/libdl-2.27.so
7fe9ccf33000-7fe9ccf34000 r--p 00002000 08:02 398066                     /lib/x86_64-linux-gnu/libdl-2.27.so
7fe9ccf34000-7fe9ccf35000 rw-p 00003000 08:02 398066                     /lib/x86_64-linux-gnu/libdl-2.27.so
7fe9ccf35000-7fe9ccf45000 r-xp 00000000 08:02 1717002                    /usr/lib/jvm/jdk-11.0.4/lib/jli/libjli.so
7fe9ccf45000-7fe9cd144000 ---p 00010000 08:02 1717002                    /usr/lib/jvm/jdk-11.0.4/lib/jli/libjli.so
7fe9cd144000-7fe9cd145000 r--p 0000f000 08:02 1717002                    /usr/lib/jvm/jdk-11.0.4/lib/jli/libjli.so
7fe9cd145000-7fe9cd146000 rw-p 00010000 08:02 1717002                    /usr/lib/jvm/jdk-11.0.4/lib/jli/libjli.so
7fe9cd146000-7fe9cd160000 r-xp 00000000 08:02 398176                     /lib/x86_64-linux-gnu/libpthread-2.27.so
7fe9cd160000-7fe9cd35f000 ---p 0001a000 08:02 398176                     /lib/x86_64-linux-gnu/libpthread-2.27.so
7fe9cd35f000-7fe9cd360000 r--p 00019000 08:02 398176                     /lib/x86_64-linux-gnu/libpthread-2.27.so
7fe9cd360000-7fe9cd361000 rw-p 0001a000 08:02 398176                     /lib/x86_64-linux-gnu/libpthread-2.27.so
7fe9cd361000-7fe9cd365000 rw-p 00000000 00:00 0 
7fe9cd365000-7fe9cd381000 r-xp 00000000 08:02 398215                     /lib/x86_64-linux-gnu/libz.so.1.2.11
7fe9cd381000-7fe9cd580000 ---p 0001c000 08:02 398215                     /lib/x86_64-linux-gnu/libz.so.1.2.11
7fe9cd580000-7fe9cd581000 r--p 0001b000 08:02 398215                     /lib/x86_64-linux-gnu/libz.so.1.2.11
7fe9cd581000-7fe9cd582000 rw-p 0001c000 08:02 398215                     /lib/x86_64-linux-gnu/libz.so.1.2.11
7fe9cd582000-7fe9cd5a9000 r-xp 00000000 08:02 398015                     /lib/x86_64-linux-gnu/ld-2.27.so
7fe9cd5ed000-7fe9cd5f1000 ---p 00000000 00:00 0 
7fe9cd5f1000-7fe9cd68d000 rw-p 00000000 00:00 0 
7fe9cd68d000-7fe9cd691000 ---p 00000000 00:00 0 
7fe9cd691000-7fe9cd792000 rw-p 00000000 00:00 0 
7fe9cd793000-7fe9cd798000 rw-p 00000000 00:00 0 
7fe9cd798000-7fe9cd79f000 ---p 00000000 00:00 0 
7fe9cd79f000-7fe9cd7a7000 rw-s 00000000 08:02 398158                     /tmp/hsperfdata_shanon/8407
7fe9cd7a7000-7fe9cd7a8000 ---p 00000000 00:00 0 
7fe9cd7a8000-7fe9cd7a9000 r--p 00000000 00:00 0 
7fe9cd7a9000-7fe9cd7aa000 r--p 00027000 08:02 398015                     /lib/x86_64-linux-gnu/ld-2.27.so
7fe9cd7aa000-7fe9cd7ab000 rw-p 00028000 08:02 398015                     /lib/x86_64-linux-gnu/ld-2.27.so
7fe9cd7ab000-7fe9cd7ac000 rw-p 00000000 00:00 0 
7ffdb9381000-7ffdb93a2000 rw-p 00000000 00:00 0                          [stack]
7ffdb93e5000-7ffdb93e8000 r--p 00000000 00:00 0                          [vvar]
7ffdb93e8000-7ffdb93e9000 r-xp 00000000 00:00 0                          [vdso]
ffffffffff600000-ffffffffff601000 r-xp 00000000 00:00 0                  [vsyscall]


VM Arguments:
jvm_args: --add-modules=ALL-SYSTEM --add-opens=java.base/java.util=ALL-UNNAMED --add-opens=java.base/java.lang=ALL-UNNAMED -Declipse.application=org.eclipse.jdt.ls.core.id1 -Dosgi.bundles.defaultStartLevel=4 -Declipse.product=org.eclipse.jdt.ls.core.product -Dfile.encoding=utf8 -Xverify:none -Xmx1G -XX:+UseG1GC -XX:+UseStringDeduplication 
java_command: /home/shanon/.vscode/extensions/redhat.java-0.51.0/server/plugins/org.eclipse.equinox.launcher_1.5.600.v20191014-2022.jar -configuration /home/shanon/.vscode/extensions/redhat.java-0.51.0/server/config_linux -data /home/shanon/.config/Code/User/workspaceStorage/796ff5be5d64afd0ddd81c48f9a0cb26/redhat.java/jdt_ws
java_class_path (initial): /home/shanon/.vscode/extensions/redhat.java-0.51.0/server/plugins/org.eclipse.equinox.launcher_1.5.600.v20191014-2022.jar
Launcher Type: SUN_STANDARD

[Global flags]
     bool BytecodeVerificationLocal                = false                                     {product} {command line}
     bool BytecodeVerificationRemote               = false                                     {product} {command line}
     intx CICompilerCount                          = 2                                         {product} {ergonomic}
     uint ConcGCThreads                            = 1                                         {product} {ergonomic}
     uint G1ConcRefinementThreads                  = 2                                         {product} {ergonomic}
   size_t G1HeapRegionSize                         = 1048576                                   {product} {ergonomic}
    uintx GCDrainStackTargetSize                   = 64                                        {product} {ergonomic}
   size_t InitialHeapSize                          = 62914560                                  {product} {ergonomic}
   size_t MarkStackSize                            = 4194304                                   {product} {ergonomic}
   size_t MaxHeapSize                              = 1073741824                                {product} {command line}
   size_t MaxNewSize                               = 643825664                                 {product} {ergonomic}
   size_t MinHeapDeltaBytes                        = 1048576                                   {product} {ergonomic}
    uintx NonNMethodCodeHeapSize                   = 5824844                                {pd product} {ergonomic}
    uintx NonProfiledCodeHeapSize                  = 122916698                              {pd product} {ergonomic}
    uintx ProfiledCodeHeapSize                     = 122916698                              {pd product} {ergonomic}
    uintx ReservedCodeCacheSize                    = 251658240                              {pd product} {ergonomic}
     bool SegmentedCodeCache                       = true                                      {product} {ergonomic}
     bool UseCompressedClassPointers               = true                                 {lp64_product} {ergonomic}
     bool UseCompressedOops                        = true                                 {lp64_product} {ergonomic}
     bool UseG1GC                                  = true                                      {product} {command line}
     bool UseStringDeduplication                   = true                                      {product} {command line}

Logging:
Log output configuration:
 #0: stdout all=warning uptime,level,tags
 #1: stderr all=off uptime,level,tags

Environment Variables:
JAVA_HOME=/usr/lib/jvm/jdk-11.0.4
PATH=/usr/local/sbin:/usr/local/bin:/usr/sbin:/usr/bin:/sbin:/bin:/usr/games:/usr/local/games:/snap/bin:/usr/lib/jvm/jdk-11.0.4/bin:/usr/lib/jvm/jdk-11.0.4/bin:/home/shanon/Android/Sdk/emulator:/home/shanon/Android/Sdk/tools:/home/shanon/Android/Sdk/tools/bin:/home/shanon/Android/Sdk/platform-tools
USERNAME=shanon
SHELL=/bin/bash
DISPLAY=:0

Signal Handlers:
SIGSEGV: [libjvm.so+0xe2b860], sa_mask[0]=11111111011111111101111111111110, sa_flags=SA_RESTART|SA_SIGINFO
SIGBUS: [libjvm.so+0xe2b860], sa_mask[0]=11111111011111111101111111111110, sa_flags=SA_RESTART|SA_SIGINFO
SIGFPE: [libjvm.so+0xe2b860], sa_mask[0]=11111111011111111101111111111110, sa_flags=SA_RESTART|SA_SIGINFO
SIGPIPE: [libjvm.so+0xbffef0], sa_mask[0]=11111111011111111101111111111110, sa_flags=SA_RESTART|SA_SIGINFO
SIGXFSZ: [libjvm.so+0xbffef0], sa_mask[0]=11111111011111111101111111111110, sa_flags=SA_RESTART|SA_SIGINFO
SIGILL: [libjvm.so+0xe2b860], sa_mask[0]=11111111011111111101111111111110, sa_flags=SA_RESTART|SA_SIGINFO
SIGUSR2: [libjvm.so+0xbffd90], sa_mask[0]=00000000000000000000000000000000, sa_flags=SA_RESTART|SA_SIGINFO
SIGHUP: [libjvm.so+0xc000f0], sa_mask[0]=11111111011111111101111111111110, sa_flags=SA_RESTART|SA_SIGINFO
SIGINT: [libjvm.so+0xc000f0], sa_mask[0]=11111111011111111101111111111110, sa_flags=SA_RESTART|SA_SIGINFO
SIGTERM: [libjvm.so+0xc000f0], sa_mask[0]=11111111011111111101111111111110, sa_flags=SA_RESTART|SA_SIGINFO
SIGQUIT: [libjvm.so+0xc000f0], sa_mask[0]=11111111011111111101111111111110, sa_flags=SA_RESTART|SA_SIGINFO


---------------  S Y S T E M  ---------------

OS:DISTRIB_ID=Ubuntu
DISTRIB_RELEASE=18.04
DISTRIB_CODENAME=bionic
DISTRIB_DESCRIPTION="Ubuntu 18.04.3 LTS"
uname:Linux 5.0.0-31-generic #33~18.04.1-Ubuntu SMP Tue Oct 1 10:20:39 UTC 2019 x86_64
libc:glibc 2.27 NPTL 2.27 
rlimit: STACK 8192k, CORE 0k, NPROC 14948, NOFILE 1048576, AS infinity, DATA infinity, FSIZE infinity
load average:27,45 37,41 51,62

/proc/meminfo:
MemTotal:        3874632 kB
MemFree:          115040 kB
MemAvailable:      38796 kB
Buffers:             848 kB
Cached:           259976 kB
SwapCached:           36 kB
Active:          2830688 kB
Inactive:         581292 kB
Active(anon):    2821004 kB
Inactive(anon):   564180 kB
Active(file):       9684 kB
Inactive(file):    17112 kB
Unevictable:         484 kB
Mlocked:              32 kB
SwapTotal:       1952764 kB
SwapFree:              0 kB
Dirty:                20 kB
Writeback:             4 kB
AnonPages:       3151724 kB
Mapped:            37064 kB
Shmem:            233836 kB
KReclaimable:      69056 kB
Slab:             136240 kB
SReclaimable:      69056 kB
SUnreclaim:        67184 kB
KernelStack:       23248 kB
PageTables:        91696 kB
NFS_Unstable:          0 kB
Bounce:                0 kB
WritebackTmp:          0 kB
CommitLimit:     3890080 kB
Committed_AS:   13645348 kB
VmallocTotal:   34359738367 kB
VmallocUsed:           0 kB
VmallocChunk:          0 kB
Percpu:             1328 kB
HardwareCorrupted:     0 kB
AnonHugePages:         0 kB
ShmemHugePages:        0 kB
ShmemPmdMapped:        0 kB
CmaTotal:              0 kB
CmaFree:               0 kB
HugePages_Total:       0
HugePages_Free:        0
HugePages_Rsvd:        0
HugePages_Surp:        0
Hugepagesize:       2048 kB
Hugetlb:               0 kB
DirectMap4k:      284416 kB
DirectMap2M:     3745792 kB


/proc/sys/kernel/threads-max (system-wide limit on the number of threads):
29897


/proc/sys/vm/max_map_count (maximum number of memory map areas a process may have):
65530


/proc/sys/kernel/pid_max (system-wide limit on number of process identifiers):
32768



container (cgroup) information:
container_type: cgroupv1
cpu_cpuset_cpus: 0-1
cpu_memory_nodes: 0
active_processor_count: 2
cpu_quota: -1
cpu_period: 100000
cpu_shares: -1
memory_limit_in_bytes: -1
memory_and_swap_limit_in_bytes: -2
memory_soft_limit_in_bytes: -1
memory_usage_in_bytes: 3493785600
memory_max_usage_in_bytes: 37154816


CPU:total 2 (initial active 2) (2 cores per cpu, 1 threads per core) family 6 model 76 stepping 4, cmov, cx8, fxsr, mmx, sse, sse2, sse3, ssse3, sse4.1, sse4.2, popcnt, aes, clmul, erms, 3dnowpref, tsc, tscinvbit
CPU Model and flags from /proc/cpuinfo:
model name	: Intel(R) Celeron(R) CPU  N3060  @ 1.60GHz
flags		: fpu vme de pse tsc msr pae mce cx8 apic sep mtrr pge mca cmov pat pse36 clflush dts acpi mmx fxsr sse sse2 ss ht tm pbe syscall nx rdtscp lm constant_tsc arch_perfmon pebs bts rep_good nopl xtopology tsc_reliable nonstop_tsc cpuid aperfmperf tsc_known_freq pni pclmulqdq dtes64 monitor ds_cpl vmx est tm2 ssse3 cx16 xtpr pdcm sse4_1 sse4_2 movbe popcnt tsc_deadline_timer aes rdrand lahf_lm 3dnowprefetch epb pti ibrs ibpb stibp tpr_shadow vnmi flexpriority ept vpid tsc_adjust smep erms dtherm ida arat md_clear

Memory: 4k page, physical 3874632k(112016k free), swap 1952764k(0k free)

vm_info: Java HotSpot(TM) 64-Bit Server VM (11.0.4+10-LTS) for linux-amd64 JRE (11.0.4+10-LTS), built on Jul  4 2019 15:26:10 by "mach5one" with gcc 7.3.0

END.
