#
# There is insufficient memory for the Java Runtime Environment to continue.
# Native memory allocation (mmap) failed to map 340787200 bytes for committing reserved memory.
# Possible reasons:
#   The system is out of physical RAM or swap space
#   The process is running with CompressedOops enabled, and the Java Heap may be blocking the growth of the native heap
# Possible solutions:
#   Reduce memory load on the system
#   Increase physical memory or swap space
#   Check if swap backing store is full
#   Decrease Java heap size (-Xmx/-Xms)
#   Decrease number of Java threads
#   Decrease Java thread stack sizes (-Xss)
#   Set larger code cache with -XX:ReservedCodeCacheSize=
#   JVM is running with Unscaled Compressed Oops mode in which the Java heap is
#     placed in the first 4GB address space. The Java Heap base address is the
#     maximum limit for the native heap growth. Please use -XX:HeapBaseMinAddress
#     to set the Java Heap base and to place the Java Heap above 4GB virtual address.
# This output file may be truncated or incomplete.
#
#  Out of Memory Error (os_linux.cpp:2720), pid=8568, tid=8581
#
# JRE version: Java(TM) SE Runtime Environment (11.0.4+10) (build 11.0.4+10-LTS)
# Java VM: Java HotSpot(TM) 64-Bit Server VM (11.0.4+10-LTS, mixed mode, tiered, compressed oops, g1 gc, linux-amd64)
# Core dump will be written. Default location: Core dumps may be processed with "/usr/share/apport/apport %p %s %c %d %P" (or dumping to /home/shanon/react-native/StyleReactNative/core.8568)
#

---------------  S U M M A R Y ------------

Command Line: --add-modules=ALL-SYSTEM --add-opens=java.base/java.util=ALL-UNNAMED --add-opens=java.base/java.lang=ALL-UNNAMED -Declipse.application=org.eclipse.jdt.ls.core.id1 -Dosgi.bundles.defaultStartLevel=4 -Declipse.product=org.eclipse.jdt.ls.core.product -Dfile.encoding=utf8 -Xverify:none -Xmx1G -XX:+UseG1GC -XX:+UseStringDeduplication /home/shanon/.vscode/extensions/redhat.java-0.51.0/server/plugins/org.eclipse.equinox.launcher_1.5.600.v20191014-2022.jar -configuration /home/shanon/.vscode/extensions/redhat.java-0.51.0/server/config_linux -data /home/shanon/.config/Code/User/workspaceStorage/796ff5be5d64afd0ddd81c48f9a0cb26/redhat.java/jdt_ws

Host: Intel(R) Celeron(R) CPU  N3060  @ 1.60GHz, 2 cores, 3G, Ubuntu 18.04.3 LTS
Time: Sun Oct 20 23:24:32 2019 WIB elapsed time: 730 seconds (0d 0h 12m 10s)

---------------  T H R E A D  ---------------

Current thread (0x00007f848415c800):  VMThread "VM Thread" [stack: 0x00007f8464cf6000,0x00007f8464df6000] [id=8581]

Stack: [0x00007f8464cf6000,0x00007f8464df6000],  sp=0x00007f8464df3f20,  free space=1015k
Native frames: (J=compiled Java code, A=aot compiled Java code, j=interpreted, Vv=VM code, C=native code)
V  [libjvm.so+0xe29e27]  VMError::report_and_die(int, char const*, char const*, __va_list_tag*, Thread*, unsigned char*, void*, void*, char const*, int, unsigned long)+0x317
V  [libjvm.so+0xe2aa8b]  VMError::report_and_die(Thread*, char const*, int, unsigned long, VMErrorType, char const*, __va_list_tag*)+0x2b
V  [libjvm.so+0x69a845]  report_vm_out_of_memory(char const*, int, unsigned long, VMErrorType, char const*, ...)+0xd5
V  [libjvm.so+0xc041d8]  os::pd_commit_memory_or_exit(char*, unsigned long, unsigned long, bool, char const*)+0x108
V  [libjvm.so+0xbfb73d]  os::commit_memory_or_exit(char*, unsigned long, unsigned long, bool, char const*)+0x1d
V  [libjvm.so+0x7b3aec]  G1PageBasedVirtualSpace::commit_preferred_pages(unsigned long, unsigned long)+0x6c
V  [libjvm.so+0x7b3d8e]  G1PageBasedVirtualSpace::commit(unsigned long, unsigned long)+0x5e
V  [libjvm.so+0x7bfb60]  G1RegionsLargerThanCommitSizeMapper::commit_regions(unsigned int, unsigned long, WorkGang*)+0x40
V  [libjvm.so+0x83b5a9]  HeapRegionManager::commit_regions(unsigned int, unsigned long, WorkGang*)+0x89
V  [libjvm.so+0x83c1ff]  HeapRegionManager::make_regions_available(unsigned int, unsigned int, WorkGang*)+0x3f
V  [libjvm.so+0x83c689]  HeapRegionManager::expand_at(unsigned int, unsigned int, WorkGang*) [clone .part.44]+0x119
V  [libjvm.so+0x77827f]  G1CollectedHeap::expand(unsigned long, WorkGang*, double*)+0xdf
V  [libjvm.so+0x77d04a]  G1CollectedHeap::do_collection_pause_at_safepoint(double)+0xa9a
V  [libjvm.so+0xe35a31]  VM_G1CollectForAllocation::doit()+0x81
V  [libjvm.so+0xe345c7]  VM_Operation::evaluate()+0xe7
V  [libjvm.so+0xe31daf]  VMThread::evaluate_operation(VM_Operation*) [clone .constprop.54]+0xff
V  [libjvm.so+0xe322e6]  VMThread::loop()+0x3e6

[timeout occurred during error reporting in step "printing native stack"] after 31 s.
VM_Operation (0x00007f842bbfdae0): G1CollectForAllocation, mode: safepoint, requested by thread 0x00007f844836f800


---------------  P R O C E S S  ---------------

Threads class SMR info:
_java_thread_list=0x00007f8484561f10, length=22, elements={
0x00007f8484012000, 0x00007f8484164800, 0x00007f8484169000, 0x00007f848418e800,
0x00007f8484190800, 0x00007f8484192800, 0x00007f8484194800, 0x00007f8484208000,
0x00007f8484265800, 0x00007f848445d000, 0x00007f8484499800, 0x00007f848449d800,
0x00007f8448097000, 0x00007f84481e3000, 0x00007f8450027000, 0x00007f844c001800,
0x00007f844836f800, 0x00007f8454004000, 0x00007f8484446000, 0x00007f8484515800,
0x00007f846000d800, 0x00007f848435c000
}

Java Threads: ( => current thread )
  0x00007f8484012000 JavaThread "main" [_thread_blocked, id=8569, stack(0x00007f848b4ab000,0x00007f848b5ac000)]
  0x00007f8484164800 JavaThread "Reference Handler" daemon [_thread_blocked, id=8582, stack(0x00007f8464bf3000,0x00007f8464cf4000)]
  0x00007f8484169000 JavaThread "Finalizer" daemon [_thread_blocked, id=8583, stack(0x00007f8464af2000,0x00007f8464bf3000)]
  0x00007f848418e800 JavaThread "Signal Dispatcher" daemon [_thread_blocked, id=8584, stack(0x00007f8464021000,0x00007f8464122000)]
  0x00007f8484190800 JavaThread "C2 CompilerThread0" daemon [_thread_in_native, id=8585, stack(0x00007f845deff000,0x00007f845e000000)]
  0x00007f8484192800 JavaThread "C1 CompilerThread0" daemon [_thread_blocked, id=8586, stack(0x00007f845ddfe000,0x00007f845deff000)]
  0x00007f8484194800 JavaThread "Sweeper thread" daemon [_thread_blocked, id=8587, stack(0x00007f845dcfd000,0x00007f845ddfe000)]
  0x00007f8484208000 JavaThread "Common-Cleaner" daemon [_thread_blocked, id=8592, stack(0x00007f845dbfc000,0x00007f845dcfd000)]
  0x00007f8484265800 JavaThread "Service Thread" daemon [_thread_blocked, id=8594, stack(0x00007f845dafb000,0x00007f845dbfc000)]
  0x00007f848445d000 JavaThread "Active Thread: Equinox Container: 1734c96e-5e68-4a2e-9ab9-d79c2b556375" [_thread_blocked, id=8606, stack(0x00007f845cecb000,0x00007f845cfcc000)]
  0x00007f8484499800 JavaThread "Framework Event Dispatcher: Equinox Container: 1734c96e-5e68-4a2e-9ab9-d79c2b556375" daemon [_thread_blocked, id=8607, stack(0x00007f845cdca000,0x00007f845cecb000)]
  0x00007f848449d800 JavaThread "Start Level: Equinox Container: 1734c96e-5e68-4a2e-9ab9-d79c2b556375" daemon [_thread_blocked, id=8608, stack(0x00007f845ccc9000,0x00007f845cdca000)]
  0x00007f8448097000 JavaThread "Worker-JM" [_thread_blocked, id=8609, stack(0x00007f845c7b7000,0x00007f845c8b8000)]
  0x00007f84481e3000 JavaThread "Worker-0: Loading available Gradle versions" [_thread_blocked, id=8610, stack(0x00007f845c2b6000,0x00007f845c3b7000)]
  0x00007f8450027000 JavaThread "Worker-1: Initialize Workspace" [_thread_blocked, id=8611, stack(0x00007f845c1b5000,0x00007f845c2b6000)]
  0x00007f844c001800 JavaThread "Worker-2: Java indexing... " [_thread_blocked, id=8612, stack(0x00007f845c0b4000,0x00007f845c1b5000)]
  0x00007f844836f800 JavaThread "Java indexing" daemon [_thread_blocked, id=8613, stack(0x00007f842baff000,0x00007f842bc00000)]
  0x00007f8454004000 JavaThread "Worker-3: Load persistent model for all projects" [_thread_blocked, id=8614, stack(0x00007f8422e1e000,0x00007f8422f1f000)]
  0x00007f8484446000 JavaThread "pool-2-thread-1" [_thread_blocked, id=8615, stack(0x00007f842271d000,0x00007f842281e000)]
  0x00007f8484515800 JavaThread "pool-1-thread-1" [_thread_blocked, id=8616, stack(0x00007f842241c000,0x00007f842251d000)]
  0x00007f846000d800 JavaThread "Worker-4: Compacting resource model" [_thread_blocked, id=8617, stack(0x00007f842211b000,0x00007f842221c000)]
  0x00007f848435c000 JavaThread "Framework stop" [_thread_blocked, id=8672, stack(0x00007f842201a000,0x00007f842211b000)]

Other Threads:
=>0x00007f848415c800 VMThread "VM Thread" [stack: 0x00007f8464cf6000,0x00007f8464df6000] [id=8581]
  0x00007f8484285000 WatcherThread [stack: 0x00007f845d9fb000,0x00007f845dafb000] [id=8595]
  0x00007f848403a000 GCTaskThread "GC Thread#0" [stack: 0x00007f846c525000,0x00007f846c625000] [id=8570]
  0x00007f8444001000 GCTaskThread "GC Thread#1" [stack: 0x00007f845d2d0000,0x00007f845d3d0000] [id=8604]
  0x00007f8484055800 ConcurrentGCThread "G1 Main Marker" [stack: 0x00007f846c021000,0x00007f846c121000] [id=8571]
  0x00007f8484057000 ConcurrentGCThread "G1 Conc#0" [stack: 0x00007f8465b00000,0x00007f8465c00000] [id=8572]
  0x00007f8484091000 ConcurrentGCThread "G1 Refine#0" [stack: 0x00007f84657fc000,0x00007f84658fc000] [id=8573]
  0x00007f8454001000 ConcurrentGCThread "G1 Refine#1" [stack: 0x00007f845d1ce000,0x00007f845d2ce000] [id=8605]
  0x00007f8484092800 ConcurrentGCThread "G1 Young RemSet Sampling" [stack: 0x00007f84656fa000,0x00007f84657fa000] [id=8574]
  0x00007f8484099800 ConcurrentGCThread
[timeout occurred during error reporting in step "printing all threads"] after 30 s.
VM state:at safepoint (normal execution)

VM Mutex/Monitor currently owned by a thread:  ([mutex/lock_event])
[0x00007f848400e470] Threads_lock - owner thread: 0x00007f848415c800
[0x00007f848400ebc0] Heap_lock - owner thread: 0x00007f844836f800

Heap address: 0x00000000c0000000, size: 1024 MB, Compressed Oops mode: 32-bit
Narrow klass base: 0x0000000000000000, Narrow klass shift: 3
Compressed class space size: 1073741824 Address: 0x0000000100000000

Heap:
 garbage-first heap   total 550912K, used 67144K [0x00000000c0000000, 0x0000000100000000)
  region size 1024K, 2 young (2048K), 2 survivors (2048K)
 Metaspace       used 43062K, capacity 45364K, committed 45672K, reserved 1089536K
  class space    used 4385K, capacity 5264K, committed 5304K, reserved 1048576K
Heap Regions: E=young(eden), S=young(survivor), O=old, HS=humongous(starts), HC=humongous(continues), CS=collection set, F=free, A=archive, TAMS=top-at-mark-start (previous, next)
|   0|0x00000000c0000000, 0x00000000c0100000, 0x00000000c0100000|100%| O|  |TAMS 0x00000000c0100000, 0x00000000c0000000| Untracked 
|   1|0x00000000c0100000, 0x00000000c0200000, 0x00000000c0200000|100%| O|  |TAMS 0x00000000c0200000, 0x00000000c0100000| Untracked 
|   2|0x00000000c0200000, 0x00000000c0300000, 0x00000000c0300000|100%| O|  |TAMS 0x00000000c0300000, 0x00000000c0200000| Untracked 
|   3|0x00000000c0300000, 0x00000000c0400000, 0x00000000c0400000|100%| O|  |TAMS 0x00000000c0400000, 0x00000000c0300000| Untracked 
|   4|0x00000000c0400000, 0x00000000c0500000, 0x00000000c0500000|100%| O|  |TAMS 0x00000000c0500000, 0x00000000c0400000| Untracked 
|   5|0x00000000c0500000, 0x00000000c0600000, 0x00000000c0600000|100%| O|  |TAMS 0x00000000c0600000, 0x00000000c0500000| Untracked 
|   6|0x00000000c0600000, 0x00000000c0700000, 0x00000000c0700000|100%| O|  |TAMS 0x00000000c0700000, 0x00000000c0600000| Untracked 
|   7|0x00000000c0700000, 0x00000000c0800000, 0x00000000c0800000|100%| O|  |TAMS 0x00000000c0800000, 0x00000000c0700000| Untracked 
|   8|0x00000000c0800000, 0x00000000c0900000, 0x00000000c0900000|100%| O|  |TAMS 0x00000000c0900000, 0x00000000c0800000| Untracked 
|   9|0x00000000c0900000, 0x00000000c0a00000, 0x00000000c0a00000|100%| O|  |TAMS 0x00000000c0a00000, 0x00000000c0900000| Untracked 
|  10|0x00000000c0a00000, 0x00000000c0b00000, 0x00000000c0b00000|100%| O|  |TAMS 0x00000000c0b00000, 0x00000000c0a00000| Untracked 
|  11|0x00000000c0b00000, 0x00000000c0c00000, 0x00000000c0c00000|100%| O|  |TAMS 0x00000000c0c00000, 0x00000000c0b00000| Untracked 
|  12|0x00000000c0c00000, 0x00000000c0d00000, 0x00000000c0d00000|100%|HS|  |TAMS 0x00000000c0d00000, 0x00000000c0c00000| Complete 
|  13|0x00000000c0d00000, 0x00000000c0e00000, 0x00000000c0e00000|100%| O|  |TAMS 0x00000000c0e00000, 0x00000000c0d00000| Untracked 
|  14|0x00000000c0e00000, 0x00000000c0f00000, 0x00000000c0f00000|100%| O|  |TAMS 0x00000000c0f00000, 0x00000000c0e00000| Untracked 
|  15|0x00000000c0f00000, 0x00000000c1000000, 0x00000000c1000000|100%| O|  |TAMS 0x00000000c1000000, 0x00000000c0f00000| Untracked 
|  16|0x00000000c1000000, 0x00000000c1100000, 0x00000000c1100000|100%| O|  |TAMS 0x00000000c1100000, 0x00000000c1000000| Untracked 
|  17|0x00000000c1100000, 0x00000000c1200000, 0x00000000c1200000|100%| O|  |TAMS 0x00000000c1200000, 0x00000000c1100000| Untracked 
|  18|0x00000000c1200000, 0x00000000c1300000, 0x00000000c1300000|100%| O|  |TAMS 0x00000000c1300000, 0x00000000c1200000| Untracked 
|  19|0x00000000c1300000, 0x00000000c1400000, 0x00000000c1400000|100%| O|  |TAMS 0x00000000c1400000, 0x00000000c1300000| Untracked 
|  20|0x00000000c1400000, 0x00000000c1500000, 0x00000000c1500000|100%| O|  |TAMS 0x00000000c1500000, 0x00000000c1400000| Untracked 
|  21|0x00000000c1500000, 0x00000000c1600000, 0x00000000c1600000|100%| O|  |TAMS 0x00000000c1600000, 0x00000000c1500000| Untracked 
|  22|0x00000000c1600000, 0x00000000c1700000, 0x00000000c1700000|100%| O|  |TAMS 0x00000000c1700000, 0x00000000c1600000| Untracked 
|  23|0x00000000c1700000, 0x00000000c1800000, 0x00000000c1800000|100%| O|  |TAMS 0x00000000c1800000, 0x00000000c1700000| Untracked 
|  24|0x00000000c1800000, 0x00000000c1900000, 0x00000000c1900000|100%| O|  |TAMS 0x00000000c1900000, 0x00000000c1800000| Untracked 
|  25|0x00000000c1900000, 0x00000000c1a00000, 0x00000000c1a00000|100%| O|  |TAMS 0x00000000c1a00000, 0x00000000c1900000| Untracked 
|  26|0x00000000c1a00000, 0x00000000c1b00000, 0x00000000c1b00000|100%| O|  |TAMS 0x00000000c1b00000, 0x00000000c1a00000| Untracked 
|  27|0x00000000c1b00000, 0x00000000c1c00000, 0x00000000c1c00000|100%| O|  |TAMS 0x00000000c1c00000, 0x00000000c1b00000| Untracked 
|  28|0x00000000c1c00000, 0x00000000c1d00000, 0x00000000c1d00000|100%| O|  |TAMS 0x00000000c1d00000, 0x00000000c1c00000| Untracked 
|  29|0x00000000c1d00000, 0x00000000c1e00000, 0x00000000c1e00000|100%| O|  |TAMS 0x00000000c1e00000, 0x00000000c1d00000| Untracked 
|  30|0x00000000c1e00000, 0x00000000c1f00000, 0x00000000c1f00000|100%| O|  |TAMS 0x00000000c1f00000, 0x00000000c1e00000| Untracked 
|  31|0x00000000c1f00000, 0x00000000c2000000, 0x00000000c2000000|100%|HS|  |TAMS 0x00000000c2000000, 0x00000000c1f00000| Complete 
|  32|0x00000000c2000000, 0x00000000c2100000, 0x00000000c2100000|100%| O|  |TAMS 0x00000000c2100000, 0x00000000c2000000| Untracked 
|  33|0x00000000c2100000, 0x00000000c2200000, 0x00000000c2200000|100%| O|  |TAMS 0x00000000c2200000, 0x00000000c2100000| Untracked 
|  34|0x00000000c2200000, 0x00000000c2300000, 0x00000000c2300000|100%| O|  |TAMS 0x00000000c2300000, 0x00000000c2200000| Untracked 
|  35|0x00000000c2300000, 0x00000000c2400000, 0x00000000c2400000|100%| O|  |TAMS 0x00000000c2400000, 0x00000000c2300000| Untracked 
|  36|0x00000000c2400000, 0x00000000c2500000, 0x00000000c2500000|100%| O|  |TAMS 0x00000000c2500000, 0x00000000c2400000| Untracked 
|  37|0x00000000c2500000, 0x00000000c2600000, 0x00000000c2600000|100%| O|  |TAMS 0x00000000c2600000, 0x00000000c2500000| Untracked 
|  38|0x00000000c2600000, 0x00000000c2700000, 0x00000000c2700000|100%| O|  |TAMS 0x00000000c2700000, 0x00000000c2600000| Untracked 
|  39|0x00000000c2700000, 0x00000000c2800000, 0x00000000c2800000|100%| O|  |TAMS 0x00000000c2800000, 0x00000000c2700000| Untracked 
|  40|0x00000000c2800000, 0x00000000c2900000, 0x00000000c2900000|100%| O|  |TAMS 0x00000000c2900000, 0x00000000c2800000| Untracked 
|  41|0x00000000c2900000, 0x00000000c2a00000, 0x00000000c2a00000|100%| O|  |TAMS 0x00000000c2a00000, 0x00000000c2900000| Untracked 
|  42|0x00000000c2a00000, 0x00000000c2b00000, 0x00000000c2b00000|100%| O|  |TAMS 0x00000000c2b00000, 0x00000000c2a00000| Untracked 
|  43|0x00000000c2b00000, 0x00000000c2c00000, 0x00000000c2c00000|100%| O|  |TAMS 0x00000000c2bfb800, 0x00000000c2b00000| Untracked 
|  44|0x00000000c2c00000, 0x00000000c2d00000, 0x00000000c2d00000|100%| O|  |TAMS 0x00000000c2c00000, 0x00000000c2c00000| Untracked 
|  45|0x00000000c2d00000, 0x00000000c2e00000, 0x00000000c2e00000|100%| O|  |TAMS 0x00000000c2d00000, 0x00000000c2d00000| Untracked 
|  46|0x00000000c2e00000, 0x00000000c2f00000, 0x00000000c2f00000|100%| O|  |TAMS 0x00000000c2e00000, 0x00000000c2e00000| Untracked 
|  47|0x00000000c2f00000, 0x00000000c3000000, 0x00000000c3000000|100%| O|  |TAMS 0x00000000c2f00000, 0x00000000c2f00000| Untracked 
|  48|0x00000000c3000000, 0x00000000c3100000, 0x00000000c3100000|100%| O|  |TAMS 0x00000000c3000000, 0x00000000c3000000| Untracked 
|  49|0x00000000c3100000, 0x00000000c3200000, 0x00000000c3200000|100%| O|  |TAMS 0x00000000c3100000, 0x00000000c3100000| Untracked 
|  50|0x00000000c3200000, 0x00000000c3300000, 0x00000000c3300000|100%| O|  |TAMS 0x00000000c3200000, 0x00000000c3200000| Untracked 
|  51|0x00000000c3300000, 0x00000000c3400000, 0x00000000c3400000|100%| O|  |TAMS 0x00000000c3300000, 0x00000000c3300000| Untracked 
|  52|0x00000000c3400000, 0x00000000c3500000, 0x00000000c3500000|100%| O|  |TAMS 0x00000000c3400000, 0x00000000c3400000| Untracked 
|  53|0x00000000c3500000, 0x00000000c3600000, 0x00000000c3600000|100%| O|  |TAMS 0x00000000c3500000, 0x00000000c3500000| Untracked 
|  54|0x00000000c3600000, 0x00000000c3700000, 0x00000000c3700000|100%| O|  |TAMS 0x00000000c3600000, 0x00000000c3600000| Untracked 
|  55|0x00000000c3700000, 0x00000000c3800000, 0x00000000c3800000|100%| O|  |TAMS 0x00000000c3700000, 0x00000000c3700000| Untracked 
|  56|0x00000000c3800000, 0x00000000c3900000, 0x00000000c3900000|100%| O|  |TAMS 0x00000000c3800000, 0x00000000c3800000| Untracked 
|  57|0x00000000c3900000, 0x00000000c3a00000, 0x00000000c3a00000|100%| O|  |TAMS 0x00000000c3900000, 0x00000000c3900000| Untracked 
|  58|0x00000000c3a00000, 0x00000000c3b00000, 0x00000000c3b00000|100%| O|  |TAMS 0x00000000c3a00000, 0x00000000c3a00000| Untracked 
|  59|0x00000000c3b00000, 0x00000000c3c00000, 0x00000000c3c00000|100%| O|  |TAMS 0x00000000c3b00000, 0x00000000c3b00000| Untracked 
|  60|0x00000000c3c00000, 0x00000000c3d00000, 0x00000000c3d00000|100%| O|  |TAMS 0x00000000c3c00000, 0x00000000c3c00000| Untracked 
|  61|0x00000000c3d00000, 0x00000000c3e00000, 0x00000000c3e00000|100%|HS|  |TAMS 0x00000000c3d00000, 0x00000000c3d00000| Complete 
|  62|0x00000000c3e00000, 0x00000000c3f00000, 0x00000000c3f00000|100%|HC|  |TAMS 0x00000000c3e00000, 0x00000000c3e00000| Complete 
|  63|0x00000000c3f00000, 0x00000000c4000000, 0x00000000c4000000|100%| O|  |TAMS 0x00000000c3f00000, 0x00000000c3f00000| Untracked 
|  64|0x00000000c4000000, 0x00000000c4064c00, 0x00000000c4100000| 39%| O|  |TAMS 0x00000000c4000000, 0x00000000c4000000| Untracked 
|  65|0x00000000c4100000, 0x00000000c4100000, 0x00000000c4200000|  0%| F|  |TAMS 0x00000000c4100000, 0x00000000c4100000| Untracked 
|  66|0x00000000c4200000, 0x00000000c4200000, 0x00000000c4300000|  0%| F|  |TAMS 0x00000000c4200000, 0x00000000c4200000| Untracked 
|  67|0x00000000c4300000, 0x00000000c4300000, 0x00000000c4400000|  0%| F|  |TAMS 0x00000000c4300000, 0x00000000c4300000| Untracked 
|  68|0x00000000c4400000, 0x00000000c4400000, 0x00000000c4500000|  0%| F|  |TAMS 0x00000000c4400000, 0x00000000c4400000| Untracked 
|  69|0x00000000c4500000, 0x00000000c4500000, 0x00000000c4600000|  0%| F|  |TAMS 0x00000000c4500000, 0x00000000c4500000| Untracked 
|  70|0x00000000c4600000, 0x00000000c4600000, 0x00000000c4700000|  0%| F|  |TAMS 0x00000000c4600000, 0x00000000c4600000| Untracked 
|  71|0x00000000c4700000, 0x00000000c4700000, 0x00000000c4800000|  0%| F|  |TAMS 0x00000000c4700000, 0x00000000c4700000| Untracked 
|  72|0x00000000c4800000, 0x00000000c4800000, 0x00000000c4900000|  0%| F|  |TAMS 0x00000000c4800000, 0x00000000c4800000| Untracked 
|  73|0x00000000c4900000, 0x00000000c4900000, 0x00000000c4a00000|  0%| F|  |TAMS 0x00000000c4900000, 0x00000000c4900000| Untracked 
|  74|0x00000000c4a00000, 0x00000000c4a00000, 0x00000000c4b00000|  0%| F|  |TAMS 0x00000000c4a00000, 0x00000000c4a00000| Untracked 
|  75|0x00000000c4b00000, 0x00000000c4b00000, 0x00000000c4c00000|  0%| F|  |TAMS 0x00000000c4b00000, 0x00000000c4b00000| Untracked 
|  76|0x00000000c4c00000, 0x00000000c4c00000, 0x00000000c4d00000|  0%| F|  |TAMS 0x00000000c4c00000, 0x00000000c4c00000| Untracked 
|  77|0x00000000c4d00000, 0x00000000c4d00000, 0x00000000c4e00000|  0%| F|  |TAMS 0x00000000c4d00000, 0x00000000c4d00000| Untracked 
|  78|0x00000000c4e00000, 0x00000000c4e00000, 0x00000000c4f00000|  0%| F|  |TAMS 0x00000000c4e00000, 0x00000000c4e00000| Untracked 
|  79|0x00000000c4f00000, 0x00000000c4f00000, 0x00000000c5000000|  0%| F|  |TAMS 0x00000000c4f00000, 0x00000000c4f00000| Untracked 
|  80|0x00000000c5000000, 0x00000000c5000000, 0x00000000c5100000|  0%| F|  |TAMS 0x00000000c5000000, 0x00000000c5000000| Untracked 
|  81|0x00000000c5100000, 0x00000000c5100000, 0x00000000c5200000|  0%| F|  |TAMS 0x00000000c5100000, 0x00000000c5100000| Untracked 
|  82|0x00000000c5200000, 0x00000000c5200000, 0x00000000c5300000|  0%| F|  |TAMS 0x00000000c5200000, 0x00000000c5200000| Untracked 
|  83|0x00000000c5300000, 0x00000000c5300000, 0x00000000c5400000|  0%| F|  |TAMS 0x00000000c5300000, 0x00000000c5300000| Untracked 
|  84|0x00000000c5400000, 0x00000000c5400000, 0x00000000c5500000|  0%| F|  |TAMS 0x00000000c5400000, 0x00000000c5400000| Untracked 
|  85|0x00000000c5500000, 0x00000000c5500000, 0x00000000c5600000|  0%| F|  |TAMS 0x00000000c5500000, 0x00000000c5500000| Untracked 
|  86|0x00000000c5600000, 0x00000000c5600000, 0x00000000c5700000|  0%| F|  |TAMS 0x00000000c5600000, 0x00000000c5600000| Untracked 
|  87|0x00000000c5700000, 0x00000000c5700000, 0x00000000c5800000|  0%| F|  |TAMS 0x00000000c5700000, 0x00000000c5700000| Untracked 
|  88|0x00000000c5800000, 0x00000000c5800000, 0x00000000c5900000|  0%| F|  |TAMS 0x00000000c5800000, 0x00000000c5800000| Untracked 
|  89|0x00000000c5900000, 0x00000000c5900000, 0x00000000c5a00000|  0%| F|  |TAMS 0x00000000c5900000, 0x00000000c5900000| Untracked 
|  90|0x00000000c5a00000, 0x00000000c5a00000, 0x00000000c5b00000|  0%| F|  |TAMS 0x00000000c5a00000, 0x00000000c5a00000| Untracked 
|  91|0x00000000c5b00000, 0x00000000c5b00000, 0x00000000c5c00000|  0%| F|  |TAMS 0x00000000c5b00000, 0x00000000c5b00000| Untracked 
|  92|0x00000000c5c00000, 0x00000000c5c00000, 0x00000000c5d00000|  0%| F|  |TAMS 0x00000000c5c00000, 0x00000000c5c00000| Untracked 
|  93|0x00000000c5d00000, 0x00000000c5d00000, 0x00000000c5e00000|  0%| F|  |TAMS 0x00000000c5d00000, 0x00000000c5d00000| Untracked 
|  94|0x00000000c5e00000, 0x00000000c5e00000, 0x00000000c5f00000|  0%| F|  |TAMS 0x00000000c5e00000, 0x00000000c5e00000| Untracked 
|  95|0x00000000c5f00000, 0x00000000c5f00000, 0x00000000c6000000|  0%| F|  |TAMS 0x00000000c5f00000, 0x00000000c5f00000| Untracked 
|  96|0x00000000c6000000, 0x00000000c6000000, 0x00000000c6100000|  0%| F|  |TAMS 0x00000000c6000000, 0x00000000c6000000| Untracked 
|  97|0x00000000c6100000, 0x00000000c6100000, 0x00000000c6200000|  0%| F|  |TAMS 0x00000000c6100000, 0x00000000c6100000| Untracked 
|  98|0x00000000c6200000, 0x00000000c6200000, 0x00000000c6300000|  0%| F|  |TAMS 0x00000000c6200000, 0x00000000c6200000| Untracked 
|  99|0x00000000c6300000, 0x00000000c6300000, 0x00000000c6400000|  0%| F|  |TAMS 0x00000000c6300000, 0x00000000c6300000| Untracked 
| 100|0x00000000c6400000, 0x00000000c6400000, 0x00000000c6500000|  0%| F|  |TAMS 0x00000000c6400000, 0x00000000c6400000| Untracked 
| 101|0x00000000c6500000, 0x00000000c6500000, 0x00000000c6600000|  0%| F|  |TAMS 0x00000000c6500000, 0x00000000c6500000| Untracked 
| 102|0x00000000c6600000, 0x00000000c6600000, 0x00000000c6700000|  0%| F|  |TAMS 0x00000000c6600000, 0x00000000c6600000| Untracked 
| 103|0x00000000c6700000, 0x00000000c6700000, 0x00000000c6800000|  0%| F|  |TAMS 0x00000000c6700000, 0x00000000c6700000| Untracked 
| 104|0x00000000c6800000, 0x00000000c6800000, 0x00000000c6900000|  0%| F|  |TAMS 0x00000000c6800000, 0x00000000c6800000| Untracked 
| 105|0x00000000c6900000, 0x00000000c6900000, 0x00000000c6a00000|  0%| F|  |TAMS 0x00000000c6900000, 0x00000000c6900000| Untracked 
| 106|0x00000000c6a00000, 0x00000000c6a00000, 0x00000000c6b00000|  0%| F|  |TAMS 0x00000000c6a00000, 0x00000000c6a00000| Untracked 
| 107|0x00000000c6b00000, 0x00000000c6b00000, 0x00000000c6c00000|  0%| F|  |TAMS 0x00000000c6b00000, 0x00000000c6b00000| Untracked 
| 108|0x00000000c6c00000, 0x00000000c6c00000, 0x00000000c6d00000|  0%| F|  |TAMS 0x00000000c6c00000, 0x00000000c6c00000| Untracked 
| 109|0x00000000c6d00000, 0x00000000c6d00000, 0x00000000c6e00000|  0%| F|  |TAMS 0x00000000c6d00000, 0x00000000c6d00000| Untracked 
| 110|0x00000000c6e00000, 0x00000000c6e00000, 0x00000000c6f00000|  0%| F|  |TAMS 0x00000000c6e00000, 0x00000000c6e00000| Untracked 
| 111|0x00000000c6f00000, 0x00000000c6f00000, 0x00000000c7000000|  0%| F|  |TAMS 0x00000000c6f00000, 0x00000000c6f00000| Untracked 
| 112|0x00000000c7000000, 0x00000000c7000000, 0x00000000c7100000|  0%| F|  |TAMS 0x00000000c7000000, 0x00000000c7000000| Untracked 
| 113|0x00000000c7100000, 0x00000000c7100000, 0x00000000c7200000|  0%| F|  |TAMS 0x00000000c7100000, 0x00000000c7100000| Untracked 
| 114|0x00000000c7200000, 0x00000000c7200000, 0x00000000c7300000|  0%| F|  |TAMS 0x00000000c7200000, 0x00000000c7200000| Untracked 
| 115|0x00000000c7300000, 0x00000000c7300000, 0x00000000c7400000|  0%| F|  |TAMS 0x00000000c7300000, 0x00000000c7300000| Untracked 
| 116|0x00000000c7400000, 0x00000000c7400000, 0x00000000c7500000|  0%| F|  |TAMS 0x00000000c7400000, 0x00000000c7400000| Untracked 
| 117|0x00000000c7500000, 0x00000000c7500000, 0x00000000c7600000|  0%| F|  |TAMS 0x00000000c7500000, 0x00000000c7500000| Untracked 
| 118|0x00000000c7600000, 0x00000000c7600000, 0x00000000c7700000|  0%| F|  |TAMS 0x00000000c7600000, 0x00000000c7600000| Untracked 
| 119|0x00000000c7700000, 0x00000000c7700000, 0x00000000c7800000|  0%| F|  |TAMS 0x00000000c7700000, 0x00000000c7700000| Untracked 
| 120|0x00000000c7800000, 0x00000000c7800000, 0x00000000c7900000|  0%| F|  |TAMS 0x00000000c7800000, 0x00000000c7800000| Untracked 
| 121|0x00000000c7900000, 0x00000000c7900000, 0x00000000c7a00000|  0%| F|  |TAMS 0x00000000c7900000, 0x00000000c7900000| Untracked 
| 122|0x00000000c7a00000, 0x00000000c7a00000, 0x00000000c7b00000|  0%| F|  |TAMS 0x00000000c7a00000, 0x00000000c7a00000| Untracked 
| 123|0x00000000c7b00000, 0x00000000c7b00000, 0x00000000c7c00000|  0%| F|  |TAMS 0x00000000c7b00000, 0x00000000c7b00000| Untracked 
| 124|0x00000000c7c00000, 0x00000000c7c00000, 0x00000000c7d00000|  0%| F|  |TAMS 0x00000000c7c00000, 0x00000000c7c00000| Untracked 
| 125|0x00000000c7d00000, 0x00000000c7d00000, 0x00000000c7e00000|  0%| F|  |TAMS 0x00000000c7d00000, 0x00000000c7d00000| Untracked 
| 126|0x00000000c7e00000, 0x00000000c7e00000, 0x00000000c7f00000|  0%| F|  |TAMS 0x00000000c7e00000, 0x00000000c7e00000| Untracked 
| 127|0x00000000c7f00000, 0x00000000c7f00000, 0x00000000c8000000|  0%| F|  |TAMS 0x00000000c7f00000, 0x00000000c7f00000| Untracked 
| 128|0x00000000c8000000, 0x00000000c8000000, 0x00000000c8100000|  0%| F|  |TAMS 0x00000000c8000000, 0x00000000c8000000| Untracked 
| 129|0x00000000c8100000, 0x00000000c8100000, 0x00000000c8200000|  0%| F|  |TAMS 0x00000000c8100000, 0x00000000c8100000| Untracked 
| 130|0x00000000c8200000, 0x00000000c8200000, 0x00000000c8300000|  0%| F|  |TAMS 0x00000000c8200000, 0x00000000c8200000| Untracked 
| 131|0x00000000c8300000, 0x00000000c8300000, 0x00000000c8400000|  0%| F|  |TAMS 0x00000000c8300000, 0x00000000c8300000| Untracked 
| 132|0x00000000c8400000, 0x00000000c8400000, 0x00000000c8500000|  0%| F|  |TAMS 0x00000000c8400000, 0x00000000c8400000| Untracked 
| 133|0x00000000c8500000, 0x00000000c8500000, 0x00000000c8600000|  0%| F|  |TAMS 0x00000000c8500000, 0x00000000c8500000| Untracked 
| 134|0x00000000c8600000, 0x00000000c8600000, 0x00000000c8700000|  0%| F|  |TAMS 0x00000000c8600000, 0x00000000c8600000| Untracked 
| 135|0x00000000c8700000, 0x00000000c8700000, 0x00000000c8800000|  0%| F|  |TAMS 0x00000000c8700000, 0x00000000c8700000| Untracked 
| 136|0x00000000c8800000, 0x00000000c8800000, 0x00000000c8900000|  0%| F|  |TAMS 0x00000000c8800000, 0x00000000c8800000| Untracked 
| 137|0x00000000c8900000, 0x00000000c8900000, 0x00000000c8a00000|  0%| F|  |TAMS 0x00000000c8900000, 0x00000000c8900000| Untracked 
| 138|0x00000000c8a00000, 0x00000000c8a00000, 0x00000000c8b00000|  0%| F|  |TAMS 0x00000000c8a00000, 0x00000000c8a00000| Untracked 
| 139|0x00000000c8b00000, 0x00000000c8b00000, 0x00000000c8c00000|  0%| F|  |TAMS 0x00000000c8b00000, 0x00000000c8b00000| Untracked 
| 140|0x00000000c8c00000, 0x00000000c8c00000, 0x00000000c8d00000|  0%| F|  |TAMS 0x00000000c8c00000, 0x00000000c8c00000| Untracked 
| 141|0x00000000c8d00000, 0x00000000c8d00000, 0x00000000c8e00000|  0%| F|  |TAMS 0x00000000c8d00000, 0x00000000c8d00000| Untracked 
| 142|0x00000000c8e00000, 0x00000000c8e00000, 0x00000000c8f00000|  0%| F|  |TAMS 0x00000000c8e00000, 0x00000000c8e00000| Untracked 
| 143|0x00000000c8f00000, 0x00000000c8f00000, 0x00000000c9000000|  0%| F|  |TAMS 0x00000000c8f00000, 0x00000000c8f00000| Untracked 
| 144|0x00000000c9000000, 0x00000000c9000000, 0x00000000c9100000|  0%| F|  |TAMS 0x00000000c9000000, 0x00000000c9000000| Untracked 
| 145|0x00000000c9100000, 0x00000000c9100000, 0x00000000c9200000|  0%| F|  |TAMS 0x00000000c9100000, 0x00000000c9100000| Untracked 
| 146|0x00000000c9200000, 0x00000000c9200000, 0x00000000c9300000|  0%| F|  |TAMS 0x00000000c9200000, 0x00000000c9200000| Untracked 
| 147|0x00000000c9300000, 0x00000000c9300000, 0x00000000c9400000|  0%| F|  |TAMS 0x00000000c9300000, 0x00000000c9300000| Untracked 
| 148|0x00000000c9400000, 0x00000000c9400000, 0x00000000c9500000|  0%| F|  |TAMS 0x00000000c9400000, 0x00000000c9400000| Untracked 
| 149|0x00000000c9500000, 0x00000000c9500000, 0x00000000c9600000|  0%| F|  |TAMS 0x00000000c9500000, 0x00000000c9500000| Untracked 
| 150|0x00000000c9600000, 0x00000000c9600000, 0x00000000c9700000|  0%| F|  |TAMS 0x00000000c9600000, 0x00000000c9600000| Untracked 
| 151|0x00000000c9700000, 0x00000000c9700000, 0x00000000c9800000|  0%| F|  |TAMS 0x00000000c9700000, 0x00000000c9700000| Untracked 
| 152|0x00000000c9800000, 0x00000000c9800000, 0x00000000c9900000|  0%| F|  |TAMS 0x00000000c9800000, 0x00000000c9800000| Untracked 
| 153|0x00000000c9900000, 0x00000000c9900000, 0x00000000c9a00000|  0%| F|  |TAMS 0x00000000c9900000, 0x00000000c9900000| Untracked 
| 154|0x00000000c9a00000, 0x00000000c9a00000, 0x00000000c9b00000|  0%| F|  |TAMS 0x00000000c9a00000, 0x00000000c9a00000| Untracked 
| 155|0x00000000c9b00000, 0x00000000c9b00000, 0x00000000c9c00000|  0%| F|  |TAMS 0x00000000c9b00000, 0x00000000c9b00000| Untracked 
| 156|0x00000000c9c00000, 0x00000000c9c00000, 0x00000000c9d00000|  0%| F|  |TAMS 0x00000000c9c00000, 0x00000000c9c00000| Untracked 
| 157|0x00000000c9d00000, 0x00000000c9d00000, 0x00000000c9e00000|  0%| F|  |TAMS 0x00000000c9d00000, 0x00000000c9d00000| Untracked 
| 158|0x00000000c9e00000, 0x00000000c9e00000, 0x00000000c9f00000|  0%| F|  |TAMS 0x00000000c9e00000, 0x00000000c9e00000| Untracked 
| 159|0x00000000c9f00000, 0x00000000c9f00000, 0x00000000ca000000|  0%| F|  |TAMS 0x00000000c9f00000, 0x00000000c9f00000| Untracked 
| 160|0x00000000ca000000, 0x00000000ca000000, 0x00000000ca100000|  0%| F|  |TAMS 0x00000000ca000000, 0x00000000ca000000| Untracked 
| 161|0x00000000ca100000, 0x00000000ca100000, 0x00000000ca200000|  0%| F|  |TAMS 0x00000000ca100000, 0x00000000ca100000| Untracked 
| 162|0x00000000ca200000, 0x00000000ca200000, 0x00000000ca300000|  0%| F|  |TAMS 0x00000000ca200000, 0x00000000ca200000| Untracked 
| 163|0x00000000ca300000, 0x00000000ca300000, 0x00000000ca400000|  0%| F|  |TAMS 0x00000000ca300000, 0x00000000ca300000| Untracked 
| 164|0x00000000ca400000, 0x00000000ca400000, 0x00000000ca500000|  0%| F|  |TAMS 0x00000000ca400000, 0x00000000ca400000| Untracked 
| 165|0x00000000ca500000, 0x00000000ca500000, 0x00000000ca600000|  0%| F|  |TAMS 0x00000000ca500000, 0x00000000ca500000| Untracked 
| 166|0x00000000ca600000, 0x00000000ca600000, 0x00000000ca700000|  0%| F|  |TAMS 0x00000000ca600000, 0x00000000ca600000| Untracked 
| 167|0x00000000ca700000, 0x00000000ca700000, 0x00000000ca800000|  0%| F|  |TAMS 0x00000000ca700000, 0x00000000ca700000| Untracked 
| 168|0x00000000ca800000, 0x00000000ca800000, 0x00000000ca900000|  0%| F|  |TAMS 0x00000000ca800000, 0x00000000ca800000| Untracked 
| 169|0x00000000ca900000, 0x00000000ca900000, 0x00000000caa00000|  0%| F|  |TAMS 0x00000000ca900000, 0x00000000ca900000| Untracked 
| 170|0x00000000caa00000, 0x00000000caa00000, 0x00000000cab00000|  0%| F|  |TAMS 0x00000000caa00000, 0x00000000caa00000| Untracked 
| 171|0x00000000cab00000, 0x00000000cab00000, 0x00000000cac00000|  0%| F|  |TAMS 0x00000000cab00000, 0x00000000cab00000| Untracked 
| 172|0x00000000cac00000, 0x00000000cac00000, 0x00000000cad00000|  0%| F|  |TAMS 0x00000000cac00000, 0x00000000cac00000| Untracked 
| 173|0x00000000cad00000, 0x00000000cad00000, 0x00000000cae00000|  0%| F|  |TAMS 0x00000000cad00000, 0x00000000cad00000| Untracked 
| 174|0x00000000cae00000, 0x00000000cae00000, 0x00000000caf00000|  0%| F|  |TAMS 0x00000000cae00000, 0x00000000cae00000| Untracked 
| 175|0x00000000caf00000, 0x00000000caf00000, 0x00000000cb000000|  0%| F|  |TAMS 0x00000000caf00000, 0x00000000caf00000| Untracked 
| 176|0x00000000cb000000, 0x00000000cb000000, 0x00000000cb100000|  0%| F|  |TAMS 0x00000000cb000000, 0x00000000cb000000| Untracked 
| 177|0x00000000cb100000, 0x00000000cb100000, 0x00000000cb200000|  0%| F|  |TAMS 0x00000000cb100000, 0x00000000cb100000| Untracked 
| 178|0x00000000cb200000, 0x00000000cb200000, 0x00000000cb300000|  0%| F|  |TAMS 0x00000000cb200000, 0x00000000cb200000| Untracked 
| 179|0x00000000cb300000, 0x00000000cb300000, 0x00000000cb400000|  0%| F|  |TAMS 0x00000000cb300000, 0x00000000cb300000| Untracked 
| 180|0x00000000cb400000, 0x00000000cb400000, 0x00000000cb500000|  0%| F|  |TAMS 0x00000000cb400000, 0x00000000cb400000| Untracked 
| 181|0x00000000cb500000, 0x00000000cb500000, 0x00000000cb600000|  0%| F|  |TAMS 0x00000000cb500000, 0x00000000cb500000| Untracked 
| 182|0x00000000cb600000, 0x00000000cb600000, 0x00000000cb700000|  0%| F|  |TAMS 0x00000000cb600000, 0x00000000cb600000| Untracked 
| 183|0x00000000cb700000, 0x00000000cb700000, 0x00000000cb800000|  0%| F|  |TAMS 0x00000000cb700000, 0x00000000cb700000| Untracked 
| 184|0x00000000cb800000, 0x00000000cb800000, 0x00000000cb900000|  0%| F|  |TAMS 0x00000000cb800000, 0x00000000cb800000| Untracked 
| 185|0x00000000cb900000, 0x00000000cb900000, 0x00000000cba00000|  0%| F|  |TAMS 0x00000000cb900000, 0x00000000cb900000| Untracked 
| 186|0x00000000cba00000, 0x00000000cba00000, 0x00000000cbb00000|  0%| F|  |TAMS 0x00000000cba00000, 0x00000000cba00000| Untracked 
| 187|0x00000000cbb00000, 0x00000000cbb00000, 0x00000000cbc00000|  0%| F|  |TAMS 0x00000000cbb00000, 0x00000000cbb00000| Untracked 
| 188|0x00000000cbc00000, 0x00000000cbc00000, 0x00000000cbd00000|  0%| F|  |TAMS 0x00000000cbc00000, 0x00000000cbc00000| Untracked 
| 189|0x00000000cbd00000, 0x00000000cbd00000, 0x00000000cbe00000|  0%| F|  |TAMS 0x00000000cbd00000, 0x00000000cbd00000| Untracked 
| 190|0x00000000cbe00000, 0x00000000cbe00000, 0x00000000cbf00000|  0%| F|  |TAMS 0x00000000cbe00000, 0x00000000cbe00000| Untracked 
| 191|0x00000000cbf00000, 0x00000000cbf00000, 0x00000000cc000000|  0%| F|  |TAMS 0x00000000cbf00000, 0x00000000cbf00000| Untracked 
| 192|0x00000000cc000000, 0x00000000cc000000, 0x00000000cc100000|  0%| F|  |TAMS 0x00000000cc000000, 0x00000000cc000000| Untracked 
| 193|0x00000000cc100000, 0x00000000cc100000, 0x00000000cc200000|  0%| F|  |TAMS 0x00000000cc100000, 0x00000000cc100000| Untracked 
| 194|0x00000000cc200000, 0x00000000cc200000, 0x00000000cc300000|  0%| F|  |TAMS 0x00000000cc200000, 0x00000000cc200000| Untracked 
| 195|0x00000000cc300000, 0x00000000cc300000, 0x00000000cc400000|  0%| F|  |TAMS 0x00000000cc300000, 0x00000000cc300000| Untracked 
| 196|0x00000000cc400000, 0x00000000cc400000, 0x00000000cc500000|  0%| F|  |TAMS 0x00000000cc400000, 0x00000000cc400000| Untracked 
| 197|0x00000000cc500000, 0x00000000cc500000, 0x00000000cc600000|  0%| F|  |TAMS 0x00000000cc500000, 0x00000000cc500000| Untracked 
| 198|0x00000000cc600000, 0x00000000cc600000, 0x00000000cc700000|  0%| F|  |TAMS 0x00000000cc600000, 0x00000000cc600000| Untracked 
| 199|0x00000000cc700000, 0x00000000cc700000, 0x00000000cc800000|  0%| F|  |TAMS 0x00000000cc700000, 0x00000000cc700000| Untracked 
| 200|0x00000000cc800000, 0x00000000cc800000, 0x00000000cc900000|  0%| F|  |TAMS 0x00000000cc800000, 0x00000000cc800000| Untracked 
| 201|0x00000000cc900000, 0x00000000cc900000, 0x00000000cca00000|  0%| F|  |TAMS 0x00000000cc900000, 0x00000000cc900000| Untracked 
| 202|0x00000000cca00000, 0x00000000cca00000, 0x00000000ccb00000|  0%| F|  |TAMS 0x00000000cca00000, 0x00000000cca00000| Untracked 
| 203|0x00000000ccb00000, 0x00000000ccb2d4a8, 0x00000000ccc00000| 17%| S|CS|TAMS 0x00000000ccb00000, 0x00000000ccb00000| Complete 
| 204|0x00000000ccc00000, 0x00000000ccd00000, 0x00000000ccd00000|100%| S|CS|TAMS 0x00000000ccc00000, 0x00000000ccc00000| Complete 
| 205|0x00000000ccd00000, 0x00000000ccd00000, 0x00000000cce00000|  0%| F|  |TAMS 0x00000000ccd00000, 0x00000000ccd00000| Untracked 
| 206|0x00000000cce00000, 0x00000000cce00000, 0x00000000ccf00000|  0%| F|  |TAMS 0x00000000cce00000, 0x00000000cce00000| Untracked 
| 207|0x00000000ccf00000, 0x00000000ccf00000, 0x00000000cd000000|  0%| F|  |TAMS 0x00000000ccf00000, 0x00000000ccf00000| Untracked 
| 208|0x00000000cd000000, 0x00000000cd000000, 0x00000000cd100000|  0%| F|  |TAMS 0x00000000cd000000, 0x00000000cd000000| Untracked 
| 209|0x00000000cd100000, 0x00000000cd100000, 0x00000000cd200000|  0%| F|  |TAMS 0x00000000cd100000, 0x00000000cd100000| Untracked 
| 210|0x00000000cd200000, 0x00000000cd200000, 0x00000000cd300000|  0%| F|  |TAMS 0x00000000cd200000, 0x00000000cd200000| Untracked 
| 211|0x00000000cd300000, 0x00000000cd300000, 0x00000000cd400000|  0%| F|  |TAMS 0x00000000cd300000, 0x00000000cd300000| Untracked 
| 212|0x00000000cd400000, 0x00000000cd400000, 0x00000000cd500000|  0%| F|  |TAMS 0x00000000cd400000, 0x00000000cd400000| Untracked 

Card table byte_map: [0x00007f8467e00000,0x00007f8468000000] _byte_map_base: 0x00007f8467800000

Marking Bits (Prev, Next): (CMBitMap*) 0x00007f84840508d8, (CMBitMap*) 0x00007f8484050910
 Prev Bits: [0x00007f8466c00000, 0x00007f8467c00000)
 Next Bits: [0x00007f8465c00000, 0x00007f8466c00000)

Polling page: 0x00007f848b5c5000

Metaspace:

Usage:
  Non-class:     39,16 MB capacity,    37,77 MB ( 96%) used,     1,31 MB (  3%) free+waste,    76,25 KB ( <1%) overhead. 
      Class:      5,14 MB capacity,     4,28 MB ( 83%) used,   842,60 KB ( 16%) free+waste,    36,06 KB ( <1%) overhead. 
       Both:     44,30 MB capacity,    42,05 MB ( 95%) used,     2,14 MB (  5%) free+waste,   112,31 KB ( <1%) overhead. 

Virtual space:
  Non-class space:       40,00 MB reserved,      39,42 MB ( 99%) committed 
      Class space:        1,00 GB reserved,       5,18 MB ( <1%) committed 
             Both:        1,04 GB reserved,      44,60 MB (  4%) committed 

Chunk freelists:
   Non-Class:  11,50 KB
       Class:  2,00 KB
        Both:  13,50 KB

CodeHeap 'non-profiled nmethods': size=120036Kb used=1157Kb max_used=1243Kb free=118878Kb
 bounds [0x00007f84742c2000, 0x00007f8474532000, 0x00007f847b7fb000]
CodeHeap 'profiled nmethods': size=120032Kb used=7848Kb max_used=8771Kb free=112183Kb
 bounds [0x00007f846cd8a000, 0x00007f846d62a000, 0x00007f84742c2000]
CodeHeap 'non-nmethods': size=5692Kb used=1226Kb max_used=1226Kb free=4465Kb
 bounds [0x00007f846c7fb000, 0x00007f846ca6b000, 0x00007f846cd8a000]
 total_blobs=5717 nmethods=4054 adapters=483
 compilation: enabled
              stopped_count=0, restarted_count=0
 full_count=0

Compilation events (10 events):
Event: 55,296 Thread 0x00007f8484192800 nmethod 4781 0x00007f846d1bc990 code [0x00007f846d1bcb80, 0x00007f846d1bd058]
Event: 55,326 Thread 0x00007f8484192800 4782       2       org.eclipse.jdt.internal.compiler.classfmt.AnnotationInfo::decodeDefaultValue (902 bytes)
Event: 55,346 Thread 0x00007f8484192800 nmethod 4782 0x00007f846d1c9e90 code [0x00007f846d1ca340, 0x00007f846d1cbea8]
Event: 56,130 Thread 0x00007f8484192800 4783 %     3       java.lang.ThreadLocal$ThreadLocalMap::getEntryAfterMiss @ 11 (63 bytes)
Event: 97,867 Thread 0x00007f8484192800 nmethod 4783% 0x00007f846d1be490 code [0x00007f846d1be680, 0x00007f846d1becc8]
Event: 98,175 Thread 0x00007f8484192800 4784   !   2       java.util.Locale::getDefault (132 bytes)
Event: 442,426 Thread 0x00007f8484192800 nmethod 4784 0x00007f846d1c6d90 code [0x00007f846d1c6fa0, 0x00007f846d1c7638]
Event: 442,747 Thread 0x00007f8484192800 4786       3       org.eclipse.jdt.internal.compiler.util.SimpleLookupTable::put (104 bytes)
Event: 554,740 Thread 0x00007f8484192800 nmethod 4786 0x00007f846d1c8f10 code [0x00007f846d1c9140, 0x00007f846d1c9b48]
Event: 557,323 Thread 0x00007f8484192800 4790 %     3       jdk.internal.jrtfs.JrtFileSystem::getPath @ 40 (102 bytes)

GC Heap History (10 events):
Event: 31,777 GC heap after
{Heap after GC invocations=20 (full 0):
 garbage-first heap   total 131072K, used 51182K [0x00000000c0000000, 0x0000000100000000)
  region size 1024K, 6 young (6144K), 6 survivors (6144K)
 Metaspace       used 39961K, capacity 42038K, committed 42344K, reserved 1087488K
  class space    used 4021K, capacity 4898K, committed 5048K, reserved 1048576K
}
Event: 34,530 GC heap before
{Heap before GC invocations=21 (full 0):
 garbage-first heap   total 131072K, used 97262K [0x00000000c0000000, 0x0000000100000000)
  region size 1024K, 52 young (53248K), 6 survivors (6144K)
 Metaspace       used 42352K, capacity 44549K, committed 44904K, reserved 1089536K
  class space    used 4298K, capacity 5155K, committed 5304K, reserved 1048576K
}
Event: 34,674 GC heap after
{Heap after GC invocations=22 (full 0):
 garbage-first heap   total 218112K, used 56320K [0x00000000c0000000, 0x0000000100000000)
  region size 1024K, 5 young (5120K), 5 survivors (5120K)
 Metaspace       used 42352K, capacity 44549K, committed 44904K, reserved 1089536K
  class space    used 4298K, capacity 5155K, committed 5304K, reserved 1048576K
}
Event: 64,909 GC heap before
{Heap before GC invocations=22 (full 0):
 garbage-first heap   total 218112K, used 110592K [0x00000000c0000000, 0x0000000100000000)
  region size 1024K, 58 young (59392K), 5 survivors (5120K)
 Metaspace       used 43042K, capacity 45364K, committed 45672K, reserved 1089536K
  class space    used 4380K, capacity 5264K, committed 5304K, reserved 1048576K
}
Event: 76,138 GC heap after
{Heap after GC invocations=23 (full 0):
 garbage-first heap   total 218112K, used 62855K [0x00000000c0000000, 0x0000000100000000)
  region size 1024K, 7 young (7168K), 7 survivors (7168K)
 Metaspace       used 43042K, capacity 45364K, committed 45672K, reserved 1089536K
  class space    used 4380K, capacity 5264K, committed 5304K, reserved 1048576K
}
Event: 274,413 GC heap before
{Heap before GC invocations=23 (full 0):
 garbage-first heap   total 218112K, used 65927K [0x00000000c0000000, 0x0000000100000000)
  region size 1024K, 10 young (10240K), 7 survivors (7168K)
 Metaspace       used 43049K, capacity 45364K, committed 45672K, reserved 1089536K
  class space    used 4381K, capacity 5264K, committed 5304K, reserved 1048576K
}
Event: 342,319 GC heap after
{Heap after GC invocations=24 (full 0):
 garbage-first heap   total 218112K, used 63372K [0x00000000c0000000, 0x0000000100000000)
  region size 1024K, 1 young (1024K), 1 survivors (1024K)
 Metaspace       used 43049K, capacity 45364K, committed 45672K, reserved 1089536K
  class space    used 4381K, capacity 5264K, committed 5304K, reserved 1048576K
}
Event: 482,979 GC heap before
{Heap before GC invocations=24 (full 0):
 garbage-first heap   total 218112K, used 71564K [0x00000000c0000000, 0x0000000100000000)
  region size 1024K, 10 young (10240K), 1 survivors (1024K)
 Metaspace       used 43053K, capacity 45364K, committed 45672K, reserved 1089536K
  class space    used 4381K, capacity 5264K, committed 5304K, reserved 1048576K
}
Event: 547,669 GC heap after
{Heap after GC invocations=25 (full 0):
 garbage-first heap   total 218112K, used 64396K [0x00000000c0000000, 0x0000000100000000)
  region size 1024K, 2 young (2048K), 2 survivors (2048K)
 Metaspace       used 43053K, capacity 45364K, committed 45672K, reserved 1089536K
  class space    used 4381K, capacity 5264K, committed 5304K, reserved 1048576K
}
Event: 708,887 GC heap before
{Heap before GC invocations=25 (full 0):
 garbage-first heap   total 218112K, used 74636K [0x00000000c0000000, 0x0000000100000000)
  region size 1024K, 10 young (10240K), 2 survivors (2048K)
 Metaspace       used 43062K, capacity 45364K, committed 45672K, reserved 1089536K
  class space    used 4385K, capacity 5264K, committed 5304K, reserved 1048576K
}

Deoptimization events (10 events):
Event: 23,347 Thread 0x00007f844836f800 Uncommon trap: reason=unstable_if action=reinterpret pc=0x00007f84743d5264 method=org.eclipse.jdt.internal.core.search.indexing.BinaryIndexer.replace(CC[C)[C @ 1 c2
Event: 26,267 Thread 0x00007f848449d800 Uncommon trap: reason=predicate action=maybe_recompile pc=0x00007f8474384458 method=java.nio.charset.CharsetDecoder.decode(Ljava/nio/ByteBuffer;Ljava/nio/CharBuffer;Z)Ljava/nio/charset/CoderResult; @ 54 c2
Event: 26,268 Thread 0x00007f848449d800 Uncommon trap: reason=class_check action=maybe_recompile pc=0x00007f84743912b0 method=java.nio.charset.CharsetDecoder.decode(Ljava/nio/ByteBuffer;Ljava/nio/CharBuffer;Z)Ljava/nio/charset/CoderResult; @ 57 c2
Event: 26,270 Thread 0x00007f848449d800 Uncommon trap: reason=class_check action=maybe_recompile pc=0x00007f84743912b0 method=java.nio.charset.CharsetDecoder.decode(Ljava/nio/ByteBuffer;Ljava/nio/CharBuffer;Z)Ljava/nio/charset/CoderResult; @ 57 c2
Event: 26,270 Thread 0x00007f848449d800 Uncommon trap: reason=class_check action=maybe_recompile pc=0x00007f84743912b0 method=java.nio.charset.CharsetDecoder.decode(Ljava/nio/ByteBuffer;Ljava/nio/CharBuffer;Z)Ljava/nio/charset/CoderResult; @ 57 c2
Event: 26,271 Thread 0x00007f848449d800 Uncommon trap: reason=class_check action=maybe_recompile pc=0x00007f84743912b0 method=java.nio.charset.CharsetDecoder.decode(Ljava/nio/ByteBuffer;Ljava/nio/CharBuffer;Z)Ljava/nio/charset/CoderResult; @ 57 c2
Event: 26,707 Thread 0x00007f848449d800 Uncommon trap: reason=unstable_if action=reinterpret pc=0x00007f847437df00 method=org.eclipse.osgi.storage.bundlefile.CloseableBundleFile.open(Z)V @ 11 c2
Event: 27,116 Thread 0x00007f844836f800 Uncommon trap: reason=unstable_if action=reinterpret pc=0x00007f84743d8f3c method=org.eclipse.jdt.internal.core.search.indexing.BinaryIndexer.extractArgCount([C[C)I @ 239 c2
Event: 27,287 Thread 0x00007f848449d800 Uncommon trap: reason=unstable_if action=reinterpret pc=0x00007f8474364c18 method=java.util.Properties.loadConvert([CII[C)Ljava/lang/String; @ 72 c2
Event: 28,328 Thread 0x00007f8450027000 Uncommon trap: reason=unstable_if action=reinterpret pc=0x00007f84743e2140 method=org.codehaus.plexus.util.xml.pull.MXParser.nextImpl()I @ 269 c2

Classes redefined (0 events):
No events

Internal exceptions (10 events):
Event: 25,262 Thread 0x00007f848449d800 Exception <a 'java/lang/NoClassDefFoundError'{0x00000000c3e68ee0}: javax/annotation/Priority> (0x00000000c3e68ee0) thrown at [/scratch/opt/mach5/mesos/work_dir/slaves/ae206c0d-865c-4d69-a16b-c4e90bf2719f-S646/frameworks/1735e8a2-a1db-478c-8104-60c8b0af87d
Event: 27,308 Thread 0x00007f848449d800 Exception <a 'java/lang/ClassNotFoundException'{0x00000000c678bfe8}: com/sun/org/apache/xml/internal/serializer/spi/XMLEntitiesProvider> (0x00000000c678bfe8) thrown at [/scratch/opt/mach5/mesos/work_dir/slaves/ae206c0d-865c-4d69-a16b-c4e90bf2719f-S646/fra
Event: 28,928 Thread 0x00007f8484012000 Exception <a 'java/lang/NoSuchMethodError'{0x00000000c6c086f0}: java.lang.invoke.DirectMethodHandle$Holder.invokeStatic(Ljava/lang/Object;Ljava/lang/Object;Ljava/lang/Object;Ljava/lang/Object;)V> (0x00000000c6c086f0) thrown at [/scratch/opt/mach5/mesos/wo
Event: 31,231 Thread 0x00007f84481e3000 Exception <a 'java/io/FileNotFoundException'{0x00000000c5af14e0}> (0x00000000c5af14e0) thrown at [/scratch/opt/mach5/mesos/work_dir/slaves/ae206c0d-865c-4d69-a16b-c4e90bf2719f-S646/frameworks/1735e8a2-a1db-478c-8104-60c8b0af87dd-0196/executors/9e8e1abd-20
Event: 32,030 Thread 0x00007f8484012000 Exception <a 'java/lang/NoSuchMethodError'{0x00000000c7c13ef0}: java.lang.invoke.DirectMethodHandle$Holder.invokeStaticInit(Ljava/lang/Object;Ljava/lang/Object;Ljava/lang/Object;)V> (0x00000000c7c13ef0) thrown at [/scratch/opt/mach5/mesos/work_dir/slaves/
Event: 33,779 Thread 0x00007f8484515800 Exception <a 'java/lang/NoSuchMethodError'{0x00000000c6088430}: java.lang.invoke.DirectMethodHandle$Holder.invokeStatic(Ljava/lang/Object;Ljava/lang/Object;Ljava/lang/Object;Ljava/lang/Object;Ljava/lang/Object;Ljava/lang/Object;)V> (0x00000000c6088430) th
Event: 34,430 Thread 0x00007f8450027000 Exception <a 'java/io/FileNotFoundException'{0x00000000c569fb10}> (0x00000000c569fb10) thrown at [/scratch/opt/mach5/mesos/work_dir/slaves/ae206c0d-865c-4d69-a16b-c4e90bf2719f-S646/frameworks/1735e8a2-a1db-478c-8104-60c8b0af87dd-0196/executors/9e8e1abd-20
Event: 34,486 Thread 0x00007f8450027000 Exception <a 'java/io/FileNotFoundException'{0x00000000c56c5730}> (0x00000000c56c5730) thrown at [/scratch/opt/mach5/mesos/work_dir/slaves/ae206c0d-865c-4d69-a16b-c4e90bf2719f-S646/frameworks/1735e8a2-a1db-478c-8104-60c8b0af87dd-0196/executors/9e8e1abd-20
Event: 34,755 Thread 0x00007f8450027000 Exception <a 'java/io/FileNotFoundException'{0x00000000cd4a0860}> (0x00000000cd4a0860) thrown at [/scratch/opt/mach5/mesos/work_dir/slaves/ae206c0d-865c-4d69-a16b-c4e90bf2719f-S646/frameworks/1735e8a2-a1db-478c-8104-60c8b0af87dd-0196/executors/9e8e1abd-20
Event: 35,519 Thread 0x00007f8450027000 Exception <a 'java/io/FileNotFoundException'{0x00000000cc830bb8}> (0x00000000cc830bb8) thrown at [/scratch/opt/mach5/mesos/work_dir/slaves/ae206c0d-865c-4d69-a16b-c4e90bf2719f-S646/frameworks/1735e8a2-a1db-478c-8104-60c8b0af87dd-0196/executors/9e8e1abd-20

Events (10 events):
Event: 694,590 Thread 0x00007f8484194800 flushing nmethod 0x00007f846d3f9d10
Event: 695,159 Thread 0x00007f844836f800 DEOPT PACKING pc=0x00007f846d449e30 sp=0x00007f842bbfdee0
Event: 695,519 Thread 0x00007f844836f800 DEOPT UNPACKING pc=0x00007f846c82292b sp=0x00007f842bbfd470 mode 0
Event: 697,119 Executing VM operation: RevokeBias
Event: 699,861 Executing VM operation: RevokeBias done
Event: 702,052 Thread 0x00007f844836f800 DEOPT PACKING pc=0x00007f846d449e8f sp=0x00007f842bbfdee0
Event: 702,499 Thread 0x00007f844836f800 DEOPT UNPACKING pc=0x00007f846c82292b sp=0x00007f842bbfd470 mode 0
Event: 704,756 Executing VM operation: RevokeBias
Event: 706,915 Executing VM operation: RevokeBias done
Event: 707,377 Executing VM operation: G1CollectForAllocation


Dynamic libraries:
00400000-00401000 r-xp 00000000 08:02 1716899                            /usr/lib/jvm/jdk-11.0.4/bin/java
00600000-00601000 r--p 00000000 08:02 1716899                            /usr/lib/jvm/jdk-11.0.4/bin/java
00601000-00602000 rw-p 00001000 08:02 1716899                            /usr/lib/jvm/jdk-11.0.4/bin/java
01ace000-01aef000 rw-p 00000000 00:00 0                                  [heap]
c0000000-cd500000 rw-p 00000000 00:00 0 
e1a00000-100000000 ---p 00000000 00:00 0 
100000000-10052e000 rw-p 00000000 00:00 0 
10052e000-140000000 ---p 00000000 00:00 0 
7f8421dd6000-7f842201a000 rw-p 00000000 00:00 0 
7f842201a000-7f842201e000 ---p 00000000 00:00 0 
7f842201e000-7f842211b000 rw-p 00000000 00:00 0 
7f842211b000-7f842211f000 ---p 00000000 00:00 0 
7f842211f000-7f842239c000 rw-p 00000000 00:00 0 
7f842239c000-7f842241c000 ---p 00000000 00:00 0 
7f842241c000-7f8422420000 ---p 00000000 00:00 0 
7f8422420000-7f842271d000 rw-p 00000000 00:00 0 
7f842271d000-7f8422721000 ---p 00000000 00:00 0 
7f8422721000-7f8422a1e000 rw-p 00000000 00:00 0 
7f8422a1e000-7f8422c1e000 rw-p 00000000 00:00 0 
7f8422c1e000-7f8422e1e000 rw-p 00000000 00:00 0 
7f8422e1e000-7f8422e22000 ---p 00000000 00:00 0 
7f8422e22000-7f842311f000 rw-p 00000000 00:00 0 
7f842311f000-7f842331f000 rw-p 00000000 00:00 0 
7f842331f000-7f842351f000 rw-p 00000000 00:00 0 
7f842351f000-7f842b8ff000 r--s 00000000 08:02 1717041                    /usr/lib/jvm/jdk-11.0.4/lib/modules
7f842b8ff000-7f842baff000 rw-p 00000000 00:00 0 
7f842baff000-7f842bb03000 ---p 00000000 00:00 0 
7f842bb03000-7f842be00000 rw-p 00000000 00:00 0 
7f842be00000-7f842bfec000 rw-p 00000000 00:00 0 
7f842bfec000-7f842c000000 ---p 00000000 00:00 0 
7f842c000000-7f842c021000 rw-p 00000000 00:00 0 
7f842c021000-7f8430000000 ---p 00000000 00:00 0 
7f8430000000-7f8430021000 rw-p 00000000 00:00 0 
7f8430021000-7f8434000000 ---p 00000000 00:00 0 
7f8434000000-7f843616d000 rw-p 00000000 00:00 0 
7f843616d000-7f8438000000 ---p 00000000 00:00 0 
7f8438000000-7f8438814000 rw-p 00000000 00:00 0 
7f8438814000-7f843c000000 ---p 00000000 00:00 0 
7f843c000000-7f843c021000 rw-p 00000000 00:00 0 
7f843c021000-7f8440000000 ---p 00000000 00:00 0 
7f8440000000-7f8440021000 rw-p 00000000 00:00 0 
7f8440021000-7f8444000000 ---p 00000000 00:00 0 
7f8444000000-7f84442a5000 rw-p 00000000 00:00 0 
7f84442a5000-7f8448000000 ---p 00000000 00:00 0 
7f8448000000-7f8448ae8000 rw-p 00000000 00:00 0 
7f8448ae8000-7f844c000000 ---p 00000000 00:00 0 
7f844c000000-7f844c1a9000 rw-p 00000000 00:00 0 
7f844c1a9000-7f8450000000 ---p 00000000 00:00 0 
7f8450000000-7f8450261000 rw-p 00000000 00:00 0 
7f8450261000-7f8454000000 ---p 00000000 00:00 0 
7f8454000000-7f8454021000 rw-p 00000000 00:00 0 
7f8454021000-7f8458000000 ---p 00000000 00:00 0 
7f8458000000-7f84580dc000 rw-p 00000000 00:00 0 
7f84580dc000-7f845c000000 ---p 00000000 00:00 0 
7f845c0b4000-7f845c0b8000 ---p 00000000 00:00 0 
7f845c0b8000-7f845c1b5000 rw-p 00000000 00:00 0 
7f845c1b5000-7f845c1b9000 ---p 00000000 00:00 0 
7f845c1b9000-7f845c2b6000 rw-p 00000000 00:00 0 
7f845c2b6000-7f845c2ba000 ---p 00000000 00:00 0 
7f845c2ba000-7f845c5b7000 rw-p 00000000 00:00 0 
7f845c5b7000-7f845c7b7000 rw-p 00000000 00:00 0 
7f845c7b7000-7f845c7bb000 ---p 00000000 00:00 0 
7f845c7bb000-7f845cab8000 rw-p 00000000 00:00 0 
7f845cab8000-7f845cac8000 r-xp 00000000 08:03 422761                     /home/shanon/.vscode/extensions/redhat.java-0.51.0/server/config_linux/org.eclipse.equinox.launcher/org.eclipse.equinox.launcher.gtk.linux.x86_64_1.1.1100.v20190907-0426/eclipse_1801.so
7f845cac8000-7f845ccc7000 ---p 00010000 08:03 422761                     /home/shanon/.vscode/extensions/redhat.java-0.51.0/server/config_linux/org.eclipse.equinox.launcher/org.eclipse.equinox.launcher.gtk.linux.x86_64_1.1.1100.v20190907-0426/eclipse_1801.so
7f845ccc7000-7f845ccc8000 r--p 0000f000 08:03 422761                     /home/shanon/.vscode/extensions/redhat.java-0.51.0/server/config_linux/org.eclipse.equinox.launcher/org.eclipse.equinox.launcher.gtk.linux.x86_64_1.1.1100.v20190907-0426/eclipse_1801.so
7f845ccc8000-7f845ccc9000 rw-p 00010000 08:03 422761                     /home/shanon/.vscode/extensions/redhat.java-0.51.0/server/config_linux/org.eclipse.equinox.launcher/org.eclipse.equinox.launcher.gtk.linux.x86_64_1.1.1100.v20190907-0426/eclipse_1801.so
7f845ccc9000-7f845cccd000 ---p 00000000 00:00 0 
7f845cccd000-7f845cdca000 rw-p 00000000 00:00 0 
7f845cdca000-7f845cdce000 ---p 00000000 00:00 0 
7f845cdce000-7f845cecb000 rw-p 00000000 00:00 0 
7f845cecb000-7f845cecf000 ---p 00000000 00:00 0 
7f845cecf000-7f845d1cc000 rw-p 00000000 00:00 0 
7f845d1cc000-7f845d1cd000 ---p 00000000 00:00 0 
7f845d1cd000-7f845d2ce000 rw-p 00000000 00:00 0 
7f845d2ce000-7f845d2cf000 ---p 00000000 00:00 0 
7f845d2cf000-7f845d5d0000 rw-p 00000000 00:00 0 
7f845d5d0000-7f845d5e6000 r-xp 00000000 08:02 1717019                    /usr/lib/jvm/jdk-11.0.4/lib/libnet.so
7f845d5e6000-7f845d7e6000 ---p 00016000 08:02 1717019                    /usr/lib/jvm/jdk-11.0.4/lib/libnet.so
7f845d7e6000-7f845d7e7000 r--p 00016000 08:02 1717019                    /usr/lib/jvm/jdk-11.0.4/lib/libnet.so
7f845d7e7000-7f845d7e8000 rw-p 00017000 08:02 1717019                    /usr/lib/jvm/jdk-11.0.4/lib/libnet.so
7f845d7e8000-7f845d7f8000 r-xp 00000000 08:02 1716985                    /usr/lib/jvm/jdk-11.0.4/lib/libnio.so
7f845d7f8000-7f845d9f7000 ---p 00010000 08:02 1716985                    /usr/lib/jvm/jdk-11.0.4/lib/libnio.so
7f845d9f7000-7f845d9f8000 r--p 0000f000 08:02 1716985                    /usr/lib/jvm/jdk-11.0.4/lib/libnio.so
7f845d9f8000-7f845d9f9000 rw-p 00010000 08:02 1716985                    /usr/lib/jvm/jdk-11.0.4/lib/libnio.so
7f845d9f9000-7f845d9fa000 ---p 00000000 00:00 0 
7f845d9fa000-7f845dafb000 rw-p 00000000 00:00 0 
7f845dafb000-7f845daff000 ---p 00000000 00:00 0 
7f845daff000-7f845dbfc000 rw-p 00000000 00:00 0 
7f845dbfc000-7f845dc00000 ---p 00000000 00:00 0 
7f845dc00000-7f845dcfd000 rw-p 00000000 00:00 0 
7f845dcfd000-7f845dd01000 ---p 00000000 00:00 0 
7f845dd01000-7f845ddfe000 rw-p 00000000 00:00 0 
7f845ddfe000-7f845de02000 ---p 00000000 00:00 0 
7f845de02000-7f845deff000 rw-p 00000000 00:00 0 
7f845deff000-7f845df03000 ---p 00000000 00:00 0 
7f845df03000-7f8460000000 rw-p 00000000 00:00 0 
7f8460000000-7f8460021000 rw-p 00000000 00:00 0 
7f8460021000-7f8464000000 ---p 00000000 00:00 0 
7f8464021000-7f8464025000 ---p 00000000 00:00 0 
7f8464025000-7f8464122000 rw-p 00000000 00:00 0 
7f8464122000-7f8464af2000 r--p 00000000 08:02 658661                     /usr/lib/locale/locale-archive
7f8464af2000-7f8464af6000 ---p 00000000 00:00 0 
7f8464af6000-7f8464bf3000 rw-p 00000000 00:00 0 
7f8464bf3000-7f8464bf7000 ---p 00000000 00:00 0 
7f8464bf7000-7f8464cf4000 rw-p 00000000 00:00 0 
7f8464cf4000-7f8464cf5000 ---p 00000000 00:00 0 
7f8464cf5000-7f84655f6000 rw-p 00000000 00:00 0 
7f84655f6000-7f84655f7000 ---p 00000000 00:00 0 
7f84655f7000-7f84656f8000 rw-p 00000000 00:00 0 
7f84656f8000-7f84656f9000 ---p 00000000 00:00 0 
7f84656f9000-7f84657fa000 rw-p 00000000 00:00 0 
7f84657fa000-7f84657fb000 ---p 00000000 00:00 0 
7f84657fb000-7f8465afe000 rw-p 00000000 00:00 0 
7f8465afe000-7f8465aff000 ---p 00000000 00:00 0 
7f8465aff000-7f8465f54000 rw-p 00000000 00:00 0 
7f8465f54000-7f8466c00000 ---p 00000000 00:00 0 
7f8466c00000-7f8466f54000 rw-p 00000000 00:00 0 
7f8466f54000-7f8467c00000 ---p 00000000 00:00 0 
7f8467c00000-7f8467c6b000 rw-p 00000000 00:00 0 
7f8467c6b000-7f8467e00000 ---p 00000000 00:00 0 
7f8467e00000-7f8467e6b000 rw-p 00000000 00:00 0 
7f8467e6b000-7f8468000000 ---p 00000000 00:00 0 
7f8468000000-7f8468051000 rw-p 00000000 00:00 0 
7f8468051000-7f846c000000 ---p 00000000 00:00 0 
7f846c01f000-7f846c020000 ---p 00000000 00:00 0 
7f846c020000-7f846c18c000 rw-p 00000000 00:00 0 
7f846c18c000-7f846c321000 ---p 00000000 00:00 0 
7f846c321000-7f846c523000 rw-p 00000000 00:00 0 
7f846c523000-7f846c524000 ---p 00000000 00:00 0 
7f846c524000-7f846c62a000 rw-p 00000000 00:00 0 
7f846c62a000-7f846c710000 ---p 00000000 00:00 0 
7f846c710000-7f846c722000 rw-p 00000000 00:00 0 
7f846c722000-7f846c7fb000 ---p 00000000 00:00 0 
7f846c7fb000-7f846ca6b000 rwxp 00000000 00:00 0 
7f846ca6b000-7f846cd8a000 ---p 00000000 00:00 0 
7f846cd8a000-7f846d62a000 rwxp 00000000 00:00 0 
7f846d62a000-7f84742c2000 ---p 00000000 00:00 0 
7f84742c2000-7f8474532000 rwxp 00000000 00:00 0 
7f8474532000-7f847b7fb000 ---p 00000000 00:00 0 
7f847b7fb000-7f8483bdb000 r--s 00000000 08:02 1717041                    /usr/lib/jvm/jdk-11.0.4/lib/modules
7f8483bdb000-7f8483bf6000 r-xp 00000000 08:02 1717017                    /usr/lib/jvm/jdk-11.0.4/lib/libjimage.so
7f8483bf6000-7f8483df5000 ---p 0001b000 08:02 1717017                    /usr/lib/jvm/jdk-11.0.4/lib/libjimage.so
7f8483df5000-7f8483df7000 r--p 0001a000 08:02 1717017                    /usr/lib/jvm/jdk-11.0.4/lib/libjimage.so
7f8483df7000-7f8483df8000 rw-p 0001c000 08:02 1717017                    /usr/lib/jvm/jdk-11.0.4/lib/libjimage.so
7f8483df8000-7f8483dff000 r-xp 00000000 08:02 1716988                    /usr/lib/jvm/jdk-11.0.4/lib/libzip.so
7f8483dff000-7f8483ffe000 ---p 00007000 08:02 1716988                    /usr/lib/jvm/jdk-11.0.4/lib/libzip.so
7f8483ffe000-7f8483fff000 r--p 00006000 08:02 1716988                    /usr/lib/jvm/jdk-11.0.4/lib/libzip.so
7f8483fff000-7f8484000000 rw-p 00007000 08:02 1716988                    /usr/lib/jvm/jdk-11.0.4/lib/libzip.so
7f8484000000-7f84845ba000 rw-p 00000000 00:00 0 
7f84845ba000-7f8488000000 ---p 00000000 00:00 0 
7f848802c000-7f84880ad000 rw-p 00000000 00:00 0 
7f84880ad000-7f84880b8000 r-xp 00000000 08:02 398133                     /lib/x86_64-linux-gnu/libnss_files-2.27.so
7f84880b8000-7f84882b7000 ---p 0000b000 08:02 398133                     /lib/x86_64-linux-gnu/libnss_files-2.27.so
7f84882b7000-7f84882b8000 r--p 0000a000 08:02 398133                     /lib/x86_64-linux-gnu/libnss_files-2.27.so
7f84882b8000-7f84882b9000 rw-p 0000b000 08:02 398133                     /lib/x86_64-linux-gnu/libnss_files-2.27.so
7f84882b9000-7f84882bf000 rw-p 00000000 00:00 0 
7f84882bf000-7f84882d6000 r-xp 00000000 08:02 398127                     /lib/x86_64-linux-gnu/libnsl-2.27.so
7f84882d6000-7f84884d5000 ---p 00017000 08:02 398127                     /lib/x86_64-linux-gnu/libnsl-2.27.so
7f84884d5000-7f84884d6000 r--p 00016000 08:02 398127                     /lib/x86_64-linux-gnu/libnsl-2.27.so
7f84884d6000-7f84884d7000 rw-p 00017000 08:02 398127                     /lib/x86_64-linux-gnu/libnsl-2.27.so
7f84884d7000-7f84884d9000 rw-p 00000000 00:00 0 
7f84884d9000-7f84884e4000 r-xp 00000000 08:02 398144                     /lib/x86_64-linux-gnu/libnss_nis-2.27.so
7f84884e4000-7f84886e3000 ---p 0000b000 08:02 398144                     /lib/x86_64-linux-gnu/libnss_nis-2.27.so
7f84886e3000-7f84886e4000 r--p 0000a000 08:02 398144                     /lib/x86_64-linux-gnu/libnss_nis-2.27.so
7f84886e4000-7f84886e5000 rw-p 0000b000 08:02 398144                     /lib/x86_64-linux-gnu/libnss_nis-2.27.so
7f84886e5000-7f84886ed000 r-xp 00000000 08:02 398129                     /lib/x86_64-linux-gnu/libnss_compat-2.27.so
7f84886ed000-7f84888ed000 ---p 00008000 08:02 398129                     /lib/x86_64-linux-gnu/libnss_compat-2.27.so
7f84888ed000-7f84888ee000 r--p 00008000 08:02 398129                     /lib/x86_64-linux-gnu/libnss_compat-2.27.so
7f84888ee000-7f84888ef000 rw-p 00009000 08:02 398129                     /lib/x86_64-linux-gnu/libnss_compat-2.27.so
7f84888ef000-7f8488918000 r-xp 00000000 08:02 1716989                    /usr/lib/jvm/jdk-11.0.4/lib/libjava.so
7f8488918000-7f8488b18000 ---p 00029000 08:02 1716989                    /usr/lib/jvm/jdk-11.0.4/lib/libjava.so
7f8488b18000-7f8488b19000 r--p 00029000 08:02 1716989                    /usr/lib/jvm/jdk-11.0.4/lib/libjava.so
7f8488b19000-7f8488b1b000 rw-p 0002a000 08:02 1716989                    /usr/lib/jvm/jdk-11.0.4/lib/libjava.so
7f8488b1b000-7f8488b28000 r-xp 00000000 08:02 1717036                    /usr/lib/jvm/jdk-11.0.4/lib/libverify.so
7f8488b28000-7f8488d27000 ---p 0000d000 08:02 1717036                    /usr/lib/jvm/jdk-11.0.4/lib/libverify.so
7f8488d27000-7f8488d29000 r--p 0000c000 08:02 1717036                    /usr/lib/jvm/jdk-11.0.4/lib/libverify.so
7f8488d29000-7f8488d2a000 rw-p 0000e000 08:02 1717036                    /usr/lib/jvm/jdk-11.0.4/lib/libverify.so
7f8488d2a000-7f8488d31000 r-xp 00000000 08:02 398184                     /lib/x86_64-linux-gnu/librt-2.27.so
7f8488d31000-7f8488f30000 ---p 00007000 08:02 398184                     /lib/x86_64-linux-gnu/librt-2.27.so
7f8488f30000-7f8488f31000 r--p 00006000 08:02 398184                     /lib/x86_64-linux-gnu/librt-2.27.so
7f8488f31000-7f8488f32000 rw-p 00007000 08:02 398184                     /lib/x86_64-linux-gnu/librt-2.27.so
7f8488f32000-7f84890cf000 r-xp 00000000 08:02 398106                     /lib/x86_64-linux-gnu/libm-2.27.so
7f84890cf000-7f84892ce000 ---p 0019d000 08:02 398106                     /lib/x86_64-linux-gnu/libm-2.27.so
7f84892ce000-7f84892cf000 r--p 0019c000 08:02 398106                     /lib/x86_64-linux-gnu/libm-2.27.so
7f84892cf000-7f84892d0000 rw-p 0019d000 08:02 398106                     /lib/x86_64-linux-gnu/libm-2.27.so
7f84892d0000-7f848a410000 r-xp 00000000 08:02 1717029                    /usr/lib/jvm/jdk-11.0.4/lib/server/libjvm.so
7f848a410000-7f848a60f000 ---p 01140000 08:02 1717029                    /usr/lib/jvm/jdk-11.0.4/lib/server/libjvm.so
7f848a60f000-7f848a6ce000 r--p 0113f000 08:02 1717029                    /usr/lib/jvm/jdk-11.0.4/lib/server/libjvm.so
7f848a6ce000-7f848a707000 rw-p 011fe000 08:02 1717029                    /usr/lib/jvm/jdk-11.0.4/lib/server/libjvm.so
7f848a707000-7f848a75e000 rw-p 00000000 00:00 0 
7f848a75e000-7f848a945000 r-xp 00000000 08:02 398043                     /lib/x86_64-linux-gnu/libc-2.27.so
7f848a945000-7f848ab45000 ---p 001e7000 08:02 398043                     /lib/x86_64-linux-gnu/libc-2.27.so
7f848ab45000-7f848ab49000 r--p 001e7000 08:02 398043                     /lib/x86_64-linux-gnu/libc-2.27.so
7f848ab49000-7f848ab4b000 rw-p 001eb000 08:02 398043                     /lib/x86_64-linux-gnu/libc-2.27.so
7f848ab4b000-7f848ab4f000 rw-p 00000000 00:00 0 
7f848ab4f000-7f848ab52000 r-xp 00000000 08:02 398066                     /lib/x86_64-linux-gnu/libdl-2.27.so
7f848ab52000-7f848ad51000 ---p 00003000 08:02 398066                     /lib/x86_64-linux-gnu/libdl-2.27.so
7f848ad51000-7f848ad52000 r--p 00002000 08:02 398066                     /lib/x86_64-linux-gnu/libdl-2.27.so
7f848ad52000-7f848ad53000 rw-p 00003000 08:02 398066                     /lib/x86_64-linux-gnu/libdl-2.27.so
7f848ad53000-7f848ad63000 r-xp 00000000 08:02 1717002                    /usr/lib/jvm/jdk-11.0.4/lib/jli/libjli.so
7f848ad63000-7f848af62000 ---p 00010000 08:02 1717002                    /usr/lib/jvm/jdk-11.0.4/lib/jli/libjli.so
7f848af62000-7f848af63000 r--p 0000f000 08:02 1717002                    /usr/lib/jvm/jdk-11.0.4/lib/jli/libjli.so
7f848af63000-7f848af64000 rw-p 00010000 08:02 1717002                    /usr/lib/jvm/jdk-11.0.4/lib/jli/libjli.so
7f848af64000-7f848af7e000 r-xp 00000000 08:02 398176                     /lib/x86_64-linux-gnu/libpthread-2.27.so
7f848af7e000-7f848b17d000 ---p 0001a000 08:02 398176                     /lib/x86_64-linux-gnu/libpthread-2.27.so
7f848b17d000-7f848b17e000 r--p 00019000 08:02 398176                     /lib/x86_64-linux-gnu/libpthread-2.27.so
7f848b17e000-7f848b17f000 rw-p 0001a000 08:02 398176                     /lib/x86_64-linux-gnu/libpthread-2.27.so
7f848b17f000-7f848b183000 rw-p 00000000 00:00 0 
7f848b183000-7f848b19f000 r-xp 00000000 08:02 398215                     /lib/x86_64-linux-gnu/libz.so.1.2.11
7f848b19f000-7f848b39e000 ---p 0001c000 08:02 398215                     /lib/x86_64-linux-gnu/libz.so.1.2.11
7f848b39e000-7f848b39f000 r--p 0001b000 08:02 398215                     /lib/x86_64-linux-gnu/libz.so.1.2.11
7f848b39f000-7f848b3a0000 rw-p 0001c000 08:02 398215                     /lib/x86_64-linux-gnu/libz.so.1.2.11
7f848b3a0000-7f848b3c7000 r-xp 00000000 08:02 398015                     /lib/x86_64-linux-gnu/ld-2.27.so
7f848b40b000-7f848b40f000 ---p 00000000 00:00 0 
7f848b40f000-7f848b4ab000 rw-p 00000000 00:00 0 
7f848b4ab000-7f848b4af000 ---p 00000000 00:00 0 
7f848b4af000-7f848b5b0000 rw-p 00000000 00:00 0 
7f848b5b1000-7f848b5b6000 rw-p 00000000 00:00 0 
7f848b5b6000-7f848b5bd000 ---p 00000000 00:00 0 
7f848b5bd000-7f848b5c5000 rw-s 00000000 08:02 398158                     /tmp/hsperfdata_shanon/8568
7f848b5c5000-7f848b5c6000 ---p 00000000 00:00 0 
7f848b5c6000-7f848b5c7000 r--p 00000000 00:00 0 
7f848b5c7000-7f848b5c8000 r--p 00027000 08:02 398015                     /lib/x86_64-linux-gnu/ld-2.27.so
7f848b5c8000-7f848b5c9000 rw-p 00028000 08:02 398015                     /lib/x86_64-linux-gnu/ld-2.27.so
7f848b5c9000-7f848b5ca000 rw-p 00000000 00:00 0 
7ffc12e73000-7ffc12e94000 rw-p 00000000 00:00 0                          [stack]
7ffc12ee1000-7ffc12ee4000 r--p 00000000 00:00 0                          [vvar]
7ffc12ee4000-7ffc12ee5000 r-xp 00000000 00:00 0                          [vdso]
ffffffffff600000-ffffffffff601000 r-xp 00000000 00:00 0                  [vsyscall]


VM Arguments:
jvm_args: --add-modules=ALL-SYSTEM --add-opens=java.base/java.util=ALL-UNNAMED --add-opens=java.base/java.lang=ALL-UNNAMED -Declipse.application=org.eclipse.jdt.ls.core.id1 -Dosgi.bundles.defaultStartLevel=4 -Declipse.product=org.eclipse.jdt.ls.core.product -Dfile.encoding=utf8 -Xverify:none -Xmx1G -XX:+UseG1GC -XX:+UseStringDeduplication 
java_command: /home/shanon/.vscode/extensions/redhat.java-0.51.0/server/plugins/org.eclipse.equinox.launcher_1.5.600.v20191014-2022.jar -configuration /home/shanon/.vscode/extensions/redhat.java-0.51.0/server/config_linux -data /home/shanon/.config/Code/User/workspaceStorage/796ff5be5d64afd0ddd81c48f9a0cb26/redhat.java/jdt_ws
java_class_path (initial): /home/shanon/.vscode/extensions/redhat.java-0.51.0/server/plugins/org.eclipse.equinox.launcher_1.5.600.v20191014-2022.jar
Launcher Type: SUN_STANDARD

[Global flags]
     bool BytecodeVerificationLocal                = false                                     {product} {command line}
     bool BytecodeVerificationRemote               = false                                     {product} {command line}
     intx CICompilerCount                          = 2                                         {product} {ergonomic}
     uint ConcGCThreads                            = 1                                         {product} {ergonomic}
     uint G1ConcRefinementThreads                  = 2                                         {product} {ergonomic}
   size_t G1HeapRegionSize                         = 1048576                                   {product} {ergonomic}
    uintx GCDrainStackTargetSize                   = 64                                        {product} {ergonomic}
   size_t InitialHeapSize                          = 62914560                                  {product} {ergonomic}
   size_t MarkStackSize                            = 4194304                                   {product} {ergonomic}
   size_t MaxHeapSize                              = 1073741824                                {product} {command line}
   size_t MaxNewSize                               = 643825664                                 {product} {ergonomic}
   size_t MinHeapDeltaBytes                        = 1048576                                   {product} {ergonomic}
    uintx NonNMethodCodeHeapSize                   = 5824844                                {pd product} {ergonomic}
    uintx NonProfiledCodeHeapSize                  = 122916698                              {pd product} {ergonomic}
    uintx ProfiledCodeHeapSize                     = 122916698                              {pd product} {ergonomic}
    uintx ReservedCodeCacheSize                    = 251658240                              {pd product} {ergonomic}
     bool SegmentedCodeCache                       = true                                      {product} {ergonomic}
     bool UseCompressedClassPointers               = true                                 {lp64_product} {ergonomic}
     bool UseCompressedOops                        = true                                 {lp64_product} {ergonomic}
     bool UseG1GC                                  = true                                      {product} {command line}
     bool UseStringDeduplication                   = true                                      {product} {command line}


