#
# There is insufficient memory for the Java Runtime Environment to continue.
# Native memory allocation (mmap) failed to map 347078656 bytes for committing reserved memory.
# Possible reasons:
#   The system is out of physical RAM or swap space
#   The process is running with CompressedOops enabled, and the Java Heap may be blocking the growth of the native heap
# Possible solutions:
#   Reduce memory load on the system
#   Increase physical memory or swap space
#   Check if swap backing store is full
#   Decrease Java heap size (-Xmx/-Xms)
#   Decrease number of Java threads
#   Decrease Java thread stack sizes (-Xss)
#   Set larger code cache with -XX:ReservedCodeCacheSize=
#   JVM is running with Unscaled Compressed Oops mode in which the Java heap is
#     placed in the first 4GB address space. The Java Heap base address is the
#     maximum limit for the native heap growth. Please use -XX:HeapBaseMinAddress
#     to set the Java Heap base and to place the Java Heap above 4GB virtual address.
# This output file may be truncated or incomplete.
#
#  Out of Memory Error (os_linux.cpp:2720), pid=4041, tid=4056
#
# JRE version: Java(TM) SE Runtime Environment (11.0.4+10) (build 11.0.4+10-LTS)
# Java VM: Java HotSpot(TM) 64-Bit Server VM (11.0.4+10-LTS, mixed mode, tiered, compressed oops, g1 gc, linux-amd64)
# Core dump will be written. Default location: Core dumps may be processed with "/usr/share/apport/apport %p %s %c %d %P" (or dumping to /home/shanon/react-native/AwesomeProject/core.4041)
#

---------------  S U M M A R Y ------------

Command Line: --add-modules=ALL-SYSTEM --add-opens=java.base/java.util=ALL-UNNAMED --add-opens=java.base/java.lang=ALL-UNNAMED -Declipse.application=org.eclipse.jdt.ls.core.id1 -Dosgi.bundles.defaultStartLevel=4 -Declipse.product=org.eclipse.jdt.ls.core.product -Dfile.encoding=utf8 -Xverify:none -Xmx1G -XX:+UseG1GC -XX:+UseStringDeduplication /home/shanon/.vscode/extensions/redhat.java-0.52.0/server/plugins/org.eclipse.equinox.launcher_1.5.600.v20191014-2022.jar -configuration /home/shanon/.vscode/extensions/redhat.java-0.52.0/server/config_linux -data /home/shanon/.config/Code/User/workspaceStorage/ad502a1f8c70402deb172870f80bf534/redhat.java/jdt_ws

Host: Intel(R) Celeron(R) CPU  N3060  @ 1.60GHz, 2 cores, 3G, Ubuntu 18.04.3 LTS
Time: Sun Nov  3 20:22:50 2019 WIB elapsed time: 91 seconds (0d 0h 1m 31s)

---------------  T H R E A D  ---------------

Current thread (0x00007fa3a415c800):  VMThread "VM Thread" [stack: 0x00007fa38c597000,0x00007fa38c697000] [id=4056]

Stack: [0x00007fa38c597000,0x00007fa38c697000],  sp=0x00007fa38c694f20,  free space=1015k
Native frames: (J=compiled Java code, A=aot compiled Java code, j=interpreted, Vv=VM code, C=native code)
V  [libjvm.so+0xe29e27]  VMError::report_and_die(int, char const*, char const*, __va_list_tag*, Thread*, unsigned char*, void*, void*, char const*, int, unsigned long)+0x317
V  [libjvm.so+0xe2aa8b]  VMError::report_and_die(Thread*, char const*, int, unsigned long, VMErrorType, char const*, __va_list_tag*)+0x2b
V  [libjvm.so+0x69a845]  report_vm_out_of_memory(char const*, int, unsigned long, VMErrorType, char const*, ...)+0xd5
V  [libjvm.so+0xc041d8]  os::pd_commit_memory_or_exit(char*, unsigned long, unsigned long, bool, char const*)+0x108
V  [libjvm.so+0xbfb73d]  os::commit_memory_or_exit(char*, unsigned long, unsigned long, bool, char const*)+0x1d
V  [libjvm.so+0x7b3aec]  G1PageBasedVirtualSpace::commit_preferred_pages(unsigned long, unsigned long)+0x6c
V  [libjvm.so+0x7b3d8e]  G1PageBasedVirtualSpace::commit(unsigned long, unsigned long)+0x5e
V  [libjvm.so+0x7bfb60]  G1RegionsLargerThanCommitSizeMapper::commit_regions(unsigned int, unsigned long, WorkGang*)+0x40
V  [libjvm.so+0x83b5a9]  HeapRegionManager::commit_regions(unsigned int, unsigned long, WorkGang*)+0x89
V  [libjvm.so+0x83c1ff]  HeapRegionManager::make_regions_available(unsigned int, unsigned int, WorkGang*)+0x3f
V  [libjvm.so+0x83c689]  HeapRegionManager::expand_at(unsigned int, unsigned int, WorkGang*) [clone .part.44]+0x119
V  [libjvm.so+0x77827f]  G1CollectedHeap::expand(unsigned long, WorkGang*, double*)+0xdf
V  [libjvm.so+0x77d04a]  G1CollectedHeap::do_collection_pause_at_safepoint(double)+0xa9a
V  [libjvm.so+0xe35a31]  VM_G1CollectForAllocation::doit()+0x81
V  [libjvm.so+0xe345c7]  VM_Operation::evaluate()+0xe7
V  [libjvm.so+0xe31daf]  VMThread::evaluate_operation(VM_Operation*) [clone .constprop.54]+0xff
V  [libjvm.so+0xe322e6]  VMThread::loop()+0x3e6
V  [libjvm.so+0xe3272b]  VMThread::run()+0x7b
V  [libjvm.so+0xc0a090]  thread_native_entry(Thread*)+0xf0

VM_Operation (0x00007fa34f1e7320): G1CollectForAllocation, mode: safepoint, requested by thread 0x00007fa36c4d2800


---------------  P R O C E S S  ---------------

Threads class SMR info:
_java_thread_list=0x00007fa370031bb0, length=23, elements={
0x00007fa3a4012000, 0x00007fa3a4164800, 0x00007fa3a4169000, 0x00007fa3a4186800,
0x00007fa3a4188800, 0x00007fa3a418a800, 0x00007fa3a418c800, 0x00007fa3a4238000,
0x00007fa3a429e000, 0x00007fa3a443d800, 0x00007fa3a4466000, 0x00007fa3a428d800,
0x00007fa36c3f5800, 0x00007fa36c41a000, 0x00007fa36c4d2800, 0x00007fa370009800,
0x00007fa378005800, 0x00007fa36c680000, 0x00007fa3a449b000, 0x00007fa3a453b000,
0x00007fa37808f800, 0x00007fa38802b000, 0x00007fa370031000
}

Java Threads: ( => current thread )
  0x00007fa3a4012000 JavaThread "main" [_thread_blocked, id=4048, stack(0x00007fa3ae536000,0x00007fa3ae637000)]
  0x00007fa3a4164800 JavaThread "Reference Handler" daemon [_thread_blocked, id=4057, stack(0x00007fa38c494000,0x00007fa38c595000)]
  0x00007fa3a4169000 JavaThread "Finalizer" daemon [_thread_blocked, id=4058, stack(0x00007fa38c393000,0x00007fa38c494000)]
  0x00007fa3a4186800 JavaThread "Signal Dispatcher" daemon [_thread_blocked, id=4059, stack(0x00007fa38c292000,0x00007fa38c393000)]
  0x00007fa3a4188800 JavaThread "C2 CompilerThread0" daemon [_thread_blocked, id=4060, stack(0x00007fa38c191000,0x00007fa38c292000)]
  0x00007fa3a418a800 JavaThread "C1 CompilerThread0" daemon [_thread_blocked, id=4061, stack(0x00007fa38c090000,0x00007fa38c191000)]
  0x00007fa3a418c800 JavaThread "Sweeper thread" daemon [_thread_blocked, id=4062, stack(0x00007fa37cd2f000,0x00007fa37ce30000)]
  0x00007fa3a4238000 JavaThread "Common-Cleaner" daemon [_thread_blocked, id=4063, stack(0x00007fa37cc2e000,0x00007fa37cd2f000)]
  0x00007fa3a429e000 JavaThread "Service Thread" daemon [_thread_blocked, id=4064, stack(0x00007fa37cb2d000,0x00007fa37cc2e000)]
  0x00007fa3a443d800 JavaThread "Active Thread: Equinox Container: 74c3540f-978b-4065-8f73-8dc30689b7af" [_thread_blocked, id=4073, stack(0x00007fa37c0fd000,0x00007fa37c1fe000)]
  0x00007fa3a4466000 JavaThread "Framework Event Dispatcher: Equinox Container: 74c3540f-978b-4065-8f73-8dc30689b7af" daemon [_thread_blocked, id=4077, stack(0x00007fa34fcff000,0x00007fa34fe00000)]
  0x00007fa3a428d800 JavaThread "Start Level: Equinox Container: 74c3540f-978b-4065-8f73-8dc30689b7af" daemon [_thread_blocked, id=4078, stack(0x00007fa34fbfe000,0x00007fa34fcff000)]
  0x00007fa36c3f5800 JavaThread "Bundle File Closer" daemon [_thread_blocked, id=4080, stack(0x00007fa34f6ec000,0x00007fa34f7ed000)]
  0x00007fa36c41a000 JavaThread "Worker-JM" [_thread_blocked, id=4082, stack(0x00007fa34f3eb000,0x00007fa34f4ec000)]
  0x00007fa36c4d2800 JavaThread "Worker-0: Initialize Workspace" [_thread_blocked, id=4085, stack(0x00007fa34f0ea000,0x00007fa34f1eb000)]
  0x00007fa370009800 JavaThread "Worker-1: Java indexing... " [_thread_blocked, id=4086, stack(0x00007fa34efe9000,0x00007fa34f0ea000)]
  0x00007fa378005800 JavaThread "Worker-2" [_thread_blocked, id=4087, stack(0x00007fa34ece8000,0x00007fa34ede9000)]
  0x00007fa36c680000 JavaThread "Java indexing" daemon [_thread_blocked, id=4088, stack(0x00007fa34ebe7000,0x00007fa34ece8000)]
  0x00007fa3a449b000 JavaThread "pool-2-thread-1" [_thread_blocked, id=4094, stack(0x00007fa34dee6000,0x00007fa34dfe7000)]
  0x00007fa3a453b000 JavaThread "pool-1-thread-1" [_thread_blocked, id=4096, stack(0x00007fa34dbe5000,0x00007fa34dce6000)]
  0x00007fa37808f800 JavaThread "Worker-3" [_thread_blocked, id=4100, stack(0x00007fa34d8e4000,0x00007fa34d9e5000)]
  0x00007fa38802b000 JavaThread "process reaper" daemon [_thread_blocked, id=4107, stack(0x00007fa3ae496000,0x00007fa3ae4b8000)]
  0x00007fa370031000 JavaThread "Timer-0" [_thread_blocked, id=4108, stack(0x00007fa344e03000,0x00007fa344f04000)]

Other Threads:
=>0x00007fa3a415c800 VMThread "VM Thread" [stack: 0x00007fa38c597000,0x00007fa38c697000] [id=4056]
  0x00007fa3a42a5800 WatcherThread [stack: 0x00007fa37ca2d000,0x00007fa37cb2d000] [id=4065]
  0x00007fa3a403a000 GCTaskThread "GC Thread#0" [stack: 0x00007fa3aaa3c000,0x00007fa3aab3c000] [id=4049]
  0x00007fa368001000 GCTaskThread "GC Thread#1" [stack: 0x00007fa37c302000,0x00007fa37c402000] [id=4069]
  0x00007fa3a4055800 ConcurrentGCThread "G1 Main Marker" [stack: 0x00007fa3a8138000,0x00007fa3a8238000] [id=4050]
  0x00007fa3a4057000 ConcurrentGCThread "G1 Conc#0" [stack: 0x00007fa3a8036000,0x00007fa3a8136000] [id=4052]
  0x00007fa3a4091000 ConcurrentGCThread "G1 Refine#0" [stack: 0x00007fa38c91e000,0x00007fa38ca1e000] [id=4053]
  0x00007fa378001000 ConcurrentGCThread "G1 Refine#1" [stack: 0x00007fa37c200000,0x00007fa37c300000] [id=4070]
  0x00007fa3a4092800 ConcurrentGCThread "G1 Young RemSet Sampling" [stack: 0x00007fa38c81c000,0x00007fa38c91c000] [id=4054]
  0x00007fa3a4099800 ConcurrentGCThread "StrDedup" [stack: 0x00007fa38c71a000,0x00007fa38c81a000] [id=4055]

Threads with active compile tasks:
C2 CompilerThread04942 %     4       org.eclipse.jdt.internal.core.search.indexing.BinaryIndexer::extractReferenceFromConstantPool @ 15 (341 bytes)

VM state:at safepoint (normal execution)

VM Mutex/Monitor currently owned by a thread:  ([mutex/lock_event])
[0x00007fa3a400e470] Threads_lock - owner thread: 0x00007fa3a415c800
[0x00007fa3a400ebc0] Heap_lock - owner thread: 0x00007fa36c4d2800

Heap address: 0x00000000c0000000, size: 1024 MB, Compressed Oops mode: 32-bit
Narrow klass base: 0x0000000000000000, Narrow klass shift: 3
Compressed class space size: 1073741824 Address: 0x0000000100000000

Heap:
 garbage-first heap   total 541696K, used 60144K [0x00000000c0000000, 0x0000000100000000)
  region size 1024K, 2 young (2048K), 2 survivors (2048K)
 Metaspace       used 44203K, capacity 46547K, committed 47056K, reserved 1091584K
  class space    used 4506K, capacity 5391K, committed 5504K, reserved 1048576K
Heap Regions: E=young(eden), S=young(survivor), O=old, HS=humongous(starts), HC=humongous(continues), CS=collection set, F=free, A=archive, TAMS=top-at-mark-start (previous, next)
|   0|0x00000000c0000000, 0x00000000c0100000, 0x00000000c0100000|100%| O|  |TAMS 0x00000000c0100000, 0x00000000c0000000| Untracked 
|   1|0x00000000c0100000, 0x00000000c0200000, 0x00000000c0200000|100%| O|  |TAMS 0x00000000c0200000, 0x00000000c0100000| Untracked 
|   2|0x00000000c0200000, 0x00000000c0300000, 0x00000000c0300000|100%| O|  |TAMS 0x00000000c0300000, 0x00000000c0200000| Untracked 
|   3|0x00000000c0300000, 0x00000000c0400000, 0x00000000c0400000|100%| O|  |TAMS 0x00000000c0400000, 0x00000000c0300000| Untracked 
|   4|0x00000000c0400000, 0x00000000c0500000, 0x00000000c0500000|100%| O|  |TAMS 0x00000000c0500000, 0x00000000c0400000| Untracked 
|   5|0x00000000c0500000, 0x00000000c0600000, 0x00000000c0600000|100%| O|  |TAMS 0x00000000c0600000, 0x00000000c0500000| Untracked 
|   6|0x00000000c0600000, 0x00000000c0700000, 0x00000000c0700000|100%| O|  |TAMS 0x00000000c0700000, 0x00000000c0600000| Untracked 
|   7|0x00000000c0700000, 0x00000000c0800000, 0x00000000c0800000|100%| O|  |TAMS 0x00000000c0800000, 0x00000000c0700000| Untracked 
|   8|0x00000000c0800000, 0x00000000c0900000, 0x00000000c0900000|100%| O|  |TAMS 0x00000000c0900000, 0x00000000c0800000| Untracked 
|   9|0x00000000c0900000, 0x00000000c0a00000, 0x00000000c0a00000|100%| O|  |TAMS 0x00000000c0a00000, 0x00000000c0900000| Untracked 
|  10|0x00000000c0a00000, 0x00000000c0b00000, 0x00000000c0b00000|100%| O|  |TAMS 0x00000000c0b00000, 0x00000000c0a00000| Untracked 
|  11|0x00000000c0b00000, 0x00000000c0c00000, 0x00000000c0c00000|100%| O|  |TAMS 0x00000000c0c00000, 0x00000000c0b00000| Untracked 
|  12|0x00000000c0c00000, 0x00000000c0d00000, 0x00000000c0d00000|100%| O|  |TAMS 0x00000000c0d00000, 0x00000000c0c00000| Untracked 
|  13|0x00000000c0d00000, 0x00000000c0e00000, 0x00000000c0e00000|100%| O|  |TAMS 0x00000000c0dc2400, 0x00000000c0d00000| Untracked 
|  14|0x00000000c0e00000, 0x00000000c0f00000, 0x00000000c0f00000|100%| O|  |TAMS 0x00000000c0e00000, 0x00000000c0e00000| Untracked 
|  15|0x00000000c0f00000, 0x00000000c1000000, 0x00000000c1000000|100%| O|  |TAMS 0x00000000c0f00000, 0x00000000c0f00000| Untracked 
|  16|0x00000000c1000000, 0x00000000c1100000, 0x00000000c1100000|100%| O|  |TAMS 0x00000000c1000000, 0x00000000c1000000| Untracked 
|  17|0x00000000c1100000, 0x00000000c1200000, 0x00000000c1200000|100%| O|  |TAMS 0x00000000c1100000, 0x00000000c1100000| Untracked 
|  18|0x00000000c1200000, 0x00000000c1300000, 0x00000000c1300000|100%| O|  |TAMS 0x00000000c1200000, 0x00000000c1200000| Untracked 
|  19|0x00000000c1300000, 0x00000000c1400000, 0x00000000c1400000|100%| O|  |TAMS 0x00000000c1300000, 0x00000000c1300000| Untracked 
|  20|0x00000000c1400000, 0x00000000c1500000, 0x00000000c1500000|100%| O|  |TAMS 0x00000000c1400000, 0x00000000c1400000| Untracked 
|  21|0x00000000c1500000, 0x00000000c1600000, 0x00000000c1600000|100%| O|  |TAMS 0x00000000c1500000, 0x00000000c1500000| Untracked 
|  22|0x00000000c1600000, 0x00000000c1700000, 0x00000000c1700000|100%| O|  |TAMS 0x00000000c1600000, 0x00000000c1600000| Untracked 
|  23|0x00000000c1700000, 0x00000000c1800000, 0x00000000c1800000|100%| O|  |TAMS 0x00000000c1700000, 0x00000000c1700000| Untracked 
|  24|0x00000000c1800000, 0x00000000c1900000, 0x00000000c1900000|100%| O|  |TAMS 0x00000000c1800000, 0x00000000c1800000| Untracked 
|  25|0x00000000c1900000, 0x00000000c1a00000, 0x00000000c1a00000|100%| O|  |TAMS 0x00000000c1900000, 0x00000000c1900000| Untracked 
|  26|0x00000000c1a00000, 0x00000000c1b00000, 0x00000000c1b00000|100%| O|  |TAMS 0x00000000c1a00000, 0x00000000c1a00000| Untracked 
|  27|0x00000000c1b00000, 0x00000000c1c00000, 0x00000000c1c00000|100%| O|  |TAMS 0x00000000c1b00000, 0x00000000c1b00000| Untracked 
|  28|0x00000000c1c00000, 0x00000000c1d00000, 0x00000000c1d00000|100%| O|  |TAMS 0x00000000c1c00000, 0x00000000c1c00000| Untracked 
|  29|0x00000000c1d00000, 0x00000000c1e00000, 0x00000000c1e00000|100%| O|  |TAMS 0x00000000c1d00000, 0x00000000c1d00000| Untracked 
|  30|0x00000000c1e00000, 0x00000000c1f00000, 0x00000000c1f00000|100%|HS|  |TAMS 0x00000000c1e00000, 0x00000000c1e00000| Complete 
|  31|0x00000000c1f00000, 0x00000000c2000000, 0x00000000c2000000|100%| O|  |TAMS 0x00000000c1f00000, 0x00000000c1f00000| Untracked 
|  32|0x00000000c2000000, 0x00000000c2100000, 0x00000000c2100000|100%| O|  |TAMS 0x00000000c2000000, 0x00000000c2000000| Untracked 
|  33|0x00000000c2100000, 0x00000000c2200000, 0x00000000c2200000|100%| O|  |TAMS 0x00000000c2100000, 0x00000000c2100000| Untracked 
|  34|0x00000000c2200000, 0x00000000c2300000, 0x00000000c2300000|100%| O|  |TAMS 0x00000000c2200000, 0x00000000c2200000| Untracked 
|  35|0x00000000c2300000, 0x00000000c2400000, 0x00000000c2400000|100%| O|  |TAMS 0x00000000c2300000, 0x00000000c2300000| Untracked 
|  36|0x00000000c2400000, 0x00000000c2500000, 0x00000000c2500000|100%| O|  |TAMS 0x00000000c2400000, 0x00000000c2400000| Untracked 
|  37|0x00000000c2500000, 0x00000000c2600000, 0x00000000c2600000|100%| O|  |TAMS 0x00000000c2500000, 0x00000000c2500000| Untracked 
|  38|0x00000000c2600000, 0x00000000c2700000, 0x00000000c2700000|100%| O|  |TAMS 0x00000000c2600000, 0x00000000c2600000| Untracked 
|  39|0x00000000c2700000, 0x00000000c2800000, 0x00000000c2800000|100%| O|  |TAMS 0x00000000c2700000, 0x00000000c2700000| Untracked 
|  40|0x00000000c2800000, 0x00000000c2900000, 0x00000000c2900000|100%| O|  |TAMS 0x00000000c2800000, 0x00000000c2800000| Untracked 
|  41|0x00000000c2900000, 0x00000000c2a00000, 0x00000000c2a00000|100%| O|  |TAMS 0x00000000c2900000, 0x00000000c2900000| Untracked 
|  42|0x00000000c2a00000, 0x00000000c2b00000, 0x00000000c2b00000|100%| O|  |TAMS 0x00000000c2a00000, 0x00000000c2a00000| Untracked 
|  43|0x00000000c2b00000, 0x00000000c2c00000, 0x00000000c2c00000|100%| O|  |TAMS 0x00000000c2b00000, 0x00000000c2b00000| Untracked 
|  44|0x00000000c2c00000, 0x00000000c2d00000, 0x00000000c2d00000|100%| O|  |TAMS 0x00000000c2c00000, 0x00000000c2c00000| Untracked 
|  45|0x00000000c2d00000, 0x00000000c2e00000, 0x00000000c2e00000|100%| O|  |TAMS 0x00000000c2d00000, 0x00000000c2d00000| Untracked 
|  46|0x00000000c2e00000, 0x00000000c2f00000, 0x00000000c2f00000|100%|HS|  |TAMS 0x00000000c2e00000, 0x00000000c2e00000| Complete 
|  47|0x00000000c2f00000, 0x00000000c3000000, 0x00000000c3000000|100%| O|  |TAMS 0x00000000c2f00000, 0x00000000c2f00000| Untracked 
|  48|0x00000000c3000000, 0x00000000c3100000, 0x00000000c3100000|100%| O|  |TAMS 0x00000000c3000000, 0x00000000c3000000| Untracked 
|  49|0x00000000c3100000, 0x00000000c3200000, 0x00000000c3200000|100%| O|  |TAMS 0x00000000c3100000, 0x00000000c3100000| Untracked 
|  50|0x00000000c3200000, 0x00000000c3300000, 0x00000000c3300000|100%| O|  |TAMS 0x00000000c3200000, 0x00000000c3200000| Untracked 
|  51|0x00000000c3300000, 0x00000000c3400000, 0x00000000c3400000|100%| O|  |TAMS 0x00000000c3300000, 0x00000000c3300000| Untracked 
|  52|0x00000000c3400000, 0x00000000c3500000, 0x00000000c3500000|100%| O|  |TAMS 0x00000000c3400000, 0x00000000c3400000| Untracked 
|  53|0x00000000c3500000, 0x00000000c3600000, 0x00000000c3600000|100%| O|  |TAMS 0x00000000c3500000, 0x00000000c3500000| Untracked 
|  54|0x00000000c3600000, 0x00000000c3700000, 0x00000000c3700000|100%| O|  |TAMS 0x00000000c3600000, 0x00000000c3600000| Untracked 
|  55|0x00000000c3700000, 0x00000000c3800000, 0x00000000c3800000|100%| O|  |TAMS 0x00000000c3700000, 0x00000000c3700000| Untracked 
|  56|0x00000000c3800000, 0x00000000c3900000, 0x00000000c3900000|100%| O|  |TAMS 0x00000000c3800000, 0x00000000c3800000| Untracked 
|  57|0x00000000c3900000, 0x00000000c393c600, 0x00000000c3a00000| 23%| O|  |TAMS 0x00000000c3900000, 0x00000000c3900000| Untracked 
|  58|0x00000000c3a00000, 0x00000000c3a00000, 0x00000000c3b00000|  0%| F|  |TAMS 0x00000000c3a00000, 0x00000000c3a00000| Untracked 
|  59|0x00000000c3b00000, 0x00000000c3b00000, 0x00000000c3c00000|  0%| F|  |TAMS 0x00000000c3b00000, 0x00000000c3b00000| Untracked 
|  60|0x00000000c3c00000, 0x00000000c3c00000, 0x00000000c3d00000|  0%| F|  |TAMS 0x00000000c3c00000, 0x00000000c3c00000| Untracked 
|  61|0x00000000c3d00000, 0x00000000c3d00000, 0x00000000c3e00000|  0%| F|  |TAMS 0x00000000c3d00000, 0x00000000c3d00000| Untracked 
|  62|0x00000000c3e00000, 0x00000000c3e00000, 0x00000000c3f00000|  0%| F|  |TAMS 0x00000000c3e00000, 0x00000000c3e00000| Untracked 
|  63|0x00000000c3f00000, 0x00000000c3f00000, 0x00000000c4000000|  0%| F|  |TAMS 0x00000000c3f00000, 0x00000000c3f00000| Untracked 
|  64|0x00000000c4000000, 0x00000000c4000000, 0x00000000c4100000|  0%| F|  |TAMS 0x00000000c4000000, 0x00000000c4000000| Untracked 
|  65|0x00000000c4100000, 0x00000000c4100000, 0x00000000c4200000|  0%| F|  |TAMS 0x00000000c4100000, 0x00000000c4100000| Untracked 
|  66|0x00000000c4200000, 0x00000000c4200000, 0x00000000c4300000|  0%| F|  |TAMS 0x00000000c4200000, 0x00000000c4200000| Untracked 
|  67|0x00000000c4300000, 0x00000000c4300000, 0x00000000c4400000|  0%| F|  |TAMS 0x00000000c4300000, 0x00000000c4300000| Untracked 
|  68|0x00000000c4400000, 0x00000000c4400000, 0x00000000c4500000|  0%| F|  |TAMS 0x00000000c4400000, 0x00000000c4400000| Untracked 
|  69|0x00000000c4500000, 0x00000000c4500000, 0x00000000c4600000|  0%| F|  |TAMS 0x00000000c4500000, 0x00000000c4500000| Untracked 
|  70|0x00000000c4600000, 0x00000000c4600000, 0x00000000c4700000|  0%| F|  |TAMS 0x00000000c4600000, 0x00000000c4600000| Untracked 
|  71|0x00000000c4700000, 0x00000000c4700000, 0x00000000c4800000|  0%| F|  |TAMS 0x00000000c4700000, 0x00000000c4700000| Untracked 
|  72|0x00000000c4800000, 0x00000000c4800000, 0x00000000c4900000|  0%| F|  |TAMS 0x00000000c4800000, 0x00000000c4800000| Untracked 
|  73|0x00000000c4900000, 0x00000000c4900000, 0x00000000c4a00000|  0%| F|  |TAMS 0x00000000c4900000, 0x00000000c4900000| Untracked 
|  74|0x00000000c4a00000, 0x00000000c4a00000, 0x00000000c4b00000|  0%| F|  |TAMS 0x00000000c4a00000, 0x00000000c4a00000| Untracked 
|  75|0x00000000c4b00000, 0x00000000c4b00000, 0x00000000c4c00000|  0%| F|  |TAMS 0x00000000c4b00000, 0x00000000c4b00000| Untracked 
|  76|0x00000000c4c00000, 0x00000000c4c00000, 0x00000000c4d00000|  0%| F|  |TAMS 0x00000000c4c00000, 0x00000000c4c00000| Untracked 
|  77|0x00000000c4d00000, 0x00000000c4d00000, 0x00000000c4e00000|  0%| F|  |TAMS 0x00000000c4d00000, 0x00000000c4d00000| Untracked 
|  78|0x00000000c4e00000, 0x00000000c4e00000, 0x00000000c4f00000|  0%| F|  |TAMS 0x00000000c4e00000, 0x00000000c4e00000| Untracked 
|  79|0x00000000c4f00000, 0x00000000c4f00000, 0x00000000c5000000|  0%| F|  |TAMS 0x00000000c4f00000, 0x00000000c4f00000| Untracked 
|  80|0x00000000c5000000, 0x00000000c5000000, 0x00000000c5100000|  0%| F|  |TAMS 0x00000000c5000000, 0x00000000c5000000| Untracked 
|  81|0x00000000c5100000, 0x00000000c5100000, 0x00000000c5200000|  0%| F|  |TAMS 0x00000000c5100000, 0x00000000c5100000| Untracked 
|  82|0x00000000c5200000, 0x00000000c5200000, 0x00000000c5300000|  0%| F|  |TAMS 0x00000000c5200000, 0x00000000c5200000| Untracked 
|  83|0x00000000c5300000, 0x00000000c5300000, 0x00000000c5400000|  0%| F|  |TAMS 0x00000000c5300000, 0x00000000c5300000| Untracked 
|  84|0x00000000c5400000, 0x00000000c5400000, 0x00000000c5500000|  0%| F|  |TAMS 0x00000000c5400000, 0x00000000c5400000| Untracked 
|  85|0x00000000c5500000, 0x00000000c5500000, 0x00000000c5600000|  0%| F|  |TAMS 0x00000000c5500000, 0x00000000c5500000| Untracked 
|  86|0x00000000c5600000, 0x00000000c5600000, 0x00000000c5700000|  0%| F|  |TAMS 0x00000000c5600000, 0x00000000c5600000| Untracked 
|  87|0x00000000c5700000, 0x00000000c5700000, 0x00000000c5800000|  0%| F|  |TAMS 0x00000000c5700000, 0x00000000c5700000| Untracked 
|  88|0x00000000c5800000, 0x00000000c5800000, 0x00000000c5900000|  0%| F|  |TAMS 0x00000000c5800000, 0x00000000c5800000| Untracked 
|  89|0x00000000c5900000, 0x00000000c5900000, 0x00000000c5a00000|  0%| F|  |TAMS 0x00000000c5900000, 0x00000000c5900000| Untracked 
|  90|0x00000000c5a00000, 0x00000000c5a00000, 0x00000000c5b00000|  0%| F|  |TAMS 0x00000000c5a00000, 0x00000000c5a00000| Untracked 
|  91|0x00000000c5b00000, 0x00000000c5b00000, 0x00000000c5c00000|  0%| F|  |TAMS 0x00000000c5b00000, 0x00000000c5b00000| Untracked 
|  92|0x00000000c5c00000, 0x00000000c5c00000, 0x00000000c5d00000|  0%| F|  |TAMS 0x00000000c5c00000, 0x00000000c5c00000| Untracked 
|  93|0x00000000c5d00000, 0x00000000c5d00000, 0x00000000c5e00000|  0%| F|  |TAMS 0x00000000c5d00000, 0x00000000c5d00000| Untracked 
|  94|0x00000000c5e00000, 0x00000000c5e00000, 0x00000000c5f00000|  0%| F|  |TAMS 0x00000000c5e00000, 0x00000000c5e00000| Untracked 
|  95|0x00000000c5f00000, 0x00000000c5f00000, 0x00000000c6000000|  0%| F|  |TAMS 0x00000000c5f00000, 0x00000000c5f00000| Untracked 
|  96|0x00000000c6000000, 0x00000000c6000000, 0x00000000c6100000|  0%| F|  |TAMS 0x00000000c6000000, 0x00000000c6000000| Untracked 
|  97|0x00000000c6100000, 0x00000000c6100000, 0x00000000c6200000|  0%| F|  |TAMS 0x00000000c6100000, 0x00000000c6100000| Untracked 
|  98|0x00000000c6200000, 0x00000000c6200000, 0x00000000c6300000|  0%| F|  |TAMS 0x00000000c6200000, 0x00000000c6200000| Untracked 
|  99|0x00000000c6300000, 0x00000000c6300000, 0x00000000c6400000|  0%| F|  |TAMS 0x00000000c6300000, 0x00000000c6300000| Untracked 
| 100|0x00000000c6400000, 0x00000000c6400000, 0x00000000c6500000|  0%| F|  |TAMS 0x00000000c6400000, 0x00000000c6400000| Untracked 
| 101|0x00000000c6500000, 0x00000000c6500000, 0x00000000c6600000|  0%| F|  |TAMS 0x00000000c6500000, 0x00000000c6500000| Untracked 
| 102|0x00000000c6600000, 0x00000000c6600000, 0x00000000c6700000|  0%| F|  |TAMS 0x00000000c6600000, 0x00000000c6600000| Untracked 
| 103|0x00000000c6700000, 0x00000000c6700000, 0x00000000c6800000|  0%| F|  |TAMS 0x00000000c6700000, 0x00000000c6700000| Untracked 
| 104|0x00000000c6800000, 0x00000000c6800000, 0x00000000c6900000|  0%| F|  |TAMS 0x00000000c6800000, 0x00000000c6800000| Untracked 
| 105|0x00000000c6900000, 0x00000000c6900000, 0x00000000c6a00000|  0%| F|  |TAMS 0x00000000c6900000, 0x00000000c6900000| Untracked 
| 106|0x00000000c6a00000, 0x00000000c6a00000, 0x00000000c6b00000|  0%| F|  |TAMS 0x00000000c6a00000, 0x00000000c6a00000| Untracked 
| 107|0x00000000c6b00000, 0x00000000c6b00000, 0x00000000c6c00000|  0%| F|  |TAMS 0x00000000c6b00000, 0x00000000c6b00000| Untracked 
| 108|0x00000000c6c00000, 0x00000000c6c00000, 0x00000000c6d00000|  0%| F|  |TAMS 0x00000000c6c00000, 0x00000000c6c00000| Untracked 
| 109|0x00000000c6d00000, 0x00000000c6d00000, 0x00000000c6e00000|  0%| F|  |TAMS 0x00000000c6d00000, 0x00000000c6d00000| Untracked 
| 110|0x00000000c6e00000, 0x00000000c6e00000, 0x00000000c6f00000|  0%| F|  |TAMS 0x00000000c6e00000, 0x00000000c6e00000| Untracked 
| 111|0x00000000c6f00000, 0x00000000c6f00000, 0x00000000c7000000|  0%| F|  |TAMS 0x00000000c6f00000, 0x00000000c6f00000| Untracked 
| 112|0x00000000c7000000, 0x00000000c7000000, 0x00000000c7100000|  0%| F|  |TAMS 0x00000000c7000000, 0x00000000c7000000| Untracked 
| 113|0x00000000c7100000, 0x00000000c7100000, 0x00000000c7200000|  0%| F|  |TAMS 0x00000000c7100000, 0x00000000c7100000| Untracked 
| 114|0x00000000c7200000, 0x00000000c7200000, 0x00000000c7300000|  0%| F|  |TAMS 0x00000000c7200000, 0x00000000c7200000| Untracked 
| 115|0x00000000c7300000, 0x00000000c7300000, 0x00000000c7400000|  0%| F|  |TAMS 0x00000000c7300000, 0x00000000c7300000| Untracked 
| 116|0x00000000c7400000, 0x00000000c7400000, 0x00000000c7500000|  0%| F|  |TAMS 0x00000000c7400000, 0x00000000c7400000| Untracked 
| 117|0x00000000c7500000, 0x00000000c7500000, 0x00000000c7600000|  0%| F|  |TAMS 0x00000000c7500000, 0x00000000c7500000| Untracked 
| 118|0x00000000c7600000, 0x00000000c7600000, 0x00000000c7700000|  0%| F|  |TAMS 0x00000000c7600000, 0x00000000c7600000| Untracked 
| 119|0x00000000c7700000, 0x00000000c7700000, 0x00000000c7800000|  0%| F|  |TAMS 0x00000000c7700000, 0x00000000c7700000| Untracked 
| 120|0x00000000c7800000, 0x00000000c7800000, 0x00000000c7900000|  0%| F|  |TAMS 0x00000000c7800000, 0x00000000c7800000| Untracked 
| 121|0x00000000c7900000, 0x00000000c7900000, 0x00000000c7a00000|  0%| F|  |TAMS 0x00000000c7900000, 0x00000000c7900000| Untracked 
| 122|0x00000000c7a00000, 0x00000000c7a00000, 0x00000000c7b00000|  0%| F|  |TAMS 0x00000000c7a00000, 0x00000000c7a00000| Untracked 
| 123|0x00000000c7b00000, 0x00000000c7b00000, 0x00000000c7c00000|  0%| F|  |TAMS 0x00000000c7b00000, 0x00000000c7b00000| Untracked 
| 124|0x00000000c7c00000, 0x00000000c7c00000, 0x00000000c7d00000|  0%| F|  |TAMS 0x00000000c7c00000, 0x00000000c7c00000| Untracked 
| 125|0x00000000c7d00000, 0x00000000c7d00000, 0x00000000c7e00000|  0%| F|  |TAMS 0x00000000c7d00000, 0x00000000c7d00000| Untracked 
| 126|0x00000000c7e00000, 0x00000000c7e00000, 0x00000000c7f00000|  0%| F|  |TAMS 0x00000000c7e00000, 0x00000000c7e00000| Untracked 
| 127|0x00000000c7f00000, 0x00000000c7f00000, 0x00000000c8000000|  0%| F|  |TAMS 0x00000000c7f00000, 0x00000000c7f00000| Untracked 
| 128|0x00000000c8000000, 0x00000000c8000000, 0x00000000c8100000|  0%| F|  |TAMS 0x00000000c8000000, 0x00000000c8000000| Untracked 
| 129|0x00000000c8100000, 0x00000000c8100000, 0x00000000c8200000|  0%| F|  |TAMS 0x00000000c8100000, 0x00000000c8100000| Untracked 
| 130|0x00000000c8200000, 0x00000000c8200000, 0x00000000c8300000|  0%| F|  |TAMS 0x00000000c8200000, 0x00000000c8200000| Untracked 
| 131|0x00000000c8300000, 0x00000000c8300000, 0x00000000c8400000|  0%| F|  |TAMS 0x00000000c8300000, 0x00000000c8300000| Untracked 
| 132|0x00000000c8400000, 0x00000000c8400000, 0x00000000c8500000|  0%| F|  |TAMS 0x00000000c8400000, 0x00000000c8400000| Untracked 
| 133|0x00000000c8500000, 0x00000000c8500000, 0x00000000c8600000|  0%| F|  |TAMS 0x00000000c8500000, 0x00000000c8500000| Untracked 
| 134|0x00000000c8600000, 0x00000000c8600000, 0x00000000c8700000|  0%| F|  |TAMS 0x00000000c8600000, 0x00000000c8600000| Untracked 
| 135|0x00000000c8700000, 0x00000000c8700000, 0x00000000c8800000|  0%| F|  |TAMS 0x00000000c8700000, 0x00000000c8700000| Untracked 
| 136|0x00000000c8800000, 0x00000000c8800000, 0x00000000c8900000|  0%| F|  |TAMS 0x00000000c8800000, 0x00000000c8800000| Untracked 
| 137|0x00000000c8900000, 0x00000000c8900000, 0x00000000c8a00000|  0%| F|  |TAMS 0x00000000c8900000, 0x00000000c8900000| Untracked 
| 138|0x00000000c8a00000, 0x00000000c8a00000, 0x00000000c8b00000|  0%| F|  |TAMS 0x00000000c8a00000, 0x00000000c8a00000| Untracked 
| 139|0x00000000c8b00000, 0x00000000c8b00000, 0x00000000c8c00000|  0%| F|  |TAMS 0x00000000c8b00000, 0x00000000c8b00000| Untracked 
| 140|0x00000000c8c00000, 0x00000000c8c00000, 0x00000000c8d00000|  0%| F|  |TAMS 0x00000000c8c00000, 0x00000000c8c00000| Untracked 
| 141|0x00000000c8d00000, 0x00000000c8d00000, 0x00000000c8e00000|  0%| F|  |TAMS 0x00000000c8d00000, 0x00000000c8d00000| Untracked 
| 142|0x00000000c8e00000, 0x00000000c8e00000, 0x00000000c8f00000|  0%| F|  |TAMS 0x00000000c8e00000, 0x00000000c8e00000| Untracked 
| 143|0x00000000c8f00000, 0x00000000c8f00000, 0x00000000c9000000|  0%| F|  |TAMS 0x00000000c8f00000, 0x00000000c8f00000| Untracked 
| 144|0x00000000c9000000, 0x00000000c9000000, 0x00000000c9100000|  0%| F|  |TAMS 0x00000000c9000000, 0x00000000c9000000| Untracked 
| 145|0x00000000c9100000, 0x00000000c9100000, 0x00000000c9200000|  0%| F|  |TAMS 0x00000000c9100000, 0x00000000c9100000| Untracked 
| 146|0x00000000c9200000, 0x00000000c9200000, 0x00000000c9300000|  0%| F|  |TAMS 0x00000000c9200000, 0x00000000c9200000| Untracked 
| 147|0x00000000c9300000, 0x00000000c9300000, 0x00000000c9400000|  0%| F|  |TAMS 0x00000000c9300000, 0x00000000c9300000| Untracked 
| 148|0x00000000c9400000, 0x00000000c9400000, 0x00000000c9500000|  0%| F|  |TAMS 0x00000000c9400000, 0x00000000c9400000| Untracked 
| 149|0x00000000c9500000, 0x00000000c9500000, 0x00000000c9600000|  0%| F|  |TAMS 0x00000000c9500000, 0x00000000c9500000| Untracked 
| 150|0x00000000c9600000, 0x00000000c9600000, 0x00000000c9700000|  0%| F|  |TAMS 0x00000000c9600000, 0x00000000c9600000| Untracked 
| 151|0x00000000c9700000, 0x00000000c9700000, 0x00000000c9800000|  0%| F|  |TAMS 0x00000000c9700000, 0x00000000c9700000| Untracked 
| 152|0x00000000c9800000, 0x00000000c9800000, 0x00000000c9900000|  0%| F|  |TAMS 0x00000000c9800000, 0x00000000c9800000| Untracked 
| 153|0x00000000c9900000, 0x00000000c9900000, 0x00000000c9a00000|  0%| F|  |TAMS 0x00000000c9900000, 0x00000000c9900000| Untracked 
| 154|0x00000000c9a00000, 0x00000000c9a00000, 0x00000000c9b00000|  0%| F|  |TAMS 0x00000000c9a00000, 0x00000000c9a00000| Untracked 
| 155|0x00000000c9b00000, 0x00000000c9b00000, 0x00000000c9c00000|  0%| F|  |TAMS 0x00000000c9b00000, 0x00000000c9b00000| Untracked 
| 156|0x00000000c9c00000, 0x00000000c9c00000, 0x00000000c9d00000|  0%| F|  |TAMS 0x00000000c9c00000, 0x00000000c9c00000| Untracked 
| 157|0x00000000c9d00000, 0x00000000c9d00000, 0x00000000c9e00000|  0%| F|  |TAMS 0x00000000c9d00000, 0x00000000c9d00000| Untracked 
| 158|0x00000000c9e00000, 0x00000000c9e00000, 0x00000000c9f00000|  0%| F|  |TAMS 0x00000000c9e00000, 0x00000000c9e00000| Untracked 
| 159|0x00000000c9f00000, 0x00000000c9f00000, 0x00000000ca000000|  0%| F|  |TAMS 0x00000000c9f00000, 0x00000000c9f00000| Untracked 
| 160|0x00000000ca000000, 0x00000000ca000000, 0x00000000ca100000|  0%| F|  |TAMS 0x00000000ca000000, 0x00000000ca000000| Untracked 
| 161|0x00000000ca100000, 0x00000000ca100000, 0x00000000ca200000|  0%| F|  |TAMS 0x00000000ca100000, 0x00000000ca100000| Untracked 
| 162|0x00000000ca200000, 0x00000000ca200000, 0x00000000ca300000|  0%| F|  |TAMS 0x00000000ca200000, 0x00000000ca200000| Untracked 
| 163|0x00000000ca300000, 0x00000000ca300000, 0x00000000ca400000|  0%| F|  |TAMS 0x00000000ca300000, 0x00000000ca300000| Untracked 
| 164|0x00000000ca400000, 0x00000000ca400000, 0x00000000ca500000|  0%| F|  |TAMS 0x00000000ca400000, 0x00000000ca400000| Untracked 
| 165|0x00000000ca500000, 0x00000000ca500000, 0x00000000ca600000|  0%| F|  |TAMS 0x00000000ca500000, 0x00000000ca500000| Untracked 
| 166|0x00000000ca600000, 0x00000000ca600000, 0x00000000ca700000|  0%| F|  |TAMS 0x00000000ca600000, 0x00000000ca600000| Untracked 
| 167|0x00000000ca700000, 0x00000000ca700000, 0x00000000ca800000|  0%| F|  |TAMS 0x00000000ca700000, 0x00000000ca700000| Untracked 
| 168|0x00000000ca800000, 0x00000000ca800000, 0x00000000ca900000|  0%| F|  |TAMS 0x00000000ca800000, 0x00000000ca800000| Untracked 
| 169|0x00000000ca900000, 0x00000000ca900000, 0x00000000caa00000|  0%| F|  |TAMS 0x00000000ca900000, 0x00000000ca900000| Untracked 
| 170|0x00000000caa00000, 0x00000000caa00000, 0x00000000cab00000|  0%| F|  |TAMS 0x00000000caa00000, 0x00000000caa00000| Untracked 
| 171|0x00000000cab00000, 0x00000000cab00000, 0x00000000cac00000|  0%| F|  |TAMS 0x00000000cab00000, 0x00000000cab00000| Untracked 
| 172|0x00000000cac00000, 0x00000000cac00000, 0x00000000cad00000|  0%| F|  |TAMS 0x00000000cac00000, 0x00000000cac00000| Untracked 
| 173|0x00000000cad00000, 0x00000000cad00000, 0x00000000cae00000|  0%| F|  |TAMS 0x00000000cad00000, 0x00000000cad00000| Untracked 
| 174|0x00000000cae00000, 0x00000000cae00000, 0x00000000caf00000|  0%| F|  |TAMS 0x00000000cae00000, 0x00000000cae00000| Untracked 
| 175|0x00000000caf00000, 0x00000000caf00000, 0x00000000cb000000|  0%| F|  |TAMS 0x00000000caf00000, 0x00000000caf00000| Untracked 
| 176|0x00000000cb000000, 0x00000000cb000000, 0x00000000cb100000|  0%| F|  |TAMS 0x00000000cb000000, 0x00000000cb000000| Untracked 
| 177|0x00000000cb100000, 0x00000000cb100000, 0x00000000cb200000|  0%| F|  |TAMS 0x00000000cb100000, 0x00000000cb100000| Untracked 
| 178|0x00000000cb200000, 0x00000000cb200000, 0x00000000cb300000|  0%| F|  |TAMS 0x00000000cb200000, 0x00000000cb200000| Untracked 
| 179|0x00000000cb300000, 0x00000000cb300000, 0x00000000cb400000|  0%| F|  |TAMS 0x00000000cb300000, 0x00000000cb300000| Untracked 
| 180|0x00000000cb400000, 0x00000000cb400000, 0x00000000cb500000|  0%| F|  |TAMS 0x00000000cb400000, 0x00000000cb400000| Untracked 
| 181|0x00000000cb500000, 0x00000000cb500000, 0x00000000cb600000|  0%| F|  |TAMS 0x00000000cb500000, 0x00000000cb500000| Untracked 
| 182|0x00000000cb600000, 0x00000000cb600000, 0x00000000cb700000|  0%| F|  |TAMS 0x00000000cb600000, 0x00000000cb600000| Untracked 
| 183|0x00000000cb700000, 0x00000000cb700000, 0x00000000cb800000|  0%| F|  |TAMS 0x00000000cb700000, 0x00000000cb700000| Untracked 
| 184|0x00000000cb800000, 0x00000000cb800000, 0x00000000cb900000|  0%| F|  |TAMS 0x00000000cb800000, 0x00000000cb800000| Untracked 
| 185|0x00000000cb900000, 0x00000000cb900000, 0x00000000cba00000|  0%| F|  |TAMS 0x00000000cb900000, 0x00000000cb900000| Untracked 
| 186|0x00000000cba00000, 0x00000000cba00000, 0x00000000cbb00000|  0%| F|  |TAMS 0x00000000cba00000, 0x00000000cba00000| Untracked 
| 187|0x00000000cbb00000, 0x00000000cbb00000, 0x00000000cbc00000|  0%| F|  |TAMS 0x00000000cbb00000, 0x00000000cbb00000| Untracked 
| 188|0x00000000cbc00000, 0x00000000cbc00000, 0x00000000cbd00000|  0%| F|  |TAMS 0x00000000cbc00000, 0x00000000cbc00000| Untracked 
| 189|0x00000000cbd00000, 0x00000000cbd7fd00, 0x00000000cbe00000| 49%| S|CS|TAMS 0x00000000cbd00000, 0x00000000cbd00000| Complete 
| 190|0x00000000cbe00000, 0x00000000cbf00000, 0x00000000cbf00000|100%| S|CS|TAMS 0x00000000cbe00000, 0x00000000cbe00000| Complete 
| 191|0x00000000cbf00000, 0x00000000cbf00000, 0x00000000cc000000|  0%| F|  |TAMS 0x00000000cbf00000, 0x00000000cbf00000| Untracked 
| 192|0x00000000cc000000, 0x00000000cc000000, 0x00000000cc100000|  0%| F|  |TAMS 0x00000000cc000000, 0x00000000cc000000| Untracked 
| 193|0x00000000cc100000, 0x00000000cc100000, 0x00000000cc200000|  0%| F|  |TAMS 0x00000000cc100000, 0x00000000cc100000| Untracked 
| 194|0x00000000cc200000, 0x00000000cc200000, 0x00000000cc300000|  0%| F|  |TAMS 0x00000000cc200000, 0x00000000cc200000| Untracked 
| 195|0x00000000cc300000, 0x00000000cc300000, 0x00000000cc400000|  0%| F|  |TAMS 0x00000000cc300000, 0x00000000cc300000| Untracked 
| 196|0x00000000cc400000, 0x00000000cc400000, 0x00000000cc500000|  0%| F|  |TAMS 0x00000000cc400000, 0x00000000cc400000| Untracked 
| 197|0x00000000cc500000, 0x00000000cc500000, 0x00000000cc600000|  0%| F|  |TAMS 0x00000000cc500000, 0x00000000cc500000| Untracked 

Card table byte_map: [0x00007fa3aa438000,0x00007fa3aa638000] _byte_map_base: 0x00007fa3a9e38000

Marking Bits (Prev, Next): (CMBitMap*) 0x00007fa3a40508d8, (CMBitMap*) 0x00007fa3a4050910
 Prev Bits: [0x00007fa3a9238000, 0x00007fa3aa238000)
 Next Bits: [0x00007fa3a8238000, 0x00007fa3a9238000)

Polling page: 0x00007fa3ae64f000

Metaspace:

Usage:
  Non-class:     40,19 MB capacity,    38,77 MB ( 96%) used,     1,35 MB (  3%) free+waste,    79,62 KB ( <1%) overhead. 
      Class:      5,26 MB capacity,     4,40 MB ( 84%) used,   846,74 KB ( 16%) free+waste,    37,94 KB ( <1%) overhead. 
       Both:     45,46 MB capacity,    43,17 MB ( 95%) used,     2,17 MB (  5%) free+waste,   117,56 KB ( <1%) overhead. 

Virtual space:
  Non-class space:       42,00 MB reserved,      40,58 MB ( 97%) committed 
      Class space:        1,00 GB reserved,       5,38 MB ( <1%) committed 
             Both:        1,04 GB reserved,      45,95 MB (  4%) committed 

Chunk freelists:
   Non-Class:  23,50 KB
       Class:  2,12 KB
        Both:  25,62 KB

CodeHeap 'non-profiled nmethods': size=120036Kb used=1504Kb max_used=1504Kb free=118531Kb
 bounds [0x00007fa3946e7000, 0x00007fa394957000, 0x00007fa39bc20000]
CodeHeap 'profiled nmethods': size=120032Kb used=10316Kb max_used=10316Kb free=109715Kb
 bounds [0x00007fa38d1af000, 0x00007fa38dbcf000, 0x00007fa3946e7000]
CodeHeap 'non-nmethods': size=5692Kb used=1188Kb max_used=1244Kb free=4504Kb
 bounds [0x00007fa38cc20000, 0x00007fa38ce90000, 0x00007fa38d1af000]
 total_blobs=6202 nmethods=4422 adapters=486
 compilation: enabled
              stopped_count=0, restarted_count=0
 full_count=0

Compilation events (10 events):
Event: 90,572 Thread 0x00007fa3a418a800 4969       2       org.eclipse.core.filesystem.provider.FileInfo::setAttribute (100 bytes)
Event: 90,579 Thread 0x00007fa3a418a800 nmethod 4969 0x00007fa38dbc6710 code [0x00007fa38dbc68e0, 0x00007fa38dbc6bf8]
Event: 90,614 Thread 0x00007fa3a418a800 4970       1       org.eclipse.core.filesystem.provider.FileInfo::getName (5 bytes)
Event: 90,614 Thread 0x00007fa3a418a800 nmethod 4970 0x00007fa39485ee90 code [0x00007fa39485f040, 0x00007fa39485f150]
Event: 90,626 Thread 0x00007fa3a418a800 4971       2       org.eclipse.core.internal.resources.Resource::getResourceInfo (14 bytes)
Event: 90,627 Thread 0x00007fa3a418a800 nmethod 4971 0x00007fa38dbc6d10 code [0x00007fa38dbc6ec0, 0x00007fa38dbc7048]
Event: 90,647 Thread 0x00007fa3a418a800 4972       2       org.eclipse.core.internal.resources.Resource::exists (24 bytes)
Event: 90,648 Thread 0x00007fa3a418a800 nmethod 4972 0x00007fa38dbc7110 code [0x00007fa38dbc72c0, 0x00007fa38dbc7488]
Event: 90,649 Thread 0x00007fa3a418a800 4973       3       org.eclipse.jdt.internal.compiler.util.HashtableOfObject::putUnsafely (78 bytes)
Event: 90,650 Thread 0x00007fa3a418a800 nmethod 4973 0x00007fa38dbc7510 code [0x00007fa38dbc7720, 0x00007fa38dbc7e38]

GC Heap History (10 events):
Event: 43,225 GC heap after
{Heap after GC invocations=18 (full 0):
 garbage-first heap   total 146432K, used 47059K [0x00000000c0000000, 0x0000000100000000)
  region size 1024K, 5 young (5120K), 5 survivors (5120K)
 Metaspace       used 43251K, capacity 45474K, committed 45776K, reserved 1089536K
  class space    used 4393K, capacity 5244K, committed 5248K, reserved 1048576K
}
Event: 44,757 GC heap before
{Heap before GC invocations=18 (full 0):
 garbage-first heap   total 146432K, used 86995K [0x00000000c0000000, 0x0000000100000000)
  region size 1024K, 44 young (45056K), 5 survivors (5120K)
 Metaspace       used 43582K, capacity 45838K, committed 46160K, reserved 1089536K
  class space    used 4417K, capacity 5280K, committed 5376K, reserved 1048576K
}
Event: 44,920 GC heap after
{Heap after GC invocations=19 (full 0):
 garbage-first heap   total 202752K, used 51880K [0x00000000c0000000, 0x0000000100000000)
  region size 1024K, 5 young (5120K), 5 survivors (5120K)
 Metaspace       used 43582K, capacity 45838K, committed 46160K, reserved 1089536K
  class space    used 4417K, capacity 5280K, committed 5376K, reserved 1048576K
}
Event: 67,157 GC heap before
{Heap before GC invocations=19 (full 0):
 garbage-first heap   total 202752K, used 103080K [0x00000000c0000000, 0x0000000100000000)
  region size 1024K, 54 young (55296K), 5 survivors (5120K)
 Metaspace       used 44039K, capacity 46355K, committed 46800K, reserved 1091584K
  class space    used 4484K, capacity 5391K, committed 5504K, reserved 1048576K
}
Event: 77,849 GC heap after
{Heap after GC invocations=20 (full 0):
 garbage-first heap   total 202752K, used 57656K [0x00000000c0000000, 0x0000000100000000)
  region size 1024K, 5 young (5120K), 5 survivors (5120K)
 Metaspace       used 44039K, capacity 46355K, committed 46800K, reserved 1091584K
  class space    used 4484K, capacity 5391K, committed 5504K, reserved 1048576K
}
Event: 89,126 GC heap before
{Heap before GC invocations=20 (full 0):
 garbage-first heap   total 202752K, used 60728K [0x00000000c0000000, 0x0000000100000000)
  region size 1024K, 9 young (9216K), 5 survivors (5120K)
 Metaspace       used 44054K, capacity 46355K, committed 46800K, reserved 1091584K
  class space    used 4487K, capacity 5391K, committed 5504K, reserved 1048576K
}
Event: 89,508 GC heap after
{Heap after GC invocations=21 (full 0):
 garbage-first heap   total 202752K, used 59117K [0x00000000c0000000, 0x0000000100000000)
  region size 1024K, 1 young (1024K), 1 survivors (1024K)
 Metaspace       used 44054K, capacity 46355K, committed 46800K, reserved 1091584K
  class space    used 4487K, capacity 5391K, committed 5504K, reserved 1048576K
}
Event: 90,048 GC heap before
{Heap before GC invocations=21 (full 0):
 garbage-first heap   total 202752K, used 66285K [0x00000000c0000000, 0x0000000100000000)
  region size 1024K, 9 young (9216K), 1 survivors (1024K)
 Metaspace       used 44170K, capacity 46483K, committed 46800K, reserved 1091584K
  class space    used 4502K, capacity 5391K, committed 5504K, reserved 1048576K
}
Event: 90,252 GC heap after
{Heap after GC invocations=22 (full 0):
 garbage-first heap   total 202752K, used 59632K [0x00000000c0000000, 0x0000000100000000)
  region size 1024K, 2 young (2048K), 2 survivors (2048K)
 Metaspace       used 44170K, capacity 46483K, committed 46800K, reserved 1091584K
  class space    used 4502K, capacity 5391K, committed 5504K, reserved 1048576K
}
Event: 90,728 GC heap before
{Heap before GC invocations=22 (full 0):
 garbage-first heap   total 202752K, used 65776K [0x00000000c0000000, 0x0000000100000000)
  region size 1024K, 9 young (9216K), 2 survivors (2048K)
 Metaspace       used 44203K, capacity 46547K, committed 47056K, reserved 1091584K
  class space    used 4506K, capacity 5391K, committed 5504K, reserved 1048576K
}

Deoptimization events (10 events):
Event: 28,146 Thread 0x00007fa36c4d2800 Uncommon trap: reason=class_check action=maybe_recompile pc=0x00007fa3947cf57c method=java.io.DataOutputStream.write(I)V @ 5 c2
Event: 28,146 Thread 0x00007fa36c4d2800 Uncommon trap: reason=bimorphic_or_optimized_type_check action=maybe_recompile pc=0x00007fa3947bfbe4 method=java.io.DataOutputStream.writeShort(I)V @ 12 c2
Event: 28,153 Thread 0x00007fa36c4d2800 Uncommon trap: reason=class_check action=maybe_recompile pc=0x00007fa3947cf57c method=java.io.DataOutputStream.write(I)V @ 5 c2
Event: 28,153 Thread 0x00007fa36c4d2800 Uncommon trap: reason=bimorphic_or_optimized_type_check action=maybe_recompile pc=0x00007fa3947bfbe4 method=java.io.DataOutputStream.writeShort(I)V @ 12 c2
Event: 31,013 Thread 0x00007fa36c680000 Uncommon trap: reason=unstable_if action=reinterpret pc=0x00007fa3947b7e54 method=java.util.WeakHashMap.expungeStaleEntries()V @ 9 c2
Event: 40,432 Thread 0x00007fa36c4d2800 Uncommon trap: reason=profile_predicate action=maybe_recompile pc=0x00007fa3948462f0 method=org.eclipse.jdt.internal.core.util.HashtableOfArrayToObject.getKey([Ljava/lang/Object;I)[Ljava/lang/Object; @ 61 c2
Event: 41,375 Thread 0x00007fa36c4d2800 Uncommon trap: reason=profile_predicate action=maybe_recompile pc=0x00007fa3948462f0 method=org.eclipse.jdt.internal.core.util.HashtableOfArrayToObject.getKey([Ljava/lang/Object;I)[Ljava/lang/Object; @ 61 c2
Event: 41,375 Thread 0x00007fa36c4d2800 Uncommon trap: reason=profile_predicate action=maybe_recompile pc=0x00007fa3948462f0 method=org.eclipse.jdt.internal.core.util.HashtableOfArrayToObject.getKey([Ljava/lang/Object;I)[Ljava/lang/Object; @ 61 c2
Event: 41,567 Thread 0x00007fa36c4d2800 Uncommon trap: reason=profile_predicate action=maybe_recompile pc=0x00007fa3948462f0 method=org.eclipse.jdt.internal.core.util.HashtableOfArrayToObject.getKey([Ljava/lang/Object;I)[Ljava/lang/Object; @ 61 c2
Event: 46,031 Thread 0x00007fa36c680000 Uncommon trap: reason=unstable_if action=reinterpret pc=0x00007fa3948441ec method=org.eclipse.jdt.internal.core.search.indexing.BinaryIndexer.extractArgCount([C[C)I @ 239 c2

Classes redefined (0 events):
No events

Internal exceptions (10 events):
Event: 30,106 Thread 0x00007fa37808f800 Exception <a 'java/io/FileNotFoundException'{0x00000000c35430d8}> (0x00000000c35430d8) thrown at [/scratch/opt/mach5/mesos/work_dir/slaves/ae206c0d-865c-4d69-a16b-c4e90bf2719f-S646/frameworks/1735e8a2-a1db-478c-8104-60c8b0af87dd-0196/executors/9e8e1abd-20
Event: 45,957 Thread 0x00007fa36c4d2800 Exception <a 'java/io/FileNotFoundException'{0x00000000cb381e48}> (0x00000000cb381e48) thrown at [/scratch/opt/mach5/mesos/work_dir/slaves/ae206c0d-865c-4d69-a16b-c4e90bf2719f-S646/frameworks/1735e8a2-a1db-478c-8104-60c8b0af87dd-0196/executors/9e8e1abd-20
Event: 61,494 Thread 0x00007fa36c4d2800 Exception <a 'java/lang/NoSuchMethodError'{0x00000000ca9684f8}: java.lang.invoke.DirectMethodHandle$Holder.invokeStatic(Ljava/lang/Object;Ljava/lang/Object;Ljava/lang/Object;ILjava/lang/Object;)Ljava/lang/Object;> (0x00000000ca9684f8) thrown at [/scratch/
Event: 66,153 Thread 0x00007fa36c4d2800 Exception <a 'java/lang/NoSuchMethodError'{0x00000000ca96f328}: java.lang.invoke.Invokers$Holder.linkToTargetMethod(Ljava/lang/Object;Ljava/lang/Object;ILjava/lang/Object;Ljava/lang/Object;)Ljava/lang/Object;> (0x00000000ca96f328) thrown at [/scratch/opt/
Event: 90,431 Thread 0x00007fa36c4d2800 Exception <a 'sun/nio/fs/UnixException'{0x00000000cc5e57a0}> (0x00000000cc5e57a0) thrown at [/scratch/opt/mach5/mesos/work_dir/slaves/ae206c0d-865c-4d69-a16b-c4e90bf2719f-S646/frameworks/1735e8a2-a1db-478c-8104-60c8b0af87dd-0196/executors/9e8e1abd-2034-4f
Event: 90,462 Thread 0x00007fa36c4d2800 Exception <a 'sun/nio/fs/UnixException'{0x00000000cc5e6690}> (0x00000000cc5e6690) thrown at [/scratch/opt/mach5/mesos/work_dir/slaves/ae206c0d-865c-4d69-a16b-c4e90bf2719f-S646/frameworks/1735e8a2-a1db-478c-8104-60c8b0af87dd-0196/executors/9e8e1abd-2034-4f
Event: 90,463 Thread 0x00007fa36c4d2800 Exception <a 'sun/nio/fs/UnixException'{0x00000000cc5e7cf8}> (0x00000000cc5e7cf8) thrown at [/scratch/opt/mach5/mesos/work_dir/slaves/ae206c0d-865c-4d69-a16b-c4e90bf2719f-S646/frameworks/1735e8a2-a1db-478c-8104-60c8b0af87dd-0196/executors/9e8e1abd-2034-4f
Event: 90,496 Thread 0x00007fa36c4d2800 Exception <a 'sun/nio/fs/UnixException'{0x00000000cc1abce8}> (0x00000000cc1abce8) thrown at [/scratch/opt/mach5/mesos/work_dir/slaves/ae206c0d-865c-4d69-a16b-c4e90bf2719f-S646/frameworks/1735e8a2-a1db-478c-8104-60c8b0af87dd-0196/executors/9e8e1abd-2034-4f
Event: 90,496 Thread 0x00007fa36c4d2800 Exception <a 'sun/nio/fs/UnixException'{0x00000000cc1ac908}> (0x00000000cc1ac908) thrown at [/scratch/opt/mach5/mesos/work_dir/slaves/ae206c0d-865c-4d69-a16b-c4e90bf2719f-S646/frameworks/1735e8a2-a1db-478c-8104-60c8b0af87dd-0196/executors/9e8e1abd-2034-4f
Event: 90,528 Thread 0x00007fa36c4d2800 Exception <a 'sun/nio/fs/UnixException'{0x00000000cc1cf890}> (0x00000000cc1cf890) thrown at [/scratch/opt/mach5/mesos/work_dir/slaves/ae206c0d-865c-4d69-a16b-c4e90bf2719f-S646/frameworks/1735e8a2-a1db-478c-8104-60c8b0af87dd-0196/executors/9e8e1abd-2034-4f

Events (10 events):
Event: 89,788 Thread 0x00007fa36c680000 DEOPT UNPACKING pc=0x00007fa38cc4792b sp=0x00007fa34ece5470 mode 0
Event: 89,865 Thread 0x00007fa36c680000 DEOPT PACKING pc=0x00007fa38d9f950f sp=0x00007fa34ece5ee0
Event: 89,865 Thread 0x00007fa36c680000 DEOPT UNPACKING pc=0x00007fa38cc4792b sp=0x00007fa34ece5470 mode 0
Event: 89,967 Executing VM operation: G1CollectForAllocation
Event: 90,261 Executing VM operation: G1CollectForAllocation done
Event: 90,371 Thread 0x00007fa36c680000 DEOPT PACKING pc=0x00007fa38d9f950f sp=0x00007fa34ece5ee0
Event: 90,382 Thread 0x00007fa36c680000 DEOPT UNPACKING pc=0x00007fa38cc4792b sp=0x00007fa34ece5470 mode 0
Event: 90,448 Thread 0x00007fa36c680000 DEOPT PACKING pc=0x00007fa38d9f950f sp=0x00007fa34ece5ee0
Event: 90,448 Thread 0x00007fa36c680000 DEOPT UNPACKING pc=0x00007fa38cc4792b sp=0x00007fa34ece5470 mode 0
Event: 90,677 Executing VM operation: G1CollectForAllocation


Dynamic libraries:
00400000-00401000 r-xp 00000000 08:02 1716899                            /usr/lib/jvm/jdk-11.0.4/bin/java
00600000-00601000 r--p 00000000 08:02 1716899                            /usr/lib/jvm/jdk-11.0.4/bin/java
00601000-00602000 rw-p 00001000 08:02 1716899                            /usr/lib/jvm/jdk-11.0.4/bin/java
00622000-00664000 rw-p 00000000 00:00 0                                  [heap]
c0000000-cc600000 rw-p 00000000 00:00 0 
e1100000-100000000 ---p 00000000 00:00 0 
100000000-100560000 rw-p 00000000 00:00 0 
100560000-140000000 ---p 00000000 00:00 0 
7fa344e03000-7fa344e07000 ---p 00000000 00:00 0 
7fa344e07000-7fa344fc4000 rw-p 00000000 00:00 0 
7fa344fc4000-7fa345104000 ---p 00000000 00:00 0 
7fa345104000-7fa345304000 rw-p 00000000 00:00 0 
7fa345304000-7fa34d6e4000 r--s 00000000 08:02 1717041                    /usr/lib/jvm/jdk-11.0.4/lib/modules
7fa34d6e4000-7fa34d8e4000 rw-p 00000000 00:00 0 
7fa34d8e4000-7fa34d8e8000 ---p 00000000 00:00 0 
7fa34d8e8000-7fa34dbe5000 rw-p 00000000 00:00 0 
7fa34dbe5000-7fa34dbe9000 ---p 00000000 00:00 0 
7fa34dbe9000-7fa34dee6000 rw-p 00000000 00:00 0 
7fa34dee6000-7fa34deea000 ---p 00000000 00:00 0 
7fa34deea000-7fa34e1cf000 rw-p 00000000 00:00 0 
7fa34e1cf000-7fa34e1e7000 ---p 00000000 00:00 0 
7fa34e1e7000-7fa34e3e7000 rw-p 00000000 00:00 0 
7fa34e3e7000-7fa34e5e7000 rw-p 00000000 00:00 0 
7fa34e5e7000-7fa34e7e7000 rw-p 00000000 00:00 0 
7fa34e7e7000-7fa34e9e7000 rw-p 00000000 00:00 0 
7fa34e9e7000-7fa34ebe7000 rw-p 00000000 00:00 0 
7fa34ebe7000-7fa34ebeb000 ---p 00000000 00:00 0 
7fa34ebeb000-7fa34ece8000 rw-p 00000000 00:00 0 
7fa34ece8000-7fa34ecec000 ---p 00000000 00:00 0 
7fa34ecec000-7fa34efd5000 rw-p 00000000 00:00 0 
7fa34efd5000-7fa34efe9000 ---p 00000000 00:00 0 
7fa34efe9000-7fa34efed000 ---p 00000000 00:00 0 
7fa34efed000-7fa34f0ea000 rw-p 00000000 00:00 0 
7fa34f0ea000-7fa34f0ee000 ---p 00000000 00:00 0 
7fa34f0ee000-7fa34f3eb000 rw-p 00000000 00:00 0 
7fa34f3eb000-7fa34f3ef000 ---p 00000000 00:00 0 
7fa34f3ef000-7fa34f6ec000 rw-p 00000000 00:00 0 
7fa34f6ec000-7fa34f6f0000 ---p 00000000 00:00 0 
7fa34f6f0000-7fa34f9ed000 rw-p 00000000 00:00 0 
7fa34f9ed000-7fa34f9fd000 r-xp 00000000 08:03 262505                     /home/shanon/.vscode/extensions/redhat.java-0.52.0/server/config_linux/org.eclipse.equinox.launcher/org.eclipse.equinox.launcher.gtk.linux.x86_64_1.1.1100.v20190907-0426/eclipse_1801.so
7fa34f9fd000-7fa34fbfc000 ---p 00010000 08:03 262505                     /home/shanon/.vscode/extensions/redhat.java-0.52.0/server/config_linux/org.eclipse.equinox.launcher/org.eclipse.equinox.launcher.gtk.linux.x86_64_1.1.1100.v20190907-0426/eclipse_1801.so
7fa34fbfc000-7fa34fbfd000 r--p 0000f000 08:03 262505                     /home/shanon/.vscode/extensions/redhat.java-0.52.0/server/config_linux/org.eclipse.equinox.launcher/org.eclipse.equinox.launcher.gtk.linux.x86_64_1.1.1100.v20190907-0426/eclipse_1801.so
7fa34fbfd000-7fa34fbfe000 rw-p 00010000 08:03 262505                     /home/shanon/.vscode/extensions/redhat.java-0.52.0/server/config_linux/org.eclipse.equinox.launcher/org.eclipse.equinox.launcher.gtk.linux.x86_64_1.1.1100.v20190907-0426/eclipse_1801.so
7fa34fbfe000-7fa34fc02000 ---p 00000000 00:00 0 
7fa34fc02000-7fa34fcff000 rw-p 00000000 00:00 0 
7fa34fcff000-7fa34fd03000 ---p 00000000 00:00 0 
7fa34fd03000-7fa350000000 rw-p 00000000 00:00 0 
7fa350000000-7fa350021000 rw-p 00000000 00:00 0 
7fa350021000-7fa354000000 ---p 00000000 00:00 0 
7fa354000000-7fa354021000 rw-p 00000000 00:00 0 
7fa354021000-7fa358000000 ---p 00000000 00:00 0 
7fa358000000-7fa3599d8000 rw-p 00000000 00:00 0 
7fa3599d8000-7fa35c000000 ---p 00000000 00:00 0 
7fa35c000000-7fa35d00a000 rw-p 00000000 00:00 0 
7fa35d00a000-7fa360000000 ---p 00000000 00:00 0 
7fa360000000-7fa360022000 rw-p 00000000 00:00 0 
7fa360022000-7fa364000000 ---p 00000000 00:00 0 
7fa364000000-7fa364021000 rw-p 00000000 00:00 0 
7fa364021000-7fa368000000 ---p 00000000 00:00 0 
7fa368000000-7fa368614000 rw-p 00000000 00:00 0 
7fa368614000-7fa36c000000 ---p 00000000 00:00 0 
7fa36c000000-7fa36cbf3000 rw-p 00000000 00:00 0 
7fa36cbf3000-7fa370000000 ---p 00000000 00:00 0 
7fa370000000-7fa3701bd000 rw-p 00000000 00:00 0 
7fa3701bd000-7fa374000000 ---p 00000000 00:00 0 
7fa374000000-7fa3742a0000 rw-p 00000000 00:00 0 
7fa3742a0000-7fa378000000 ---p 00000000 00:00 0 
7fa378000000-7fa37809d000 rw-p 00000000 00:00 0 
7fa37809d000-7fa37c000000 ---p 00000000 00:00 0 
7fa37c0fd000-7fa37c101000 ---p 00000000 00:00 0 
7fa37c101000-7fa37c1fe000 rw-p 00000000 00:00 0 
7fa37c1fe000-7fa37c1ff000 ---p 00000000 00:00 0 
7fa37c1ff000-7fa37c300000 rw-p 00000000 00:00 0 
7fa37c300000-7fa37c301000 ---p 00000000 00:00 0 
7fa37c301000-7fa37c602000 rw-p 00000000 00:00 0 
7fa37c602000-7fa37c618000 r-xp 00000000 08:02 1717019                    /usr/lib/jvm/jdk-11.0.4/lib/libnet.so
7fa37c618000-7fa37c818000 ---p 00016000 08:02 1717019                    /usr/lib/jvm/jdk-11.0.4/lib/libnet.so
7fa37c818000-7fa37c819000 r--p 00016000 08:02 1717019                    /usr/lib/jvm/jdk-11.0.4/lib/libnet.so
7fa37c819000-7fa37c81a000 rw-p 00017000 08:02 1717019                    /usr/lib/jvm/jdk-11.0.4/lib/libnet.so
7fa37c81a000-7fa37c82a000 r-xp 00000000 08:02 1716985                    /usr/lib/jvm/jdk-11.0.4/lib/libnio.so
7fa37c82a000-7fa37ca29000 ---p 00010000 08:02 1716985                    /usr/lib/jvm/jdk-11.0.4/lib/libnio.so
7fa37ca29000-7fa37ca2a000 r--p 0000f000 08:02 1716985                    /usr/lib/jvm/jdk-11.0.4/lib/libnio.so
7fa37ca2a000-7fa37ca2b000 rw-p 00010000 08:02 1716985                    /usr/lib/jvm/jdk-11.0.4/lib/libnio.so
7fa37ca2b000-7fa37ca2c000 ---p 00000000 00:00 0 
7fa37ca2c000-7fa37cb2d000 rw-p 00000000 00:00 0 
7fa37cb2d000-7fa37cb31000 ---p 00000000 00:00 0 
7fa37cb31000-7fa37cc2e000 rw-p 00000000 00:00 0 
7fa37cc2e000-7fa37cc32000 ---p 00000000 00:00 0 
7fa37cc32000-7fa37cd2f000 rw-p 00000000 00:00 0 
7fa37cd2f000-7fa37cd33000 ---p 00000000 00:00 0 
7fa37cd33000-7fa37ce30000 rw-p 00000000 00:00 0 
7fa37ce30000-7fa37d800000 r--p 00000000 08:02 658661                     /usr/lib/locale/locale-archive
7fa37d800000-7fa380000000 rw-p 00000000 00:00 0 
7fa380000000-7fa380096000 rw-p 00000000 00:00 0 
7fa380096000-7fa384000000 ---p 00000000 00:00 0 
7fa384000000-7fa38403f000 rw-p 00000000 00:00 0 
7fa38403f000-7fa388000000 ---p 00000000 00:00 0 
7fa388000000-7fa38803f000 rw-p 00000000 00:00 0 
7fa38803f000-7fa38c000000 ---p 00000000 00:00 0 
7fa38c090000-7fa38c094000 ---p 00000000 00:00 0 
7fa38c094000-7fa38c191000 rw-p 00000000 00:00 0 
7fa38c191000-7fa38c195000 ---p 00000000 00:00 0 
7fa38c195000-7fa38c292000 rw-p 00000000 00:00 0 
7fa38c292000-7fa38c296000 ---p 00000000 00:00 0 
7fa38c296000-7fa38c393000 rw-p 00000000 00:00 0 
7fa38c393000-7fa38c397000 ---p 00000000 00:00 0 
7fa38c397000-7fa38c494000 rw-p 00000000 00:00 0 
7fa38c494000-7fa38c498000 ---p 00000000 00:00 0 
7fa38c498000-7fa38c595000 rw-p 00000000 00:00 0 
7fa38c595000-7fa38c596000 ---p 00000000 00:00 0 
7fa38c596000-7fa38c718000 rw-p 00000000 00:00 0 
7fa38c718000-7fa38c719000 ---p 00000000 00:00 0 
7fa38c719000-7fa38c81a000 rw-p 00000000 00:00 0 
7fa38c81a000-7fa38c81b000 ---p 00000000 00:00 0 
7fa38c81b000-7fa38c91c000 rw-p 00000000 00:00 0 
7fa38c91c000-7fa38c91d000 ---p 00000000 00:00 0 
7fa38c91d000-7fa38cc20000 rw-p 00000000 00:00 0 
7fa38cc20000-7fa38ce90000 rwxp 00000000 00:00 0 
7fa38ce90000-7fa38d1af000 ---p 00000000 00:00 0 
7fa38d1af000-7fa38dbcf000 rwxp 00000000 00:00 0 
7fa38dbcf000-7fa3946e7000 ---p 00000000 00:00 0 
7fa3946e7000-7fa394957000 rwxp 00000000 00:00 0 
7fa394957000-7fa39bc20000 ---p 00000000 00:00 0 
7fa39bc20000-7fa3a4000000 r--s 00000000 08:02 1717041                    /usr/lib/jvm/jdk-11.0.4/lib/modules
7fa3a4000000-7fa3a4593000 rw-p 00000000 00:00 0 
7fa3a4593000-7fa3a8000000 ---p 00000000 00:00 0 
7fa3a8034000-7fa3a8035000 ---p 00000000 00:00 0 
7fa3a8035000-7fa3a8136000 rw-p 00000000 00:00 0 
7fa3a8136000-7fa3a8137000 ---p 00000000 00:00 0 
7fa3a8137000-7fa3a8550000 rw-p 00000000 00:00 0 
7fa3a8550000-7fa3a9238000 ---p 00000000 00:00 0 
7fa3a9238000-7fa3a9550000 rw-p 00000000 00:00 0 
7fa3a9550000-7fa3aa238000 ---p 00000000 00:00 0 
7fa3aa238000-7fa3aa29b000 rw-p 00000000 00:00 0 
7fa3aa29b000-7fa3aa438000 ---p 00000000 00:00 0 
7fa3aa438000-7fa3aa49b000 rw-p 00000000 00:00 0 
7fa3aa49b000-7fa3aa638000 ---p 00000000 00:00 0 
7fa3aa638000-7fa3aa69b000 rw-p 00000000 00:00 0 
7fa3aa69b000-7fa3aa838000 ---p 00000000 00:00 0 
7fa3aa838000-7fa3aaa3a000 rw-p 00000000 00:00 0 
7fa3aaa3a000-7fa3aaa3b000 ---p 00000000 00:00 0 
7fa3aaa3b000-7fa3aab41000 rw-p 00000000 00:00 0 
7fa3aab41000-7fa3aac27000 ---p 00000000 00:00 0 
7fa3aac27000-7fa3aac3c000 rw-p 00000000 00:00 0 
7fa3aac3c000-7fa3aad12000 ---p 00000000 00:00 0 
7fa3aad12000-7fa3aad2d000 r-xp 00000000 08:02 1717017                    /usr/lib/jvm/jdk-11.0.4/lib/libjimage.so
7fa3aad2d000-7fa3aaf2c000 ---p 0001b000 08:02 1717017                    /usr/lib/jvm/jdk-11.0.4/lib/libjimage.so
7fa3aaf2c000-7fa3aaf2e000 r--p 0001a000 08:02 1717017                    /usr/lib/jvm/jdk-11.0.4/lib/libjimage.so
7fa3aaf2e000-7fa3aaf2f000 rw-p 0001c000 08:02 1717017                    /usr/lib/jvm/jdk-11.0.4/lib/libjimage.so
7fa3aaf2f000-7fa3aaf36000 r-xp 00000000 08:02 1716988                    /usr/lib/jvm/jdk-11.0.4/lib/libzip.so
7fa3aaf36000-7fa3ab135000 ---p 00007000 08:02 1716988                    /usr/lib/jvm/jdk-11.0.4/lib/libzip.so
7fa3ab135000-7fa3ab136000 r--p 00006000 08:02 1716988                    /usr/lib/jvm/jdk-11.0.4/lib/libzip.so
7fa3ab136000-7fa3ab137000 rw-p 00007000 08:02 1716988                    /usr/lib/jvm/jdk-11.0.4/lib/libzip.so
7fa3ab137000-7fa3ab142000 r-xp 00000000 08:02 398133                     /lib/x86_64-linux-gnu/libnss_files-2.27.so
7fa3ab142000-7fa3ab341000 ---p 0000b000 08:02 398133                     /lib/x86_64-linux-gnu/libnss_files-2.27.so
7fa3ab341000-7fa3ab342000 r--p 0000a000 08:02 398133                     /lib/x86_64-linux-gnu/libnss_files-2.27.so
7fa3ab342000-7fa3ab343000 rw-p 0000b000 08:02 398133                     /lib/x86_64-linux-gnu/libnss_files-2.27.so
7fa3ab343000-7fa3ab349000 rw-p 00000000 00:00 0 
7fa3ab349000-7fa3ab360000 r-xp 00000000 08:02 398127                     /lib/x86_64-linux-gnu/libnsl-2.27.so
7fa3ab360000-7fa3ab55f000 ---p 00017000 08:02 398127                     /lib/x86_64-linux-gnu/libnsl-2.27.so
7fa3ab55f000-7fa3ab560000 r--p 00016000 08:02 398127                     /lib/x86_64-linux-gnu/libnsl-2.27.so
7fa3ab560000-7fa3ab561000 rw-p 00017000 08:02 398127                     /lib/x86_64-linux-gnu/libnsl-2.27.so
7fa3ab561000-7fa3ab563000 rw-p 00000000 00:00 0 
7fa3ab563000-7fa3ab56e000 r-xp 00000000 08:02 398144                     /lib/x86_64-linux-gnu/libnss_nis-2.27.so
7fa3ab56e000-7fa3ab76d000 ---p 0000b000 08:02 398144                     /lib/x86_64-linux-gnu/libnss_nis-2.27.so
7fa3ab76d000-7fa3ab76e000 r--p 0000a000 08:02 398144                     /lib/x86_64-linux-gnu/libnss_nis-2.27.so
7fa3ab76e000-7fa3ab76f000 rw-p 0000b000 08:02 398144                     /lib/x86_64-linux-gnu/libnss_nis-2.27.so
7fa3ab76f000-7fa3ab777000 r-xp 00000000 08:02 398129                     /lib/x86_64-linux-gnu/libnss_compat-2.27.so
7fa3ab777000-7fa3ab977000 ---p 00008000 08:02 398129                     /lib/x86_64-linux-gnu/libnss_compat-2.27.so
7fa3ab977000-7fa3ab978000 r--p 00008000 08:02 398129                     /lib/x86_64-linux-gnu/libnss_compat-2.27.so
7fa3ab978000-7fa3ab979000 rw-p 00009000 08:02 398129                     /lib/x86_64-linux-gnu/libnss_compat-2.27.so
7fa3ab979000-7fa3ab9a2000 r-xp 00000000 08:02 1716989                    /usr/lib/jvm/jdk-11.0.4/lib/libjava.so
7fa3ab9a2000-7fa3abba2000 ---p 00029000 08:02 1716989                    /usr/lib/jvm/jdk-11.0.4/lib/libjava.so
7fa3abba2000-7fa3abba3000 r--p 00029000 08:02 1716989                    /usr/lib/jvm/jdk-11.0.4/lib/libjava.so
7fa3abba3000-7fa3abba5000 rw-p 0002a000 08:02 1716989                    /usr/lib/jvm/jdk-11.0.4/lib/libjava.so
7fa3abba5000-7fa3abbb2000 r-xp 00000000 08:02 1717036                    /usr/lib/jvm/jdk-11.0.4/lib/libverify.so
7fa3abbb2000-7fa3abdb1000 ---p 0000d000 08:02 1717036                    /usr/lib/jvm/jdk-11.0.4/lib/libverify.so
7fa3abdb1000-7fa3abdb3000 r--p 0000c000 08:02 1717036                    /usr/lib/jvm/jdk-11.0.4/lib/libverify.so
7fa3abdb3000-7fa3abdb4000 rw-p 0000e000 08:02 1717036                    /usr/lib/jvm/jdk-11.0.4/lib/libverify.so
7fa3abdb4000-7fa3abdbb000 r-xp 00000000 08:02 398184                     /lib/x86_64-linux-gnu/librt-2.27.so
7fa3abdbb000-7fa3abfba000 ---p 00007000 08:02 398184                     /lib/x86_64-linux-gnu/librt-2.27.so
7fa3abfba000-7fa3abfbb000 r--p 00006000 08:02 398184                     /lib/x86_64-linux-gnu/librt-2.27.so
7fa3abfbb000-7fa3abfbc000 rw-p 00007000 08:02 398184                     /lib/x86_64-linux-gnu/librt-2.27.so
7fa3abfbc000-7fa3ac159000 r-xp 00000000 08:02 398106                     /lib/x86_64-linux-gnu/libm-2.27.so
7fa3ac159000-7fa3ac358000 ---p 0019d000 08:02 398106                     /lib/x86_64-linux-gnu/libm-2.27.so
7fa3ac358000-7fa3ac359000 r--p 0019c000 08:02 398106                     /lib/x86_64-linux-gnu/libm-2.27.so
7fa3ac359000-7fa3ac35a000 rw-p 0019d000 08:02 398106                     /lib/x86_64-linux-gnu/libm-2.27.so
7fa3ac35a000-7fa3ad49a000 r-xp 00000000 08:02 1717029                    /usr/lib/jvm/jdk-11.0.4/lib/server/libjvm.so
7fa3ad49a000-7fa3ad699000 ---p 01140000 08:02 1717029                    /usr/lib/jvm/jdk-11.0.4/lib/server/libjvm.so
7fa3ad699000-7fa3ad758000 r--p 0113f000 08:02 1717029                    /usr/lib/jvm/jdk-11.0.4/lib/server/libjvm.so
7fa3ad758000-7fa3ad791000 rw-p 011fe000 08:02 1717029                    /usr/lib/jvm/jdk-11.0.4/lib/server/libjvm.so
7fa3ad791000-7fa3ad7e8000 rw-p 00000000 00:00 0 
7fa3ad7e8000-7fa3ad9cf000 r-xp 00000000 08:02 398043                     /lib/x86_64-linux-gnu/libc-2.27.so
7fa3ad9cf000-7fa3adbcf000 ---p 001e7000 08:02 398043                     /lib/x86_64-linux-gnu/libc-2.27.so
7fa3adbcf000-7fa3adbd3000 r--p 001e7000 08:02 398043                     /lib/x86_64-linux-gnu/libc-2.27.so
7fa3adbd3000-7fa3adbd5000 rw-p 001eb000 08:02 398043                     /lib/x86_64-linux-gnu/libc-2.27.so
7fa3adbd5000-7fa3adbd9000 rw-p 00000000 00:00 0 
7fa3adbd9000-7fa3adbdc000 r-xp 00000000 08:02 398066                     /lib/x86_64-linux-gnu/libdl-2.27.so
7fa3adbdc000-7fa3adddb000 ---p 00003000 08:02 398066                     /lib/x86_64-linux-gnu/libdl-2.27.so
7fa3adddb000-7fa3adddc000 r--p 00002000 08:02 398066                     /lib/x86_64-linux-gnu/libdl-2.27.so
7fa3adddc000-7fa3adddd000 rw-p 00003000 08:02 398066                     /lib/x86_64-linux-gnu/libdl-2.27.so
7fa3adddd000-7fa3added000 r-xp 00000000 08:02 1717002                    /usr/lib/jvm/jdk-11.0.4/lib/jli/libjli.so
7fa3added000-7fa3adfec000 ---p 00010000 08:02 1717002                    /usr/lib/jvm/jdk-11.0.4/lib/jli/libjli.so
7fa3adfec000-7fa3adfed000 r--p 0000f000 08:02 1717002                    /usr/lib/jvm/jdk-11.0.4/lib/jli/libjli.so
7fa3adfed000-7fa3adfee000 rw-p 00010000 08:02 1717002                    /usr/lib/jvm/jdk-11.0.4/lib/jli/libjli.so
7fa3adfee000-7fa3ae008000 r-xp 00000000 08:02 398176                     /lib/x86_64-linux-gnu/libpthread-2.27.so
7fa3ae008000-7fa3ae207000 ---p 0001a000 08:02 398176                     /lib/x86_64-linux-gnu/libpthread-2.27.so
7fa3ae207000-7fa3ae208000 r--p 00019000 08:02 398176                     /lib/x86_64-linux-gnu/libpthread-2.27.so
7fa3ae208000-7fa3ae209000 rw-p 0001a000 08:02 398176                     /lib/x86_64-linux-gnu/libpthread-2.27.so
7fa3ae209000-7fa3ae20d000 rw-p 00000000 00:00 0 
7fa3ae20d000-7fa3ae229000 r-xp 00000000 08:02 398215                     /lib/x86_64-linux-gnu/libz.so.1.2.11
7fa3ae229000-7fa3ae428000 ---p 0001c000 08:02 398215                     /lib/x86_64-linux-gnu/libz.so.1.2.11
7fa3ae428000-7fa3ae429000 r--p 0001b000 08:02 398215                     /lib/x86_64-linux-gnu/libz.so.1.2.11
7fa3ae429000-7fa3ae42a000 rw-p 0001c000 08:02 398215                     /lib/x86_64-linux-gnu/libz.so.1.2.11
7fa3ae42a000-7fa3ae451000 r-xp 00000000 08:02 398015                     /lib/x86_64-linux-gnu/ld-2.27.so
7fa3ae496000-7fa3ae49a000 ---p 00000000 00:00 0 
7fa3ae49a000-7fa3ae536000 rw-p 00000000 00:00 0 
7fa3ae536000-7fa3ae53a000 ---p 00000000 00:00 0 
7fa3ae53a000-7fa3ae640000 rw-p 00000000 00:00 0 
7fa3ae640000-7fa3ae647000 ---p 00000000 00:00 0 
7fa3ae647000-7fa3ae64f000 rw-s 00000000 08:02 394528                     /tmp/hsperfdata_shanon/4041
7fa3ae64f000-7fa3ae650000 ---p 00000000 00:00 0 
7fa3ae650000-7fa3ae651000 r--p 00000000 00:00 0 
7fa3ae651000-7fa3ae652000 r--p 00027000 08:02 398015                     /lib/x86_64-linux-gnu/ld-2.27.so
7fa3ae652000-7fa3ae653000 rw-p 00028000 08:02 398015                     /lib/x86_64-linux-gnu/ld-2.27.so
7fa3ae653000-7fa3ae654000 rw-p 00000000 00:00 0 
7ffca5967000-7ffca5988000 rw-p 00000000 00:00 0                          [stack]
7ffca59d4000-7ffca59d7000 r--p 00000000 00:00 0                          [vvar]
7ffca59d7000-7ffca59d8000 r-xp 00000000 00:00 0                          [vdso]
ffffffffff600000-ffffffffff601000 r-xp 00000000 00:00 0                  [vsyscall]


VM Arguments:
jvm_args: --add-modules=ALL-SYSTEM --add-opens=java.base/java.util=ALL-UNNAMED --add-opens=java.base/java.lang=ALL-UNNAMED -Declipse.application=org.eclipse.jdt.ls.core.id1 -Dosgi.bundles.defaultStartLevel=4 -Declipse.product=org.eclipse.jdt.ls.core.product -Dfile.encoding=utf8 -Xverify:none -Xmx1G -XX:+UseG1GC -XX:+UseStringDeduplication 
java_command: /home/shanon/.vscode/extensions/redhat.java-0.52.0/server/plugins/org.eclipse.equinox.launcher_1.5.600.v20191014-2022.jar -configuration /home/shanon/.vscode/extensions/redhat.java-0.52.0/server/config_linux -data /home/shanon/.config/Code/User/workspaceStorage/ad502a1f8c70402deb172870f80bf534/redhat.java/jdt_ws
java_class_path (initial): /home/shanon/.vscode/extensions/redhat.java-0.52.0/server/plugins/org.eclipse.equinox.launcher_1.5.600.v20191014-2022.jar
Launcher Type: SUN_STANDARD

[Global flags]
     bool BytecodeVerificationLocal                = false                                     {product} {command line}
     bool BytecodeVerificationRemote               = false                                     {product} {command line}
     intx CICompilerCount                          = 2                                         {product} {ergonomic}
     uint ConcGCThreads                            = 1                                         {product} {ergonomic}
     uint G1ConcRefinementThreads                  = 2                                         {product} {ergonomic}
   size_t G1HeapRegionSize                         = 1048576                                   {product} {ergonomic}
    uintx GCDrainStackTargetSize                   = 64                                        {product} {ergonomic}
   size_t InitialHeapSize                          = 62914560                                  {product} {ergonomic}
   size_t MarkStackSize                            = 4194304                                   {product} {ergonomic}
   size_t MaxHeapSize                              = 1073741824                                {product} {command line}
   size_t MaxNewSize                               = 643825664                                 {product} {ergonomic}
   size_t MinHeapDeltaBytes                        = 1048576                                   {product} {ergonomic}
    uintx NonNMethodCodeHeapSize                   = 5824844                                {pd product} {ergonomic}
    uintx NonProfiledCodeHeapSize                  = 122916698                              {pd product} {ergonomic}
    uintx ProfiledCodeHeapSize                     = 122916698                              {pd product} {ergonomic}
    uintx ReservedCodeCacheSize                    = 251658240                              {pd product} {ergonomic}
     bool SegmentedCodeCache                       = true                                      {product} {ergonomic}
     bool UseCompressedClassPointers               = true                                 {lp64_product} {ergonomic}
     bool UseCompressedOops                        = true                                 {lp64_product} {ergonomic}
     bool UseG1GC                                  = true                                      {product} {command line}
     bool UseStringDeduplication                   = true                                      {product} {command line}

Logging:
Log output configuration:
 #0: stdout all=warning uptime,level,tags
 #1: stderr all=off uptime,level,tags

Environment Variables:
JAVA_HOME=/usr/lib/jvm/jdk-11.0.4
PATH=/usr/local/sbin:/usr/local/bin:/usr/sbin:/usr/bin:/sbin:/bin:/usr/games:/usr/local/games:/snap/bin:/usr/lib/jvm/jdk-11.0.4/bin:/usr/lib/jvm/jdk-11.0.4/bin:/home/shanon/Android/Sdk/emulator:/home/shanon/Android/Sdk/tools:/home/shanon/Android/Sdk/tools/bin:/home/shanon/Android/Sdk/platform-tools
USERNAME=shanon
SHELL=/bin/bash
DISPLAY=:0

Signal Handlers:
SIGSEGV: [libjvm.so+0xe2b860], sa_mask[0]=11111111011111111101111111111110, sa_flags=SA_RESTART|SA_SIGINFO
SIGBUS: [libjvm.so+0xe2b860], sa_mask[0]=11111111011111111101111111111110, sa_flags=SA_RESTART|SA_SIGINFO
SIGFPE: [libjvm.so+0xe2b860], sa_mask[0]=11111111011111111101111111111110, sa_flags=SA_RESTART|SA_SIGINFO
SIGPIPE: [libjvm.so+0xbffef0], sa_mask[0]=11111111011111111101111111111110, sa_flags=SA_RESTART|SA_SIGINFO
SIGXFSZ: [libjvm.so+0xbffef0], sa_mask[0]=11111111011111111101111111111110, sa_flags=SA_RESTART|SA_SIGINFO
SIGILL: [libjvm.so+0xe2b860], sa_mask[0]=11111111011111111101111111111110, sa_flags=SA_RESTART|SA_SIGINFO
SIGUSR2: [libjvm.so+0xbffd90], sa_mask[0]=00000000000000000000000000000000, sa_flags=SA_RESTART|SA_SIGINFO
SIGHUP: [libjvm.so+0xc000f0], sa_mask[0]=11111111011111111101111111111110, sa_flags=SA_RESTART|SA_SIGINFO
SIGINT: [libjvm.so+0xc000f0], sa_mask[0]=11111111011111111101111111111110, sa_flags=SA_RESTART|SA_SIGINFO
SIGTERM: [libjvm.so+0xc000f0], sa_mask[0]=11111111011111111101111111111110, sa_flags=SA_RESTART|SA_SIGINFO
SIGQUIT: [libjvm.so+0xc000f0], sa_mask[0]=11111111011111111101111111111110, sa_flags=SA_RESTART|SA_SIGINFO


---------------  S Y S T E M  ---------------

OS:DISTRIB_ID=Ubuntu
DISTRIB_RELEASE=18.04
DISTRIB_CODENAME=bionic
DISTRIB_DESCRIPTION="Ubuntu 18.04.3 LTS"
uname:Linux 5.0.0-32-generic #34~18.04.2-Ubuntu SMP Thu Oct 10 10:36:02 UTC 2019 x86_64
libc:glibc 2.27 NPTL 2.27 
rlimit: STACK 8192k, CORE 0k, NPROC 14948, NOFILE 4096, AS infinity, DATA infinity, FSIZE infinity
load average:38,01 13,03 5,87

/proc/meminfo:
MemTotal:        3874636 kB
MemFree:          107532 kB
MemAvailable:      43456 kB
Buffers:            2876 kB
Cached:           275712 kB
SwapCached:          504 kB
Active:          2855304 kB
Inactive:         603968 kB
Active(anon):    2818052 kB
Inactive(anon):   563588 kB
Active(file):      37252 kB
Inactive(file):    40380 kB
Unevictable:         412 kB
Mlocked:              32 kB
SwapTotal:       1952764 kB
SwapFree:              8 kB
Dirty:                40 kB
Writeback:             0 kB
AnonPages:       3180736 kB
Mapped:            93008 kB
Shmem:            202840 kB
KReclaimable:      42312 kB
Slab:             106384 kB
SReclaimable:      42312 kB
SUnreclaim:        64072 kB
KernelStack:       21616 kB
PageTables:        89692 kB
NFS_Unstable:          0 kB
Bounce:                0 kB
WritebackTmp:          0 kB
CommitLimit:     3890080 kB
Committed_AS:   13630556 kB
VmallocTotal:   34359738367 kB
VmallocUsed:           0 kB
VmallocChunk:          0 kB
Percpu:             1328 kB
HardwareCorrupted:     0 kB
AnonHugePages:         0 kB
ShmemHugePages:        0 kB
ShmemPmdMapped:        0 kB
CmaTotal:              0 kB
CmaFree:               0 kB
HugePages_Total:       0
HugePages_Free:        0
HugePages_Rsvd:        0
HugePages_Surp:        0
Hugepagesize:       2048 kB
Hugetlb:               0 kB
DirectMap4k:      251648 kB
DirectMap2M:     3778560 kB


/proc/sys/kernel/threads-max (system-wide limit on the number of threads):
29897


/proc/sys/vm/max_map_count (maximum number of memory map areas a process may have):
65530


/proc/sys/kernel/pid_max (system-wide limit on number of process identifiers):
32768



container (cgroup) information:
container_type: cgroupv1
cpu_cpuset_cpus: 0-1
cpu_memory_nodes: 0
active_processor_count: 2
cpu_quota: -1
cpu_period: 100000
cpu_shares: -1
memory_limit_in_bytes: -1
memory_and_swap_limit_in_bytes: -2
memory_soft_limit_in_bytes: -1
memory_usage_in_bytes: 3543080960
memory_max_usage_in_bytes: 30842880


CPU:total 2 (initial active 2) (2 cores per cpu, 1 threads per core) family 6 model 76 stepping 4, cmov, cx8, fxsr, mmx, sse, sse2, sse3, ssse3, sse4.1, sse4.2, popcnt, aes, clmul, erms, 3dnowpref, tsc, tscinvbit
CPU Model and flags from /proc/cpuinfo:
model name	: Intel(R) Celeron(R) CPU  N3060  @ 1.60GHz
flags		: fpu vme de pse tsc msr pae mce cx8 apic sep mtrr pge mca cmov pat pse36 clflush dts acpi mmx fxsr sse sse2 ss ht tm pbe syscall nx rdtscp lm constant_tsc arch_perfmon pebs bts rep_good nopl xtopology tsc_reliable nonstop_tsc cpuid aperfmperf tsc_known_freq pni pclmulqdq dtes64 monitor ds_cpl vmx est tm2 ssse3 cx16 xtpr pdcm sse4_1 sse4_2 movbe popcnt tsc_deadline_timer aes rdrand lahf_lm 3dnowprefetch epb pti ibrs ibpb stibp tpr_shadow vnmi flexpriority ept vpid tsc_adjust smep erms dtherm ida arat md_clear

Memory: 4k page, physical 3874636k(107028k free), swap 1952764k(8k free)

vm_info: Java HotSpot(TM) 64-Bit Server VM (11.0.4+10-LTS) for linux-amd64 JRE (11.0.4+10-LTS), built on Jul  4 2019 15:26:10 by "mach5one" with gcc 7.3.0

END.
