#
# There is insufficient memory for the Java Runtime Environment to continue.
# Native memory allocation (mmap) failed to map 286261248 bytes for committing reserved memory.
# Possible reasons:
#   The system is out of physical RAM or swap space
#   The process is running with CompressedOops enabled, and the Java Heap may be blocking the growth of the native heap
# Possible solutions:
#   Reduce memory load on the system
#   Increase physical memory or swap space
#   Check if swap backing store is full
#   Decrease Java heap size (-Xmx/-Xms)
#   Decrease number of Java threads
#   Decrease Java thread stack sizes (-Xss)
#   Set larger code cache with -XX:ReservedCodeCacheSize=
#   JVM is running with Unscaled Compressed Oops mode in which the Java heap is
#     placed in the first 4GB address space. The Java Heap base address is the
#     maximum limit for the native heap growth. Please use -XX:HeapBaseMinAddress
#     to set the Java Heap base and to place the Java Heap above 4GB virtual address.
# This output file may be truncated or incomplete.
#
#  Out of Memory Error (os_linux.cpp:2720), pid=4109, tid=4119
#
# JRE version: Java(TM) SE Runtime Environment (11.0.4+10) (build 11.0.4+10-LTS)
# Java VM: Java HotSpot(TM) 64-Bit Server VM (11.0.4+10-LTS, mixed mode, tiered, compressed oops, g1 gc, linux-amd64)
# Core dump will be written. Default location: Core dumps may be processed with "/usr/share/apport/apport %p %s %c %d %P" (or dumping to /home/shanon/react-native/AwesomeProject/core.4109)
#

---------------  S U M M A R Y ------------

Command Line: --add-modules=ALL-SYSTEM --add-opens=java.base/java.util=ALL-UNNAMED --add-opens=java.base/java.lang=ALL-UNNAMED -Declipse.application=org.eclipse.jdt.ls.core.id1 -Dosgi.bundles.defaultStartLevel=4 -Declipse.product=org.eclipse.jdt.ls.core.product -Dfile.encoding=utf8 -Xverify:none -Xmx1G -XX:+UseG1GC -XX:+UseStringDeduplication /home/shanon/.vscode/extensions/redhat.java-0.52.0/server/plugins/org.eclipse.equinox.launcher_1.5.600.v20191014-2022.jar -configuration /home/shanon/.vscode/extensions/redhat.java-0.52.0/server/config_linux -data /home/shanon/.config/Code/User/workspaceStorage/ad502a1f8c70402deb172870f80bf534/redhat.java/jdt_ws

Host: Intel(R) Celeron(R) CPU  N3060  @ 1.60GHz, 2 cores, 3G, Ubuntu 18.04.3 LTS
Time: Sun Nov  3 20:24:23 2019 WIB elapsed time: 92 seconds (0d 0h 1m 32s)

---------------  T H R E A D  ---------------

Current thread (0x00007ff8cc15c800):  VMThread "VM Thread" [stack: 0x00007ff8b0690000,0x00007ff8b0790000] [id=4119]

Stack: [0x00007ff8b0690000,0x00007ff8b0790000],  sp=0x00007ff8b078df20,  free space=1015k
Native frames: (J=compiled Java code, A=aot compiled Java code, j=interpreted, Vv=VM code, C=native code)
V  [libjvm.so+0xe29e27]  VMError::report_and_die(int, char const*, char const*, __va_list_tag*, Thread*, unsigned char*, void*, void*, char const*, int, unsigned long)+0x317
V  [libjvm.so+0xe2aa8b]  VMError::report_and_die(Thread*, char const*, int, unsigned long, VMErrorType, char const*, __va_list_tag*)+0x2b
V  [libjvm.so+0x69a845]  report_vm_out_of_memory(char const*, int, unsigned long, VMErrorType, char const*, ...)+0xd5
V  [libjvm.so+0xc041d8]  os::pd_commit_memory_or_exit(char*, unsigned long, unsigned long, bool, char const*)+0x108
V  [libjvm.so+0xbfb73d]  os::commit_memory_or_exit(char*, unsigned long, unsigned long, bool, char const*)+0x1d
V  [libjvm.so+0x7b3aec]  G1PageBasedVirtualSpace::commit_preferred_pages(unsigned long, unsigned long)+0x6c
V  [libjvm.so+0x7b3d8e]  G1PageBasedVirtualSpace::commit(unsigned long, unsigned long)+0x5e
V  [libjvm.so+0x7bfb60]  G1RegionsLargerThanCommitSizeMapper::commit_regions(unsigned int, unsigned long, WorkGang*)+0x40
V  [libjvm.so+0x83b5a9]  HeapRegionManager::commit_regions(unsigned int, unsigned long, WorkGang*)+0x89
V  [libjvm.so+0x83c1ff]  HeapRegionManager::make_regions_available(unsigned int, unsigned int, WorkGang*)+0x3f
V  [libjvm.so+0x83c689]  HeapRegionManager::expand_at(unsigned int, unsigned int, WorkGang*) [clone .part.44]+0x119
V  [libjvm.so+0x77827f]  G1CollectedHeap::expand(unsigned long, WorkGang*, double*)+0xdf
V  [libjvm.so+0x77d04a]  G1CollectedHeap::do_collection_pause_at_safepoint(double)+0xa9a
V  [libjvm.so+0xe35a31]  VM_G1CollectForAllocation::doit()+0x81
V  [libjvm.so+0xe345c7]  VM_Operation::evaluate()+0xe7
V  [libjvm.so+0xe31daf]  VMThread::evaluate_operation(VM_Operation*) [clone .constprop.54]+0xff
V  [libjvm.so+0xe322e6]  VMThread::loop()+0x3e6
V  [libjvm.so+0xe3272b]  VMThread::run()+0x7b
V  [libjvm.so+0xc0a090]  thread_native_entry(Thread*)+0xf0

VM_Operation (0x00007ff872ee5590): G1CollectForAllocation, mode: safepoint, requested by thread 0x00007ff884657000


---------------  P R O C E S S  ---------------

Threads class SMR info:
_java_thread_list=0x00007ff894002df0, length=21, elements={
0x00007ff8cc012000, 0x00007ff8cc164800, 0x00007ff8cc169000, 0x00007ff8cc186800,
0x00007ff8cc188800, 0x00007ff8cc18a800, 0x00007ff8cc18c800, 0x00007ff8cc210000,
0x00007ff8cc276800, 0x00007ff8cc49d800, 0x00007ff8cc4cb800, 0x00007ff8cc4dd000,
0x00007ff884296800, 0x00007ff884413800, 0x00007ff8844cf000, 0x00007ff898030000,
0x00007ff898059800, 0x00007ff884657000, 0x00007ff8cc3cd000, 0x00007ff8cc557800,
0x00007ff894001800
}

Java Threads: ( => current thread )
  0x00007ff8cc012000 JavaThread "main" [_thread_blocked, id=4110, stack(0x00007ff8d263b000,0x00007ff8d273c000)]
  0x00007ff8cc164800 JavaThread "Reference Handler" daemon [_thread_blocked, id=4120, stack(0x00007ff8b058d000,0x00007ff8b068e000)]
  0x00007ff8cc169000 JavaThread "Finalizer" daemon [_thread_blocked, id=4121, stack(0x00007ff8b048c000,0x00007ff8b058d000)]
  0x00007ff8cc186800 JavaThread "Signal Dispatcher" daemon [_thread_blocked, id=4122, stack(0x00007ff8b038b000,0x00007ff8b048c000)]
  0x00007ff8cc188800 JavaThread "C2 CompilerThread0" daemon [_thread_blocked, id=4123, stack(0x00007ff8b028a000,0x00007ff8b038b000)]
  0x00007ff8cc18a800 JavaThread "C1 CompilerThread0" daemon [_thread_blocked, id=4124, stack(0x00007ff8b0189000,0x00007ff8b028a000)]
  0x00007ff8cc18c800 JavaThread "Sweeper thread" daemon [_thread_blocked, id=4125, stack(0x00007ff8b0088000,0x00007ff8b0189000)]
  0x00007ff8cc210000 JavaThread "Common-Cleaner" daemon [_thread_blocked, id=4126, stack(0x00007ff8a0d2f000,0x00007ff8a0e30000)]
  0x00007ff8cc276800 JavaThread "Service Thread" daemon [_thread_blocked, id=4128, stack(0x00007ff8a0c2e000,0x00007ff8a0d2f000)]
  0x00007ff8cc49d800 JavaThread "Active Thread: Equinox Container: cc17de69-9253-4d1c-9dc7-8f5d0c72e734" [_thread_blocked, id=4139, stack(0x00007ff8a0100000,0x00007ff8a0201000)]
  0x00007ff8cc4cb800 JavaThread "Framework Event Dispatcher: Equinox Container: cc17de69-9253-4d1c-9dc7-8f5d0c72e734" daemon [_thread_blocked, id=4140, stack(0x00007ff873eff000,0x00007ff874000000)]
  0x00007ff8cc4dd000 JavaThread "Start Level: Equinox Container: cc17de69-9253-4d1c-9dc7-8f5d0c72e734" daemon [_thread_blocked, id=4141, stack(0x00007ff873dfe000,0x00007ff873eff000)]
  0x00007ff884296800 JavaThread "Bundle File Closer" daemon [_thread_blocked, id=4145, stack(0x00007ff8738ec000,0x00007ff8739ed000)]
  0x00007ff884413800 JavaThread "Worker-JM" [_thread_blocked, id=4146, stack(0x00007ff8735eb000,0x00007ff8736ec000)]
  0x00007ff8844cf000 JavaThread "Worker-0: Initialize Workspace" [_thread_blocked, id=4148, stack(0x00007ff8732ea000,0x00007ff8733eb000)]
  0x00007ff898030000 JavaThread "Worker-1" [_thread_blocked, id=4149, stack(0x00007ff8731e9000,0x00007ff8732ea000)]
  0x00007ff898059800 JavaThread "Worker-2" [_thread_blocked, id=4150, stack(0x00007ff872ee8000,0x00007ff872fe9000)]
  0x00007ff884657000 JavaThread "Java indexing" daemon [_thread_blocked, id=4151, stack(0x00007ff872de7000,0x00007ff872ee8000)]
  0x00007ff8cc3cd000 JavaThread "pool-2-thread-1" [_thread_blocked, id=4161, stack(0x00007ff8720e6000,0x00007ff8721e7000)]
  0x00007ff8cc557800 JavaThread "pool-1-thread-1" [_thread_blocked, id=4162, stack(0x00007ff871be5000,0x00007ff871ce6000)]
  0x00007ff894001800 JavaThread "Worker-3: Java indexing... " [_thread_blocked, id=4167, stack(0x00007ff871ae4000,0x00007ff871be5000)]

Other Threads:
=>0x00007ff8cc15c800 VMThread "VM Thread" [stack: 0x00007ff8b0690000,0x00007ff8b0790000] [id=4119]
  0x00007ff8cc295800 WatcherThread [stack: 0x00007ff8a0b2e000,0x00007ff8a0c2e000] [id=4129]
  0x00007ff8cc03a000 GCTaskThread "GC Thread#0" [stack: 0x00007ff8b36a0000,0x00007ff8b37a0000] [id=4112]
  0x00007ff88c001000 GCTaskThread "GC Thread#1" [stack: 0x00007ff8a0403000,0x00007ff8a0503000] [id=4136]
  0x00007ff8cc055800 ConcurrentGCThread "G1 Main Marker" [stack: 0x00007ff8b0d9c000,0x00007ff8b0e9c000] [id=4113]
  0x00007ff8cc057000 ConcurrentGCThread "G1 Conc#0" [stack: 0x00007ff8b0c9a000,0x00007ff8b0d9a000] [id=4114]
  0x00007ff8cc091000 ConcurrentGCThread "G1 Refine#0" [stack: 0x00007ff8b0996000,0x00007ff8b0a96000] [id=4115]
  0x00007ff8cc092800 ConcurrentGCThread "G1 Young RemSet Sampling" [stack: 0x00007ff8b0894000,0x00007ff8b0994000] [id=4116]
  0x00007ff8cc099800 ConcurrentGCThread "StrDedup" [stack: 0x00007ff8b0792000,0x00007ff8b0892000] [id=4117]

Threads with active compile tasks:
C2 CompilerThread04734       4       org.eclipse.jdt.core.compiler.CharOperation::splitOn (150 bytes)
C1 CompilerThread05014 %     3       org.eclipse.jdt.internal.compiler.util.SimpleLookupTable::put @ 20 (104 bytes)

VM state:at safepoint (normal execution)

VM Mutex/Monitor currently owned by a thread:  ([mutex/lock_event])
[0x00007ff8cc00e470] Threads_lock - owner thread: 0x00007ff8cc15c800
[0x00007ff8cc00ebc0] Heap_lock - owner thread: 0x00007ff884657000

Heap address: 0x00000000c0000000, size: 1024 MB, Compressed Oops mode: 32-bit
Narrow klass base: 0x0000000000000000, Narrow klass shift: 3
Compressed class space size: 1073741824 Address: 0x0000000100000000

Heap:
 garbage-first heap   total 466944K, used 56847K [0x00000000c0000000, 0x0000000100000000)
  region size 1024K, 2 young (2048K), 2 survivors (2048K)
 Metaspace       used 43414K, capacity 45629K, committed 45904K, reserved 1089536K
  class space    used 4411K, capacity 5274K, committed 5376K, reserved 1048576K
Heap Regions: E=young(eden), S=young(survivor), O=old, HS=humongous(starts), HC=humongous(continues), CS=collection set, F=free, A=archive, TAMS=top-at-mark-start (previous, next)
|   0|0x00000000c0000000, 0x00000000c0100000, 0x00000000c0100000|100%| O|  |TAMS 0x00000000c0100000, 0x00000000c0000000| Untracked 
|   1|0x00000000c0100000, 0x00000000c0200000, 0x00000000c0200000|100%| O|  |TAMS 0x00000000c0200000, 0x00000000c0100000| Untracked 
|   2|0x00000000c0200000, 0x00000000c0300000, 0x00000000c0300000|100%| O|  |TAMS 0x00000000c0300000, 0x00000000c0200000| Untracked 
|   3|0x00000000c0300000, 0x00000000c0400000, 0x00000000c0400000|100%| O|  |TAMS 0x00000000c0400000, 0x00000000c0300000| Untracked 
|   4|0x00000000c0400000, 0x00000000c0500000, 0x00000000c0500000|100%| O|  |TAMS 0x00000000c0500000, 0x00000000c0400000| Untracked 
|   5|0x00000000c0500000, 0x00000000c0600000, 0x00000000c0600000|100%| O|  |TAMS 0x00000000c0600000, 0x00000000c0500000| Untracked 
|   6|0x00000000c0600000, 0x00000000c0700000, 0x00000000c0700000|100%| O|  |TAMS 0x00000000c0700000, 0x00000000c0600000| Untracked 
|   7|0x00000000c0700000, 0x00000000c0800000, 0x00000000c0800000|100%| O|  |TAMS 0x00000000c0800000, 0x00000000c0700000| Untracked 
|   8|0x00000000c0800000, 0x00000000c0900000, 0x00000000c0900000|100%| O|  |TAMS 0x00000000c0900000, 0x00000000c0800000| Untracked 
|   9|0x00000000c0900000, 0x00000000c0a00000, 0x00000000c0a00000|100%| O|  |TAMS 0x00000000c0a00000, 0x00000000c0900000| Untracked 
|  10|0x00000000c0a00000, 0x00000000c0b00000, 0x00000000c0b00000|100%| O|  |TAMS 0x00000000c0b00000, 0x00000000c0a00000| Untracked 
|  11|0x00000000c0b00000, 0x00000000c0c00000, 0x00000000c0c00000|100%| O|  |TAMS 0x00000000c0c00000, 0x00000000c0b00000| Untracked 
|  12|0x00000000c0c00000, 0x00000000c0d00000, 0x00000000c0d00000|100%| O|  |TAMS 0x00000000c0d00000, 0x00000000c0c00000| Untracked 
|  13|0x00000000c0d00000, 0x00000000c0e00000, 0x00000000c0e00000|100%| O|  |TAMS 0x00000000c0e00000, 0x00000000c0d00000| Untracked 
|  14|0x00000000c0e00000, 0x00000000c0f00000, 0x00000000c0f00000|100%| O|  |TAMS 0x00000000c0f00000, 0x00000000c0e00000| Untracked 
|  15|0x00000000c0f00000, 0x00000000c1000000, 0x00000000c1000000|100%| O|  |TAMS 0x00000000c1000000, 0x00000000c0f00000| Untracked 
|  16|0x00000000c1000000, 0x00000000c1100000, 0x00000000c1100000|100%| O|  |TAMS 0x00000000c1100000, 0x00000000c1000000| Untracked 
|  17|0x00000000c1100000, 0x00000000c1200000, 0x00000000c1200000|100%| O|  |TAMS 0x00000000c1200000, 0x00000000c1100000| Untracked 
|  18|0x00000000c1200000, 0x00000000c1300000, 0x00000000c1300000|100%| O|  |TAMS 0x00000000c12f1200, 0x00000000c1200000| Untracked 
|  19|0x00000000c1300000, 0x00000000c1400000, 0x00000000c1400000|100%| O|  |TAMS 0x00000000c1300000, 0x00000000c1300000| Untracked 
|  20|0x00000000c1400000, 0x00000000c1500000, 0x00000000c1500000|100%| O|  |TAMS 0x00000000c1400000, 0x00000000c1400000| Untracked 
|  21|0x00000000c1500000, 0x00000000c1600000, 0x00000000c1600000|100%| O|  |TAMS 0x00000000c1500000, 0x00000000c1500000| Untracked 
|  22|0x00000000c1600000, 0x00000000c1700000, 0x00000000c1700000|100%| O|  |TAMS 0x00000000c1600000, 0x00000000c1600000| Untracked 
|  23|0x00000000c1700000, 0x00000000c1800000, 0x00000000c1800000|100%| O|  |TAMS 0x00000000c1700000, 0x00000000c1700000| Untracked 
|  24|0x00000000c1800000, 0x00000000c1900000, 0x00000000c1900000|100%| O|  |TAMS 0x00000000c1800000, 0x00000000c1800000| Untracked 
|  25|0x00000000c1900000, 0x00000000c1a00000, 0x00000000c1a00000|100%| O|  |TAMS 0x00000000c1900000, 0x00000000c1900000| Untracked 
|  26|0x00000000c1a00000, 0x00000000c1b00000, 0x00000000c1b00000|100%| O|  |TAMS 0x00000000c1a00000, 0x00000000c1a00000| Untracked 
|  27|0x00000000c1b00000, 0x00000000c1c00000, 0x00000000c1c00000|100%| O|  |TAMS 0x00000000c1b00000, 0x00000000c1b00000| Untracked 
|  28|0x00000000c1c00000, 0x00000000c1d00000, 0x00000000c1d00000|100%| O|  |TAMS 0x00000000c1c00000, 0x00000000c1c00000| Untracked 
|  29|0x00000000c1d00000, 0x00000000c1e00000, 0x00000000c1e00000|100%| O|  |TAMS 0x00000000c1d00000, 0x00000000c1d00000| Untracked 
|  30|0x00000000c1e00000, 0x00000000c1f00000, 0x00000000c1f00000|100%|HS|  |TAMS 0x00000000c1e00000, 0x00000000c1e00000| Complete 
|  31|0x00000000c1f00000, 0x00000000c2000000, 0x00000000c2000000|100%| O|  |TAMS 0x00000000c1f00000, 0x00000000c1f00000| Untracked 
|  32|0x00000000c2000000, 0x00000000c2100000, 0x00000000c2100000|100%| O|  |TAMS 0x00000000c2000000, 0x00000000c2000000| Untracked 
|  33|0x00000000c2100000, 0x00000000c2200000, 0x00000000c2200000|100%| O|  |TAMS 0x00000000c2100000, 0x00000000c2100000| Untracked 
|  34|0x00000000c2200000, 0x00000000c2300000, 0x00000000c2300000|100%| O|  |TAMS 0x00000000c2200000, 0x00000000c2200000| Untracked 
|  35|0x00000000c2300000, 0x00000000c2400000, 0x00000000c2400000|100%| O|  |TAMS 0x00000000c2300000, 0x00000000c2300000| Untracked 
|  36|0x00000000c2400000, 0x00000000c2500000, 0x00000000c2500000|100%| O|  |TAMS 0x00000000c2400000, 0x00000000c2400000| Untracked 
|  37|0x00000000c2500000, 0x00000000c2600000, 0x00000000c2600000|100%| O|  |TAMS 0x00000000c2500000, 0x00000000c2500000| Untracked 
|  38|0x00000000c2600000, 0x00000000c2700000, 0x00000000c2700000|100%| O|  |TAMS 0x00000000c2600000, 0x00000000c2600000| Untracked 
|  39|0x00000000c2700000, 0x00000000c2800000, 0x00000000c2800000|100%| O|  |TAMS 0x00000000c2700000, 0x00000000c2700000| Untracked 
|  40|0x00000000c2800000, 0x00000000c2900000, 0x00000000c2900000|100%| O|  |TAMS 0x00000000c2800000, 0x00000000c2800000| Untracked 
|  41|0x00000000c2900000, 0x00000000c2a00000, 0x00000000c2a00000|100%| O|  |TAMS 0x00000000c2900000, 0x00000000c2900000| Untracked 
|  42|0x00000000c2a00000, 0x00000000c2b00000, 0x00000000c2b00000|100%| O|  |TAMS 0x00000000c2a00000, 0x00000000c2a00000| Untracked 
|  43|0x00000000c2b00000, 0x00000000c2c00000, 0x00000000c2c00000|100%| O|  |TAMS 0x00000000c2b00000, 0x00000000c2b00000| Untracked 
|  44|0x00000000c2c00000, 0x00000000c2d00000, 0x00000000c2d00000|100%| O|  |TAMS 0x00000000c2c00000, 0x00000000c2c00000| Untracked 
|  45|0x00000000c2d00000, 0x00000000c2e00000, 0x00000000c2e00000|100%| O|  |TAMS 0x00000000c2d00000, 0x00000000c2d00000| Untracked 
|  46|0x00000000c2e00000, 0x00000000c2f00000, 0x00000000c2f00000|100%| O|  |TAMS 0x00000000c2e00000, 0x00000000c2e00000| Untracked 
|  47|0x00000000c2f00000, 0x00000000c3000000, 0x00000000c3000000|100%| O|  |TAMS 0x00000000c2f00000, 0x00000000c2f00000| Untracked 
|  48|0x00000000c3000000, 0x00000000c3100000, 0x00000000c3100000|100%| O|  |TAMS 0x00000000c3000000, 0x00000000c3000000| Untracked 
|  49|0x00000000c3100000, 0x00000000c3200000, 0x00000000c3200000|100%| O|  |TAMS 0x00000000c3100000, 0x00000000c3100000| Untracked 
|  50|0x00000000c3200000, 0x00000000c3300000, 0x00000000c3300000|100%| O|  |TAMS 0x00000000c3200000, 0x00000000c3200000| Untracked 
|  51|0x00000000c3300000, 0x00000000c3400000, 0x00000000c3400000|100%| O|  |TAMS 0x00000000c3300000, 0x00000000c3300000| Untracked 
|  52|0x00000000c3400000, 0x00000000c34e2c00, 0x00000000c3500000| 88%| O|  |TAMS 0x00000000c3400000, 0x00000000c3400000| Untracked 
|  53|0x00000000c3500000, 0x00000000c3600000, 0x00000000c3600000|100%|HS|  |TAMS 0x00000000c3500000, 0x00000000c3500000| Complete 
|  54|0x00000000c3600000, 0x00000000c3600000, 0x00000000c3700000|  0%| F|  |TAMS 0x00000000c3600000, 0x00000000c3600000| Untracked 
|  55|0x00000000c3700000, 0x00000000c3700000, 0x00000000c3800000|  0%| F|  |TAMS 0x00000000c3700000, 0x00000000c3700000| Untracked 
|  56|0x00000000c3800000, 0x00000000c3800000, 0x00000000c3900000|  0%| F|  |TAMS 0x00000000c3800000, 0x00000000c3800000| Untracked 
|  57|0x00000000c3900000, 0x00000000c3900000, 0x00000000c3a00000|  0%| F|  |TAMS 0x00000000c3900000, 0x00000000c3900000| Untracked 
|  58|0x00000000c3a00000, 0x00000000c3a00000, 0x00000000c3b00000|  0%| F|  |TAMS 0x00000000c3a00000, 0x00000000c3a00000| Untracked 
|  59|0x00000000c3b00000, 0x00000000c3b00000, 0x00000000c3c00000|  0%| F|  |TAMS 0x00000000c3b00000, 0x00000000c3b00000| Untracked 
|  60|0x00000000c3c00000, 0x00000000c3c00000, 0x00000000c3d00000|  0%| F|  |TAMS 0x00000000c3c00000, 0x00000000c3c00000| Untracked 
|  61|0x00000000c3d00000, 0x00000000c3d00000, 0x00000000c3e00000|  0%| F|  |TAMS 0x00000000c3d00000, 0x00000000c3d00000| Untracked 
|  62|0x00000000c3e00000, 0x00000000c3e00000, 0x00000000c3f00000|  0%| F|  |TAMS 0x00000000c3e00000, 0x00000000c3e00000| Untracked 
|  63|0x00000000c3f00000, 0x00000000c3f00000, 0x00000000c4000000|  0%| F|  |TAMS 0x00000000c3f00000, 0x00000000c3f00000| Untracked 
|  64|0x00000000c4000000, 0x00000000c4000000, 0x00000000c4100000|  0%| F|  |TAMS 0x00000000c4000000, 0x00000000c4000000| Untracked 
|  65|0x00000000c4100000, 0x00000000c4100000, 0x00000000c4200000|  0%| F|  |TAMS 0x00000000c4100000, 0x00000000c4100000| Untracked 
|  66|0x00000000c4200000, 0x00000000c4200000, 0x00000000c4300000|  0%| F|  |TAMS 0x00000000c4200000, 0x00000000c4200000| Untracked 
|  67|0x00000000c4300000, 0x00000000c4300000, 0x00000000c4400000|  0%| F|  |TAMS 0x00000000c4300000, 0x00000000c4300000| Untracked 
|  68|0x00000000c4400000, 0x00000000c4400000, 0x00000000c4500000|  0%| F|  |TAMS 0x00000000c4400000, 0x00000000c4400000| Untracked 
|  69|0x00000000c4500000, 0x00000000c4500000, 0x00000000c4600000|  0%| F|  |TAMS 0x00000000c4500000, 0x00000000c4500000| Untracked 
|  70|0x00000000c4600000, 0x00000000c4600000, 0x00000000c4700000|  0%| F|  |TAMS 0x00000000c4600000, 0x00000000c4600000| Untracked 
|  71|0x00000000c4700000, 0x00000000c4700000, 0x00000000c4800000|  0%| F|  |TAMS 0x00000000c4700000, 0x00000000c4700000| Untracked 
|  72|0x00000000c4800000, 0x00000000c4800000, 0x00000000c4900000|  0%| F|  |TAMS 0x00000000c4800000, 0x00000000c4800000| Untracked 
|  73|0x00000000c4900000, 0x00000000c4900000, 0x00000000c4a00000|  0%| F|  |TAMS 0x00000000c4900000, 0x00000000c4900000| Untracked 
|  74|0x00000000c4a00000, 0x00000000c4a00000, 0x00000000c4b00000|  0%| F|  |TAMS 0x00000000c4a00000, 0x00000000c4a00000| Untracked 
|  75|0x00000000c4b00000, 0x00000000c4b00000, 0x00000000c4c00000|  0%| F|  |TAMS 0x00000000c4b00000, 0x00000000c4b00000| Untracked 
|  76|0x00000000c4c00000, 0x00000000c4c00000, 0x00000000c4d00000|  0%| F|  |TAMS 0x00000000c4c00000, 0x00000000c4c00000| Untracked 
|  77|0x00000000c4d00000, 0x00000000c4d00000, 0x00000000c4e00000|  0%| F|  |TAMS 0x00000000c4d00000, 0x00000000c4d00000| Untracked 
|  78|0x00000000c4e00000, 0x00000000c4e00000, 0x00000000c4f00000|  0%| F|  |TAMS 0x00000000c4e00000, 0x00000000c4e00000| Untracked 
|  79|0x00000000c4f00000, 0x00000000c4f00000, 0x00000000c5000000|  0%| F|  |TAMS 0x00000000c4f00000, 0x00000000c4f00000| Untracked 
|  80|0x00000000c5000000, 0x00000000c5000000, 0x00000000c5100000|  0%| F|  |TAMS 0x00000000c5000000, 0x00000000c5000000| Untracked 
|  81|0x00000000c5100000, 0x00000000c5100000, 0x00000000c5200000|  0%| F|  |TAMS 0x00000000c5100000, 0x00000000c5100000| Untracked 
|  82|0x00000000c5200000, 0x00000000c5200000, 0x00000000c5300000|  0%| F|  |TAMS 0x00000000c5200000, 0x00000000c5200000| Untracked 
|  83|0x00000000c5300000, 0x00000000c5300000, 0x00000000c5400000|  0%| F|  |TAMS 0x00000000c5300000, 0x00000000c5300000| Untracked 
|  84|0x00000000c5400000, 0x00000000c5400000, 0x00000000c5500000|  0%| F|  |TAMS 0x00000000c5400000, 0x00000000c5400000| Untracked 
|  85|0x00000000c5500000, 0x00000000c5500000, 0x00000000c5600000|  0%| F|  |TAMS 0x00000000c5500000, 0x00000000c5500000| Untracked 
|  86|0x00000000c5600000, 0x00000000c5600000, 0x00000000c5700000|  0%| F|  |TAMS 0x00000000c5600000, 0x00000000c5600000| Untracked 
|  87|0x00000000c5700000, 0x00000000c5700000, 0x00000000c5800000|  0%| F|  |TAMS 0x00000000c5700000, 0x00000000c5700000| Untracked 
|  88|0x00000000c5800000, 0x00000000c5800000, 0x00000000c5900000|  0%| F|  |TAMS 0x00000000c5800000, 0x00000000c5800000| Untracked 
|  89|0x00000000c5900000, 0x00000000c5900000, 0x00000000c5a00000|  0%| F|  |TAMS 0x00000000c5900000, 0x00000000c5900000| Untracked 
|  90|0x00000000c5a00000, 0x00000000c5a00000, 0x00000000c5b00000|  0%| F|  |TAMS 0x00000000c5a00000, 0x00000000c5a00000| Untracked 
|  91|0x00000000c5b00000, 0x00000000c5b00000, 0x00000000c5c00000|  0%| F|  |TAMS 0x00000000c5b00000, 0x00000000c5b00000| Untracked 
|  92|0x00000000c5c00000, 0x00000000c5c00000, 0x00000000c5d00000|  0%| F|  |TAMS 0x00000000c5c00000, 0x00000000c5c00000| Untracked 
|  93|0x00000000c5d00000, 0x00000000c5d00000, 0x00000000c5e00000|  0%| F|  |TAMS 0x00000000c5d00000, 0x00000000c5d00000| Untracked 
|  94|0x00000000c5e00000, 0x00000000c5e00000, 0x00000000c5f00000|  0%| F|  |TAMS 0x00000000c5e00000, 0x00000000c5e00000| Untracked 
|  95|0x00000000c5f00000, 0x00000000c5f00000, 0x00000000c6000000|  0%| F|  |TAMS 0x00000000c5f00000, 0x00000000c5f00000| Untracked 
|  96|0x00000000c6000000, 0x00000000c6000000, 0x00000000c6100000|  0%| F|  |TAMS 0x00000000c6000000, 0x00000000c6000000| Untracked 
|  97|0x00000000c6100000, 0x00000000c6100000, 0x00000000c6200000|  0%| F|  |TAMS 0x00000000c6100000, 0x00000000c6100000| Untracked 
|  98|0x00000000c6200000, 0x00000000c6200000, 0x00000000c6300000|  0%| F|  |TAMS 0x00000000c6200000, 0x00000000c6200000| Untracked 
|  99|0x00000000c6300000, 0x00000000c6300000, 0x00000000c6400000|  0%| F|  |TAMS 0x00000000c6300000, 0x00000000c6300000| Untracked 
| 100|0x00000000c6400000, 0x00000000c6400000, 0x00000000c6500000|  0%| F|  |TAMS 0x00000000c6400000, 0x00000000c6400000| Untracked 
| 101|0x00000000c6500000, 0x00000000c6500000, 0x00000000c6600000|  0%| F|  |TAMS 0x00000000c6500000, 0x00000000c6500000| Untracked 
| 102|0x00000000c6600000, 0x00000000c6600000, 0x00000000c6700000|  0%| F|  |TAMS 0x00000000c6600000, 0x00000000c6600000| Untracked 
| 103|0x00000000c6700000, 0x00000000c6700000, 0x00000000c6800000|  0%| F|  |TAMS 0x00000000c6700000, 0x00000000c6700000| Untracked 
| 104|0x00000000c6800000, 0x00000000c6800000, 0x00000000c6900000|  0%| F|  |TAMS 0x00000000c6800000, 0x00000000c6800000| Untracked 
| 105|0x00000000c6900000, 0x00000000c6900000, 0x00000000c6a00000|  0%| F|  |TAMS 0x00000000c6900000, 0x00000000c6900000| Untracked 
| 106|0x00000000c6a00000, 0x00000000c6a00000, 0x00000000c6b00000|  0%| F|  |TAMS 0x00000000c6a00000, 0x00000000c6a00000| Untracked 
| 107|0x00000000c6b00000, 0x00000000c6b00000, 0x00000000c6c00000|  0%| F|  |TAMS 0x00000000c6b00000, 0x00000000c6b00000| Untracked 
| 108|0x00000000c6c00000, 0x00000000c6c00000, 0x00000000c6d00000|  0%| F|  |TAMS 0x00000000c6c00000, 0x00000000c6c00000| Untracked 
| 109|0x00000000c6d00000, 0x00000000c6d00000, 0x00000000c6e00000|  0%| F|  |TAMS 0x00000000c6d00000, 0x00000000c6d00000| Untracked 
| 110|0x00000000c6e00000, 0x00000000c6e00000, 0x00000000c6f00000|  0%| F|  |TAMS 0x00000000c6e00000, 0x00000000c6e00000| Untracked 
| 111|0x00000000c6f00000, 0x00000000c6f00000, 0x00000000c7000000|  0%| F|  |TAMS 0x00000000c6f00000, 0x00000000c6f00000| Untracked 
| 112|0x00000000c7000000, 0x00000000c7000000, 0x00000000c7100000|  0%| F|  |TAMS 0x00000000c7000000, 0x00000000c7000000| Untracked 
| 113|0x00000000c7100000, 0x00000000c7100000, 0x00000000c7200000|  0%| F|  |TAMS 0x00000000c7100000, 0x00000000c7100000| Untracked 
| 114|0x00000000c7200000, 0x00000000c7200000, 0x00000000c7300000|  0%| F|  |TAMS 0x00000000c7200000, 0x00000000c7200000| Untracked 
| 115|0x00000000c7300000, 0x00000000c7300000, 0x00000000c7400000|  0%| F|  |TAMS 0x00000000c7300000, 0x00000000c7300000| Untracked 
| 116|0x00000000c7400000, 0x00000000c7400000, 0x00000000c7500000|  0%| F|  |TAMS 0x00000000c7400000, 0x00000000c7400000| Untracked 
| 117|0x00000000c7500000, 0x00000000c7500000, 0x00000000c7600000|  0%| F|  |TAMS 0x00000000c7500000, 0x00000000c7500000| Untracked 
| 118|0x00000000c7600000, 0x00000000c7600000, 0x00000000c7700000|  0%| F|  |TAMS 0x00000000c7600000, 0x00000000c7600000| Untracked 
| 119|0x00000000c7700000, 0x00000000c7700000, 0x00000000c7800000|  0%| F|  |TAMS 0x00000000c7700000, 0x00000000c7700000| Untracked 
| 120|0x00000000c7800000, 0x00000000c7800000, 0x00000000c7900000|  0%| F|  |TAMS 0x00000000c7800000, 0x00000000c7800000| Untracked 
| 121|0x00000000c7900000, 0x00000000c7900000, 0x00000000c7a00000|  0%| F|  |TAMS 0x00000000c7900000, 0x00000000c7900000| Untracked 
| 122|0x00000000c7a00000, 0x00000000c7a00000, 0x00000000c7b00000|  0%| F|  |TAMS 0x00000000c7a00000, 0x00000000c7a00000| Untracked 
| 123|0x00000000c7b00000, 0x00000000c7b00000, 0x00000000c7c00000|  0%| F|  |TAMS 0x00000000c7b00000, 0x00000000c7b00000| Untracked 
| 124|0x00000000c7c00000, 0x00000000c7c00000, 0x00000000c7d00000|  0%| F|  |TAMS 0x00000000c7c00000, 0x00000000c7c00000| Untracked 
| 125|0x00000000c7d00000, 0x00000000c7d00000, 0x00000000c7e00000|  0%| F|  |TAMS 0x00000000c7d00000, 0x00000000c7d00000| Untracked 
| 126|0x00000000c7e00000, 0x00000000c7e00000, 0x00000000c7f00000|  0%| F|  |TAMS 0x00000000c7e00000, 0x00000000c7e00000| Untracked 
| 127|0x00000000c7f00000, 0x00000000c7f00000, 0x00000000c8000000|  0%| F|  |TAMS 0x00000000c7f00000, 0x00000000c7f00000| Untracked 
| 128|0x00000000c8000000, 0x00000000c8000000, 0x00000000c8100000|  0%| F|  |TAMS 0x00000000c8000000, 0x00000000c8000000| Untracked 
| 129|0x00000000c8100000, 0x00000000c8100000, 0x00000000c8200000|  0%| F|  |TAMS 0x00000000c8100000, 0x00000000c8100000| Untracked 
| 130|0x00000000c8200000, 0x00000000c8200000, 0x00000000c8300000|  0%| F|  |TAMS 0x00000000c8200000, 0x00000000c8200000| Untracked 
| 131|0x00000000c8300000, 0x00000000c8300000, 0x00000000c8400000|  0%| F|  |TAMS 0x00000000c8300000, 0x00000000c8300000| Untracked 
| 132|0x00000000c8400000, 0x00000000c8400000, 0x00000000c8500000|  0%| F|  |TAMS 0x00000000c8400000, 0x00000000c8400000| Untracked 
| 133|0x00000000c8500000, 0x00000000c8500000, 0x00000000c8600000|  0%| F|  |TAMS 0x00000000c8500000, 0x00000000c8500000| Untracked 
| 134|0x00000000c8600000, 0x00000000c8600000, 0x00000000c8700000|  0%| F|  |TAMS 0x00000000c8600000, 0x00000000c8600000| Untracked 
| 135|0x00000000c8700000, 0x00000000c8700000, 0x00000000c8800000|  0%| F|  |TAMS 0x00000000c8700000, 0x00000000c8700000| Untracked 
| 136|0x00000000c8800000, 0x00000000c8800000, 0x00000000c8900000|  0%| F|  |TAMS 0x00000000c8800000, 0x00000000c8800000| Untracked 
| 137|0x00000000c8900000, 0x00000000c8900000, 0x00000000c8a00000|  0%| F|  |TAMS 0x00000000c8900000, 0x00000000c8900000| Untracked 
| 138|0x00000000c8a00000, 0x00000000c8a00000, 0x00000000c8b00000|  0%| F|  |TAMS 0x00000000c8a00000, 0x00000000c8a00000| Untracked 
| 139|0x00000000c8b00000, 0x00000000c8b00000, 0x00000000c8c00000|  0%| F|  |TAMS 0x00000000c8b00000, 0x00000000c8b00000| Untracked 
| 140|0x00000000c8c00000, 0x00000000c8c00000, 0x00000000c8d00000|  0%| F|  |TAMS 0x00000000c8c00000, 0x00000000c8c00000| Untracked 
| 141|0x00000000c8d00000, 0x00000000c8d00000, 0x00000000c8e00000|  0%| F|  |TAMS 0x00000000c8d00000, 0x00000000c8d00000| Untracked 
| 142|0x00000000c8e00000, 0x00000000c8e00000, 0x00000000c8f00000|  0%| F|  |TAMS 0x00000000c8e00000, 0x00000000c8e00000| Untracked 
| 143|0x00000000c8f00000, 0x00000000c8f00000, 0x00000000c9000000|  0%| F|  |TAMS 0x00000000c8f00000, 0x00000000c8f00000| Untracked 
| 144|0x00000000c9000000, 0x00000000c9000000, 0x00000000c9100000|  0%| F|  |TAMS 0x00000000c9000000, 0x00000000c9000000| Untracked 
| 145|0x00000000c9100000, 0x00000000c9100000, 0x00000000c9200000|  0%| F|  |TAMS 0x00000000c9100000, 0x00000000c9100000| Untracked 
| 146|0x00000000c9200000, 0x00000000c9200000, 0x00000000c9300000|  0%| F|  |TAMS 0x00000000c9200000, 0x00000000c9200000| Untracked 
| 147|0x00000000c9300000, 0x00000000c9300000, 0x00000000c9400000|  0%| F|  |TAMS 0x00000000c9300000, 0x00000000c9300000| Untracked 
| 148|0x00000000c9400000, 0x00000000c9400000, 0x00000000c9500000|  0%| F|  |TAMS 0x00000000c9400000, 0x00000000c9400000| Untracked 
| 149|0x00000000c9500000, 0x00000000c9500000, 0x00000000c9600000|  0%| F|  |TAMS 0x00000000c9500000, 0x00000000c9500000| Untracked 
| 150|0x00000000c9600000, 0x00000000c9600000, 0x00000000c9700000|  0%| F|  |TAMS 0x00000000c9600000, 0x00000000c9600000| Untracked 
| 151|0x00000000c9700000, 0x00000000c9700000, 0x00000000c9800000|  0%| F|  |TAMS 0x00000000c9700000, 0x00000000c9700000| Untracked 
| 152|0x00000000c9800000, 0x00000000c9800000, 0x00000000c9900000|  0%| F|  |TAMS 0x00000000c9800000, 0x00000000c9800000| Untracked 
| 153|0x00000000c9900000, 0x00000000c9900000, 0x00000000c9a00000|  0%| F|  |TAMS 0x00000000c9900000, 0x00000000c9900000| Untracked 
| 154|0x00000000c9a00000, 0x00000000c9a00000, 0x00000000c9b00000|  0%| F|  |TAMS 0x00000000c9a00000, 0x00000000c9a00000| Untracked 
| 155|0x00000000c9b00000, 0x00000000c9b00000, 0x00000000c9c00000|  0%| F|  |TAMS 0x00000000c9b00000, 0x00000000c9b00000| Untracked 
| 156|0x00000000c9c00000, 0x00000000c9c00000, 0x00000000c9d00000|  0%| F|  |TAMS 0x00000000c9c00000, 0x00000000c9c00000| Untracked 
| 157|0x00000000c9d00000, 0x00000000c9d00000, 0x00000000c9e00000|  0%| F|  |TAMS 0x00000000c9d00000, 0x00000000c9d00000| Untracked 
| 158|0x00000000c9e00000, 0x00000000c9e00000, 0x00000000c9f00000|  0%| F|  |TAMS 0x00000000c9e00000, 0x00000000c9e00000| Untracked 
| 159|0x00000000c9f00000, 0x00000000c9f00000, 0x00000000ca000000|  0%| F|  |TAMS 0x00000000c9f00000, 0x00000000c9f00000| Untracked 
| 160|0x00000000ca000000, 0x00000000ca000000, 0x00000000ca100000|  0%| F|  |TAMS 0x00000000ca000000, 0x00000000ca000000| Untracked 
| 161|0x00000000ca100000, 0x00000000ca100000, 0x00000000ca200000|  0%| F|  |TAMS 0x00000000ca100000, 0x00000000ca100000| Untracked 
| 162|0x00000000ca200000, 0x00000000ca200000, 0x00000000ca300000|  0%| F|  |TAMS 0x00000000ca200000, 0x00000000ca200000| Untracked 
| 163|0x00000000ca300000, 0x00000000ca300000, 0x00000000ca400000|  0%| F|  |TAMS 0x00000000ca300000, 0x00000000ca300000| Untracked 
| 164|0x00000000ca400000, 0x00000000ca400000, 0x00000000ca500000|  0%| F|  |TAMS 0x00000000ca400000, 0x00000000ca400000| Untracked 
| 165|0x00000000ca500000, 0x00000000ca500000, 0x00000000ca600000|  0%| F|  |TAMS 0x00000000ca500000, 0x00000000ca500000| Untracked 
| 166|0x00000000ca600000, 0x00000000ca600000, 0x00000000ca700000|  0%| F|  |TAMS 0x00000000ca600000, 0x00000000ca600000| Untracked 
| 167|0x00000000ca700000, 0x00000000ca700000, 0x00000000ca800000|  0%| F|  |TAMS 0x00000000ca700000, 0x00000000ca700000| Untracked 
| 168|0x00000000ca800000, 0x00000000ca800000, 0x00000000ca900000|  0%| F|  |TAMS 0x00000000ca800000, 0x00000000ca800000| Untracked 
| 169|0x00000000ca900000, 0x00000000ca900000, 0x00000000caa00000|  0%| F|  |TAMS 0x00000000ca900000, 0x00000000ca900000| Untracked 
| 170|0x00000000caa00000, 0x00000000caa00000, 0x00000000cab00000|  0%| F|  |TAMS 0x00000000caa00000, 0x00000000caa00000| Untracked 
| 171|0x00000000cab00000, 0x00000000cab00000, 0x00000000cac00000|  0%| F|  |TAMS 0x00000000cab00000, 0x00000000cab00000| Untracked 
| 172|0x00000000cac00000, 0x00000000caca1040, 0x00000000cad00000| 62%| S|CS|TAMS 0x00000000cac00000, 0x00000000cac00000| Complete 
| 173|0x00000000cad00000, 0x00000000cae00000, 0x00000000cae00000|100%| S|CS|TAMS 0x00000000cad00000, 0x00000000cad00000| Complete 
| 174|0x00000000cae00000, 0x00000000cae00000, 0x00000000caf00000|  0%| F|  |TAMS 0x00000000cae00000, 0x00000000cae00000| Untracked 
| 175|0x00000000caf00000, 0x00000000caf00000, 0x00000000cb000000|  0%| F|  |TAMS 0x00000000caf00000, 0x00000000caf00000| Untracked 
| 176|0x00000000cb000000, 0x00000000cb000000, 0x00000000cb100000|  0%| F|  |TAMS 0x00000000cb000000, 0x00000000cb000000| Untracked 
| 177|0x00000000cb100000, 0x00000000cb100000, 0x00000000cb200000|  0%| F|  |TAMS 0x00000000cb100000, 0x00000000cb100000| Untracked 
| 178|0x00000000cb200000, 0x00000000cb200000, 0x00000000cb300000|  0%| F|  |TAMS 0x00000000cb200000, 0x00000000cb200000| Untracked 
| 179|0x00000000cb300000, 0x00000000cb300000, 0x00000000cb400000|  0%| F|  |TAMS 0x00000000cb300000, 0x00000000cb300000| Untracked 
| 180|0x00000000cb400000, 0x00000000cb400000, 0x00000000cb500000|  0%| F|  |TAMS 0x00000000cb400000, 0x00000000cb400000| Untracked 
| 181|0x00000000cb500000, 0x00000000cb500000, 0x00000000cb600000|  0%| F|  |TAMS 0x00000000cb500000, 0x00000000cb500000| Untracked 
| 182|0x00000000cb600000, 0x00000000cb600000, 0x00000000cb700000|  0%| F|  |TAMS 0x00000000cb600000, 0x00000000cb600000| Untracked 

Card table byte_map: [0x00007ff8b309c000,0x00007ff8b329c000] _byte_map_base: 0x00007ff8b2a9c000

Marking Bits (Prev, Next): (CMBitMap*) 0x00007ff8cc0508d8, (CMBitMap*) 0x00007ff8cc050910
 Prev Bits: [0x00007ff8b1e9c000, 0x00007ff8b2e9c000)
 Next Bits: [0x00007ff8b0e9c000, 0x00007ff8b1e9c000)

Polling page: 0x00007ff8d2754000

Metaspace:

Usage:
  Non-class:     39,41 MB capacity,    38,09 MB ( 97%) used,     1,24 MB (  3%) free+waste,    77,38 KB ( <1%) overhead. 
      Class:      5,15 MB capacity,     4,31 MB ( 84%) used,   826,01 KB ( 16%) free+waste,    36,69 KB ( <1%) overhead. 
       Both:     44,56 MB capacity,    42,40 MB ( 95%) used,     2,05 MB (  5%) free+waste,   114,06 KB ( <1%) overhead. 

Virtual space:
  Non-class space:       40,00 MB reserved,      39,58 MB ( 99%) committed 
      Class space:        1,00 GB reserved,       5,25 MB ( <1%) committed 
             Both:        1,04 GB reserved,      44,83 MB (  4%) committed 

Chunk freelists:
   Non-Class:  19,62 KB
       Class:  768 bytes
        Both:  20,38 KB

CodeHeap 'non-profiled nmethods': size=120036Kb used=1382Kb max_used=1382Kb free=118653Kb
 bounds [0x00007ff8bb43d000, 0x00007ff8bb6ad000, 0x00007ff8c2976000]
CodeHeap 'profiled nmethods': size=120032Kb used=10039Kb max_used=10039Kb free=109992Kb
 bounds [0x00007ff8b3f05000, 0x00007ff8b48e5000, 0x00007ff8bb43d000]
CodeHeap 'non-nmethods': size=5692Kb used=1183Kb max_used=1243Kb free=4508Kb
 bounds [0x00007ff8b3976000, 0x00007ff8b3be6000, 0x00007ff8b3f05000]
 total_blobs=6108 nmethods=4284 adapters=481
 compilation: enabled
              stopped_count=0, restarted_count=0
 full_count=0

Compilation events (10 events):
Event: 85,175 Thread 0x00007ff8cc18a800 nmethod 5000 0x00007ff8b48d1990 code [0x00007ff8b48d1b40, 0x00007ff8b48d1cc8]
Event: 85,176 Thread 0x00007ff8cc18a800 5004       3       org.eclipse.core.runtime.Path::toString (213 bytes)
Event: 86,664 Thread 0x00007ff8cc18a800 nmethod 5004 0x00007ff8b48d1d90 code [0x00007ff8b48d2020, 0x00007ff8b48d2b48]
Event: 86,816 Thread 0x00007ff8cc18a800 5006 %     3       java.util.regex.Pattern::sequence @ 7 (645 bytes)
Event: 87,420 Thread 0x00007ff8cc18a800 nmethod 5006% 0x00007ff8b48d3090 code [0x00007ff8b48d3840, 0x00007ff8b48d85c8]
Event: 87,564 Thread 0x00007ff8cc18a800 5013       3       sun.nio.cs.UTF_8$Encoder::encodeArrayLoop (489 bytes)
Event: 89,605 Thread 0x00007ff8cc188800 nmethod 4801% 0x00007ff8bb587b90 code [0x00007ff8bb588460, 0x00007ff8bb592338]
Event: 89,685 Thread 0x00007ff8cc188800 4734       4       org.eclipse.jdt.core.compiler.CharOperation::splitOn (150 bytes)
Event: 89,719 Thread 0x00007ff8cc18a800 nmethod 5013 0x00007ff8b48d9a90 code [0x00007ff8b48da080, 0x00007ff8b48dd288]
Event: 89,728 Thread 0x00007ff8cc18a800 5014 %     3       org.eclipse.jdt.internal.compiler.util.SimpleLookupTable::put @ 20 (104 bytes)

GC Heap History (10 events):
Event: 79,556 GC heap after
{Heap after GC invocations=22 (full 0):
 garbage-first heap   total 145408K, used 47871K [0x00000000c0000000, 0x0000000100000000)
  region size 1024K, 4 young (4096K), 4 survivors (4096K)
 Metaspace       used 43047K, capacity 45230K, committed 45520K, reserved 1089536K
  class space    used 4384K, capacity 5205K, committed 5248K, reserved 1048576K
}
Event: 81,871 GC heap before
{Heap before GC invocations=22 (full 0):
 garbage-first heap   total 145408K, used 91903K [0x00000000c0000000, 0x0000000100000000)
  region size 1024K, 47 young (48128K), 4 survivors (4096K)
 Metaspace       used 43388K, capacity 45626K, committed 45904K, reserved 1089536K
  class space    used 4410K, capacity 5273K, committed 5376K, reserved 1048576K
}
Event: 82,527 GC heap after
{Heap after GC invocations=23 (full 0):
 garbage-first heap   total 187392K, used 52989K [0x00000000c0000000, 0x0000000100000000)
  region size 1024K, 5 young (5120K), 5 survivors (5120K)
 Metaspace       used 43388K, capacity 45626K, committed 45904K, reserved 1089536K
  class space    used 4410K, capacity 5273K, committed 5376K, reserved 1048576K
}
Event: 82,918 GC heap before
{Heap before GC invocations=23 (full 0):
 garbage-first heap   total 187392K, used 56061K [0x00000000c0000000, 0x0000000100000000)
  region size 1024K, 9 young (9216K), 5 survivors (5120K)
 Metaspace       used 43388K, capacity 45626K, committed 45904K, reserved 1089536K
  class space    used 4410K, capacity 5273K, committed 5376K, reserved 1048576K
}
Event: 83,403 GC heap after
{Heap after GC invocations=24 (full 0):
 garbage-first heap   total 187392K, used 53882K [0x00000000c0000000, 0x0000000100000000)
  region size 1024K, 1 young (1024K), 1 survivors (1024K)
 Metaspace       used 43388K, capacity 45626K, committed 45904K, reserved 1089536K
  class space    used 4410K, capacity 5273K, committed 5376K, reserved 1048576K
}
Event: 84,118 GC heap before
{Heap before GC invocations=24 (full 0):
 garbage-first heap   total 187392K, used 62074K [0x00000000c0000000, 0x0000000100000000)
  region size 1024K, 9 young (9216K), 1 survivors (1024K)
 Metaspace       used 43392K, capacity 45626K, committed 45904K, reserved 1089536K
  class space    used 4410K, capacity 5273K, committed 5376K, reserved 1048576K
}
Event: 84,573 GC heap after
{Heap after GC invocations=25 (full 0):
 garbage-first heap   total 187392K, used 54141K [0x00000000c0000000, 0x0000000100000000)
  region size 1024K, 2 young (2048K), 2 survivors (2048K)
 Metaspace       used 43392K, capacity 45626K, committed 45904K, reserved 1089536K
  class space    used 4410K, capacity 5273K, committed 5376K, reserved 1048576K
}
Event: 85,596 GC heap before
{Heap before GC invocations=25 (full 0):
 garbage-first heap   total 187392K, used 60285K [0x00000000c0000000, 0x0000000100000000)
  region size 1024K, 9 young (9216K), 2 survivors (2048K)
 Metaspace       used 43411K, capacity 45626K, committed 45904K, reserved 1089536K
  class space    used 4410K, capacity 5273K, committed 5376K, reserved 1048576K
}
Event: 86,387 GC heap after
{Heap after GC invocations=26 (full 0):
 garbage-first heap   total 187392K, used 54769K [0x00000000c0000000, 0x0000000100000000)
  region size 1024K, 2 young (2048K), 2 survivors (2048K)
 Metaspace       used 43411K, capacity 45626K, committed 45904K, reserved 1089536K
  class space    used 4410K, capacity 5273K, committed 5376K, reserved 1048576K
}
Event: 90,006 GC heap before
{Heap before GC invocations=26 (full 0):
 garbage-first heap   total 187392K, used 62961K [0x00000000c0000000, 0x0000000100000000)
  region size 1024K, 9 young (9216K), 2 survivors (2048K)
 Metaspace       used 43414K, capacity 45629K, committed 45904K, reserved 1089536K
  class space    used 4411K, capacity 5274K, committed 5376K, reserved 1048576K
}

Deoptimization events (10 events):
Event: 68,192 Thread 0x00007ff8844cf000 Uncommon trap: reason=bimorphic_or_optimized_type_check action=maybe_recompile pc=0x00007ff8bb5077bc method=java.io.DataOutputStream.write([BII)V @ 7 c2
Event: 68,192 Thread 0x00007ff8844cf000 Uncommon trap: reason=bimorphic_or_optimized_type_check action=maybe_recompile pc=0x00007ff8bb5077bc method=java.io.DataOutputStream.write([BII)V @ 7 c2
Event: 68,192 Thread 0x00007ff8844cf000 Uncommon trap: reason=bimorphic_or_optimized_type_check action=maybe_recompile pc=0x00007ff8bb5077bc method=java.io.DataOutputStream.write([BII)V @ 7 c2
Event: 68,192 Thread 0x00007ff8844cf000 Uncommon trap: reason=bimorphic_or_optimized_type_check action=maybe_recompile pc=0x00007ff8bb5077bc method=java.io.DataOutputStream.write([BII)V @ 7 c2
Event: 68,988 Thread 0x00007ff8844cf000 Uncommon trap: reason=bimorphic_or_optimized_type_check action=maybe_recompile pc=0x00007ff8bb544f70 method=java.util.TimSort.binarySort([Ljava/lang/Object;IIILjava/util/Comparator;)V @ 93 c2
Event: 69,163 Thread 0x00007ff8844cf000 Uncommon trap: reason=bimorphic_or_optimized_type_check action=maybe_recompile pc=0x00007ff8bb544f70 method=java.util.TimSort.binarySort([Ljava/lang/Object;IIILjava/util/Comparator;)V @ 93 c2
Event: 69,177 Thread 0x00007ff8844cf000 Uncommon trap: reason=bimorphic_or_optimized_type_check action=maybe_recompile pc=0x00007ff8bb544f70 method=java.util.TimSort.binarySort([Ljava/lang/Object;IIILjava/util/Comparator;)V @ 93 c2
Event: 69,180 Thread 0x00007ff8844cf000 Uncommon trap: reason=bimorphic_or_optimized_type_check action=maybe_recompile pc=0x00007ff8bb544f70 method=java.util.TimSort.binarySort([Ljava/lang/Object;IIILjava/util/Comparator;)V @ 93 c2
Event: 70,499 Thread 0x00007ff8844cf000 Uncommon trap: reason=unstable_if action=reinterpret pc=0x00007ff8bb54c690 method=java.util.WeakHashMap.remove(Ljava/lang/Object;)Ljava/lang/Object; @ 94 c2
Event: 79,593 Thread 0x00007ff884657000 Uncommon trap: reason=null_check action=make_not_entrant pc=0x00007ff8bb57a5c4 method=java.util.TimSort.binarySort([Ljava/lang/Object;IIILjava/util/Comparator;)V @ 215 c2

Classes redefined (0 events):
No events

Internal exceptions (10 events):
Event: 68,310 Thread 0x00007ff8844cf000 Exception <a 'java/lang/ClassNotFoundException'{0x00000000c7199478}: com/sun/org/apache/xerces/internal/impl/msg/spi/DOMMessagesProvider> (0x00000000c7199478) thrown at [/scratch/opt/mach5/mesos/work_dir/slaves/ae206c0d-865c-4d69-a16b-c4e90bf2719f-S646/fr
Event: 68,321 Thread 0x00007ff8844cf000 Exception <a 'java/lang/ClassNotFoundException'{0x00000000c71a71c0}: com/sun/org/apache/xerces/internal/impl/msg/spi/XMLSerializerMessagesProvider> (0x00000000c71a71c0) thrown at [/scratch/opt/mach5/mesos/work_dir/slaves/ae206c0d-865c-4d69-a16b-c4e90bf271
Event: 68,331 Thread 0x00007ff8844cf000 Exception <a 'java/lang/ClassNotFoundException'{0x00000000c71b2ef8}: com/sun/org/apache/xerces/internal/impl/msg/spi/XMLMessagesProvider> (0x00000000c71b2ef8) thrown at [/scratch/opt/mach5/mesos/work_dir/slaves/ae206c0d-865c-4d69-a16b-c4e90bf2719f-S646/fr
Event: 69,933 Thread 0x00007ff898030000 Exception <a 'java/io/FileNotFoundException'{0x00000000c69e9af0}> (0x00000000c69e9af0) thrown at [/scratch/opt/mach5/mesos/work_dir/slaves/ae206c0d-865c-4d69-a16b-c4e90bf2719f-S646/frameworks/1735e8a2-a1db-478c-8104-60c8b0af87dd-0196/executors/9e8e1abd-20
Event: 69,963 Thread 0x00007ff898030000 Exception <a 'java/io/FileNotFoundException'{0x00000000c686b2a0}> (0x00000000c686b2a0) thrown at [/scratch/opt/mach5/mesos/work_dir/slaves/ae206c0d-865c-4d69-a16b-c4e90bf2719f-S646/frameworks/1735e8a2-a1db-478c-8104-60c8b0af87dd-0196/executors/9e8e1abd-20
Event: 70,214 Thread 0x00007ff898030000 Exception <a 'java/io/FileNotFoundException'{0x00000000c678d7d0}> (0x00000000c678d7d0) thrown at [/scratch/opt/mach5/mesos/work_dir/slaves/ae206c0d-865c-4d69-a16b-c4e90bf2719f-S646/frameworks/1735e8a2-a1db-478c-8104-60c8b0af87dd-0196/executors/9e8e1abd-20
Event: 70,216 Thread 0x00007ff898030000 Exception <a 'java/io/FileNotFoundException'{0x00000000c678eb68}> (0x00000000c678eb68) thrown at [/scratch/opt/mach5/mesos/work_dir/slaves/ae206c0d-865c-4d69-a16b-c4e90bf2719f-S646/frameworks/1735e8a2-a1db-478c-8104-60c8b0af87dd-0196/executors/9e8e1abd-20
Event: 70,612 Thread 0x00007ff884657000 Exception <a 'java/io/FileNotFoundException'{0x00000000c64d1358}> (0x00000000c64d1358) thrown at [/scratch/opt/mach5/mesos/work_dir/slaves/ae206c0d-865c-4d69-a16b-c4e90bf2719f-S646/frameworks/1735e8a2-a1db-478c-8104-60c8b0af87dd-0196/executors/9e8e1abd-20
Event: 70,613 Thread 0x00007ff884657000 Exception <a 'java/io/FileNotFoundException'{0x00000000c64d2ec8}> (0x00000000c64d2ec8) thrown at [/scratch/opt/mach5/mesos/work_dir/slaves/ae206c0d-865c-4d69-a16b-c4e90bf2719f-S646/frameworks/1735e8a2-a1db-478c-8104-60c8b0af87dd-0196/executors/9e8e1abd-20
Event: 79,592 Thread 0x00007ff884657000 Implicit null exception at 0x00007ff8bb579e50 to 0x00007ff8bb57a58e

Events (10 events):
Event: 89,703 Thread 0x00007ff884657000 DEOPT UNPACKING pc=0x00007ff8b399d92b sp=0x00007ff872ee5278 mode 0
Event: 89,714 Thread 0x00007ff884657000 DEOPT PACKING pc=0x00007ff8b484445d sp=0x00007ff872ee5f60
Event: 89,714 Thread 0x00007ff884657000 DEOPT UNPACKING pc=0x00007ff8b399d92b sp=0x00007ff872ee5418 mode 0
Event: 89,754 Thread 0x00007ff884657000 DEOPT PACKING pc=0x00007ff8b46fdace sp=0x00007ff872ee5de0
Event: 89,754 Thread 0x00007ff884657000 DEOPT UNPACKING pc=0x00007ff8b399d92b sp=0x00007ff872ee51f8 mode 0
Event: 89,758 Thread 0x00007ff884657000 DEOPT PACKING pc=0x00007ff8b483c068 sp=0x00007ff872ee5fb0
Event: 89,758 Thread 0x00007ff884657000 DEOPT UNPACKING pc=0x00007ff8b399d92b sp=0x00007ff872ee5428 mode 0
Event: 89,770 Thread 0x00007ff884657000 DEOPT PACKING pc=0x00007ff8b46fdace sp=0x00007ff872ee5e60
Event: 89,771 Thread 0x00007ff884657000 DEOPT UNPACKING pc=0x00007ff8b399d92b sp=0x00007ff872ee5278 mode 0
Event: 89,817 Executing VM operation: G1CollectForAllocation


Dynamic libraries:
00400000-00401000 r-xp 00000000 08:02 1716899                            /usr/lib/jvm/jdk-11.0.4/bin/java
00600000-00601000 r--p 00000000 08:02 1716899                            /usr/lib/jvm/jdk-11.0.4/bin/java
00601000-00602000 rw-p 00001000 08:02 1716899                            /usr/lib/jvm/jdk-11.0.4/bin/java
0243c000-0245d000 rw-p 00000000 00:00 0                                  [heap]
c0000000-cb700000 rw-p 00000000 00:00 0 
dc800000-100000000 ---p 00000000 00:00 0 
100000000-100540000 rw-p 00000000 00:00 0 
100540000-140000000 ---p 00000000 00:00 0 
7ff869304000-7ff8694c4000 rw-p 00000000 00:00 0 
7ff8694c4000-7ff869504000 ---p 00000000 00:00 0 
7ff869504000-7ff8718e4000 r--s 00000000 08:02 1717041                    /usr/lib/jvm/jdk-11.0.4/lib/modules
7ff8718e4000-7ff871ae4000 rw-p 00000000 00:00 0 
7ff871ae4000-7ff871ae8000 ---p 00000000 00:00 0 
7ff871ae8000-7ff871be5000 rw-p 00000000 00:00 0 
7ff871be5000-7ff871be9000 ---p 00000000 00:00 0 
7ff871be9000-7ff871ee6000 rw-p 00000000 00:00 0 
7ff871ee6000-7ff8720e6000 rw-p 00000000 00:00 0 
7ff8720e6000-7ff8720ea000 ---p 00000000 00:00 0 
7ff8720ea000-7ff8723cf000 rw-p 00000000 00:00 0 
7ff8723cf000-7ff8723e7000 ---p 00000000 00:00 0 
7ff8723e7000-7ff8725e7000 rw-p 00000000 00:00 0 
7ff8725e7000-7ff8727e7000 rw-p 00000000 00:00 0 
7ff8727e7000-7ff8729e7000 rw-p 00000000 00:00 0 
7ff8729e7000-7ff872be7000 rw-p 00000000 00:00 0 
7ff872be7000-7ff872de7000 rw-p 00000000 00:00 0 
7ff872de7000-7ff872deb000 ---p 00000000 00:00 0 
7ff872deb000-7ff872ee8000 rw-p 00000000 00:00 0 
7ff872ee8000-7ff872eec000 ---p 00000000 00:00 0 
7ff872eec000-7ff8731d5000 rw-p 00000000 00:00 0 
7ff8731d5000-7ff8731e9000 ---p 00000000 00:00 0 
7ff8731e9000-7ff8731ed000 ---p 00000000 00:00 0 
7ff8731ed000-7ff8732ea000 rw-p 00000000 00:00 0 
7ff8732ea000-7ff8732ee000 ---p 00000000 00:00 0 
7ff8732ee000-7ff8735eb000 rw-p 00000000 00:00 0 
7ff8735eb000-7ff8735ef000 ---p 00000000 00:00 0 
7ff8735ef000-7ff8738ec000 rw-p 00000000 00:00 0 
7ff8738ec000-7ff8738f0000 ---p 00000000 00:00 0 
7ff8738f0000-7ff873bed000 rw-p 00000000 00:00 0 
7ff873bed000-7ff873bfd000 r-xp 00000000 08:03 262505                     /home/shanon/.vscode/extensions/redhat.java-0.52.0/server/config_linux/org.eclipse.equinox.launcher/org.eclipse.equinox.launcher.gtk.linux.x86_64_1.1.1100.v20190907-0426/eclipse_1801.so
7ff873bfd000-7ff873dfc000 ---p 00010000 08:03 262505                     /home/shanon/.vscode/extensions/redhat.java-0.52.0/server/config_linux/org.eclipse.equinox.launcher/org.eclipse.equinox.launcher.gtk.linux.x86_64_1.1.1100.v20190907-0426/eclipse_1801.so
7ff873dfc000-7ff873dfd000 r--p 0000f000 08:03 262505                     /home/shanon/.vscode/extensions/redhat.java-0.52.0/server/config_linux/org.eclipse.equinox.launcher/org.eclipse.equinox.launcher.gtk.linux.x86_64_1.1.1100.v20190907-0426/eclipse_1801.so
7ff873dfd000-7ff873dfe000 rw-p 00010000 08:03 262505                     /home/shanon/.vscode/extensions/redhat.java-0.52.0/server/config_linux/org.eclipse.equinox.launcher/org.eclipse.equinox.launcher.gtk.linux.x86_64_1.1.1100.v20190907-0426/eclipse_1801.so
7ff873dfe000-7ff873e02000 ---p 00000000 00:00 0 
7ff873e02000-7ff873eff000 rw-p 00000000 00:00 0 
7ff873eff000-7ff873f03000 ---p 00000000 00:00 0 
7ff873f03000-7ff874000000 rw-p 00000000 00:00 0 
7ff874000000-7ff874021000 rw-p 00000000 00:00 0 
7ff874021000-7ff878000000 ---p 00000000 00:00 0 
7ff878000000-7ff878021000 rw-p 00000000 00:00 0 
7ff878021000-7ff87c000000 ---p 00000000 00:00 0 
7ff87c000000-7ff87df64000 rw-p 00000000 00:00 0 
7ff87df64000-7ff880000000 ---p 00000000 00:00 0 
7ff880000000-7ff88107f000 rw-p 00000000 00:00 0 
7ff88107f000-7ff884000000 ---p 00000000 00:00 0 
7ff884000000-7ff884af3000 rw-p 00000000 00:00 0 
7ff884af3000-7ff888000000 ---p 00000000 00:00 0 
7ff888000000-7ff888021000 rw-p 00000000 00:00 0 
7ff888021000-7ff88c000000 ---p 00000000 00:00 0 
7ff88c000000-7ff88c57f000 rw-p 00000000 00:00 0 
7ff88c57f000-7ff890000000 ---p 00000000 00:00 0 
7ff890000000-7ff890021000 rw-p 00000000 00:00 0 
7ff890021000-7ff894000000 ---p 00000000 00:00 0 
7ff894000000-7ff89403b000 rw-p 00000000 00:00 0 
7ff89403b000-7ff898000000 ---p 00000000 00:00 0 
7ff898000000-7ff898413000 rw-p 00000000 00:00 0 
7ff898413000-7ff89c000000 ---p 00000000 00:00 0 
7ff89c000000-7ff89c0ab000 rw-p 00000000 00:00 0 
7ff89c0ab000-7ff8a0000000 ---p 00000000 00:00 0 
7ff8a0100000-7ff8a0104000 ---p 00000000 00:00 0 
7ff8a0104000-7ff8a0401000 rw-p 00000000 00:00 0 
7ff8a0401000-7ff8a0402000 ---p 00000000 00:00 0 
7ff8a0402000-7ff8a0703000 rw-p 00000000 00:00 0 
7ff8a0703000-7ff8a0719000 r-xp 00000000 08:02 1717019                    /usr/lib/jvm/jdk-11.0.4/lib/libnet.so
7ff8a0719000-7ff8a0919000 ---p 00016000 08:02 1717019                    /usr/lib/jvm/jdk-11.0.4/lib/libnet.so
7ff8a0919000-7ff8a091a000 r--p 00016000 08:02 1717019                    /usr/lib/jvm/jdk-11.0.4/lib/libnet.so
7ff8a091a000-7ff8a091b000 rw-p 00017000 08:02 1717019                    /usr/lib/jvm/jdk-11.0.4/lib/libnet.so
7ff8a091b000-7ff8a092b000 r-xp 00000000 08:02 1716985                    /usr/lib/jvm/jdk-11.0.4/lib/libnio.so
7ff8a092b000-7ff8a0b2a000 ---p 00010000 08:02 1716985                    /usr/lib/jvm/jdk-11.0.4/lib/libnio.so
7ff8a0b2a000-7ff8a0b2b000 r--p 0000f000 08:02 1716985                    /usr/lib/jvm/jdk-11.0.4/lib/libnio.so
7ff8a0b2b000-7ff8a0b2c000 rw-p 00010000 08:02 1716985                    /usr/lib/jvm/jdk-11.0.4/lib/libnio.so
7ff8a0b2c000-7ff8a0b2d000 ---p 00000000 00:00 0 
7ff8a0b2d000-7ff8a0c2e000 rw-p 00000000 00:00 0 
7ff8a0c2e000-7ff8a0c32000 ---p 00000000 00:00 0 
7ff8a0c32000-7ff8a0d2f000 rw-p 00000000 00:00 0 
7ff8a0d2f000-7ff8a0d33000 ---p 00000000 00:00 0 
7ff8a0d33000-7ff8a0e30000 rw-p 00000000 00:00 0 
7ff8a0e30000-7ff8a1800000 r--p 00000000 08:02 658661                     /usr/lib/locale/locale-archive
7ff8a1800000-7ff8a4000000 rw-p 00000000 00:00 0 
7ff8a4000000-7ff8a4021000 rw-p 00000000 00:00 0 
7ff8a4021000-7ff8a8000000 ---p 00000000 00:00 0 
7ff8a8000000-7ff8a80ec000 rw-p 00000000 00:00 0 
7ff8a80ec000-7ff8ac000000 ---p 00000000 00:00 0 
7ff8ac000000-7ff8ac0b9000 rw-p 00000000 00:00 0 
7ff8ac0b9000-7ff8b0000000 ---p 00000000 00:00 0 
7ff8b0088000-7ff8b008c000 ---p 00000000 00:00 0 
7ff8b008c000-7ff8b0189000 rw-p 00000000 00:00 0 
7ff8b0189000-7ff8b018d000 ---p 00000000 00:00 0 
7ff8b018d000-7ff8b028a000 rw-p 00000000 00:00 0 
7ff8b028a000-7ff8b028e000 ---p 00000000 00:00 0 
7ff8b028e000-7ff8b038b000 rw-p 00000000 00:00 0 
7ff8b038b000-7ff8b038f000 ---p 00000000 00:00 0 
7ff8b038f000-7ff8b048c000 rw-p 00000000 00:00 0 
7ff8b048c000-7ff8b0490000 ---p 00000000 00:00 0 
7ff8b0490000-7ff8b058d000 rw-p 00000000 00:00 0 
7ff8b058d000-7ff8b0591000 ---p 00000000 00:00 0 
7ff8b0591000-7ff8b068e000 rw-p 00000000 00:00 0 
7ff8b068e000-7ff8b068f000 ---p 00000000 00:00 0 
7ff8b068f000-7ff8b0790000 rw-p 00000000 00:00 0 
7ff8b0790000-7ff8b0791000 ---p 00000000 00:00 0 
7ff8b0791000-7ff8b0892000 rw-p 00000000 00:00 0 
7ff8b0892000-7ff8b0893000 ---p 00000000 00:00 0 
7ff8b0893000-7ff8b0994000 rw-p 00000000 00:00 0 
7ff8b0994000-7ff8b0995000 ---p 00000000 00:00 0 
7ff8b0995000-7ff8b0c98000 rw-p 00000000 00:00 0 
7ff8b0c98000-7ff8b0c99000 ---p 00000000 00:00 0 
7ff8b0c99000-7ff8b0d9a000 rw-p 00000000 00:00 0 
7ff8b0d9a000-7ff8b0d9b000 ---p 00000000 00:00 0 
7ff8b0d9b000-7ff8b1178000 rw-p 00000000 00:00 0 
7ff8b1178000-7ff8b1e9c000 ---p 00000000 00:00 0 
7ff8b1e9c000-7ff8b2178000 rw-p 00000000 00:00 0 
7ff8b2178000-7ff8b2e9c000 ---p 00000000 00:00 0 
7ff8b2e9c000-7ff8b2ef8000 rw-p 00000000 00:00 0 
7ff8b2ef8000-7ff8b309c000 ---p 00000000 00:00 0 
7ff8b309c000-7ff8b30f8000 rw-p 00000000 00:00 0 
7ff8b30f8000-7ff8b329c000 ---p 00000000 00:00 0 
7ff8b329c000-7ff8b32f8000 rw-p 00000000 00:00 0 
7ff8b32f8000-7ff8b349c000 ---p 00000000 00:00 0 
7ff8b349c000-7ff8b369e000 rw-p 00000000 00:00 0 
7ff8b369e000-7ff8b369f000 ---p 00000000 00:00 0 
7ff8b369f000-7ff8b37a5000 rw-p 00000000 00:00 0 
7ff8b37a5000-7ff8b388b000 ---p 00000000 00:00 0 
7ff8b388b000-7ff8b389f000 rw-p 00000000 00:00 0 
7ff8b389f000-7ff8b3976000 ---p 00000000 00:00 0 
7ff8b3976000-7ff8b3be6000 rwxp 00000000 00:00 0 
7ff8b3be6000-7ff8b3f05000 ---p 00000000 00:00 0 
7ff8b3f05000-7ff8b48e5000 rwxp 00000000 00:00 0 
7ff8b48e5000-7ff8bb43d000 ---p 00000000 00:00 0 
7ff8bb43d000-7ff8bb6ad000 rwxp 00000000 00:00 0 
7ff8bb6ad000-7ff8c2976000 ---p 00000000 00:00 0 
7ff8c2976000-7ff8cad56000 r--s 00000000 08:02 1717041                    /usr/lib/jvm/jdk-11.0.4/lib/modules
7ff8cad56000-7ff8cad71000 r-xp 00000000 08:02 1717017                    /usr/lib/jvm/jdk-11.0.4/lib/libjimage.so
7ff8cad71000-7ff8caf70000 ---p 0001b000 08:02 1717017                    /usr/lib/jvm/jdk-11.0.4/lib/libjimage.so
7ff8caf70000-7ff8caf72000 r--p 0001a000 08:02 1717017                    /usr/lib/jvm/jdk-11.0.4/lib/libjimage.so
7ff8caf72000-7ff8caf73000 rw-p 0001c000 08:02 1717017                    /usr/lib/jvm/jdk-11.0.4/lib/libjimage.so
7ff8caf73000-7ff8caf7a000 r-xp 00000000 08:02 1716988                    /usr/lib/jvm/jdk-11.0.4/lib/libzip.so
7ff8caf7a000-7ff8cb179000 ---p 00007000 08:02 1716988                    /usr/lib/jvm/jdk-11.0.4/lib/libzip.so
7ff8cb179000-7ff8cb17a000 r--p 00006000 08:02 1716988                    /usr/lib/jvm/jdk-11.0.4/lib/libzip.so
7ff8cb17a000-7ff8cb17b000 rw-p 00007000 08:02 1716988                    /usr/lib/jvm/jdk-11.0.4/lib/libzip.so
7ff8cb17b000-7ff8cb186000 r-xp 00000000 08:02 398133                     /lib/x86_64-linux-gnu/libnss_files-2.27.so
7ff8cb186000-7ff8cb385000 ---p 0000b000 08:02 398133                     /lib/x86_64-linux-gnu/libnss_files-2.27.so
7ff8cb385000-7ff8cb386000 r--p 0000a000 08:02 398133                     /lib/x86_64-linux-gnu/libnss_files-2.27.so
7ff8cb386000-7ff8cb387000 rw-p 0000b000 08:02 398133                     /lib/x86_64-linux-gnu/libnss_files-2.27.so
7ff8cb387000-7ff8cb38d000 rw-p 00000000 00:00 0 
7ff8cb38d000-7ff8cb3a4000 r-xp 00000000 08:02 398127                     /lib/x86_64-linux-gnu/libnsl-2.27.so
7ff8cb3a4000-7ff8cb5a3000 ---p 00017000 08:02 398127                     /lib/x86_64-linux-gnu/libnsl-2.27.so
7ff8cb5a3000-7ff8cb5a4000 r--p 00016000 08:02 398127                     /lib/x86_64-linux-gnu/libnsl-2.27.so
7ff8cb5a4000-7ff8cb5a5000 rw-p 00017000 08:02 398127                     /lib/x86_64-linux-gnu/libnsl-2.27.so
7ff8cb5a5000-7ff8cb5a7000 rw-p 00000000 00:00 0 
7ff8cb5a7000-7ff8cb5b2000 r-xp 00000000 08:02 398144                     /lib/x86_64-linux-gnu/libnss_nis-2.27.so
7ff8cb5b2000-7ff8cb7b1000 ---p 0000b000 08:02 398144                     /lib/x86_64-linux-gnu/libnss_nis-2.27.so
7ff8cb7b1000-7ff8cb7b2000 r--p 0000a000 08:02 398144                     /lib/x86_64-linux-gnu/libnss_nis-2.27.so
7ff8cb7b2000-7ff8cb7b3000 rw-p 0000b000 08:02 398144                     /lib/x86_64-linux-gnu/libnss_nis-2.27.so
7ff8cb7b3000-7ff8cb7bb000 r-xp 00000000 08:02 398129                     /lib/x86_64-linux-gnu/libnss_compat-2.27.so
7ff8cb7bb000-7ff8cb9bb000 ---p 00008000 08:02 398129                     /lib/x86_64-linux-gnu/libnss_compat-2.27.so
7ff8cb9bb000-7ff8cb9bc000 r--p 00008000 08:02 398129                     /lib/x86_64-linux-gnu/libnss_compat-2.27.so
7ff8cb9bc000-7ff8cb9bd000 rw-p 00009000 08:02 398129                     /lib/x86_64-linux-gnu/libnss_compat-2.27.so
7ff8cb9bd000-7ff8cb9e6000 r-xp 00000000 08:02 1716989                    /usr/lib/jvm/jdk-11.0.4/lib/libjava.so
7ff8cb9e6000-7ff8cbbe6000 ---p 00029000 08:02 1716989                    /usr/lib/jvm/jdk-11.0.4/lib/libjava.so
7ff8cbbe6000-7ff8cbbe7000 r--p 00029000 08:02 1716989                    /usr/lib/jvm/jdk-11.0.4/lib/libjava.so
7ff8cbbe7000-7ff8cbbe9000 rw-p 0002a000 08:02 1716989                    /usr/lib/jvm/jdk-11.0.4/lib/libjava.so
7ff8cbbe9000-7ff8cbbf6000 r-xp 00000000 08:02 1717036                    /usr/lib/jvm/jdk-11.0.4/lib/libverify.so
7ff8cbbf6000-7ff8cbdf5000 ---p 0000d000 08:02 1717036                    /usr/lib/jvm/jdk-11.0.4/lib/libverify.so
7ff8cbdf5000-7ff8cbdf7000 r--p 0000c000 08:02 1717036                    /usr/lib/jvm/jdk-11.0.4/lib/libverify.so
7ff8cbdf7000-7ff8cbdf8000 rw-p 0000e000 08:02 1717036                    /usr/lib/jvm/jdk-11.0.4/lib/libverify.so
7ff8cbdf8000-7ff8cbdff000 r-xp 00000000 08:02 398184                     /lib/x86_64-linux-gnu/librt-2.27.so
7ff8cbdff000-7ff8cbffe000 ---p 00007000 08:02 398184                     /lib/x86_64-linux-gnu/librt-2.27.so
7ff8cbffe000-7ff8cbfff000 r--p 00006000 08:02 398184                     /lib/x86_64-linux-gnu/librt-2.27.so
7ff8cbfff000-7ff8cc000000 rw-p 00007000 08:02 398184                     /lib/x86_64-linux-gnu/librt-2.27.so
7ff8cc000000-7ff8cc55c000 rw-p 00000000 00:00 0 
7ff8cc55c000-7ff8d0000000 ---p 00000000 00:00 0 
7ff8d0040000-7ff8d00c1000 rw-p 00000000 00:00 0 
7ff8d00c1000-7ff8d025e000 r-xp 00000000 08:02 398106                     /lib/x86_64-linux-gnu/libm-2.27.so
7ff8d025e000-7ff8d045d000 ---p 0019d000 08:02 398106                     /lib/x86_64-linux-gnu/libm-2.27.so
7ff8d045d000-7ff8d045e000 r--p 0019c000 08:02 398106                     /lib/x86_64-linux-gnu/libm-2.27.so
7ff8d045e000-7ff8d045f000 rw-p 0019d000 08:02 398106                     /lib/x86_64-linux-gnu/libm-2.27.so
7ff8d045f000-7ff8d159f000 r-xp 00000000 08:02 1717029                    /usr/lib/jvm/jdk-11.0.4/lib/server/libjvm.so
7ff8d159f000-7ff8d179e000 ---p 01140000 08:02 1717029                    /usr/lib/jvm/jdk-11.0.4/lib/server/libjvm.so
7ff8d179e000-7ff8d185d000 r--p 0113f000 08:02 1717029                    /usr/lib/jvm/jdk-11.0.4/lib/server/libjvm.so
7ff8d185d000-7ff8d1896000 rw-p 011fe000 08:02 1717029                    /usr/lib/jvm/jdk-11.0.4/lib/server/libjvm.so
7ff8d1896000-7ff8d18ed000 rw-p 00000000 00:00 0 
7ff8d18ed000-7ff8d1ad4000 r-xp 00000000 08:02 398043                     /lib/x86_64-linux-gnu/libc-2.27.so
7ff8d1ad4000-7ff8d1cd4000 ---p 001e7000 08:02 398043                     /lib/x86_64-linux-gnu/libc-2.27.so
7ff8d1cd4000-7ff8d1cd8000 r--p 001e7000 08:02 398043                     /lib/x86_64-linux-gnu/libc-2.27.so
7ff8d1cd8000-7ff8d1cda000 rw-p 001eb000 08:02 398043                     /lib/x86_64-linux-gnu/libc-2.27.so
7ff8d1cda000-7ff8d1cde000 rw-p 00000000 00:00 0 
7ff8d1cde000-7ff8d1ce1000 r-xp 00000000 08:02 398066                     /lib/x86_64-linux-gnu/libdl-2.27.so
7ff8d1ce1000-7ff8d1ee0000 ---p 00003000 08:02 398066                     /lib/x86_64-linux-gnu/libdl-2.27.so
7ff8d1ee0000-7ff8d1ee1000 r--p 00002000 08:02 398066                     /lib/x86_64-linux-gnu/libdl-2.27.so
7ff8d1ee1000-7ff8d1ee2000 rw-p 00003000 08:02 398066                     /lib/x86_64-linux-gnu/libdl-2.27.so
7ff8d1ee2000-7ff8d1ef2000 r-xp 00000000 08:02 1717002                    /usr/lib/jvm/jdk-11.0.4/lib/jli/libjli.so
7ff8d1ef2000-7ff8d20f1000 ---p 00010000 08:02 1717002                    /usr/lib/jvm/jdk-11.0.4/lib/jli/libjli.so
7ff8d20f1000-7ff8d20f2000 r--p 0000f000 08:02 1717002                    /usr/lib/jvm/jdk-11.0.4/lib/jli/libjli.so
7ff8d20f2000-7ff8d20f3000 rw-p 00010000 08:02 1717002                    /usr/lib/jvm/jdk-11.0.4/lib/jli/libjli.so
7ff8d20f3000-7ff8d210d000 r-xp 00000000 08:02 398176                     /lib/x86_64-linux-gnu/libpthread-2.27.so
7ff8d210d000-7ff8d230c000 ---p 0001a000 08:02 398176                     /lib/x86_64-linux-gnu/libpthread-2.27.so
7ff8d230c000-7ff8d230d000 r--p 00019000 08:02 398176                     /lib/x86_64-linux-gnu/libpthread-2.27.so
7ff8d230d000-7ff8d230e000 rw-p 0001a000 08:02 398176                     /lib/x86_64-linux-gnu/libpthread-2.27.so
7ff8d230e000-7ff8d2312000 rw-p 00000000 00:00 0 
7ff8d2312000-7ff8d232e000 r-xp 00000000 08:02 398215                     /lib/x86_64-linux-gnu/libz.so.1.2.11
7ff8d232e000-7ff8d252d000 ---p 0001c000 08:02 398215                     /lib/x86_64-linux-gnu/libz.so.1.2.11
7ff8d252d000-7ff8d252e000 r--p 0001b000 08:02 398215                     /lib/x86_64-linux-gnu/libz.so.1.2.11
7ff8d252e000-7ff8d252f000 rw-p 0001c000 08:02 398215                     /lib/x86_64-linux-gnu/libz.so.1.2.11
7ff8d252f000-7ff8d2556000 r-xp 00000000 08:02 398015                     /lib/x86_64-linux-gnu/ld-2.27.so
7ff8d259b000-7ff8d259f000 ---p 00000000 00:00 0 
7ff8d259f000-7ff8d263b000 rw-p 00000000 00:00 0 
7ff8d263b000-7ff8d263f000 ---p 00000000 00:00 0 
7ff8d263f000-7ff8d2745000 rw-p 00000000 00:00 0 
7ff8d2745000-7ff8d274c000 ---p 00000000 00:00 0 
7ff8d274c000-7ff8d2754000 rw-s 00000000 08:02 394528                     /tmp/hsperfdata_shanon/4109
7ff8d2754000-7ff8d2755000 ---p 00000000 00:00 0 
7ff8d2755000-7ff8d2756000 r--p 00000000 00:00 0 
7ff8d2756000-7ff8d2757000 r--p 00027000 08:02 398015                     /lib/x86_64-linux-gnu/ld-2.27.so
7ff8d2757000-7ff8d2758000 rw-p 00028000 08:02 398015                     /lib/x86_64-linux-gnu/ld-2.27.so
7ff8d2758000-7ff8d2759000 rw-p 00000000 00:00 0 
7fff5b7fb000-7fff5b81c000 rw-p 00000000 00:00 0                          [stack]
7fff5b87d000-7fff5b880000 r--p 00000000 00:00 0                          [vvar]
7fff5b880000-7fff5b881000 r-xp 00000000 00:00 0                          [vdso]
ffffffffff600000-ffffffffff601000 r-xp 00000000 00:00 0                  [vsyscall]


VM Arguments:
jvm_args: --add-modules=ALL-SYSTEM --add-opens=java.base/java.util=ALL-UNNAMED --add-opens=java.base/java.lang=ALL-UNNAMED -Declipse.application=org.eclipse.jdt.ls.core.id1 -Dosgi.bundles.defaultStartLevel=4 -Declipse.product=org.eclipse.jdt.ls.core.product -Dfile.encoding=utf8 -Xverify:none -Xmx1G -XX:+UseG1GC -XX:+UseStringDeduplication 
java_command: /home/shanon/.vscode/extensions/redhat.java-0.52.0/server/plugins/org.eclipse.equinox.launcher_1.5.600.v20191014-2022.jar -configuration /home/shanon/.vscode/extensions/redhat.java-0.52.0/server/config_linux -data /home/shanon/.config/Code/User/workspaceStorage/ad502a1f8c70402deb172870f80bf534/redhat.java/jdt_ws
java_class_path (initial): /home/shanon/.vscode/extensions/redhat.java-0.52.0/server/plugins/org.eclipse.equinox.launcher_1.5.600.v20191014-2022.jar
Launcher Type: SUN_STANDARD

[Global flags]
     bool BytecodeVerificationLocal                = false                                     {product} {command line}
     bool BytecodeVerificationRemote               = false                                     {product} {command line}
     intx CICompilerCount                          = 2                                         {product} {ergonomic}
     uint ConcGCThreads                            = 1                                         {product} {ergonomic}
     uint G1ConcRefinementThreads                  = 2                                         {product} {ergonomic}
   size_t G1HeapRegionSize                         = 1048576                                   {product} {ergonomic}
    uintx GCDrainStackTargetSize                   = 64                                        {product} {ergonomic}
   size_t InitialHeapSize                          = 62914560                                  {product} {ergonomic}
   size_t MarkStackSize                            = 4194304                                   {product} {ergonomic}
   size_t MaxHeapSize                              = 1073741824                                {product} {command line}
   size_t MaxNewSize                               = 643825664                                 {product} {ergonomic}
   size_t MinHeapDeltaBytes                        = 1048576                                   {product} {ergonomic}
    uintx NonNMethodCodeHeapSize                   = 5824844                                {pd product} {ergonomic}
    uintx NonProfiledCodeHeapSize                  = 122916698                              {pd product} {ergonomic}
    uintx ProfiledCodeHeapSize                     = 122916698                              {pd product} {ergonomic}
    uintx ReservedCodeCacheSize                    = 251658240                              {pd product} {ergonomic}
     bool SegmentedCodeCache                       = true                                      {product} {ergonomic}
     bool UseCompressedClassPointers               = true                                 {lp64_product} {ergonomic}
     bool UseCompressedOops                        = true                                 {lp64_product} {ergonomic}
     bool UseG1GC                                  = true                                      {product} {command line}
     bool UseStringDeduplication                   = true                                      {product} {command line}

Logging:
Log output configuration:
 #0: stdout all=warning uptime,level,tags
 #1: stderr all=off uptime,level,tags

Environment Variables:
JAVA_HOME=/usr/lib/jvm/jdk-11.0.4
PATH=/usr/local/sbin:/usr/local/bin:/usr/sbin:/usr/bin:/sbin:/bin:/usr/games:/usr/local/games:/snap/bin:/usr/lib/jvm/jdk-11.0.4/bin:/usr/lib/jvm/jdk-11.0.4/bin:/home/shanon/Android/Sdk/emulator:/home/shanon/Android/Sdk/tools:/home/shanon/Android/Sdk/tools/bin:/home/shanon/Android/Sdk/platform-tools
USERNAME=shanon
SHELL=/bin/bash
DISPLAY=:0

Signal Handlers:
SIGSEGV: [libjvm.so+0xe2b860], sa_mask[0]=11111111011111111101111111111110, sa_flags=SA_RESTART|SA_SIGINFO
SIGBUS: [libjvm.so+0xe2b860], sa_mask[0]=11111111011111111101111111111110, sa_flags=SA_RESTART|SA_SIGINFO
SIGFPE: [libjvm.so+0xe2b860], sa_mask[0]=11111111011111111101111111111110, sa_flags=SA_RESTART|SA_SIGINFO
SIGPIPE: [libjvm.so+0xbffef0], sa_mask[0]=11111111011111111101111111111110, sa_flags=SA_RESTART|SA_SIGINFO
SIGXFSZ: [libjvm.so+0xbffef0], sa_mask[0]=11111111011111111101111111111110, sa_flags=SA_RESTART|SA_SIGINFO
SIGILL: [libjvm.so+0xe2b860], sa_mask[0]=11111111011111111101111111111110, sa_flags=SA_RESTART|SA_SIGINFO
SIGUSR2: [libjvm.so+0xbffd90], sa_mask[0]=00000000000000000000000000000000, sa_flags=SA_RESTART|SA_SIGINFO
SIGHUP: [libjvm.so+0xc000f0], sa_mask[0]=11111111011111111101111111111110, sa_flags=SA_RESTART|SA_SIGINFO
SIGINT: [libjvm.so+0xc000f0], sa_mask[0]=11111111011111111101111111111110, sa_flags=SA_RESTART|SA_SIGINFO
SIGTERM: [libjvm.so+0xc000f0], sa_mask[0]=11111111011111111101111111111110, sa_flags=SA_RESTART|SA_SIGINFO
SIGQUIT: [libjvm.so+0xc000f0], sa_mask[0]=11111111011111111101111111111110, sa_flags=SA_RESTART|SA_SIGINFO


---------------  S Y S T E M  ---------------

OS:DISTRIB_ID=Ubuntu
DISTRIB_RELEASE=18.04
DISTRIB_CODENAME=bionic
DISTRIB_DESCRIPTION="Ubuntu 18.04.3 LTS"
uname:Linux 5.0.0-32-generic #34~18.04.2-Ubuntu SMP Thu Oct 10 10:36:02 UTC 2019 x86_64
libc:glibc 2.27 NPTL 2.27 
rlimit: STACK 8192k, CORE 0k, NPROC 14948, NOFILE 4096, AS infinity, DATA infinity, FSIZE infinity
load average:23,91 14,64 7,12

/proc/meminfo:
MemTotal:        3874636 kB
MemFree:          103172 kB
MemAvailable:      15948 kB
Buffers:             748 kB
Cached:           238676 kB
SwapCached:         1124 kB
Active:          2873280 kB
Inactive:         588068 kB
Active(anon):    2858236 kB
Inactive(anon):   571732 kB
Active(file):      15044 kB
Inactive(file):    16336 kB
Unevictable:         428 kB
Mlocked:              32 kB
SwapTotal:       1952764 kB
SwapFree:              0 kB
Dirty:                32 kB
Writeback:             0 kB
AnonPages:       3221364 kB
Mapped:            73288 kB
Shmem:            208016 kB
KReclaimable:      42260 kB
Slab:             106260 kB
SReclaimable:      42260 kB
SUnreclaim:        64000 kB
KernelStack:       21424 kB
PageTables:        90380 kB
NFS_Unstable:          0 kB
Bounce:                0 kB
WritebackTmp:          0 kB
CommitLimit:     3890080 kB
Committed_AS:   13711572 kB
VmallocTotal:   34359738367 kB
VmallocUsed:           0 kB
VmallocChunk:          0 kB
Percpu:             1328 kB
HardwareCorrupted:     0 kB
AnonHugePages:         0 kB
ShmemHugePages:        0 kB
ShmemPmdMapped:        0 kB
CmaTotal:              0 kB
CmaFree:               0 kB
HugePages_Total:       0
HugePages_Free:        0
HugePages_Rsvd:        0
HugePages_Surp:        0
Hugepagesize:       2048 kB
Hugetlb:               0 kB
DirectMap4k:      255744 kB
DirectMap2M:     3774464 kB


/proc/sys/kernel/threads-max (system-wide limit on the number of threads):
29897


/proc/sys/vm/max_map_count (maximum number of memory map areas a process may have):
65530


/proc/sys/kernel/pid_max (system-wide limit on number of process identifiers):
32768



container (cgroup) information:
container_type: cgroupv1
cpu_cpuset_cpus: 0-1
cpu_memory_nodes: 0
active_processor_count: 2
cpu_quota: -1
cpu_period: 100000
cpu_shares: -1
memory_limit_in_bytes: -1
memory_and_swap_limit_in_bytes: -2
memory_soft_limit_in_bytes: -1
memory_usage_in_bytes: 3545190400
memory_max_usage_in_bytes: 30842880


CPU:total 2 (initial active 2) (2 cores per cpu, 1 threads per core) family 6 model 76 stepping 4, cmov, cx8, fxsr, mmx, sse, sse2, sse3, ssse3, sse4.1, sse4.2, popcnt, aes, clmul, erms, 3dnowpref, tsc, tscinvbit
CPU Model and flags from /proc/cpuinfo:
model name	: Intel(R) Celeron(R) CPU  N3060  @ 1.60GHz
flags		: fpu vme de pse tsc msr pae mce cx8 apic sep mtrr pge mca cmov pat pse36 clflush dts acpi mmx fxsr sse sse2 ss ht tm pbe syscall nx rdtscp lm constant_tsc arch_perfmon pebs bts rep_good nopl xtopology tsc_reliable nonstop_tsc cpuid aperfmperf tsc_known_freq pni pclmulqdq dtes64 monitor ds_cpl vmx est tm2 ssse3 cx16 xtpr pdcm sse4_1 sse4_2 movbe popcnt tsc_deadline_timer aes rdrand lahf_lm 3dnowprefetch epb pti ibrs ibpb stibp tpr_shadow vnmi flexpriority ept vpid tsc_adjust smep erms dtherm ida arat md_clear

Memory: 4k page, physical 3874636k(99156k free), swap 1952764k(0k free)

vm_info: Java HotSpot(TM) 64-Bit Server VM (11.0.4+10-LTS) for linux-amd64 JRE (11.0.4+10-LTS), built on Jul  4 2019 15:26:10 by "mach5one" with gcc 7.3.0

END.
