#
# There is insufficient memory for the Java Runtime Environment to continue.
# Native memory allocation (mmap) failed to map 173015040 bytes for committing reserved memory.
# Possible reasons:
#   The system is out of physical RAM or swap space
#   The process is running with CompressedOops enabled, and the Java Heap may be blocking the growth of the native heap
# Possible solutions:
#   Reduce memory load on the system
#   Increase physical memory or swap space
#   Check if swap backing store is full
#   Decrease Java heap size (-Xmx/-Xms)
#   Decrease number of Java threads
#   Decrease Java thread stack sizes (-Xss)
#   Set larger code cache with -XX:ReservedCodeCacheSize=
#   JVM is running with Unscaled Compressed Oops mode in which the Java heap is
#     placed in the first 4GB address space. The Java Heap base address is the
#     maximum limit for the native heap growth. Please use -XX:HeapBaseMinAddress
#     to set the Java Heap base and to place the Java Heap above 4GB virtual address.
# This output file may be truncated or incomplete.
#
#  Out of Memory Error (os_linux.cpp:2720), pid=4424, tid=4434
#
# JRE version: Java(TM) SE Runtime Environment (11.0.4+10) (build 11.0.4+10-LTS)
# Java VM: Java HotSpot(TM) 64-Bit Server VM (11.0.4+10-LTS, mixed mode, tiered, compressed oops, g1 gc, linux-amd64)
# Core dump will be written. Default location: Core dumps may be processed with "/usr/share/apport/apport %p %s %c %d %P" (or dumping to /home/shanon/react-native/AplikasiBMI/core.4424)
#

---------------  S U M M A R Y ------------

Command Line: --add-modules=ALL-SYSTEM --add-opens=java.base/java.util=ALL-UNNAMED --add-opens=java.base/java.lang=ALL-UNNAMED -Declipse.application=org.eclipse.jdt.ls.core.id1 -Dosgi.bundles.defaultStartLevel=4 -Declipse.product=org.eclipse.jdt.ls.core.product -Dfile.encoding=utf8 -Xverify:none -Xmx1G -XX:+UseG1GC -XX:+UseStringDeduplication /home/shanon/.vscode/extensions/redhat.java-0.52.0/server/plugins/org.eclipse.equinox.launcher_1.5.600.v20191014-2022.jar -configuration /home/shanon/.vscode/extensions/redhat.java-0.52.0/server/config_linux -data /home/shanon/.config/Code/User/workspaceStorage/486486adcb95e925364166220e13e893/redhat.java/jdt_ws

Host: Intel(R) Celeron(R) CPU  N3060  @ 1.60GHz, 2 cores, 3G, Ubuntu 18.04.3 LTS
Time: Fri Oct 25 15:44:48 2019 WIB elapsed time: 79 seconds (0d 0h 1m 19s)

---------------  T H R E A D  ---------------

Current thread (0x00007f2bb015c800):  VMThread "VM Thread" [stack: 0x00007f2bb41ef000,0x00007f2bb42ef000] [id=4434]

Stack: [0x00007f2bb41ef000,0x00007f2bb42ef000],  sp=0x00007f2bb42ecf20,  free space=1015k
Native frames: (J=compiled Java code, A=aot compiled Java code, j=interpreted, Vv=VM code, C=native code)
V  [libjvm.so+0xe29e27]  VMError::report_and_die(int, char const*, char const*, __va_list_tag*, Thread*, unsigned char*, void*, void*, char const*, int, unsigned long)+0x317
V  [libjvm.so+0xe2aa8b]  VMError::report_and_die(Thread*, char const*, int, unsigned long, VMErrorType, char const*, __va_list_tag*)+0x2b
V  [libjvm.so+0x69a845]  report_vm_out_of_memory(char const*, int, unsigned long, VMErrorType, char const*, ...)+0xd5
V  [libjvm.so+0xc041d8]  os::pd_commit_memory_or_exit(char*, unsigned long, unsigned long, bool, char const*)+0x108
V  [libjvm.so+0xbfb73d]  os::commit_memory_or_exit(char*, unsigned long, unsigned long, bool, char const*)+0x1d
V  [libjvm.so+0x7b3aec]  G1PageBasedVirtualSpace::commit_preferred_pages(unsigned long, unsigned long)+0x6c
V  [libjvm.so+0x7b3d8e]  G1PageBasedVirtualSpace::commit(unsigned long, unsigned long)+0x5e
V  [libjvm.so+0x7bfb60]  G1RegionsLargerThanCommitSizeMapper::commit_regions(unsigned int, unsigned long, WorkGang*)+0x40
V  [libjvm.so+0x83b5a9]  HeapRegionManager::commit_regions(unsigned int, unsigned long, WorkGang*)+0x89
V  [libjvm.so+0x83c1ff]  HeapRegionManager::make_regions_available(unsigned int, unsigned int, WorkGang*)+0x3f
V  [libjvm.so+0x83c689]  HeapRegionManager::expand_at(unsigned int, unsigned int, WorkGang*) [clone .part.44]+0x119
V  [libjvm.so+0x77827f]  G1CollectedHeap::expand(unsigned long, WorkGang*, double*)+0xdf
V  [libjvm.so+0x77d04a]  G1CollectedHeap::do_collection_pause_at_safepoint(double)+0xa9a
V  [libjvm.so+0xe35a31]  VM_G1CollectForAllocation::doit()+0x81
V  [libjvm.so+0xe345c7]  VM_Operation::evaluate()+0xe7
V  [libjvm.so+0xe31daf]  VMThread::evaluate_operation(VM_Operation*) [clone .constprop.54]+0xff
V  [libjvm.so+0xe322e6]  VMThread::loop()+0x3e6
V  [libjvm.so+0xe3272b]  VMThread::run()+0x7b
V  [libjvm.so+0xc0a090]  thread_native_entry(Thread*)+0xf0

VM_Operation (0x00007f2b50de0400): G1CollectForAllocation, mode: safepoint, requested by thread 0x00007f2b940b1000


---------------  P R O C E S S  ---------------

Threads class SMR info:
_java_thread_list=0x00007f2b5c000f80, length=24, elements={
0x00007f2bb0012000, 0x00007f2bb0164800, 0x00007f2bb0169000, 0x00007f2bb0186800,
0x00007f2bb0188800, 0x00007f2bb018a800, 0x00007f2bb018c800, 0x00007f2bb0210000,
0x00007f2bb0265800, 0x00007f2bb040d800, 0x00007f2bb044a800, 0x00007f2bb044e000,
0x00007f2b781c3000, 0x00007f2b78115000, 0x00007f2b8003b800, 0x00007f2b7c009800,
0x00007f2b78394800, 0x00007f2b88003800, 0x00007f2b8c001800, 0x00007f2b94017000,
0x00007f2b9400f000, 0x00007f2b94028000, 0x00007f2b94035800, 0x00007f2b940b1000
}

Java Threads: ( => current thread )
  0x00007f2bb0012000 JavaThread "main" [_thread_blocked, id=4425, stack(0x00007f2bb9d7a000,0x00007f2bb9e7b000)]
  0x00007f2bb0164800 JavaThread "Reference Handler" daemon [_thread_blocked, id=4450, stack(0x00007f2bb40ec000,0x00007f2bb41ed000)]
  0x00007f2bb0169000 JavaThread "Finalizer" daemon [_thread_blocked, id=4451, stack(0x00007f2b9831f000,0x00007f2b98420000)]
  0x00007f2bb0186800 JavaThread "Signal Dispatcher" daemon [_thread_blocked, id=4454, stack(0x00007f2b9821e000,0x00007f2b9831f000)]
  0x00007f2bb0188800 JavaThread "C2 CompilerThread0" daemon [_thread_in_native, id=4455, stack(0x00007f2b9811d000,0x00007f2b9821e000)]
  0x00007f2bb018a800 JavaThread "C1 CompilerThread0" daemon [_thread_blocked, id=4456, stack(0x00007f2b9801c000,0x00007f2b9811d000)]
  0x00007f2bb018c800 JavaThread "Sweeper thread" daemon [_thread_blocked, id=4457, stack(0x00007f2b9052f000,0x00007f2b90630000)]
  0x00007f2bb0210000 JavaThread "Common-Cleaner" daemon [_thread_blocked, id=4458, stack(0x00007f2b9042e000,0x00007f2b9052f000)]
  0x00007f2bb0265800 JavaThread "Service Thread" daemon [_thread_blocked, id=4460, stack(0x00007f2b9032d000,0x00007f2b9042e000)]
  0x00007f2bb040d800 JavaThread "Active Thread: Equinox Container: bc045798-569e-4740-acbb-db467ab650c5" [_thread_blocked, id=4476, stack(0x00007f2b5b6e3000,0x00007f2b5b7e4000)]
  0x00007f2bb044a800 JavaThread "Framework Event Dispatcher: Equinox Container: bc045798-569e-4740-acbb-db467ab650c5" daemon [_thread_blocked, id=4477, stack(0x00007f2b5b5e2000,0x00007f2b5b6e3000)]
  0x00007f2bb044e000 JavaThread "Start Level: Equinox Container: bc045798-569e-4740-acbb-db467ab650c5" daemon [_thread_blocked, id=4478, stack(0x00007f2b5b4e1000,0x00007f2b5b5e2000)]
  0x00007f2b781c3000 JavaThread "Worker-JM" [_thread_blocked, id=4483, stack(0x00007f2b5afcf000,0x00007f2b5b0d0000)]
  0x00007f2b78115000 JavaThread "Worker-0: Refreshing workspace" [_thread_blocked, id=4486, stack(0x00007f2b5aace000,0x00007f2b5abcf000)]
  0x00007f2b8003b800 JavaThread "Worker-1" [_thread_blocked, id=4487, stack(0x00007f2b5a9cd000,0x00007f2b5aace000)]
  0x00007f2b7c009800 JavaThread "Worker-2: Java indexing... " [_thread_blocked, id=4488, stack(0x00007f2b5a8cc000,0x00007f2b5a9cd000)]
  0x00007f2b78394800 JavaThread "Java indexing" daemon [_thread_blocked, id=4492, stack(0x00007f2b5a3cb000,0x00007f2b5a4cc000)]
  0x00007f2b88003800 JavaThread "Worker-3" [_thread_blocked, id=4494, stack(0x00007f2b5a0ca000,0x00007f2b5a1cb000)]
  0x00007f2b8c001800 JavaThread "Worker-4: Synchronize Gradle projects with workspace" [_thread_blocked, id=4495, stack(0x00007f2b59fc9000,0x00007f2b5a0ca000)]
  0x00007f2b94017000 JavaThread "Worker-5" [_thread_blocked, id=4496, stack(0x00007f2b59cc8000,0x00007f2b59dc9000)]
  0x00007f2b9400f000 JavaThread "Timer-0" [_thread_blocked, id=4497, stack(0x00007f2b59bc7000,0x00007f2b59cc8000)]
  0x00007f2b94028000 JavaThread "Timer-1" [_thread_blocked, id=4505, stack(0x00007f2b50ee6000,0x00007f2b50fe7000)]
  0x00007f2b94035800 JavaThread "Timer-2" [_thread_blocked, id=4508, stack(0x00007f2b50de5000,0x00007f2b50ee6000)]
  0x00007f2b940b1000 JavaThread "Connection worker" [_thread_blocked, id=4509, stack(0x00007f2b50ce4000,0x00007f2b50de5000)]

Other Threads:
=>0x00007f2bb015c800 VMThread "VM Thread" [stack: 0x00007f2bb41ef000,0x00007f2bb42ef000] [id=4434]
  0x00007f2bb026d000 WatcherThread [stack: 0x00007f2b9022d000,0x00007f2b9032d000] [id=4461]
  0x00007f2bb003a000 GCTaskThread "GC Thread#0" [stack: 0x00007f2bb6280000,0x00007f2bb6380000] [id=4427]
  0x00007f2b74001000 GCTaskThread "GC Thread#1" [stack: 0x00007f2b5bae8000,0x00007f2b5bbe8000] [id=4464]
  0x00007f2bb0055800 ConcurrentGCThread "G1 Main Marker" [stack: 0x00007f2bb497c000,0x00007f2bb4a7c000] [id=4428]
  0x00007f2bb0057000 ConcurrentGCThread "G1 Conc#0" [stack: 0x00007f2bb487a000,0x00007f2bb497a000] [id=4429]
  0x00007f2bb0091000 ConcurrentGCThread "G1 Refine#0" [stack: 0x00007f2bb4576000,0x00007f2bb4676000] [id=4430]
  0x00007f2b88001000 ConcurrentGCThread "G1 Refine#1" [stack: 0x00007f2b5b9e6000,0x00007f2b5bae6000] [id=4465]
  0x00007f2bb0092800 ConcurrentGCThread "G1 Young RemSet Sampling" [stack: 0x00007f2bb4474000,0x00007f2bb4574000] [id=4431]
  0x00007f2bb0099800 ConcurrentGCThread "StrDedup" [stack: 0x00007f2bb4372000,0x00007f2bb4472000] [id=4432]

Threads with active compile tasks:
C2 CompilerThread04185 %     4       org.eclipse.jdt.internal.core.search.indexing.BinaryIndexer::extractReferenceFromConstantPool @ 15 (341 bytes)
C1 CompilerThread04459   !   2       com.google.inject.internal.ProvisionListenerStackCallback::provision (105 bytes)

VM state:at safepoint (normal execution)

VM Mutex/Monitor currently owned by a thread:  ([mutex/lock_event])
[0x00007f2bb000e470] Threads_lock - owner thread: 0x00007f2bb015c800
[0x00007f2bb000ebc0] Heap_lock - owner thread: 0x00007f2b940b1000

Heap address: 0x00000000c0000000, size: 1024 MB, Compressed Oops mode: 32-bit
Narrow klass base: 0x0000000000000000, Narrow klass shift: 3
Compressed class space size: 1073741824 Address: 0x0000000100000000

Heap:
 garbage-first heap   total 391168K, used 42868K [0x00000000c0000000, 0x0000000100000000)
  region size 1024K, 2 young (2048K), 2 survivors (2048K)
 Metaspace       used 38588K, capacity 40662K, committed 41008K, reserved 1085440K
  class space    used 3984K, capacity 4727K, committed 4736K, reserved 1048576K
Heap Regions: E=young(eden), S=young(survivor), O=old, HS=humongous(starts), HC=humongous(continues), CS=collection set, F=free, A=archive, TAMS=top-at-mark-start (previous, next)
|   0|0x00000000c0000000, 0x00000000c0100000, 0x00000000c0100000|100%| O|  |TAMS 0x00000000c0100000, 0x00000000c0000000| Untracked 
|   1|0x00000000c0100000, 0x00000000c0200000, 0x00000000c0200000|100%| O|  |TAMS 0x00000000c0200000, 0x00000000c0100000| Untracked 
|   2|0x00000000c0200000, 0x00000000c0300000, 0x00000000c0300000|100%| O|  |TAMS 0x00000000c0300000, 0x00000000c0200000| Untracked 
|   3|0x00000000c0300000, 0x00000000c0400000, 0x00000000c0400000|100%| O|  |TAMS 0x00000000c0400000, 0x00000000c0300000| Untracked 
|   4|0x00000000c0400000, 0x00000000c0500000, 0x00000000c0500000|100%| O|  |TAMS 0x00000000c0500000, 0x00000000c0400000| Untracked 
|   5|0x00000000c0500000, 0x00000000c0600000, 0x00000000c0600000|100%| O|  |TAMS 0x00000000c0600000, 0x00000000c0500000| Untracked 
|   6|0x00000000c0600000, 0x00000000c0700000, 0x00000000c0700000|100%| O|  |TAMS 0x00000000c0700000, 0x00000000c0600000| Untracked 
|   7|0x00000000c0700000, 0x00000000c0800000, 0x00000000c0800000|100%| O|  |TAMS 0x00000000c0800000, 0x00000000c0700000| Untracked 
|   8|0x00000000c0800000, 0x00000000c0900000, 0x00000000c0900000|100%| O|  |TAMS 0x00000000c0900000, 0x00000000c0800000| Untracked 
|   9|0x00000000c0900000, 0x00000000c0a00000, 0x00000000c0a00000|100%| O|  |TAMS 0x00000000c09e4800, 0x00000000c0900000| Untracked 
|  10|0x00000000c0a00000, 0x00000000c0b00000, 0x00000000c0b00000|100%| O|  |TAMS 0x00000000c0a00000, 0x00000000c0a00000| Untracked 
|  11|0x00000000c0b00000, 0x00000000c0c00000, 0x00000000c0c00000|100%| O|  |TAMS 0x00000000c0b00000, 0x00000000c0b00000| Untracked 
|  12|0x00000000c0c00000, 0x00000000c0d00000, 0x00000000c0d00000|100%| O|  |TAMS 0x00000000c0c00000, 0x00000000c0c00000| Untracked 
|  13|0x00000000c0d00000, 0x00000000c0e00000, 0x00000000c0e00000|100%| O|  |TAMS 0x00000000c0d00000, 0x00000000c0d00000| Untracked 
|  14|0x00000000c0e00000, 0x00000000c0f00000, 0x00000000c0f00000|100%| O|  |TAMS 0x00000000c0e00000, 0x00000000c0e00000| Untracked 
|  15|0x00000000c0f00000, 0x00000000c1000000, 0x00000000c1000000|100%|HS|  |TAMS 0x00000000c0f00000, 0x00000000c0f00000| Complete 
|  16|0x00000000c1000000, 0x00000000c1100000, 0x00000000c1100000|100%| O|  |TAMS 0x00000000c1000000, 0x00000000c1000000| Untracked 
|  17|0x00000000c1100000, 0x00000000c1200000, 0x00000000c1200000|100%| O|  |TAMS 0x00000000c1100000, 0x00000000c1100000| Untracked 
|  18|0x00000000c1200000, 0x00000000c1300000, 0x00000000c1300000|100%| O|  |TAMS 0x00000000c1200000, 0x00000000c1200000| Untracked 
|  19|0x00000000c1300000, 0x00000000c1400000, 0x00000000c1400000|100%| O|  |TAMS 0x00000000c1300000, 0x00000000c1300000| Untracked 
|  20|0x00000000c1400000, 0x00000000c1500000, 0x00000000c1500000|100%| O|  |TAMS 0x00000000c1400000, 0x00000000c1400000| Untracked 
|  21|0x00000000c1500000, 0x00000000c1600000, 0x00000000c1600000|100%| O|  |TAMS 0x00000000c1500000, 0x00000000c1500000| Untracked 
|  22|0x00000000c1600000, 0x00000000c1700000, 0x00000000c1700000|100%| O|  |TAMS 0x00000000c1600000, 0x00000000c1600000| Untracked 
|  23|0x00000000c1700000, 0x00000000c1800000, 0x00000000c1800000|100%| O|  |TAMS 0x00000000c1700000, 0x00000000c1700000| Untracked 
|  24|0x00000000c1800000, 0x00000000c1900000, 0x00000000c1900000|100%|HS|  |TAMS 0x00000000c1800000, 0x00000000c1800000| Complete 
|  25|0x00000000c1900000, 0x00000000c1a00000, 0x00000000c1a00000|100%|HS|  |TAMS 0x00000000c1900000, 0x00000000c1900000| Complete 
|  26|0x00000000c1a00000, 0x00000000c1b00000, 0x00000000c1b00000|100%|HC|  |TAMS 0x00000000c1a00000, 0x00000000c1a00000| Complete 
|  27|0x00000000c1b00000, 0x00000000c1c00000, 0x00000000c1c00000|100%| O|  |TAMS 0x00000000c1b00000, 0x00000000c1b00000| Untracked 
|  28|0x00000000c1c00000, 0x00000000c1d00000, 0x00000000c1d00000|100%| O|  |TAMS 0x00000000c1c00000, 0x00000000c1c00000| Untracked 
|  29|0x00000000c1d00000, 0x00000000c1e00000, 0x00000000c1e00000|100%| O|  |TAMS 0x00000000c1d00000, 0x00000000c1d00000| Untracked 
|  30|0x00000000c1e00000, 0x00000000c1f00000, 0x00000000c1f00000|100%| O|  |TAMS 0x00000000c1e00000, 0x00000000c1e00000| Untracked 
|  31|0x00000000c1f00000, 0x00000000c2000000, 0x00000000c2000000|100%| O|  |TAMS 0x00000000c1f00000, 0x00000000c1f00000| Untracked 
|  32|0x00000000c2000000, 0x00000000c2100000, 0x00000000c2100000|100%| O|  |TAMS 0x00000000c2000000, 0x00000000c2000000| Untracked 
|  33|0x00000000c2100000, 0x00000000c2200000, 0x00000000c2200000|100%| O|  |TAMS 0x00000000c2100000, 0x00000000c2100000| Untracked 
|  34|0x00000000c2200000, 0x00000000c2300000, 0x00000000c2300000|100%| O|  |TAMS 0x00000000c2200000, 0x00000000c2200000| Untracked 
|  35|0x00000000c2300000, 0x00000000c2400000, 0x00000000c2400000|100%| O|  |TAMS 0x00000000c2300000, 0x00000000c2300000| Untracked 
|  36|0x00000000c2400000, 0x00000000c2500000, 0x00000000c2500000|100%| O|  |TAMS 0x00000000c2400000, 0x00000000c2400000| Untracked 
|  37|0x00000000c2500000, 0x00000000c2600000, 0x00000000c2600000|100%| O|  |TAMS 0x00000000c2500000, 0x00000000c2500000| Untracked 
|  38|0x00000000c2600000, 0x00000000c2700000, 0x00000000c2700000|100%| O|  |TAMS 0x00000000c2600000, 0x00000000c2600000| Untracked 
|  39|0x00000000c2700000, 0x00000000c2800000, 0x00000000c2800000|100%| O|  |TAMS 0x00000000c2700000, 0x00000000c2700000| Untracked 
|  40|0x00000000c2800000, 0x00000000c2815600, 0x00000000c2900000|  8%| O|  |TAMS 0x00000000c2800000, 0x00000000c2800000| Untracked 
|  41|0x00000000c2900000, 0x00000000c2900000, 0x00000000c2a00000|  0%| F|  |TAMS 0x00000000c2900000, 0x00000000c2900000| Untracked 
|  42|0x00000000c2a00000, 0x00000000c2a00000, 0x00000000c2b00000|  0%| F|  |TAMS 0x00000000c2a00000, 0x00000000c2a00000| Untracked 
|  43|0x00000000c2b00000, 0x00000000c2b00000, 0x00000000c2c00000|  0%| F|  |TAMS 0x00000000c2b00000, 0x00000000c2b00000| Untracked 
|  44|0x00000000c2c00000, 0x00000000c2c00000, 0x00000000c2d00000|  0%| F|  |TAMS 0x00000000c2c00000, 0x00000000c2c00000| Untracked 
|  45|0x00000000c2d00000, 0x00000000c2d00000, 0x00000000c2e00000|  0%| F|  |TAMS 0x00000000c2d00000, 0x00000000c2d00000| Untracked 
|  46|0x00000000c2e00000, 0x00000000c2e00000, 0x00000000c2f00000|  0%| F|  |TAMS 0x00000000c2e00000, 0x00000000c2e00000| Untracked 
|  47|0x00000000c2f00000, 0x00000000c2f00000, 0x00000000c3000000|  0%| F|  |TAMS 0x00000000c2f00000, 0x00000000c2f00000| Untracked 
|  48|0x00000000c3000000, 0x00000000c3000000, 0x00000000c3100000|  0%| F|  |TAMS 0x00000000c3000000, 0x00000000c3000000| Untracked 
|  49|0x00000000c3100000, 0x00000000c3100000, 0x00000000c3200000|  0%| F|  |TAMS 0x00000000c3100000, 0x00000000c3100000| Untracked 
|  50|0x00000000c3200000, 0x00000000c3200000, 0x00000000c3300000|  0%| F|  |TAMS 0x00000000c3200000, 0x00000000c3200000| Untracked 
|  51|0x00000000c3300000, 0x00000000c3300000, 0x00000000c3400000|  0%| F|  |TAMS 0x00000000c3300000, 0x00000000c3300000| Untracked 
|  52|0x00000000c3400000, 0x00000000c3400000, 0x00000000c3500000|  0%| F|  |TAMS 0x00000000c3400000, 0x00000000c3400000| Untracked 
|  53|0x00000000c3500000, 0x00000000c3500000, 0x00000000c3600000|  0%| F|  |TAMS 0x00000000c3500000, 0x00000000c3500000| Untracked 
|  54|0x00000000c3600000, 0x00000000c3600000, 0x00000000c3700000|  0%| F|  |TAMS 0x00000000c3600000, 0x00000000c3600000| Untracked 
|  55|0x00000000c3700000, 0x00000000c3700000, 0x00000000c3800000|  0%| F|  |TAMS 0x00000000c3700000, 0x00000000c3700000| Untracked 
|  56|0x00000000c3800000, 0x00000000c3800000, 0x00000000c3900000|  0%| F|  |TAMS 0x00000000c3800000, 0x00000000c3800000| Untracked 
|  57|0x00000000c3900000, 0x00000000c3900000, 0x00000000c3a00000|  0%| F|  |TAMS 0x00000000c3900000, 0x00000000c3900000| Untracked 
|  58|0x00000000c3a00000, 0x00000000c3a00000, 0x00000000c3b00000|  0%| F|  |TAMS 0x00000000c3a00000, 0x00000000c3a00000| Untracked 
|  59|0x00000000c3b00000, 0x00000000c3b00000, 0x00000000c3c00000|  0%| F|  |TAMS 0x00000000c3b00000, 0x00000000c3b00000| Untracked 
|  60|0x00000000c3c00000, 0x00000000c3c00000, 0x00000000c3d00000|  0%| F|  |TAMS 0x00000000c3c00000, 0x00000000c3c00000| Untracked 
|  61|0x00000000c3d00000, 0x00000000c3d00000, 0x00000000c3e00000|  0%| F|  |TAMS 0x00000000c3d00000, 0x00000000c3d00000| Untracked 
|  62|0x00000000c3e00000, 0x00000000c3e00000, 0x00000000c3f00000|  0%| F|  |TAMS 0x00000000c3e00000, 0x00000000c3e00000| Untracked 
|  63|0x00000000c3f00000, 0x00000000c3f00000, 0x00000000c4000000|  0%| F|  |TAMS 0x00000000c3f00000, 0x00000000c3f00000| Untracked 
|  64|0x00000000c4000000, 0x00000000c4000000, 0x00000000c4100000|  0%| F|  |TAMS 0x00000000c4000000, 0x00000000c4000000| Untracked 
|  65|0x00000000c4100000, 0x00000000c4100000, 0x00000000c4200000|  0%| F|  |TAMS 0x00000000c4100000, 0x00000000c4100000| Untracked 
|  66|0x00000000c4200000, 0x00000000c4200000, 0x00000000c4300000|  0%| F|  |TAMS 0x00000000c4200000, 0x00000000c4200000| Untracked 
|  67|0x00000000c4300000, 0x00000000c4300000, 0x00000000c4400000|  0%| F|  |TAMS 0x00000000c4300000, 0x00000000c4300000| Untracked 
|  68|0x00000000c4400000, 0x00000000c4400000, 0x00000000c4500000|  0%| F|  |TAMS 0x00000000c4400000, 0x00000000c4400000| Untracked 
|  69|0x00000000c4500000, 0x00000000c4500000, 0x00000000c4600000|  0%| F|  |TAMS 0x00000000c4500000, 0x00000000c4500000| Untracked 
|  70|0x00000000c4600000, 0x00000000c4600000, 0x00000000c4700000|  0%| F|  |TAMS 0x00000000c4600000, 0x00000000c4600000| Untracked 
|  71|0x00000000c4700000, 0x00000000c4700000, 0x00000000c4800000|  0%| F|  |TAMS 0x00000000c4700000, 0x00000000c4700000| Untracked 
|  72|0x00000000c4800000, 0x00000000c4800000, 0x00000000c4900000|  0%| F|  |TAMS 0x00000000c4800000, 0x00000000c4800000| Untracked 
|  73|0x00000000c4900000, 0x00000000c4900000, 0x00000000c4a00000|  0%| F|  |TAMS 0x00000000c4900000, 0x00000000c4900000| Untracked 
|  74|0x00000000c4a00000, 0x00000000c4a00000, 0x00000000c4b00000|  0%| F|  |TAMS 0x00000000c4a00000, 0x00000000c4a00000| Untracked 
|  75|0x00000000c4b00000, 0x00000000c4b00000, 0x00000000c4c00000|  0%| F|  |TAMS 0x00000000c4b00000, 0x00000000c4b00000| Untracked 
|  76|0x00000000c4c00000, 0x00000000c4c00000, 0x00000000c4d00000|  0%| F|  |TAMS 0x00000000c4c00000, 0x00000000c4c00000| Untracked 
|  77|0x00000000c4d00000, 0x00000000c4d00000, 0x00000000c4e00000|  0%| F|  |TAMS 0x00000000c4d00000, 0x00000000c4d00000| Untracked 
|  78|0x00000000c4e00000, 0x00000000c4e00000, 0x00000000c4f00000|  0%| F|  |TAMS 0x00000000c4e00000, 0x00000000c4e00000| Untracked 
|  79|0x00000000c4f00000, 0x00000000c4f00000, 0x00000000c5000000|  0%| F|  |TAMS 0x00000000c4f00000, 0x00000000c4f00000| Untracked 
|  80|0x00000000c5000000, 0x00000000c5000000, 0x00000000c5100000|  0%| F|  |TAMS 0x00000000c5000000, 0x00000000c5000000| Untracked 
|  81|0x00000000c5100000, 0x00000000c5100000, 0x00000000c5200000|  0%| F|  |TAMS 0x00000000c5100000, 0x00000000c5100000| Untracked 
|  82|0x00000000c5200000, 0x00000000c5200000, 0x00000000c5300000|  0%| F|  |TAMS 0x00000000c5200000, 0x00000000c5200000| Untracked 
|  83|0x00000000c5300000, 0x00000000c5300000, 0x00000000c5400000|  0%| F|  |TAMS 0x00000000c5300000, 0x00000000c5300000| Untracked 
|  84|0x00000000c5400000, 0x00000000c5400000, 0x00000000c5500000|  0%| F|  |TAMS 0x00000000c5400000, 0x00000000c5400000| Untracked 
|  85|0x00000000c5500000, 0x00000000c5500000, 0x00000000c5600000|  0%| F|  |TAMS 0x00000000c5500000, 0x00000000c5500000| Untracked 
|  86|0x00000000c5600000, 0x00000000c5600000, 0x00000000c5700000|  0%| F|  |TAMS 0x00000000c5600000, 0x00000000c5600000| Untracked 
|  87|0x00000000c5700000, 0x00000000c5700000, 0x00000000c5800000|  0%| F|  |TAMS 0x00000000c5700000, 0x00000000c5700000| Untracked 
|  88|0x00000000c5800000, 0x00000000c5800000, 0x00000000c5900000|  0%| F|  |TAMS 0x00000000c5800000, 0x00000000c5800000| Untracked 
|  89|0x00000000c5900000, 0x00000000c5900000, 0x00000000c5a00000|  0%| F|  |TAMS 0x00000000c5900000, 0x00000000c5900000| Untracked 
|  90|0x00000000c5a00000, 0x00000000c5a00000, 0x00000000c5b00000|  0%| F|  |TAMS 0x00000000c5a00000, 0x00000000c5a00000| Untracked 
|  91|0x00000000c5b00000, 0x00000000c5b00000, 0x00000000c5c00000|  0%| F|  |TAMS 0x00000000c5b00000, 0x00000000c5b00000| Untracked 
|  92|0x00000000c5c00000, 0x00000000c5c00000, 0x00000000c5d00000|  0%| F|  |TAMS 0x00000000c5c00000, 0x00000000c5c00000| Untracked 
|  93|0x00000000c5d00000, 0x00000000c5d00000, 0x00000000c5e00000|  0%| F|  |TAMS 0x00000000c5d00000, 0x00000000c5d00000| Untracked 
|  94|0x00000000c5e00000, 0x00000000c5e00000, 0x00000000c5f00000|  0%| F|  |TAMS 0x00000000c5e00000, 0x00000000c5e00000| Untracked 
|  95|0x00000000c5f00000, 0x00000000c5f00000, 0x00000000c6000000|  0%| F|  |TAMS 0x00000000c5f00000, 0x00000000c5f00000| Untracked 
|  96|0x00000000c6000000, 0x00000000c6000000, 0x00000000c6100000|  0%| F|  |TAMS 0x00000000c6000000, 0x00000000c6000000| Untracked 
|  97|0x00000000c6100000, 0x00000000c6100000, 0x00000000c6200000|  0%| F|  |TAMS 0x00000000c6100000, 0x00000000c6100000| Untracked 
|  98|0x00000000c6200000, 0x00000000c6200000, 0x00000000c6300000|  0%| F|  |TAMS 0x00000000c6200000, 0x00000000c6200000| Untracked 
|  99|0x00000000c6300000, 0x00000000c6300000, 0x00000000c6400000|  0%| F|  |TAMS 0x00000000c6300000, 0x00000000c6300000| Untracked 
| 100|0x00000000c6400000, 0x00000000c6400000, 0x00000000c6500000|  0%| F|  |TAMS 0x00000000c6400000, 0x00000000c6400000| Untracked 
| 101|0x00000000c6500000, 0x00000000c6500000, 0x00000000c6600000|  0%| F|  |TAMS 0x00000000c6500000, 0x00000000c6500000| Untracked 
| 102|0x00000000c6600000, 0x00000000c6600000, 0x00000000c6700000|  0%| F|  |TAMS 0x00000000c6600000, 0x00000000c6600000| Untracked 
| 103|0x00000000c6700000, 0x00000000c6700000, 0x00000000c6800000|  0%| F|  |TAMS 0x00000000c6700000, 0x00000000c6700000| Untracked 
| 104|0x00000000c6800000, 0x00000000c6800000, 0x00000000c6900000|  0%| F|  |TAMS 0x00000000c6800000, 0x00000000c6800000| Untracked 
| 105|0x00000000c6900000, 0x00000000c6900000, 0x00000000c6a00000|  0%| F|  |TAMS 0x00000000c6900000, 0x00000000c6900000| Untracked 
| 106|0x00000000c6a00000, 0x00000000c6a00000, 0x00000000c6b00000|  0%| F|  |TAMS 0x00000000c6a00000, 0x00000000c6a00000| Untracked 
| 107|0x00000000c6b00000, 0x00000000c6b00000, 0x00000000c6c00000|  0%| F|  |TAMS 0x00000000c6b00000, 0x00000000c6b00000| Untracked 
| 108|0x00000000c6c00000, 0x00000000c6c00000, 0x00000000c6d00000|  0%| F|  |TAMS 0x00000000c6c00000, 0x00000000c6c00000| Untracked 
| 109|0x00000000c6d00000, 0x00000000c6d00000, 0x00000000c6e00000|  0%| F|  |TAMS 0x00000000c6d00000, 0x00000000c6d00000| Untracked 
| 110|0x00000000c6e00000, 0x00000000c6e00000, 0x00000000c6f00000|  0%| F|  |TAMS 0x00000000c6e00000, 0x00000000c6e00000| Untracked 
| 111|0x00000000c6f00000, 0x00000000c6f00000, 0x00000000c7000000|  0%| F|  |TAMS 0x00000000c6f00000, 0x00000000c6f00000| Untracked 
| 112|0x00000000c7000000, 0x00000000c7000000, 0x00000000c7100000|  0%| F|  |TAMS 0x00000000c7000000, 0x00000000c7000000| Untracked 
| 113|0x00000000c7100000, 0x00000000c7100000, 0x00000000c7200000|  0%| F|  |TAMS 0x00000000c7100000, 0x00000000c7100000| Untracked 
| 114|0x00000000c7200000, 0x00000000c7200000, 0x00000000c7300000|  0%| F|  |TAMS 0x00000000c7200000, 0x00000000c7200000| Untracked 
| 115|0x00000000c7300000, 0x00000000c7300000, 0x00000000c7400000|  0%| F|  |TAMS 0x00000000c7300000, 0x00000000c7300000| Untracked 
| 116|0x00000000c7400000, 0x00000000c7400000, 0x00000000c7500000|  0%| F|  |TAMS 0x00000000c7400000, 0x00000000c7400000| Untracked 
| 117|0x00000000c7500000, 0x00000000c7500000, 0x00000000c7600000|  0%| F|  |TAMS 0x00000000c7500000, 0x00000000c7500000| Untracked 
| 118|0x00000000c7600000, 0x00000000c7600000, 0x00000000c7700000|  0%| F|  |TAMS 0x00000000c7600000, 0x00000000c7600000| Untracked 
| 119|0x00000000c7700000, 0x00000000c7700000, 0x00000000c7800000|  0%| F|  |TAMS 0x00000000c7700000, 0x00000000c7700000| Untracked 
| 120|0x00000000c7800000, 0x00000000c7800000, 0x00000000c7900000|  0%| F|  |TAMS 0x00000000c7800000, 0x00000000c7800000| Untracked 
| 121|0x00000000c7900000, 0x00000000c7900000, 0x00000000c7a00000|  0%| F|  |TAMS 0x00000000c7900000, 0x00000000c7900000| Untracked 
| 122|0x00000000c7a00000, 0x00000000c7a00000, 0x00000000c7b00000|  0%| F|  |TAMS 0x00000000c7a00000, 0x00000000c7a00000| Untracked 
| 123|0x00000000c7b00000, 0x00000000c7b00000, 0x00000000c7c00000|  0%| F|  |TAMS 0x00000000c7b00000, 0x00000000c7b00000| Untracked 
| 124|0x00000000c7c00000, 0x00000000c7c00000, 0x00000000c7d00000|  0%| F|  |TAMS 0x00000000c7c00000, 0x00000000c7c00000| Untracked 
| 125|0x00000000c7d00000, 0x00000000c7d00000, 0x00000000c7e00000|  0%| F|  |TAMS 0x00000000c7d00000, 0x00000000c7d00000| Untracked 
| 126|0x00000000c7e00000, 0x00000000c7e00000, 0x00000000c7f00000|  0%| F|  |TAMS 0x00000000c7e00000, 0x00000000c7e00000| Untracked 
| 127|0x00000000c7f00000, 0x00000000c7f00000, 0x00000000c8000000|  0%| F|  |TAMS 0x00000000c7f00000, 0x00000000c7f00000| Untracked 
| 128|0x00000000c8000000, 0x00000000c8000000, 0x00000000c8100000|  0%| F|  |TAMS 0x00000000c8000000, 0x00000000c8000000| Untracked 
| 129|0x00000000c8100000, 0x00000000c8100000, 0x00000000c8200000|  0%| F|  |TAMS 0x00000000c8100000, 0x00000000c8100000| Untracked 
| 130|0x00000000c8200000, 0x00000000c8200000, 0x00000000c8300000|  0%| F|  |TAMS 0x00000000c8200000, 0x00000000c8200000| Untracked 
| 131|0x00000000c8300000, 0x00000000c8300000, 0x00000000c8400000|  0%| F|  |TAMS 0x00000000c8300000, 0x00000000c8300000| Untracked 
| 132|0x00000000c8400000, 0x00000000c8400000, 0x00000000c8500000|  0%| F|  |TAMS 0x00000000c8400000, 0x00000000c8400000| Untracked 
| 133|0x00000000c8500000, 0x00000000c8500000, 0x00000000c8600000|  0%| F|  |TAMS 0x00000000c8500000, 0x00000000c8500000| Untracked 
| 134|0x00000000c8600000, 0x00000000c8600000, 0x00000000c8700000|  0%| F|  |TAMS 0x00000000c8600000, 0x00000000c8600000| Untracked 
| 135|0x00000000c8700000, 0x00000000c8700000, 0x00000000c8800000|  0%| F|  |TAMS 0x00000000c8700000, 0x00000000c8700000| Untracked 
| 136|0x00000000c8800000, 0x00000000c8800000, 0x00000000c8900000|  0%| F|  |TAMS 0x00000000c8800000, 0x00000000c8800000| Untracked 
| 137|0x00000000c8900000, 0x00000000c8900000, 0x00000000c8a00000|  0%| F|  |TAMS 0x00000000c8900000, 0x00000000c8900000| Untracked 
| 138|0x00000000c8a00000, 0x00000000c8a00000, 0x00000000c8b00000|  0%| F|  |TAMS 0x00000000c8a00000, 0x00000000c8a00000| Untracked 
| 139|0x00000000c8b00000, 0x00000000c8b00000, 0x00000000c8c00000|  0%| F|  |TAMS 0x00000000c8b00000, 0x00000000c8b00000| Untracked 
| 140|0x00000000c8c00000, 0x00000000c8c00000, 0x00000000c8d00000|  0%| F|  |TAMS 0x00000000c8c00000, 0x00000000c8c00000| Untracked 
| 141|0x00000000c8d00000, 0x00000000c8d00000, 0x00000000c8e00000|  0%| F|  |TAMS 0x00000000c8d00000, 0x00000000c8d00000| Untracked 
| 142|0x00000000c8e00000, 0x00000000c8e00000, 0x00000000c8f00000|  0%| F|  |TAMS 0x00000000c8e00000, 0x00000000c8e00000| Untracked 
| 143|0x00000000c8f00000, 0x00000000c8f00000, 0x00000000c9000000|  0%| F|  |TAMS 0x00000000c8f00000, 0x00000000c8f00000| Untracked 
| 144|0x00000000c9000000, 0x00000000c9000000, 0x00000000c9100000|  0%| F|  |TAMS 0x00000000c9000000, 0x00000000c9000000| Untracked 
| 145|0x00000000c9100000, 0x00000000c9100000, 0x00000000c9200000|  0%| F|  |TAMS 0x00000000c9100000, 0x00000000c9100000| Untracked 
| 146|0x00000000c9200000, 0x00000000c9200000, 0x00000000c9300000|  0%| F|  |TAMS 0x00000000c9200000, 0x00000000c9200000| Untracked 
| 147|0x00000000c9300000, 0x00000000c9300000, 0x00000000c9400000|  0%| F|  |TAMS 0x00000000c9300000, 0x00000000c9300000| Untracked 
| 148|0x00000000c9400000, 0x00000000c9400000, 0x00000000c9500000|  0%| F|  |TAMS 0x00000000c9400000, 0x00000000c9400000| Untracked 
| 149|0x00000000c9500000, 0x00000000c9500000, 0x00000000c9600000|  0%| F|  |TAMS 0x00000000c9500000, 0x00000000c9500000| Untracked 
| 150|0x00000000c9600000, 0x00000000c9600000, 0x00000000c9700000|  0%| F|  |TAMS 0x00000000c9600000, 0x00000000c9600000| Untracked 
| 151|0x00000000c9700000, 0x00000000c9700000, 0x00000000c9800000|  0%| F|  |TAMS 0x00000000c9700000, 0x00000000c9700000| Untracked 
| 152|0x00000000c9800000, 0x00000000c9800000, 0x00000000c9900000|  0%| F|  |TAMS 0x00000000c9800000, 0x00000000c9800000| Untracked 
| 153|0x00000000c9900000, 0x00000000c9900000, 0x00000000c9a00000|  0%| F|  |TAMS 0x00000000c9900000, 0x00000000c9900000| Untracked 
| 154|0x00000000c9a00000, 0x00000000c9a00000, 0x00000000c9b00000|  0%| F|  |TAMS 0x00000000c9a00000, 0x00000000c9a00000| Untracked 
| 155|0x00000000c9b00000, 0x00000000c9b00000, 0x00000000c9c00000|  0%| F|  |TAMS 0x00000000c9b00000, 0x00000000c9b00000| Untracked 
| 156|0x00000000c9c00000, 0x00000000c9c00000, 0x00000000c9d00000|  0%| F|  |TAMS 0x00000000c9c00000, 0x00000000c9c00000| Untracked 
| 157|0x00000000c9d00000, 0x00000000c9d00000, 0x00000000c9e00000|  0%| F|  |TAMS 0x00000000c9d00000, 0x00000000c9d00000| Untracked 
| 158|0x00000000c9e00000, 0x00000000c9e00000, 0x00000000c9f00000|  0%| F|  |TAMS 0x00000000c9e00000, 0x00000000c9e00000| Untracked 
| 159|0x00000000c9f00000, 0x00000000c9f00000, 0x00000000ca000000|  0%| F|  |TAMS 0x00000000c9f00000, 0x00000000c9f00000| Untracked 
| 160|0x00000000ca000000, 0x00000000ca000000, 0x00000000ca100000|  0%| F|  |TAMS 0x00000000ca000000, 0x00000000ca000000| Untracked 
| 161|0x00000000ca100000, 0x00000000ca100000, 0x00000000ca200000|  0%| F|  |TAMS 0x00000000ca100000, 0x00000000ca100000| Untracked 
| 162|0x00000000ca200000, 0x00000000ca200000, 0x00000000ca300000|  0%| F|  |TAMS 0x00000000ca200000, 0x00000000ca200000| Untracked 
| 163|0x00000000ca300000, 0x00000000ca300000, 0x00000000ca400000|  0%| F|  |TAMS 0x00000000ca300000, 0x00000000ca300000| Untracked 
| 164|0x00000000ca400000, 0x00000000ca400000, 0x00000000ca500000|  0%| F|  |TAMS 0x00000000ca400000, 0x00000000ca400000| Untracked 
| 165|0x00000000ca500000, 0x00000000ca500000, 0x00000000ca600000|  0%| F|  |TAMS 0x00000000ca500000, 0x00000000ca500000| Untracked 
| 166|0x00000000ca600000, 0x00000000ca600000, 0x00000000ca700000|  0%| F|  |TAMS 0x00000000ca600000, 0x00000000ca600000| Untracked 
| 167|0x00000000ca700000, 0x00000000ca700000, 0x00000000ca800000|  0%| F|  |TAMS 0x00000000ca700000, 0x00000000ca700000| Untracked 
| 168|0x00000000ca800000, 0x00000000ca800000, 0x00000000ca900000|  0%| F|  |TAMS 0x00000000ca800000, 0x00000000ca800000| Untracked 
| 169|0x00000000ca900000, 0x00000000ca900000, 0x00000000caa00000|  0%| F|  |TAMS 0x00000000ca900000, 0x00000000ca900000| Untracked 
| 170|0x00000000caa00000, 0x00000000caa00000, 0x00000000cab00000|  0%| F|  |TAMS 0x00000000caa00000, 0x00000000caa00000| Untracked 
| 171|0x00000000cab00000, 0x00000000cab00000, 0x00000000cac00000|  0%| F|  |TAMS 0x00000000cab00000, 0x00000000cab00000| Untracked 
| 172|0x00000000cac00000, 0x00000000cac00000, 0x00000000cad00000|  0%| F|  |TAMS 0x00000000cac00000, 0x00000000cac00000| Untracked 
| 173|0x00000000cad00000, 0x00000000cad00000, 0x00000000cae00000|  0%| F|  |TAMS 0x00000000cad00000, 0x00000000cad00000| Untracked 
| 174|0x00000000cae00000, 0x00000000cae00000, 0x00000000caf00000|  0%| F|  |TAMS 0x00000000cae00000, 0x00000000cae00000| Untracked 
| 175|0x00000000caf00000, 0x00000000caf00000, 0x00000000cb000000|  0%| F|  |TAMS 0x00000000caf00000, 0x00000000caf00000| Untracked 
| 176|0x00000000cb000000, 0x00000000cb000000, 0x00000000cb100000|  0%| F|  |TAMS 0x00000000cb000000, 0x00000000cb000000| Untracked 
| 177|0x00000000cb100000, 0x00000000cb100000, 0x00000000cb200000|  0%| F|  |TAMS 0x00000000cb100000, 0x00000000cb100000| Untracked 
| 178|0x00000000cb200000, 0x00000000cb200000, 0x00000000cb300000|  0%| F|  |TAMS 0x00000000cb200000, 0x00000000cb200000| Untracked 
| 179|0x00000000cb300000, 0x00000000cb300000, 0x00000000cb400000|  0%| F|  |TAMS 0x00000000cb300000, 0x00000000cb300000| Untracked 
| 180|0x00000000cb400000, 0x00000000cb400000, 0x00000000cb500000|  0%| F|  |TAMS 0x00000000cb400000, 0x00000000cb400000| Untracked 
| 181|0x00000000cb500000, 0x00000000cb500000, 0x00000000cb600000|  0%| F|  |TAMS 0x00000000cb500000, 0x00000000cb500000| Untracked 
| 182|0x00000000cb600000, 0x00000000cb600000, 0x00000000cb700000|  0%| F|  |TAMS 0x00000000cb600000, 0x00000000cb600000| Untracked 
| 183|0x00000000cb700000, 0x00000000cb700000, 0x00000000cb800000|  0%| F|  |TAMS 0x00000000cb700000, 0x00000000cb700000| Untracked 
| 184|0x00000000cb800000, 0x00000000cb800000, 0x00000000cb900000|  0%| F|  |TAMS 0x00000000cb800000, 0x00000000cb800000| Untracked 
| 185|0x00000000cb900000, 0x00000000cb900000, 0x00000000cba00000|  0%| F|  |TAMS 0x00000000cb900000, 0x00000000cb900000| Untracked 
| 186|0x00000000cba00000, 0x00000000cba00000, 0x00000000cbb00000|  0%| F|  |TAMS 0x00000000cba00000, 0x00000000cba00000| Untracked 
| 187|0x00000000cbb00000, 0x00000000cbb00000, 0x00000000cbc00000|  0%| F|  |TAMS 0x00000000cbb00000, 0x00000000cbb00000| Untracked 
| 188|0x00000000cbc00000, 0x00000000cbc00000, 0x00000000cbd00000|  0%| F|  |TAMS 0x00000000cbc00000, 0x00000000cbc00000| Untracked 
| 189|0x00000000cbd00000, 0x00000000cbd00000, 0x00000000cbe00000|  0%| F|  |TAMS 0x00000000cbd00000, 0x00000000cbd00000| Untracked 
| 190|0x00000000cbe00000, 0x00000000cbe00000, 0x00000000cbf00000|  0%| F|  |TAMS 0x00000000cbe00000, 0x00000000cbe00000| Untracked 
| 191|0x00000000cbf00000, 0x00000000cbf00000, 0x00000000cc000000|  0%| F|  |TAMS 0x00000000cbf00000, 0x00000000cbf00000| Untracked 
| 192|0x00000000cc000000, 0x00000000cc000000, 0x00000000cc100000|  0%| F|  |TAMS 0x00000000cc000000, 0x00000000cc000000| Untracked 
| 193|0x00000000cc100000, 0x00000000cc100000, 0x00000000cc200000|  0%| F|  |TAMS 0x00000000cc100000, 0x00000000cc100000| Untracked 
| 194|0x00000000cc200000, 0x00000000cc200000, 0x00000000cc300000|  0%| F|  |TAMS 0x00000000cc200000, 0x00000000cc200000| Untracked 
| 195|0x00000000cc300000, 0x00000000cc300000, 0x00000000cc400000|  0%| F|  |TAMS 0x00000000cc300000, 0x00000000cc300000| Untracked 
| 196|0x00000000cc400000, 0x00000000cc400000, 0x00000000cc500000|  0%| F|  |TAMS 0x00000000cc400000, 0x00000000cc400000| Untracked 
| 197|0x00000000cc500000, 0x00000000cc500000, 0x00000000cc600000|  0%| F|  |TAMS 0x00000000cc500000, 0x00000000cc500000| Untracked 
| 198|0x00000000cc600000, 0x00000000cc600000, 0x00000000cc700000|  0%| F|  |TAMS 0x00000000cc600000, 0x00000000cc600000| Untracked 
| 199|0x00000000cc700000, 0x00000000cc700000, 0x00000000cc800000|  0%| F|  |TAMS 0x00000000cc700000, 0x00000000cc700000| Untracked 
| 200|0x00000000cc800000, 0x00000000cc800000, 0x00000000cc900000|  0%| F|  |TAMS 0x00000000cc800000, 0x00000000cc800000| Untracked 
| 201|0x00000000cc900000, 0x00000000cc900000, 0x00000000cca00000|  0%| F|  |TAMS 0x00000000cc900000, 0x00000000cc900000| Untracked 
| 202|0x00000000cca00000, 0x00000000cca00000, 0x00000000ccb00000|  0%| F|  |TAMS 0x00000000cca00000, 0x00000000cca00000| Untracked 
| 203|0x00000000ccb00000, 0x00000000ccb00000, 0x00000000ccc00000|  0%| F|  |TAMS 0x00000000ccb00000, 0x00000000ccb00000| Untracked 
| 204|0x00000000ccc00000, 0x00000000ccc00000, 0x00000000ccd00000|  0%| F|  |TAMS 0x00000000ccc00000, 0x00000000ccc00000| Untracked 
| 205|0x00000000ccd00000, 0x00000000ccd00000, 0x00000000cce00000|  0%| F|  |TAMS 0x00000000ccd00000, 0x00000000ccd00000| Untracked 
| 206|0x00000000cce00000, 0x00000000ccec7a60, 0x00000000ccf00000| 77%| S|CS|TAMS 0x00000000cce00000, 0x00000000cce00000| Complete 
| 207|0x00000000ccf00000, 0x00000000cd000000, 0x00000000cd000000|100%| S|CS|TAMS 0x00000000ccf00000, 0x00000000ccf00000| Complete 
| 208|0x00000000cd000000, 0x00000000cd000000, 0x00000000cd100000|  0%| F|  |TAMS 0x00000000cd000000, 0x00000000cd000000| Untracked 
| 209|0x00000000cd100000, 0x00000000cd100000, 0x00000000cd200000|  0%| F|  |TAMS 0x00000000cd100000, 0x00000000cd100000| Untracked 
| 210|0x00000000cd200000, 0x00000000cd200000, 0x00000000cd300000|  0%| F|  |TAMS 0x00000000cd200000, 0x00000000cd200000| Untracked 
| 211|0x00000000cd300000, 0x00000000cd300000, 0x00000000cd400000|  0%| F|  |TAMS 0x00000000cd300000, 0x00000000cd300000| Untracked 
| 212|0x00000000cd400000, 0x00000000cd400000, 0x00000000cd500000|  0%| F|  |TAMS 0x00000000cd400000, 0x00000000cd400000| Untracked 
| 213|0x00000000cd500000, 0x00000000cd500000, 0x00000000cd600000|  0%| F|  |TAMS 0x00000000cd500000, 0x00000000cd500000| Untracked 
| 214|0x00000000cd600000, 0x00000000cd600000, 0x00000000cd700000|  0%| F|  |TAMS 0x00000000cd600000, 0x00000000cd600000| Untracked 
| 215|0x00000000cd700000, 0x00000000cd700000, 0x00000000cd800000|  0%| F|  |TAMS 0x00000000cd700000, 0x00000000cd700000| Untracked 
| 216|0x00000000cd800000, 0x00000000cd800000, 0x00000000cd900000|  0%| F|  |TAMS 0x00000000cd800000, 0x00000000cd800000| Untracked 

Card table byte_map: [0x00007f2bb5c7c000,0x00007f2bb5e7c000] _byte_map_base: 0x00007f2bb567c000

Marking Bits (Prev, Next): (CMBitMap*) 0x00007f2bb00508d8, (CMBitMap*) 0x00007f2bb0050910
 Prev Bits: [0x00007f2bb4a7c000, 0x00007f2bb5a7c000)
 Next Bits: [0x00007f2b93000000, 0x00007f2b94000000)

Polling page: 0x00007f2bb9e93000

Metaspace:

Usage:
  Non-class:     35,09 MB capacity,    33,79 MB ( 96%) used,     1,24 MB (  4%) free+waste,    64,94 KB ( <1%) overhead. 
      Class:      4,62 MB capacity,     3,89 MB ( 84%) used,   711,60 KB ( 15%) free+waste,    30,75 KB ( <1%) overhead. 
       Both:     39,71 MB capacity,    37,68 MB ( 95%) used,     1,93 MB (  5%) free+waste,    95,69 KB ( <1%) overhead. 

Virtual space:
  Non-class space:       36,00 MB reserved,      35,42 MB ( 98%) committed 
      Class space:        1,00 GB reserved,       4,62 MB ( <1%) committed 
             Both:        1,04 GB reserved,      40,05 MB (  4%) committed 

Chunk freelists:
   Non-Class:  24,12 KB
       Class:  1,12 KB
        Both:  25,25 KB

CodeHeap 'non-profiled nmethods': size=120036Kb used=1213Kb max_used=1213Kb free=118822Kb
 bounds [0x00007f2ba06e7000, 0x00007f2ba0957000, 0x00007f2ba7c20000]
CodeHeap 'profiled nmethods': size=120032Kb used=8260Kb max_used=8260Kb free=111771Kb
 bounds [0x00007f2b991af000, 0x00007f2b999cf000, 0x00007f2ba06e7000]
CodeHeap 'non-nmethods': size=5692Kb used=1175Kb max_used=1206Kb free=4516Kb
 bounds [0x00007f2b98c20000, 0x00007f2b98e90000, 0x00007f2b991af000]
 total_blobs=5246 nmethods=3900 adapters=470
 compilation: enabled
              stopped_count=0, restarted_count=0
 full_count=0

Compilation events (10 events):
Event: 78,694 Thread 0x00007f2bb018a800 nmethod 4463 0x00007f2b999c2910 code [0x00007f2b999c2ac0, 0x00007f2b999c2c30]
Event: 78,695 Thread 0x00007f2bb018a800 4454       2       org.eclipse.sisu.bean.BeanScheduler$CycleActivator$1::visitNoScoping (5 bytes)
Event: 78,695 Thread 0x00007f2bb018a800 nmethod 4454 0x00007f2b999c2d10 code [0x00007f2b999c2ec0, 0x00007f2b999c3010]
Event: 78,695 Thread 0x00007f2bb018a800 4455       2       org.eclipse.sisu.bean.BeanScheduler$CycleActivator$1::visitNoScoping (4 bytes)
Event: 78,695 Thread 0x00007f2bb018a800 nmethod 4455 0x00007f2b999c3090 code [0x00007f2b999c3240, 0x00007f2b999c3390]
Event: 78,695 Thread 0x00007f2bb018a800 4456   !   2       com.google.inject.internal.FactoryProxy::get (56 bytes)
Event: 78,715 Thread 0x00007f2bb018a800 nmethod 4456 0x00007f2b999c3410 code [0x00007f2b999c3600, 0x00007f2b999c3888]
Event: 78,715 Thread 0x00007f2bb018a800 4462       2       com.google.inject.internal.ProvisionListenerStackCallback$Provision::getBinding (8 bytes)
Event: 78,715 Thread 0x00007f2bb018a800 nmethod 4462 0x00007f2b999c3a90 code [0x00007f2b999c3c40, 0x00007f2b999c3d90]
Event: 78,716 Thread 0x00007f2bb018a800 4459   !   2       com.google.inject.internal.ProvisionListenerStackCallback::provision (105 bytes)

GC Heap History (10 events):
Event: 70,937 GC heap after
{Heap after GC invocations=21 (full 0):
 garbage-first heap   total 222208K, used 37745K [0x00000000c0000000, 0x0000000100000000)
  region size 1024K, 1 young (1024K), 1 survivors (1024K)
 Metaspace       used 37484K, capacity 39507K, committed 39856K, reserved 1085440K
  class space    used 3820K, capacity 4518K, committed 4608K, reserved 1048576K
}
Event: 72,314 GC heap before
{Heap before GC invocations=21 (full 0):
 garbage-first heap   total 222208K, used 45937K [0x00000000c0000000, 0x0000000100000000)
  region size 1024K, 10 young (10240K), 1 survivors (1024K)
 Metaspace       used 37723K, capacity 39757K, committed 40240K, reserved 1085440K
  class space    used 3875K, capacity 4623K, committed 4736K, reserved 1048576K
}
Event: 72,813 GC heap after
{Heap after GC invocations=22 (full 0):
 garbage-first heap   total 222208K, used 38735K [0x00000000c0000000, 0x0000000100000000)
  region size 1024K, 2 young (2048K), 2 survivors (2048K)
 Metaspace       used 37723K, capacity 39757K, committed 40240K, reserved 1085440K
  class space    used 3875K, capacity 4623K, committed 4736K, reserved 1048576K
}
Event: 74,821 GC heap before
{Heap before GC invocations=22 (full 0):
 garbage-first heap   total 222208K, used 45903K [0x00000000c0000000, 0x0000000100000000)
  region size 1024K, 10 young (10240K), 2 survivors (2048K)
 Metaspace       used 37878K, capacity 39885K, committed 40240K, reserved 1085440K
  class space    used 3892K, capacity 4623K, committed 4736K, reserved 1048576K
}
Event: 74,920 GC heap after
{Heap after GC invocations=23 (full 0):
 garbage-first heap   total 222208K, used 40368K [0x00000000c0000000, 0x0000000100000000)
  region size 1024K, 2 young (2048K), 2 survivors (2048K)
 Metaspace       used 37878K, capacity 39885K, committed 40240K, reserved 1085440K
  class space    used 3892K, capacity 4623K, committed 4736K, reserved 1048576K
}
Event: 75,884 GC heap before
{Heap before GC invocations=23 (full 0):
 garbage-first heap   total 222208K, used 48560K [0x00000000c0000000, 0x0000000100000000)
  region size 1024K, 10 young (10240K), 2 survivors (2048K)
 Metaspace       used 38196K, capacity 40211K, committed 40496K, reserved 1085440K
  class space    used 3937K, capacity 4688K, committed 4736K, reserved 1048576K
}
Event: 76,106 GC heap after
{Heap after GC invocations=24 (full 0):
 garbage-first heap   total 222208K, used 41037K [0x00000000c0000000, 0x0000000100000000)
  region size 1024K, 2 young (2048K), 2 survivors (2048K)
 Metaspace       used 38196K, capacity 40211K, committed 40496K, reserved 1085440K
  class space    used 3937K, capacity 4688K, committed 4736K, reserved 1048576K
}
Event: 77,155 GC heap before
{Heap before GC invocations=24 (full 0):
 garbage-first heap   total 222208K, used 49229K [0x00000000c0000000, 0x0000000100000000)
  region size 1024K, 10 young (10240K), 2 survivors (2048K)
 Metaspace       used 38379K, capacity 40469K, committed 40752K, reserved 1085440K
  class space    used 3956K, capacity 4689K, committed 4736K, reserved 1048576K
}
Event: 77,471 GC heap after
{Heap after GC invocations=25 (full 0):
 garbage-first heap   total 222208K, used 41867K [0x00000000c0000000, 0x0000000100000000)
  region size 1024K, 2 young (2048K), 2 survivors (2048K)
 Metaspace       used 38379K, capacity 40469K, committed 40752K, reserved 1085440K
  class space    used 3956K, capacity 4689K, committed 4736K, reserved 1048576K
}
Event: 78,763 GC heap before
{Heap before GC invocations=25 (full 0):
 garbage-first heap   total 222208K, used 50059K [0x00000000c0000000, 0x0000000100000000)
  region size 1024K, 10 young (10240K), 2 survivors (2048K)
 Metaspace       used 38588K, capacity 40662K, committed 41008K, reserved 1085440K
  class space    used 3984K, capacity 4727K, committed 4736K, reserved 1048576K
}

Deoptimization events (10 events):
Event: 46,179 Thread 0x00007f2b78115000 Uncommon trap: reason=bimorphic_or_optimized_type_check action=maybe_recompile pc=0x00007f2ba07a5a60 method=java.util.HashMap.putVal(ILjava/lang/Object;Ljava/lang/Object;ZZ)Ljava/lang/Object; @ 203 c2
Event: 46,370 Thread 0x00007f2b78115000 Uncommon trap: reason=bimorphic_or_optimized_type_check action=maybe_recompile pc=0x00007f2ba07a5a60 method=java.util.HashMap.putVal(ILjava/lang/Object;Ljava/lang/Object;ZZ)Ljava/lang/Object; @ 203 c2
Event: 46,554 Thread 0x00007f2bb044e000 Uncommon trap: reason=bimorphic_or_optimized_type_check action=maybe_recompile pc=0x00007f2ba07a5a60 method=java.util.HashMap.putVal(ILjava/lang/Object;Ljava/lang/Object;ZZ)Ljava/lang/Object; @ 203 c2
Event: 51,307 Thread 0x00007f2b78115000 Uncommon trap: reason=profile_predicate action=maybe_recompile pc=0x00007f2ba07d7f10 method=jdk.internal.jimage.ImageStringsReader.charsFromByteBuffer([CLjava/nio/ByteBuffer;)V @ 6 c2
Event: 51,318 Thread 0x00007f2b78115000 Uncommon trap: reason=profile_predicate action=maybe_recompile pc=0x00007f2ba07d7f10 method=jdk.internal.jimage.ImageStringsReader.charsFromByteBuffer([CLjava/nio/ByteBuffer;)V @ 6 c2
Event: 51,325 Thread 0x00007f2b78115000 Uncommon trap: reason=profile_predicate action=maybe_recompile pc=0x00007f2ba07d7f10 method=jdk.internal.jimage.ImageStringsReader.charsFromByteBuffer([CLjava/nio/ByteBuffer;)V @ 6 c2
Event: 51,325 Thread 0x00007f2b78115000 Uncommon trap: reason=profile_predicate action=maybe_recompile pc=0x00007f2ba07d7f10 method=jdk.internal.jimage.ImageStringsReader.charsFromByteBuffer([CLjava/nio/ByteBuffer;)V @ 6 c2
Event: 57,456 Thread 0x00007f2b8c001800 Uncommon trap: reason=class_check action=maybe_recompile pc=0x00007f2ba076903c method=org.eclipse.core.internal.dtree.DeltaDataTree.getData(Lorg/eclipse/core/runtime/IPath;)Ljava/lang/Object; @ 20 c2
Event: 61,463 Thread 0x00007f2b78394800 Uncommon trap: reason=unstable_if action=reinterpret pc=0x00007f2ba07fa5e4 method=org.eclipse.jdt.internal.core.search.indexing.BinaryIndexer.replace(CC[C)[C @ 1 c2
Event: 66,015 Thread 0x00007f2b940b1000 Uncommon trap: reason=unstable_if action=reinterpret pc=0x00007f2ba078ebb8 method=java.util.zip.ZipFile$Source.isMetaName([BII)Z @ 57 c2

Classes redefined (0 events):
No events

Internal exceptions (10 events):
Event: 37,702 Thread 0x00007f2b78115000 Exception <a 'java/io/FileNotFoundException'{0x00000000c40f0830}> (0x00000000c40f0830) thrown at [/scratch/opt/mach5/mesos/work_dir/slaves/ae206c0d-865c-4d69-a16b-c4e90bf2719f-S646/frameworks/1735e8a2-a1db-478c-8104-60c8b0af87dd-0196/executors/9e8e1abd-20
Event: 46,311 Thread 0x00007f2b78115000 Exception <a 'java/io/FileNotFoundException'{0x00000000c4530910}> (0x00000000c4530910) thrown at [/scratch/opt/mach5/mesos/work_dir/slaves/ae206c0d-865c-4d69-a16b-c4e90bf2719f-S646/frameworks/1735e8a2-a1db-478c-8104-60c8b0af87dd-0196/executors/9e8e1abd-20
Event: 46,314 Thread 0x00007f2b78115000 Exception <a 'java/io/FileNotFoundException'{0x00000000c4532940}> (0x00000000c4532940) thrown at [/scratch/opt/mach5/mesos/work_dir/slaves/ae206c0d-865c-4d69-a16b-c4e90bf2719f-S646/frameworks/1735e8a2-a1db-478c-8104-60c8b0af87dd-0196/executors/9e8e1abd-20
Event: 53,109 Thread 0x00007f2b78115000 Exception <a 'java/io/FileNotFoundException'{0x00000000c49df318}> (0x00000000c49df318) thrown at [/scratch/opt/mach5/mesos/work_dir/slaves/ae206c0d-865c-4d69-a16b-c4e90bf2719f-S646/frameworks/1735e8a2-a1db-478c-8104-60c8b0af87dd-0196/executors/9e8e1abd-20
Event: 57,407 Thread 0x00007f2b8c001800 Exception <a 'java/lang/NoSuchMethodError'{0x00000000c4bfd120}: java.lang.invoke.DirectMethodHandle$Holder.invokeStatic(Ljava/lang/Object;Ljava/lang/Object;Ljava/lang/Object;ILjava/lang/Object;)Ljava/lang/Object;> (0x00000000c4bfd120) thrown at [/scratch/
Event: 57,409 Thread 0x00007f2b8c001800 Exception <a 'java/lang/NoSuchMethodError'{0x00000000c4a043f8}: java.lang.invoke.Invokers$Holder.linkToTargetMethod(Ljava/lang/Object;Ljava/lang/Object;ILjava/lang/Object;Ljava/lang/Object;)Ljava/lang/Object;> (0x00000000c4a043f8) thrown at [/scratch/opt/
Event: 61,457 Thread 0x00007f2b78394800 Implicit null exception at 0x00007f2ba07fa4cf to 0x00007f2ba07fa5ce
Event: 74,995 Thread 0x00007f2bb044e000 Exception <a 'java/lang/NoClassDefFoundError'{0x00000000cd8917a8}: com/google/inject/servlet/ServletModuleTargetVisitor> (0x00000000cd8917a8) thrown at [/scratch/opt/mach5/mesos/work_dir/slaves/ae206c0d-865c-4d69-a16b-c4e90bf2719f-S646/frameworks/1735e8a2
Event: 75,015 Thread 0x00007f2bb044e000 Exception <a 'java/lang/NoClassDefFoundError'{0x00000000cd8968a8}: javax/annotation/Priority> (0x00000000cd8968a8) thrown at [/scratch/opt/mach5/mesos/work_dir/slaves/ae206c0d-865c-4d69-a16b-c4e90bf2719f-S646/frameworks/1735e8a2-a1db-478c-8104-60c8b0af87d
Event: 76,570 Thread 0x00007f2b940b1000 Exception <a 'java/lang/NoSuchMethodError'{0x00000000cd65ec48}: java.lang.invoke.DirectMethodHandle$Holder.invokeVirtual(Ljava/lang/Object;Ljava/lang/Object;Ljava/lang/Object;Ljava/lang/Object;Ljava/lang/Object;)Ljava/lang/Object;> (0x00000000cd65ec48) th

Events (10 events):
Event: 78,649 Executing VM operation: RevokeBias done
Event: 78,659 Thread 0x00007f2b78394800 DEOPT PACKING pc=0x00007f2b9981fb1d sp=0x00007f2b5a4c9e50
Event: 78,659 Thread 0x00007f2b78394800 DEOPT UNPACKING pc=0x00007f2b98c4792b sp=0x00007f2b5a4c9308 mode 0
Event: 78,663 loading class org/gradle/internal/jvm/inspection/JvmVersionDetector
Event: 78,663 loading class org/gradle/internal/jvm/inspection/JvmVersionDetector done
Event: 78,676 loading class org/gradle/tooling/internal/provider/ProviderConnection
Event: 78,676 loading class org/gradle/tooling/internal/provider/ProviderConnection done
Event: 78,701 loading class org/gradle/internal/service/DefaultServiceRegistry$1
Event: 78,701 loading class org/gradle/internal/service/DefaultServiceRegistry$1 done
Event: 78,726 Executing VM operation: G1CollectForAllocation


Dynamic libraries:
00400000-00401000 r-xp 00000000 08:02 1716899                            /usr/lib/jvm/jdk-11.0.4/bin/java
00600000-00601000 r--p 00000000 08:02 1716899                            /usr/lib/jvm/jdk-11.0.4/bin/java
00601000-00602000 rw-p 00001000 08:02 1716899                            /usr/lib/jvm/jdk-11.0.4/bin/java
01101000-01122000 rw-p 00000000 00:00 0                                  [heap]
c0000000-cd900000 rw-p 00000000 00:00 0 
d7e00000-100000000 ---p 00000000 00:00 0 
100000000-1004a0000 rw-p 00000000 00:00 0 
1004a0000-140000000 ---p 00000000 00:00 0 
7f2b500f9000-7f2b5033d000 rw-p 00000000 00:00 0 
7f2b5033d000-7f2b50354000 r-xp 00000000 08:02 403622                     /lib/x86_64-linux-gnu/libgcc_s.so.1
7f2b50354000-7f2b50553000 ---p 00017000 08:02 403622                     /lib/x86_64-linux-gnu/libgcc_s.so.1
7f2b50553000-7f2b50554000 r--p 00016000 08:02 403622                     /lib/x86_64-linux-gnu/libgcc_s.so.1
7f2b50554000-7f2b50555000 rw-p 00017000 08:02 403622                     /lib/x86_64-linux-gnu/libgcc_s.so.1
7f2b50555000-7f2b506ce000 r-xp 00000000 08:02 790693                     /usr/lib/x86_64-linux-gnu/libstdc++.so.6.0.25
7f2b506ce000-7f2b508ce000 ---p 00179000 08:02 790693                     /usr/lib/x86_64-linux-gnu/libstdc++.so.6.0.25
7f2b508ce000-7f2b508d8000 r--p 00179000 08:02 790693                     /usr/lib/x86_64-linux-gnu/libstdc++.so.6.0.25
7f2b508d8000-7f2b508da000 rw-p 00183000 08:02 790693                     /usr/lib/x86_64-linux-gnu/libstdc++.so.6.0.25
7f2b508da000-7f2b508de000 rw-p 00000000 00:00 0 
7f2b508de000-7f2b508e4000 r-xp 00000000 08:03 929059                     /home/shanon/.gradle/native/29/linux-amd64/libnative-platform.so
7f2b508e4000-7f2b50ae3000 ---p 00006000 08:03 929059                     /home/shanon/.gradle/native/29/linux-amd64/libnative-platform.so
7f2b50ae3000-7f2b50ae4000 rw-p 00005000 08:03 929059                     /home/shanon/.gradle/native/29/linux-amd64/libnative-platform.so
7f2b50ae4000-7f2b50c64000 rw-p 00000000 00:00 0 
7f2b50c64000-7f2b50ce4000 ---p 00000000 00:00 0 
7f2b50ce4000-7f2b50ce8000 ---p 00000000 00:00 0 
7f2b50ce8000-7f2b50de5000 rw-p 00000000 00:00 0 
7f2b50de5000-7f2b50de9000 ---p 00000000 00:00 0 
7f2b50de9000-7f2b50ee6000 rw-p 00000000 00:00 0 
7f2b50ee6000-7f2b50eea000 ---p 00000000 00:00 0 
7f2b50eea000-7f2b511e7000 rw-p 00000000 00:00 0 
7f2b511e7000-7f2b513e7000 rw-p 00000000 00:00 0 
7f2b513e7000-7f2b515e7000 rw-p 00000000 00:00 0 
7f2b515e7000-7f2b517e7000 rw-p 00000000 00:00 0 
7f2b517e7000-7f2b59bc7000 r--s 00000000 08:02 1717041                    /usr/lib/jvm/jdk-11.0.4/lib/modules
7f2b59bc7000-7f2b59bcb000 ---p 00000000 00:00 0 
7f2b59bcb000-7f2b59cc8000 rw-p 00000000 00:00 0 
7f2b59cc8000-7f2b59ccc000 ---p 00000000 00:00 0 
7f2b59ccc000-7f2b59fc9000 rw-p 00000000 00:00 0 
7f2b59fc9000-7f2b59fcd000 ---p 00000000 00:00 0 
7f2b59fcd000-7f2b5a0ca000 rw-p 00000000 00:00 0 
7f2b5a0ca000-7f2b5a0ce000 ---p 00000000 00:00 0 
7f2b5a0ce000-7f2b5a3cb000 rw-p 00000000 00:00 0 
7f2b5a3cb000-7f2b5a3cf000 ---p 00000000 00:00 0 
7f2b5a3cf000-7f2b5a6cc000 rw-p 00000000 00:00 0 
7f2b5a6cc000-7f2b5a8b8000 rw-p 00000000 00:00 0 
7f2b5a8b8000-7f2b5a8cc000 ---p 00000000 00:00 0 
7f2b5a8cc000-7f2b5a8d0000 ---p 00000000 00:00 0 
7f2b5a8d0000-7f2b5a9cd000 rw-p 00000000 00:00 0 
7f2b5a9cd000-7f2b5a9d1000 ---p 00000000 00:00 0 
7f2b5a9d1000-7f2b5aace000 rw-p 00000000 00:00 0 
7f2b5aace000-7f2b5aad2000 ---p 00000000 00:00 0 
7f2b5aad2000-7f2b5adcf000 rw-p 00000000 00:00 0 
7f2b5adcf000-7f2b5afcf000 rw-p 00000000 00:00 0 
7f2b5afcf000-7f2b5afd3000 ---p 00000000 00:00 0 
7f2b5afd3000-7f2b5b2d0000 rw-p 00000000 00:00 0 
7f2b5b2d0000-7f2b5b2e0000 r-xp 00000000 08:03 262505                     /home/shanon/.vscode/extensions/redhat.java-0.52.0/server/config_linux/org.eclipse.equinox.launcher/org.eclipse.equinox.launcher.gtk.linux.x86_64_1.1.1100.v20190907-0426/eclipse_1801.so
7f2b5b2e0000-7f2b5b4df000 ---p 00010000 08:03 262505                     /home/shanon/.vscode/extensions/redhat.java-0.52.0/server/config_linux/org.eclipse.equinox.launcher/org.eclipse.equinox.launcher.gtk.linux.x86_64_1.1.1100.v20190907-0426/eclipse_1801.so
7f2b5b4df000-7f2b5b4e0000 r--p 0000f000 08:03 262505                     /home/shanon/.vscode/extensions/redhat.java-0.52.0/server/config_linux/org.eclipse.equinox.launcher/org.eclipse.equinox.launcher.gtk.linux.x86_64_1.1.1100.v20190907-0426/eclipse_1801.so
7f2b5b4e0000-7f2b5b4e1000 rw-p 00010000 08:03 262505                     /home/shanon/.vscode/extensions/redhat.java-0.52.0/server/config_linux/org.eclipse.equinox.launcher/org.eclipse.equinox.launcher.gtk.linux.x86_64_1.1.1100.v20190907-0426/eclipse_1801.so
7f2b5b4e1000-7f2b5b4e5000 ---p 00000000 00:00 0 
7f2b5b4e5000-7f2b5b5e2000 rw-p 00000000 00:00 0 
7f2b5b5e2000-7f2b5b5e6000 ---p 00000000 00:00 0 
7f2b5b5e6000-7f2b5b6e3000 rw-p 00000000 00:00 0 
7f2b5b6e3000-7f2b5b6e7000 ---p 00000000 00:00 0 
7f2b5b6e7000-7f2b5b9e4000 rw-p 00000000 00:00 0 
7f2b5b9e4000-7f2b5b9e5000 ---p 00000000 00:00 0 
7f2b5b9e5000-7f2b5bae6000 rw-p 00000000 00:00 0 
7f2b5bae6000-7f2b5bae7000 ---p 00000000 00:00 0 
7f2b5bae7000-7f2b5bde8000 rw-p 00000000 00:00 0 
7f2b5bde8000-7f2b5bdfe000 r-xp 00000000 08:02 1717019                    /usr/lib/jvm/jdk-11.0.4/lib/libnet.so
7f2b5bdfe000-7f2b5bffe000 ---p 00016000 08:02 1717019                    /usr/lib/jvm/jdk-11.0.4/lib/libnet.so
7f2b5bffe000-7f2b5bfff000 r--p 00016000 08:02 1717019                    /usr/lib/jvm/jdk-11.0.4/lib/libnet.so
7f2b5bfff000-7f2b5c000000 rw-p 00017000 08:02 1717019                    /usr/lib/jvm/jdk-11.0.4/lib/libnet.so
7f2b5c000000-7f2b5c021000 rw-p 00000000 00:00 0 
7f2b5c021000-7f2b60000000 ---p 00000000 00:00 0 
7f2b60000000-7f2b60021000 rw-p 00000000 00:00 0 
7f2b60021000-7f2b64000000 ---p 00000000 00:00 0 
7f2b64000000-7f2b64e5e000 rw-p 00000000 00:00 0 
7f2b64e5e000-7f2b68000000 ---p 00000000 00:00 0 
7f2b68000000-7f2b689b1000 rw-p 00000000 00:00 0 
7f2b689b1000-7f2b6c000000 ---p 00000000 00:00 0 
7f2b6c000000-7f2b6c021000 rw-p 00000000 00:00 0 
7f2b6c021000-7f2b70000000 ---p 00000000 00:00 0 
7f2b70000000-7f2b70021000 rw-p 00000000 00:00 0 
7f2b70021000-7f2b74000000 ---p 00000000 00:00 0 
7f2b74000000-7f2b742d4000 rw-p 00000000 00:00 0 
7f2b742d4000-7f2b78000000 ---p 00000000 00:00 0 
7f2b78000000-7f2b789bf000 rw-p 00000000 00:00 0 
7f2b789bf000-7f2b7c000000 ---p 00000000 00:00 0 
7f2b7c000000-7f2b7c021000 rw-p 00000000 00:00 0 
7f2b7c021000-7f2b80000000 ---p 00000000 00:00 0 
7f2b80000000-7f2b8031c000 rw-p 00000000 00:00 0 
7f2b8031c000-7f2b84000000 ---p 00000000 00:00 0 
7f2b84000000-7f2b84057000 rw-p 00000000 00:00 0 
7f2b84057000-7f2b88000000 ---p 00000000 00:00 0 
7f2b88000000-7f2b88081000 rw-p 00000000 00:00 0 
7f2b88081000-7f2b8c000000 ---p 00000000 00:00 0 
7f2b8c000000-7f2b8c021000 rw-p 00000000 00:00 0 
7f2b8c021000-7f2b90000000 ---p 00000000 00:00 0 
7f2b9001a000-7f2b9002a000 r-xp 00000000 08:02 1716985                    /usr/lib/jvm/jdk-11.0.4/lib/libnio.so
7f2b9002a000-7f2b90229000 ---p 00010000 08:02 1716985                    /usr/lib/jvm/jdk-11.0.4/lib/libnio.so
7f2b90229000-7f2b9022a000 r--p 0000f000 08:02 1716985                    /usr/lib/jvm/jdk-11.0.4/lib/libnio.so
7f2b9022a000-7f2b9022b000 rw-p 00010000 08:02 1716985                    /usr/lib/jvm/jdk-11.0.4/lib/libnio.so
7f2b9022b000-7f2b9022c000 ---p 00000000 00:00 0 
7f2b9022c000-7f2b9032d000 rw-p 00000000 00:00 0 
7f2b9032d000-7f2b90331000 ---p 00000000 00:00 0 
7f2b90331000-7f2b9042e000 rw-p 00000000 00:00 0 
7f2b9042e000-7f2b90432000 ---p 00000000 00:00 0 
7f2b90432000-7f2b9052f000 rw-p 00000000 00:00 0 
7f2b9052f000-7f2b90533000 ---p 00000000 00:00 0 
7f2b90533000-7f2b90630000 rw-p 00000000 00:00 0 
7f2b90630000-7f2b91000000 r--p 00000000 08:02 658661                     /usr/lib/locale/locale-archive
7f2b91000000-7f2b93364000 rw-p 00000000 00:00 0 
7f2b93364000-7f2b94000000 ---p 00000000 00:00 0 
7f2b94000000-7f2b940c0000 rw-p 00000000 00:00 0 
7f2b940c0000-7f2b98000000 ---p 00000000 00:00 0 
7f2b9801c000-7f2b98020000 ---p 00000000 00:00 0 
7f2b98020000-7f2b9811d000 rw-p 00000000 00:00 0 
7f2b9811d000-7f2b98121000 ---p 00000000 00:00 0 
7f2b98121000-7f2b9821e000 rw-p 00000000 00:00 0 
7f2b9821e000-7f2b98222000 ---p 00000000 00:00 0 
7f2b98222000-7f2b9831f000 rw-p 00000000 00:00 0 
7f2b9831f000-7f2b98323000 ---p 00000000 00:00 0 
7f2b98323000-7f2b98c20000 rw-p 00000000 00:00 0 
7f2b98c20000-7f2b98e90000 rwxp 00000000 00:00 0 
7f2b98e90000-7f2b991af000 ---p 00000000 00:00 0 
7f2b991af000-7f2b999cf000 rwxp 00000000 00:00 0 
7f2b999cf000-7f2ba06e7000 ---p 00000000 00:00 0 
7f2ba06e7000-7f2ba0957000 rwxp 00000000 00:00 0 
7f2ba0957000-7f2ba7c20000 ---p 00000000 00:00 0 
7f2ba7c20000-7f2bb0000000 r--s 00000000 08:02 1717041                    /usr/lib/jvm/jdk-11.0.4/lib/modules
7f2bb0000000-7f2bb0455000 rw-p 00000000 00:00 0 
7f2bb0455000-7f2bb4000000 ---p 00000000 00:00 0 
7f2bb40ec000-7f2bb40f0000 ---p 00000000 00:00 0 
7f2bb40f0000-7f2bb41ed000 rw-p 00000000 00:00 0 
7f2bb41ed000-7f2bb41ee000 ---p 00000000 00:00 0 
7f2bb41ee000-7f2bb4370000 rw-p 00000000 00:00 0 
7f2bb4370000-7f2bb4371000 ---p 00000000 00:00 0 
7f2bb4371000-7f2bb4472000 rw-p 00000000 00:00 0 
7f2bb4472000-7f2bb4473000 ---p 00000000 00:00 0 
7f2bb4473000-7f2bb4574000 rw-p 00000000 00:00 0 
7f2bb4574000-7f2bb4575000 ---p 00000000 00:00 0 
7f2bb4575000-7f2bb4878000 rw-p 00000000 00:00 0 
7f2bb4878000-7f2bb4879000 ---p 00000000 00:00 0 
7f2bb4879000-7f2bb497a000 rw-p 00000000 00:00 0 
7f2bb497a000-7f2bb497b000 ---p 00000000 00:00 0 
7f2bb497b000-7f2bb4de0000 rw-p 00000000 00:00 0 
7f2bb4de0000-7f2bb5a7c000 ---p 00000000 00:00 0 
7f2bb5a7c000-7f2bb5ae9000 rw-p 00000000 00:00 0 
7f2bb5ae9000-7f2bb5c7c000 ---p 00000000 00:00 0 
7f2bb5c7c000-7f2bb5ce9000 rw-p 00000000 00:00 0 
7f2bb5ce9000-7f2bb5e7c000 ---p 00000000 00:00 0 
7f2bb5e7c000-7f2bb5ee9000 rw-p 00000000 00:00 0 
7f2bb5ee9000-7f2bb607c000 ---p 00000000 00:00 0 
7f2bb607c000-7f2bb627e000 rw-p 00000000 00:00 0 
7f2bb627e000-7f2bb627f000 ---p 00000000 00:00 0 
7f2bb627f000-7f2bb6385000 rw-p 00000000 00:00 0 
7f2bb6385000-7f2bb646b000 ---p 00000000 00:00 0 
7f2bb646b000-7f2bb647c000 rw-p 00000000 00:00 0 
7f2bb647c000-7f2bb6556000 ---p 00000000 00:00 0 
7f2bb6556000-7f2bb6571000 r-xp 00000000 08:02 1717017                    /usr/lib/jvm/jdk-11.0.4/lib/libjimage.so
7f2bb6571000-7f2bb6770000 ---p 0001b000 08:02 1717017                    /usr/lib/jvm/jdk-11.0.4/lib/libjimage.so
7f2bb6770000-7f2bb6772000 r--p 0001a000 08:02 1717017                    /usr/lib/jvm/jdk-11.0.4/lib/libjimage.so
7f2bb6772000-7f2bb6773000 rw-p 0001c000 08:02 1717017                    /usr/lib/jvm/jdk-11.0.4/lib/libjimage.so
7f2bb6773000-7f2bb677a000 r-xp 00000000 08:02 1716988                    /usr/lib/jvm/jdk-11.0.4/lib/libzip.so
7f2bb677a000-7f2bb6979000 ---p 00007000 08:02 1716988                    /usr/lib/jvm/jdk-11.0.4/lib/libzip.so
7f2bb6979000-7f2bb697a000 r--p 00006000 08:02 1716988                    /usr/lib/jvm/jdk-11.0.4/lib/libzip.so
7f2bb697a000-7f2bb697b000 rw-p 00007000 08:02 1716988                    /usr/lib/jvm/jdk-11.0.4/lib/libzip.so
7f2bb697b000-7f2bb6986000 r-xp 00000000 08:02 398133                     /lib/x86_64-linux-gnu/libnss_files-2.27.so
7f2bb6986000-7f2bb6b85000 ---p 0000b000 08:02 398133                     /lib/x86_64-linux-gnu/libnss_files-2.27.so
7f2bb6b85000-7f2bb6b86000 r--p 0000a000 08:02 398133                     /lib/x86_64-linux-gnu/libnss_files-2.27.so
7f2bb6b86000-7f2bb6b87000 rw-p 0000b000 08:02 398133                     /lib/x86_64-linux-gnu/libnss_files-2.27.so
7f2bb6b87000-7f2bb6b8d000 rw-p 00000000 00:00 0 
7f2bb6b8d000-7f2bb6ba4000 r-xp 00000000 08:02 398127                     /lib/x86_64-linux-gnu/libnsl-2.27.so
7f2bb6ba4000-7f2bb6da3000 ---p 00017000 08:02 398127                     /lib/x86_64-linux-gnu/libnsl-2.27.so
7f2bb6da3000-7f2bb6da4000 r--p 00016000 08:02 398127                     /lib/x86_64-linux-gnu/libnsl-2.27.so
7f2bb6da4000-7f2bb6da5000 rw-p 00017000 08:02 398127                     /lib/x86_64-linux-gnu/libnsl-2.27.so
7f2bb6da5000-7f2bb6da7000 rw-p 00000000 00:00 0 
7f2bb6da7000-7f2bb6db2000 r-xp 00000000 08:02 398144                     /lib/x86_64-linux-gnu/libnss_nis-2.27.so
7f2bb6db2000-7f2bb6fb1000 ---p 0000b000 08:02 398144                     /lib/x86_64-linux-gnu/libnss_nis-2.27.so
7f2bb6fb1000-7f2bb6fb2000 r--p 0000a000 08:02 398144                     /lib/x86_64-linux-gnu/libnss_nis-2.27.so
7f2bb6fb2000-7f2bb6fb3000 rw-p 0000b000 08:02 398144                     /lib/x86_64-linux-gnu/libnss_nis-2.27.so
7f2bb6fb3000-7f2bb6fbb000 r-xp 00000000 08:02 398129                     /lib/x86_64-linux-gnu/libnss_compat-2.27.so
7f2bb6fbb000-7f2bb71bb000 ---p 00008000 08:02 398129                     /lib/x86_64-linux-gnu/libnss_compat-2.27.so
7f2bb71bb000-7f2bb71bc000 r--p 00008000 08:02 398129                     /lib/x86_64-linux-gnu/libnss_compat-2.27.so
7f2bb71bc000-7f2bb71bd000 rw-p 00009000 08:02 398129                     /lib/x86_64-linux-gnu/libnss_compat-2.27.so
7f2bb71bd000-7f2bb71e6000 r-xp 00000000 08:02 1716989                    /usr/lib/jvm/jdk-11.0.4/lib/libjava.so
7f2bb71e6000-7f2bb73e6000 ---p 00029000 08:02 1716989                    /usr/lib/jvm/jdk-11.0.4/lib/libjava.so
7f2bb73e6000-7f2bb73e7000 r--p 00029000 08:02 1716989                    /usr/lib/jvm/jdk-11.0.4/lib/libjava.so
7f2bb73e7000-7f2bb73e9000 rw-p 0002a000 08:02 1716989                    /usr/lib/jvm/jdk-11.0.4/lib/libjava.so
7f2bb73e9000-7f2bb73f6000 r-xp 00000000 08:02 1717036                    /usr/lib/jvm/jdk-11.0.4/lib/libverify.so
7f2bb73f6000-7f2bb75f5000 ---p 0000d000 08:02 1717036                    /usr/lib/jvm/jdk-11.0.4/lib/libverify.so
7f2bb75f5000-7f2bb75f7000 r--p 0000c000 08:02 1717036                    /usr/lib/jvm/jdk-11.0.4/lib/libverify.so
7f2bb75f7000-7f2bb75f8000 rw-p 0000e000 08:02 1717036                    /usr/lib/jvm/jdk-11.0.4/lib/libverify.so
7f2bb75f8000-7f2bb75ff000 r-xp 00000000 08:02 398184                     /lib/x86_64-linux-gnu/librt-2.27.so
7f2bb75ff000-7f2bb77fe000 ---p 00007000 08:02 398184                     /lib/x86_64-linux-gnu/librt-2.27.so
7f2bb77fe000-7f2bb77ff000 r--p 00006000 08:02 398184                     /lib/x86_64-linux-gnu/librt-2.27.so
7f2bb77ff000-7f2bb7800000 rw-p 00007000 08:02 398184                     /lib/x86_64-linux-gnu/librt-2.27.so
7f2bb7800000-7f2bb799d000 r-xp 00000000 08:02 398106                     /lib/x86_64-linux-gnu/libm-2.27.so
7f2bb799d000-7f2bb7b9c000 ---p 0019d000 08:02 398106                     /lib/x86_64-linux-gnu/libm-2.27.so
7f2bb7b9c000-7f2bb7b9d000 r--p 0019c000 08:02 398106                     /lib/x86_64-linux-gnu/libm-2.27.so
7f2bb7b9d000-7f2bb7b9e000 rw-p 0019d000 08:02 398106                     /lib/x86_64-linux-gnu/libm-2.27.so
7f2bb7b9e000-7f2bb8cde000 r-xp 00000000 08:02 1717029                    /usr/lib/jvm/jdk-11.0.4/lib/server/libjvm.so
7f2bb8cde000-7f2bb8edd000 ---p 01140000 08:02 1717029                    /usr/lib/jvm/jdk-11.0.4/lib/server/libjvm.so
7f2bb8edd000-7f2bb8f9c000 r--p 0113f000 08:02 1717029                    /usr/lib/jvm/jdk-11.0.4/lib/server/libjvm.so
7f2bb8f9c000-7f2bb8fd5000 rw-p 011fe000 08:02 1717029                    /usr/lib/jvm/jdk-11.0.4/lib/server/libjvm.so
7f2bb8fd5000-7f2bb902c000 rw-p 00000000 00:00 0 
7f2bb902c000-7f2bb9213000 r-xp 00000000 08:02 398043                     /lib/x86_64-linux-gnu/libc-2.27.so
7f2bb9213000-7f2bb9413000 ---p 001e7000 08:02 398043                     /lib/x86_64-linux-gnu/libc-2.27.so
7f2bb9413000-7f2bb9417000 r--p 001e7000 08:02 398043                     /lib/x86_64-linux-gnu/libc-2.27.so
7f2bb9417000-7f2bb9419000 rw-p 001eb000 08:02 398043                     /lib/x86_64-linux-gnu/libc-2.27.so
7f2bb9419000-7f2bb941d000 rw-p 00000000 00:00 0 
7f2bb941d000-7f2bb9420000 r-xp 00000000 08:02 398066                     /lib/x86_64-linux-gnu/libdl-2.27.so
7f2bb9420000-7f2bb961f000 ---p 00003000 08:02 398066                     /lib/x86_64-linux-gnu/libdl-2.27.so
7f2bb961f000-7f2bb9620000 r--p 00002000 08:02 398066                     /lib/x86_64-linux-gnu/libdl-2.27.so
7f2bb9620000-7f2bb9621000 rw-p 00003000 08:02 398066                     /lib/x86_64-linux-gnu/libdl-2.27.so
7f2bb9621000-7f2bb9631000 r-xp 00000000 08:02 1717002                    /usr/lib/jvm/jdk-11.0.4/lib/jli/libjli.so
7f2bb9631000-7f2bb9830000 ---p 00010000 08:02 1717002                    /usr/lib/jvm/jdk-11.0.4/lib/jli/libjli.so
7f2bb9830000-7f2bb9831000 r--p 0000f000 08:02 1717002                    /usr/lib/jvm/jdk-11.0.4/lib/jli/libjli.so
7f2bb9831000-7f2bb9832000 rw-p 00010000 08:02 1717002                    /usr/lib/jvm/jdk-11.0.4/lib/jli/libjli.so
7f2bb9832000-7f2bb984c000 r-xp 00000000 08:02 398176                     /lib/x86_64-linux-gnu/libpthread-2.27.so
7f2bb984c000-7f2bb9a4b000 ---p 0001a000 08:02 398176                     /lib/x86_64-linux-gnu/libpthread-2.27.so
7f2bb9a4b000-7f2bb9a4c000 r--p 00019000 08:02 398176                     /lib/x86_64-linux-gnu/libpthread-2.27.so
7f2bb9a4c000-7f2bb9a4d000 rw-p 0001a000 08:02 398176                     /lib/x86_64-linux-gnu/libpthread-2.27.so
7f2bb9a4d000-7f2bb9a51000 rw-p 00000000 00:00 0 
7f2bb9a51000-7f2bb9a6d000 r-xp 00000000 08:02 398215                     /lib/x86_64-linux-gnu/libz.so.1.2.11
7f2bb9a6d000-7f2bb9c6c000 ---p 0001c000 08:02 398215                     /lib/x86_64-linux-gnu/libz.so.1.2.11
7f2bb9c6c000-7f2bb9c6d000 r--p 0001b000 08:02 398215                     /lib/x86_64-linux-gnu/libz.so.1.2.11
7f2bb9c6d000-7f2bb9c6e000 rw-p 0001c000 08:02 398215                     /lib/x86_64-linux-gnu/libz.so.1.2.11
7f2bb9c6e000-7f2bb9c95000 r-xp 00000000 08:02 398015                     /lib/x86_64-linux-gnu/ld-2.27.so
7f2bb9cda000-7f2bb9cde000 ---p 00000000 00:00 0 
7f2bb9cde000-7f2bb9d7a000 rw-p 00000000 00:00 0 
7f2bb9d7a000-7f2bb9d7e000 ---p 00000000 00:00 0 
7f2bb9d7e000-7f2bb9e84000 rw-p 00000000 00:00 0 
7f2bb9e84000-7f2bb9e8b000 ---p 00000000 00:00 0 
7f2bb9e8b000-7f2bb9e93000 rw-s 00000000 08:02 395292                     /tmp/hsperfdata_shanon/4424
7f2bb9e93000-7f2bb9e94000 ---p 00000000 00:00 0 
7f2bb9e94000-7f2bb9e95000 r--p 00000000 00:00 0 
7f2bb9e95000-7f2bb9e96000 r--p 00027000 08:02 398015                     /lib/x86_64-linux-gnu/ld-2.27.so
7f2bb9e96000-7f2bb9e97000 rw-p 00028000 08:02 398015                     /lib/x86_64-linux-gnu/ld-2.27.so
7f2bb9e97000-7f2bb9e98000 rw-p 00000000 00:00 0 
7fff1a9a1000-7fff1a9c2000 rw-p 00000000 00:00 0                          [stack]
7fff1a9d6000-7fff1a9d9000 r--p 00000000 00:00 0                          [vvar]
7fff1a9d9000-7fff1a9da000 r-xp 00000000 00:00 0                          [vdso]
ffffffffff600000-ffffffffff601000 r-xp 00000000 00:00 0                  [vsyscall]


VM Arguments:
jvm_args: --add-modules=ALL-SYSTEM --add-opens=java.base/java.util=ALL-UNNAMED --add-opens=java.base/java.lang=ALL-UNNAMED -Declipse.application=org.eclipse.jdt.ls.core.id1 -Dosgi.bundles.defaultStartLevel=4 -Declipse.product=org.eclipse.jdt.ls.core.product -Dfile.encoding=utf8 -Xverify:none -Xmx1G -XX:+UseG1GC -XX:+UseStringDeduplication 
java_command: /home/shanon/.vscode/extensions/redhat.java-0.52.0/server/plugins/org.eclipse.equinox.launcher_1.5.600.v20191014-2022.jar -configuration /home/shanon/.vscode/extensions/redhat.java-0.52.0/server/config_linux -data /home/shanon/.config/Code/User/workspaceStorage/486486adcb95e925364166220e13e893/redhat.java/jdt_ws
java_class_path (initial): /home/shanon/.vscode/extensions/redhat.java-0.52.0/server/plugins/org.eclipse.equinox.launcher_1.5.600.v20191014-2022.jar
Launcher Type: SUN_STANDARD

[Global flags]
     bool BytecodeVerificationLocal                = false                                     {product} {command line}
     bool BytecodeVerificationRemote               = false                                     {product} {command line}
     intx CICompilerCount                          = 2                                         {product} {ergonomic}
     uint ConcGCThreads                            = 1                                         {product} {ergonomic}
     uint G1ConcRefinementThreads                  = 2                                         {product} {ergonomic}
   size_t G1HeapRegionSize                         = 1048576                                   {product} {ergonomic}
    uintx GCDrainStackTargetSize                   = 64                                        {product} {ergonomic}
   size_t InitialHeapSize                          = 62914560                                  {product} {ergonomic}
   size_t MarkStackSize                            = 4194304                                   {product} {ergonomic}
   size_t MaxHeapSize                              = 1073741824                                {product} {command line}
   size_t MaxNewSize                               = 643825664                                 {product} {ergonomic}
   size_t MinHeapDeltaBytes                        = 1048576                                   {product} {ergonomic}
    uintx NonNMethodCodeHeapSize                   = 5824844                                {pd product} {ergonomic}
    uintx NonProfiledCodeHeapSize                  = 122916698                              {pd product} {ergonomic}
    uintx ProfiledCodeHeapSize                     = 122916698                              {pd product} {ergonomic}
    uintx ReservedCodeCacheSize                    = 251658240                              {pd product} {ergonomic}
     bool SegmentedCodeCache                       = true                                      {product} {ergonomic}
     bool UseCompressedClassPointers               = true                                 {lp64_product} {ergonomic}
     bool UseCompressedOops                        = true                                 {lp64_product} {ergonomic}
     bool UseG1GC                                  = true                                      {product} {command line}
     bool UseStringDeduplication                   = true                                      {product} {command line}

Logging:
Log output configuration:
 #0: stdout all=warning uptime,level,tags
 #1: stderr all=off uptime,level,tags

Environment Variables:
JAVA_HOME=/usr/lib/jvm/jdk-11.0.4
PATH=/usr/local/sbin:/usr/local/bin:/usr/sbin:/usr/bin:/sbin:/bin:/usr/games:/usr/local/games:/snap/bin:/usr/lib/jvm/jdk-11.0.4/bin:/usr/lib/jvm/jdk-11.0.4/bin:/home/shanon/Android/Sdk/emulator:/home/shanon/Android/Sdk/tools:/home/shanon/Android/Sdk/tools/bin:/home/shanon/Android/Sdk/platform-tools
USERNAME=shanon
SHELL=/bin/bash
DISPLAY=:0

Signal Handlers:
SIGSEGV: [libjvm.so+0xe2b860], sa_mask[0]=11111111011111111101111111111110, sa_flags=SA_RESTART|SA_SIGINFO
SIGBUS: [libjvm.so+0xe2b860], sa_mask[0]=11111111011111111101111111111110, sa_flags=SA_RESTART|SA_SIGINFO
SIGFPE: [libjvm.so+0xe2b860], sa_mask[0]=11111111011111111101111111111110, sa_flags=SA_RESTART|SA_SIGINFO
SIGPIPE: [libjvm.so+0xbffef0], sa_mask[0]=11111111011111111101111111111110, sa_flags=SA_RESTART|SA_SIGINFO
SIGXFSZ: [libjvm.so+0xbffef0], sa_mask[0]=11111111011111111101111111111110, sa_flags=SA_RESTART|SA_SIGINFO
SIGILL: [libjvm.so+0xe2b860], sa_mask[0]=11111111011111111101111111111110, sa_flags=SA_RESTART|SA_SIGINFO
SIGUSR2: [libjvm.so+0xbffd90], sa_mask[0]=00000000000000000000000000000000, sa_flags=SA_RESTART|SA_SIGINFO
SIGHUP: [libjvm.so+0xc000f0], sa_mask[0]=11111111011111111101111111111110, sa_flags=SA_RESTART|SA_SIGINFO
SIGINT: [libjvm.so+0xc000f0], sa_mask[0]=11111111011111111101111111111110, sa_flags=SA_RESTART|SA_SIGINFO
SIGTERM: [libjvm.so+0xc000f0], sa_mask[0]=11111111011111111101111111111110, sa_flags=SA_RESTART|SA_SIGINFO
SIGQUIT: [libjvm.so+0xc000f0], sa_mask[0]=11111111011111111101111111111110, sa_flags=SA_RESTART|SA_SIGINFO


---------------  S Y S T E M  ---------------

OS:DISTRIB_ID=Ubuntu
DISTRIB_RELEASE=18.04
DISTRIB_CODENAME=bionic
DISTRIB_DESCRIPTION="Ubuntu 18.04.3 LTS"
uname:Linux 5.0.0-31-generic #33~18.04.1-Ubuntu SMP Tue Oct 1 10:20:39 UTC 2019 x86_64
libc:glibc 2.27 NPTL 2.27 
rlimit: STACK 8192k, CORE 0k, NPROC 14948, NOFILE 1048576, AS infinity, DATA infinity, FSIZE infinity
load average:13,73 6,14 3,61

/proc/meminfo:
MemTotal:        3874648 kB
MemFree:           92160 kB
MemAvailable:      38388 kB
Buffers:             592 kB
Cached:           282764 kB
SwapCached:           88 kB
Active:          2827336 kB
Inactive:         584276 kB
Active(anon):    2799896 kB
Inactive(anon):   560192 kB
Active(file):      27440 kB
Inactive(file):    24084 kB
Unevictable:       11616 kB
Mlocked:              32 kB
SwapTotal:       1952764 kB
SwapFree:              8 kB
Dirty:                64 kB
Writeback:             0 kB
AnonPages:       3139856 kB
Mapped:            55724 kB
Shmem:            231612 kB
KReclaimable:      89272 kB
Slab:             153720 kB
SReclaimable:      89272 kB
SUnreclaim:        64448 kB
KernelStack:       19648 kB
PageTables:        88980 kB
NFS_Unstable:          0 kB
Bounce:                0 kB
WritebackTmp:          0 kB
CommitLimit:     3890088 kB
Committed_AS:   12501400 kB
VmallocTotal:   34359738367 kB
VmallocUsed:           0 kB
VmallocChunk:          0 kB
Percpu:             1280 kB
HardwareCorrupted:     0 kB
AnonHugePages:         0 kB
ShmemHugePages:        0 kB
ShmemPmdMapped:        0 kB
CmaTotal:              0 kB
CmaFree:               0 kB
HugePages_Total:       0
HugePages_Free:        0
HugePages_Rsvd:        0
HugePages_Surp:        0
Hugepagesize:       2048 kB
Hugetlb:               0 kB
DirectMap4k:      284416 kB
DirectMap2M:     3745792 kB


/proc/sys/kernel/threads-max (system-wide limit on the number of threads):
29897


/proc/sys/vm/max_map_count (maximum number of memory map areas a process may have):
65530


/proc/sys/kernel/pid_max (system-wide limit on number of process identifiers):
32768



container (cgroup) information:
container_type: cgroupv1
cpu_cpuset_cpus: 0-1
cpu_memory_nodes: 0
active_processor_count: 2
cpu_quota: -1
cpu_period: 100000
cpu_shares: -1
memory_limit_in_bytes: -1
memory_and_swap_limit_in_bytes: -2
memory_soft_limit_in_bytes: -1
memory_usage_in_bytes: 3507355648
memory_max_usage_in_bytes: 46034944


CPU:total 2 (initial active 2) (2 cores per cpu, 1 threads per core) family 6 model 76 stepping 4, cmov, cx8, fxsr, mmx, sse, sse2, sse3, ssse3, sse4.1, sse4.2, popcnt, aes, clmul, erms, 3dnowpref, tsc, tscinvbit
CPU Model and flags from /proc/cpuinfo:
model name	: Intel(R) Celeron(R) CPU  N3060  @ 1.60GHz
flags		: fpu vme de pse tsc msr pae mce cx8 apic sep mtrr pge mca cmov pat pse36 clflush dts acpi mmx fxsr sse sse2 ss ht tm pbe syscall nx rdtscp lm constant_tsc arch_perfmon pebs bts rep_good nopl xtopology tsc_reliable nonstop_tsc cpuid aperfmperf tsc_known_freq pni pclmulqdq dtes64 monitor ds_cpl vmx est tm2 ssse3 cx16 xtpr pdcm sse4_1 sse4_2 movbe popcnt tsc_deadline_timer aes rdrand lahf_lm 3dnowprefetch epb pti ibrs ibpb stibp tpr_shadow vnmi flexpriority ept vpid tsc_adjust smep erms dtherm ida arat md_clear

Memory: 4k page, physical 3874648k(93032k free), swap 1952764k(0k free)

vm_info: Java HotSpot(TM) 64-Bit Server VM (11.0.4+10-LTS) for linux-amd64 JRE (11.0.4+10-LTS), built on Jul  4 2019 15:26:10 by "mach5one" with gcc 7.3.0

END.
